/afs/cern.ch/user/r/ryi/HEM1516/Leptoquarks/analyzer/rootNtupleAnalyzerV2/src/baseClass.C - Line 28 - baseClass: begins
/afs/cern.ch/user/r/ryi/HEM1516/Leptoquarks/analyzer/rootNtupleAnalyzerV2/src/baseClass.C - Line 334 - readInputList: baseClass::readinputList(): inputList_ =  input_0.list
/afs/cern.ch/user/r/ryi/HEM1516/Leptoquarks/analyzer/rootNtupleAnalyzerV2/src/baseClass.C - Line 338 - readInputList: baseClass::readInputList: Starting reading list: input_0.list
/afs/cern.ch/user/r/ryi/HEM1516/Leptoquarks/analyzer/rootNtupleAnalyzerV2/src/baseClass.C - Line 354 - readInputList: baseClass::readInputList: Finished reading list: input_0.list
/afs/cern.ch/user/r/ryi/HEM1516/Leptoquarks/analyzer/rootNtupleAnalyzerV2/src/baseClass.C - Line 2034 - getGlobalInfoNstart: root://eoscms.cern.ch//eos/cms/store/group/phys_exotica/leptonsPlusJets/LQ/scooper/ultralegacy/skims/2018/rskDoubleEle_heep_20jun2023/DYJetsToLL_LHEFilterPtZ-100To250_MatchEWPDG20_TuneCP5_13TeV-amcatnloFXFX-pythia8/DYJetsToLL_LHEFilterPtZ-100To250_MatchEWPDG20_TuneCP5_13TeV-amcatnloFXFX-pythia8_0_rsk.root
/afs/cern.ch/user/r/ryi/HEM1516/Leptoquarks/analyzer/rootNtupleAnalyzerV2/src/baseClass.C - Line 361 - readInputList: Initial number of events (current file,runningTotal): NBeforeSkim, NBeforeSkim_ = 3056932, 3056932
/afs/cern.ch/user/r/ryi/HEM1516/Leptoquarks/analyzer/rootNtupleAnalyzerV2/src/baseClass.C - Line 366 - readInputList: gen weight sum (current,total): = 1.83814e+09+/-2.60692e+06, 1.83814e+09+/-2.60692e+06
/afs/cern.ch/user/r/ryi/HEM1516/Leptoquarks/analyzer/rootNtupleAnalyzerV2/src/baseClass.C - Line 2149 - saveLHEPdfSumw: saveLHEPdfSumw
/afs/cern.ch/user/r/ryi/HEM1516/Leptoquarks/analyzer/rootNtupleAnalyzerV2/src/baseClass.C - Line 2179 - saveEventsPassingCuts: saveEventsPassingCuts
/afs/cern.ch/user/r/ryi/HEM1516/Leptoquarks/analyzer/rootNtupleAnalyzerV2/src/baseClass.C - Line 2034 - getGlobalInfoNstart: root://eoscms.cern.ch//eos/cms/store/group/phys_exotica/leptonsPlusJets/LQ/scooper/ultralegacy/skims/2018/rskDoubleEle_heep_20jun2023/DYJetsToLL_LHEFilterPtZ-100To250_MatchEWPDG20_TuneCP5_13TeV-amcatnloFXFX-pythia8/DYJetsToLL_LHEFilterPtZ-100To250_MatchEWPDG20_TuneCP5_13TeV-amcatnloFXFX-pythia8_1_rsk.root
/afs/cern.ch/user/r/ryi/HEM1516/Leptoquarks/analyzer/rootNtupleAnalyzerV2/src/baseClass.C - Line 361 - readInputList: Initial number of events (current file,runningTotal): NBeforeSkim, NBeforeSkim_ = 1535567, 4592499
/afs/cern.ch/user/r/ryi/HEM1516/Leptoquarks/analyzer/rootNtupleAnalyzerV2/src/baseClass.C - Line 366 - readInputList: gen weight sum (current,total): = 9.20928e+08+/-1.84764e+06, 2.75906e+09+/-3.19528e+06
/afs/cern.ch/user/r/ryi/HEM1516/Leptoquarks/analyzer/rootNtupleAnalyzerV2/src/baseClass.C - Line 2149 - saveLHEPdfSumw: saveLHEPdfSumw
/afs/cern.ch/user/r/ryi/HEM1516/Leptoquarks/analyzer/rootNtupleAnalyzerV2/src/baseClass.C - Line 2179 - saveEventsPassingCuts: saveEventsPassingCuts
/afs/cern.ch/user/r/ryi/HEM1516/Leptoquarks/analyzer/rootNtupleAnalyzerV2/src/baseClass.C - Line 2034 - getGlobalInfoNstart: root://eoscms.cern.ch//eos/cms/store/group/phys_exotica/leptonsPlusJets/LQ/scooper/ultralegacy/skims/2018/rskDoubleEle_heep_20jun2023/DYJetsToLL_LHEFilterPtZ-100To250_MatchEWPDG20_TuneCP5_13TeV-amcatnloFXFX-pythia8/DYJetsToLL_LHEFilterPtZ-100To250_MatchEWPDG20_TuneCP5_13TeV-amcatnloFXFX-pythia8_2_rsk.root
/afs/cern.ch/user/r/ryi/HEM1516/Leptoquarks/analyzer/rootNtupleAnalyzerV2/src/baseClass.C - Line 361 - readInputList: Initial number of events (current file,runningTotal): NBeforeSkim, NBeforeSkim_ = 3058894, 7651393
/afs/cern.ch/user/r/ryi/HEM1516/Leptoquarks/analyzer/rootNtupleAnalyzerV2/src/baseClass.C - Line 366 - readInputList: gen weight sum (current,total): = 1.84075e+09+/-2.60775e+06, 4.59981e+09+/-4.12434e+06
/afs/cern.ch/user/r/ryi/HEM1516/Leptoquarks/analyzer/rootNtupleAnalyzerV2/src/baseClass.C - Line 2149 - saveLHEPdfSumw: saveLHEPdfSumw
/afs/cern.ch/user/r/ryi/HEM1516/Leptoquarks/analyzer/rootNtupleAnalyzerV2/src/baseClass.C - Line 2179 - saveEventsPassingCuts: saveEventsPassingCuts
/afs/cern.ch/user/r/ryi/HEM1516/Leptoquarks/analyzer/rootNtupleAnalyzerV2/src/baseClass.C - Line 2034 - getGlobalInfoNstart: root://eoscms.cern.ch//eos/cms/store/group/phys_exotica/leptonsPlusJets/LQ/scooper/ultralegacy/skims/2018/rskDoubleEle_heep_20jun2023/DYJetsToLL_LHEFilterPtZ-100To250_MatchEWPDG20_TuneCP5_13TeV-amcatnloFXFX-pythia8/DYJetsToLL_LHEFilterPtZ-100To250_MatchEWPDG20_TuneCP5_13TeV-amcatnloFXFX-pythia8_3_rsk.root
/afs/cern.ch/user/r/ryi/HEM1516/Leptoquarks/analyzer/rootNtupleAnalyzerV2/src/baseClass.C - Line 361 - readInputList: Initial number of events (current file,runningTotal): NBeforeSkim, NBeforeSkim_ = 1545077, 9196470
/afs/cern.ch/user/r/ryi/HEM1516/Leptoquarks/analyzer/rootNtupleAnalyzerV2/src/baseClass.C - Line 366 - readInputList: gen weight sum (current,total): = 9.28798e+08+/-1.85336e+06, 5.52861e+09+/-4.52163e+06
/afs/cern.ch/user/r/ryi/HEM1516/Leptoquarks/analyzer/rootNtupleAnalyzerV2/src/baseClass.C - Line 2149 - saveLHEPdfSumw: saveLHEPdfSumw
/afs/cern.ch/user/r/ryi/HEM1516/Leptoquarks/analyzer/rootNtupleAnalyzerV2/src/baseClass.C - Line 2179 - saveEventsPassingCuts: saveEventsPassingCuts
/afs/cern.ch/user/r/ryi/HEM1516/Leptoquarks/analyzer/rootNtupleAnalyzerV2/src/baseClass.C - Line 2034 - getGlobalInfoNstart: root://eoscms.cern.ch//eos/cms/store/group/phys_exotica/leptonsPlusJets/LQ/scooper/ultralegacy/skims/2018/rskDoubleEle_heep_20jun2023/DYJetsToLL_LHEFilterPtZ-100To250_MatchEWPDG20_TuneCP5_13TeV-amcatnloFXFX-pythia8/DYJetsToLL_LHEFilterPtZ-100To250_MatchEWPDG20_TuneCP5_13TeV-amcatnloFXFX-pythia8_4_rsk.root
/afs/cern.ch/user/r/ryi/HEM1516/Leptoquarks/analyzer/rootNtupleAnalyzerV2/src/baseClass.C - Line 361 - readInputList: Initial number of events (current file,runningTotal): NBeforeSkim, NBeforeSkim_ = 3057993, 12254463
/afs/cern.ch/user/r/ryi/HEM1516/Leptoquarks/analyzer/rootNtupleAnalyzerV2/src/baseClass.C - Line 366 - readInputList: gen weight sum (current,total): = 1.84164e+09+/-2.60737e+06, 7.37026e+09+/-5.21953e+06
/afs/cern.ch/user/r/ryi/HEM1516/Leptoquarks/analyzer/rootNtupleAnalyzerV2/src/baseClass.C - Line 2149 - saveLHEPdfSumw: saveLHEPdfSumw
/afs/cern.ch/user/r/ryi/HEM1516/Leptoquarks/analyzer/rootNtupleAnalyzerV2/src/baseClass.C - Line 2179 - saveEventsPassingCuts: saveEventsPassingCuts
/afs/cern.ch/user/r/ryi/HEM1516/Leptoquarks/analyzer/rootNtupleAnalyzerV2/src/baseClass.C - Line 2034 - getGlobalInfoNstart: root://eoscms.cern.ch//eos/cms/store/group/phys_exotica/leptonsPlusJets/LQ/scooper/ultralegacy/skims/2018/rskDoubleEle_heep_20jun2023/DYJetsToLL_LHEFilterPtZ-100To250_MatchEWPDG20_TuneCP5_13TeV-amcatnloFXFX-pythia8/DYJetsToLL_LHEFilterPtZ-100To250_MatchEWPDG20_TuneCP5_13TeV-amcatnloFXFX-pythia8_5_rsk.root
/afs/cern.ch/user/r/ryi/HEM1516/Leptoquarks/analyzer/rootNtupleAnalyzerV2/src/baseClass.C - Line 361 - readInputList: Initial number of events (current file,runningTotal): NBeforeSkim, NBeforeSkim_ = 1543737, 13798200
/afs/cern.ch/user/r/ryi/HEM1516/Leptoquarks/analyzer/rootNtupleAnalyzerV2/src/baseClass.C - Line 366 - readInputList: gen weight sum (current,total): = 9.26535e+08+/-1.85255e+06, 8.29679e+09+/-5.53854e+06
/afs/cern.ch/user/r/ryi/HEM1516/Leptoquarks/analyzer/rootNtupleAnalyzerV2/src/baseClass.C - Line 2149 - saveLHEPdfSumw: saveLHEPdfSumw
/afs/cern.ch/user/r/ryi/HEM1516/Leptoquarks/analyzer/rootNtupleAnalyzerV2/src/baseClass.C - Line 2179 - saveEventsPassingCuts: saveEventsPassingCuts
/afs/cern.ch/user/r/ryi/HEM1516/Leptoquarks/analyzer/rootNtupleAnalyzerV2/src/baseClass.C - Line 2034 - getGlobalInfoNstart: root://eoscms.cern.ch//eos/cms/store/group/phys_exotica/leptonsPlusJets/LQ/scooper/ultralegacy/skims/2018/rskDoubleEle_heep_20jun2023/DYJetsToLL_LHEFilterPtZ-100To250_MatchEWPDG20_TuneCP5_13TeV-amcatnloFXFX-pythia8/DYJetsToLL_LHEFilterPtZ-100To250_MatchEWPDG20_TuneCP5_13TeV-amcatnloFXFX-pythia8_6_rsk.root
/afs/cern.ch/user/r/ryi/HEM1516/Leptoquarks/analyzer/rootNtupleAnalyzerV2/src/baseClass.C - Line 361 - readInputList: Initial number of events (current file,runningTotal): NBeforeSkim, NBeforeSkim_ = 3022098, 16820298
/afs/cern.ch/user/r/ryi/HEM1516/Leptoquarks/analyzer/rootNtupleAnalyzerV2/src/baseClass.C - Line 366 - readInputList: gen weight sum (current,total): = 1.8172e+09+/-2.59202e+06, 1.0114e+10+/-6.11506e+06
/afs/cern.ch/user/r/ryi/HEM1516/Leptoquarks/analyzer/rootNtupleAnalyzerV2/src/baseClass.C - Line 2149 - saveLHEPdfSumw: saveLHEPdfSumw
/afs/cern.ch/user/r/ryi/HEM1516/Leptoquarks/analyzer/rootNtupleAnalyzerV2/src/baseClass.C - Line 2179 - saveEventsPassingCuts: saveEventsPassingCuts
/afs/cern.ch/user/r/ryi/HEM1516/Leptoquarks/analyzer/rootNtupleAnalyzerV2/src/baseClass.C - Line 2034 - getGlobalInfoNstart: root://eoscms.cern.ch//eos/cms/store/group/phys_exotica/leptonsPlusJets/LQ/scooper/ultralegacy/skims/2018/rskDoubleEle_heep_20jun2023/DYJetsToLL_LHEFilterPtZ-100To250_MatchEWPDG20_TuneCP5_13TeV-amcatnloFXFX-pythia8/DYJetsToLL_LHEFilterPtZ-100To250_MatchEWPDG20_TuneCP5_13TeV-amcatnloFXFX-pythia8_7_rsk.root
/afs/cern.ch/user/r/ryi/HEM1516/Leptoquarks/analyzer/rootNtupleAnalyzerV2/src/baseClass.C - Line 361 - readInputList: Initial number of events (current file,runningTotal): NBeforeSkim, NBeforeSkim_ = 1546100, 18366398
/afs/cern.ch/user/r/ryi/HEM1516/Leptoquarks/analyzer/rootNtupleAnalyzerV2/src/baseClass.C - Line 366 - readInputList: gen weight sum (current,total): = 9.31862e+08+/-1.85397e+06, 1.10459e+10+/-6.38993e+06
/afs/cern.ch/user/r/ryi/HEM1516/Leptoquarks/analyzer/rootNtupleAnalyzerV2/src/baseClass.C - Line 2149 - saveLHEPdfSumw: saveLHEPdfSumw
/afs/cern.ch/user/r/ryi/HEM1516/Leptoquarks/analyzer/rootNtupleAnalyzerV2/src/baseClass.C - Line 2179 - saveEventsPassingCuts: saveEventsPassingCuts
/afs/cern.ch/user/r/ryi/HEM1516/Leptoquarks/analyzer/rootNtupleAnalyzerV2/src/baseClass.C - Line 2034 - getGlobalInfoNstart: root://eoscms.cern.ch//eos/cms/store/group/phys_exotica/leptonsPlusJets/LQ/scooper/ultralegacy/skims/2018/rskDoubleEle_heep_20jun2023/DYJetsToLL_LHEFilterPtZ-100To250_MatchEWPDG20_TuneCP5_13TeV-amcatnloFXFX-pythia8/DYJetsToLL_LHEFilterPtZ-100To250_MatchEWPDG20_TuneCP5_13TeV-amcatnloFXFX-pythia8_8_rsk.root
/afs/cern.ch/user/r/ryi/HEM1516/Leptoquarks/analyzer/rootNtupleAnalyzerV2/src/baseClass.C - Line 361 - readInputList: Initial number of events (current file,runningTotal): NBeforeSkim, NBeforeSkim_ = 2947083, 21313481
/afs/cern.ch/user/r/ryi/HEM1516/Leptoquarks/analyzer/rootNtupleAnalyzerV2/src/baseClass.C - Line 366 - readInputList: gen weight sum (current,total): = 1.76824e+09+/-2.55965e+06, 1.28141e+10+/-6.88353e+06
/afs/cern.ch/user/r/ryi/HEM1516/Leptoquarks/analyzer/rootNtupleAnalyzerV2/src/baseClass.C - Line 2149 - saveLHEPdfSumw: saveLHEPdfSumw
/afs/cern.ch/user/r/ryi/HEM1516/Leptoquarks/analyzer/rootNtupleAnalyzerV2/src/baseClass.C - Line 2179 - saveEventsPassingCuts: saveEventsPassingCuts
/afs/cern.ch/user/r/ryi/HEM1516/Leptoquarks/analyzer/rootNtupleAnalyzerV2/src/baseClass.C - Line 2034 - getGlobalInfoNstart: root://eoscms.cern.ch//eos/cms/store/group/phys_exotica/leptonsPlusJets/LQ/scooper/ultralegacy/skims/2018/rskDoubleEle_heep_20jun2023/DYJetsToLL_LHEFilterPtZ-100To250_MatchEWPDG20_TuneCP5_13TeV-amcatnloFXFX-pythia8/DYJetsToLL_LHEFilterPtZ-100To250_MatchEWPDG20_TuneCP5_13TeV-amcatnloFXFX-pythia8_9_rsk.root
/afs/cern.ch/user/r/ryi/HEM1516/Leptoquarks/analyzer/rootNtupleAnalyzerV2/src/baseClass.C - Line 361 - readInputList: Initial number of events (current file,runningTotal): NBeforeSkim, NBeforeSkim_ = 1513020, 22826501
/afs/cern.ch/user/r/ryi/HEM1516/Leptoquarks/analyzer/rootNtupleAnalyzerV2/src/baseClass.C - Line 366 - readInputList: gen weight sum (current,total): = 9.07657e+08+/-1.83403e+06, 1.37217e+10+/-7.12367e+06
/afs/cern.ch/user/r/ryi/HEM1516/Leptoquarks/analyzer/rootNtupleAnalyzerV2/src/baseClass.C - Line 2149 - saveLHEPdfSumw: saveLHEPdfSumw
/afs/cern.ch/user/r/ryi/HEM1516/Leptoquarks/analyzer/rootNtupleAnalyzerV2/src/baseClass.C - Line 2179 - saveEventsPassingCuts: saveEventsPassingCuts
/afs/cern.ch/user/r/ryi/HEM1516/Leptoquarks/analyzer/rootNtupleAnalyzerV2/src/baseClass.C - Line 2034 - getGlobalInfoNstart: root://eoscms.cern.ch//eos/cms/store/group/phys_exotica/leptonsPlusJets/LQ/scooper/ultralegacy/skims/2018/rskDoubleEle_heep_20jun2023/DYJetsToLL_LHEFilterPtZ-100To250_MatchEWPDG20_TuneCP5_13TeV-amcatnloFXFX-pythia8/DYJetsToLL_LHEFilterPtZ-100To250_MatchEWPDG20_TuneCP5_13TeV-amcatnloFXFX-pythia8_10_rsk.root
/afs/cern.ch/user/r/ryi/HEM1516/Leptoquarks/analyzer/rootNtupleAnalyzerV2/src/baseClass.C - Line 361 - readInputList: Initial number of events (current file,runningTotal): NBeforeSkim, NBeforeSkim_ = 2859477, 25685978
/afs/cern.ch/user/r/ryi/HEM1516/Leptoquarks/analyzer/rootNtupleAnalyzerV2/src/baseClass.C - Line 366 - readInputList: gen weight sum (current,total): = 1.72095e+09+/-2.52132e+06, 1.54427e+10+/-7.5567e+06
/afs/cern.ch/user/r/ryi/HEM1516/Leptoquarks/analyzer/rootNtupleAnalyzerV2/src/baseClass.C - Line 2149 - saveLHEPdfSumw: saveLHEPdfSumw
/afs/cern.ch/user/r/ryi/HEM1516/Leptoquarks/analyzer/rootNtupleAnalyzerV2/src/baseClass.C - Line 2179 - saveEventsPassingCuts: saveEventsPassingCuts
/afs/cern.ch/user/r/ryi/HEM1516/Leptoquarks/analyzer/rootNtupleAnalyzerV2/src/baseClass.C - Line 2034 - getGlobalInfoNstart: root://eoscms.cern.ch//eos/cms/store/group/phys_exotica/leptonsPlusJets/LQ/scooper/ultralegacy/skims/2018/rskDoubleEle_heep_20jun2023/DYJetsToLL_LHEFilterPtZ-100To250_MatchEWPDG20_TuneCP5_13TeV-amcatnloFXFX-pythia8/DYJetsToLL_LHEFilterPtZ-100To250_MatchEWPDG20_TuneCP5_13TeV-amcatnloFXFX-pythia8_11_rsk.root
/afs/cern.ch/user/r/ryi/HEM1516/Leptoquarks/analyzer/rootNtupleAnalyzerV2/src/baseClass.C - Line 361 - readInputList: Initial number of events (current file,runningTotal): NBeforeSkim, NBeforeSkim_ = 1522974, 27208952
/afs/cern.ch/user/r/ryi/HEM1516/Leptoquarks/analyzer/rootNtupleAnalyzerV2/src/baseClass.C - Line 366 - readInputList: gen weight sum (current,total): = 9.13731e+08+/-1.84005e+06, 1.63564e+10+/-7.7775e+06
/afs/cern.ch/user/r/ryi/HEM1516/Leptoquarks/analyzer/rootNtupleAnalyzerV2/src/baseClass.C - Line 2149 - saveLHEPdfSumw: saveLHEPdfSumw
/afs/cern.ch/user/r/ryi/HEM1516/Leptoquarks/analyzer/rootNtupleAnalyzerV2/src/baseClass.C - Line 2179 - saveEventsPassingCuts: saveEventsPassingCuts
/afs/cern.ch/user/r/ryi/HEM1516/Leptoquarks/analyzer/rootNtupleAnalyzerV2/src/baseClass.C - Line 2034 - getGlobalInfoNstart: root://eoscms.cern.ch//eos/cms/store/group/phys_exotica/leptonsPlusJets/LQ/scooper/ultralegacy/skims/2018/rskDoubleEle_heep_20jun2023/DYJetsToLL_LHEFilterPtZ-100To250_MatchEWPDG20_TuneCP5_13TeV-amcatnloFXFX-pythia8/DYJetsToLL_LHEFilterPtZ-100To250_MatchEWPDG20_TuneCP5_13TeV-amcatnloFXFX-pythia8_12_rsk.root
/afs/cern.ch/user/r/ryi/HEM1516/Leptoquarks/analyzer/rootNtupleAnalyzerV2/src/baseClass.C - Line 361 - readInputList: Initial number of events (current file,runningTotal): NBeforeSkim, NBeforeSkim_ = 2825920, 30034872
/afs/cern.ch/user/r/ryi/HEM1516/Leptoquarks/analyzer/rootNtupleAnalyzerV2/src/baseClass.C - Line 366 - readInputList: gen weight sum (current,total): = 1.69831e+09+/-2.50648e+06, 1.80547e+10+/-8.17141e+06
/afs/cern.ch/user/r/ryi/HEM1516/Leptoquarks/analyzer/rootNtupleAnalyzerV2/src/baseClass.C - Line 2149 - saveLHEPdfSumw: saveLHEPdfSumw
/afs/cern.ch/user/r/ryi/HEM1516/Leptoquarks/analyzer/rootNtupleAnalyzerV2/src/baseClass.C - Line 2179 - saveEventsPassingCuts: saveEventsPassingCuts
/afs/cern.ch/user/r/ryi/HEM1516/Leptoquarks/analyzer/rootNtupleAnalyzerV2/src/baseClass.C - Line 2034 - getGlobalInfoNstart: root://eoscms.cern.ch//eos/cms/store/group/phys_exotica/leptonsPlusJets/LQ/scooper/ultralegacy/skims/2018/rskDoubleEle_heep_20jun2023/DYJetsToLL_LHEFilterPtZ-100To250_MatchEWPDG20_TuneCP5_13TeV-amcatnloFXFX-pythia8/DYJetsToLL_LHEFilterPtZ-100To250_MatchEWPDG20_TuneCP5_13TeV-amcatnloFXFX-pythia8_13_rsk.root
/afs/cern.ch/user/r/ryi/HEM1516/Leptoquarks/analyzer/rootNtupleAnalyzerV2/src/baseClass.C - Line 361 - readInputList: Initial number of events (current file,runningTotal): NBeforeSkim, NBeforeSkim_ = 1469278, 31504150
/afs/cern.ch/user/r/ryi/HEM1516/Leptoquarks/analyzer/rootNtupleAnalyzerV2/src/baseClass.C - Line 366 - readInputList: gen weight sum (current,total): = 8.84233e+08+/-1.80732e+06, 1.8939e+10+/-8.36889e+06
/afs/cern.ch/user/r/ryi/HEM1516/Leptoquarks/analyzer/rootNtupleAnalyzerV2/src/baseClass.C - Line 2149 - saveLHEPdfSumw: saveLHEPdfSumw
/afs/cern.ch/user/r/ryi/HEM1516/Leptoquarks/analyzer/rootNtupleAnalyzerV2/src/baseClass.C - Line 2179 - saveEventsPassingCuts: saveEventsPassingCuts
/afs/cern.ch/user/r/ryi/HEM1516/Leptoquarks/analyzer/rootNtupleAnalyzerV2/src/baseClass.C - Line 2034 - getGlobalInfoNstart: root://eoscms.cern.ch//eos/cms/store/group/phys_exotica/leptonsPlusJets/LQ/scooper/ultralegacy/skims/2018/rskDoubleEle_heep_20jun2023/DYJetsToLL_LHEFilterPtZ-100To250_MatchEWPDG20_TuneCP5_13TeV-amcatnloFXFX-pythia8/DYJetsToLL_LHEFilterPtZ-100To250_MatchEWPDG20_TuneCP5_13TeV-amcatnloFXFX-pythia8_14_rsk.root
/afs/cern.ch/user/r/ryi/HEM1516/Leptoquarks/analyzer/rootNtupleAnalyzerV2/src/baseClass.C - Line 361 - readInputList: Initial number of events (current file,runningTotal): NBeforeSkim, NBeforeSkim_ = 2624655, 34128805
/afs/cern.ch/user/r/ryi/HEM1516/Leptoquarks/analyzer/rootNtupleAnalyzerV2/src/baseClass.C - Line 366 - readInputList: gen weight sum (current,total): = 1.58006e+09+/-2.41557e+06, 2.0519e+10+/-8.71053e+06
/afs/cern.ch/user/r/ryi/HEM1516/Leptoquarks/analyzer/rootNtupleAnalyzerV2/src/baseClass.C - Line 2149 - saveLHEPdfSumw: saveLHEPdfSumw
/afs/cern.ch/user/r/ryi/HEM1516/Leptoquarks/analyzer/rootNtupleAnalyzerV2/src/baseClass.C - Line 2179 - saveEventsPassingCuts: saveEventsPassingCuts
/afs/cern.ch/user/r/ryi/HEM1516/Leptoquarks/analyzer/rootNtupleAnalyzerV2/src/baseClass.C - Line 2034 - getGlobalInfoNstart: root://eoscms.cern.ch//eos/cms/store/group/phys_exotica/leptonsPlusJets/LQ/scooper/ultralegacy/skims/2018/rskDoubleEle_heep_20jun2023/DYJetsToLL_LHEFilterPtZ-100To250_MatchEWPDG20_TuneCP5_13TeV-amcatnloFXFX-pythia8/DYJetsToLL_LHEFilterPtZ-100To250_MatchEWPDG20_TuneCP5_13TeV-amcatnloFXFX-pythia8_15_rsk.root
/afs/cern.ch/user/r/ryi/HEM1516/Leptoquarks/analyzer/rootNtupleAnalyzerV2/src/baseClass.C - Line 361 - readInputList: Initial number of events (current file,runningTotal): NBeforeSkim, NBeforeSkim_ = 1406813, 35535618
/afs/cern.ch/user/r/ryi/HEM1516/Leptoquarks/analyzer/rootNtupleAnalyzerV2/src/baseClass.C - Line 366 - readInputList: gen weight sum (current,total): = 8.46735e+08+/-1.76849e+06, 2.13658e+10+/-8.88825e+06
/afs/cern.ch/user/r/ryi/HEM1516/Leptoquarks/analyzer/rootNtupleAnalyzerV2/src/baseClass.C - Line 2149 - saveLHEPdfSumw: saveLHEPdfSumw
/afs/cern.ch/user/r/ryi/HEM1516/Leptoquarks/analyzer/rootNtupleAnalyzerV2/src/baseClass.C - Line 2179 - saveEventsPassingCuts: saveEventsPassingCuts
/afs/cern.ch/user/r/ryi/HEM1516/Leptoquarks/analyzer/rootNtupleAnalyzerV2/src/baseClass.C - Line 2034 - getGlobalInfoNstart: root://eoscms.cern.ch//eos/cms/store/group/phys_exotica/leptonsPlusJets/LQ/scooper/ultralegacy/skims/2018/rskDoubleEle_heep_20jun2023/DYJetsToLL_LHEFilterPtZ-100To250_MatchEWPDG20_TuneCP5_13TeV-amcatnloFXFX-pythia8/DYJetsToLL_LHEFilterPtZ-100To250_MatchEWPDG20_TuneCP5_13TeV-amcatnloFXFX-pythia8_16_rsk.root
/afs/cern.ch/user/r/ryi/HEM1516/Leptoquarks/analyzer/rootNtupleAnalyzerV2/src/baseClass.C - Line 361 - readInputList: Initial number of events (current file,runningTotal): NBeforeSkim, NBeforeSkim_ = 2489540, 38025158
/afs/cern.ch/user/r/ryi/HEM1516/Leptoquarks/analyzer/rootNtupleAnalyzerV2/src/baseClass.C - Line 366 - readInputList: gen weight sum (current,total): = 1.49711e+09+/-2.35258e+06, 2.28629e+10+/-9.19432e+06
/afs/cern.ch/user/r/ryi/HEM1516/Leptoquarks/analyzer/rootNtupleAnalyzerV2/src/baseClass.C - Line 2149 - saveLHEPdfSumw: saveLHEPdfSumw
/afs/cern.ch/user/r/ryi/HEM1516/Leptoquarks/analyzer/rootNtupleAnalyzerV2/src/baseClass.C - Line 2179 - saveEventsPassingCuts: saveEventsPassingCuts
/afs/cern.ch/user/r/ryi/HEM1516/Leptoquarks/analyzer/rootNtupleAnalyzerV2/src/baseClass.C - Line 2034 - getGlobalInfoNstart: root://eoscms.cern.ch//eos/cms/store/group/phys_exotica/leptonsPlusJets/LQ/scooper/ultralegacy/skims/2018/rskDoubleEle_heep_20jun2023/DYJetsToLL_LHEFilterPtZ-100To250_MatchEWPDG20_TuneCP5_13TeV-amcatnloFXFX-pythia8/DYJetsToLL_LHEFilterPtZ-100To250_MatchEWPDG20_TuneCP5_13TeV-amcatnloFXFX-pythia8_17_rsk.root
/afs/cern.ch/user/r/ryi/HEM1516/Leptoquarks/analyzer/rootNtupleAnalyzerV2/src/baseClass.C - Line 361 - readInputList: Initial number of events (current file,runningTotal): NBeforeSkim, NBeforeSkim_ = 1388144, 39413302
/afs/cern.ch/user/r/ryi/HEM1516/Leptoquarks/analyzer/rootNtupleAnalyzerV2/src/baseClass.C - Line 366 - readInputList: gen weight sum (current,total): = 8.32485e+08+/-1.75672e+06, 2.36954e+10+/-9.36064e+06
/afs/cern.ch/user/r/ryi/HEM1516/Leptoquarks/analyzer/rootNtupleAnalyzerV2/src/baseClass.C - Line 2149 - saveLHEPdfSumw: saveLHEPdfSumw
/afs/cern.ch/user/r/ryi/HEM1516/Leptoquarks/analyzer/rootNtupleAnalyzerV2/src/baseClass.C - Line 2179 - saveEventsPassingCuts: saveEventsPassingCuts
/afs/cern.ch/user/r/ryi/HEM1516/Leptoquarks/analyzer/rootNtupleAnalyzerV2/src/baseClass.C - Line 2034 - getGlobalInfoNstart: root://eoscms.cern.ch//eos/cms/store/group/phys_exotica/leptonsPlusJets/LQ/scooper/ultralegacy/skims/2018/rskDoubleEle_heep_20jun2023/DYJetsToLL_LHEFilterPtZ-100To250_MatchEWPDG20_TuneCP5_13TeV-amcatnloFXFX-pythia8/DYJetsToLL_LHEFilterPtZ-100To250_MatchEWPDG20_TuneCP5_13TeV-amcatnloFXFX-pythia8_18_rsk.root
/afs/cern.ch/user/r/ryi/HEM1516/Leptoquarks/analyzer/rootNtupleAnalyzerV2/src/baseClass.C - Line 361 - readInputList: Initial number of events (current file,runningTotal): NBeforeSkim, NBeforeSkim_ = 2329793, 41743095
/afs/cern.ch/user/r/ryi/HEM1516/Leptoquarks/analyzer/rootNtupleAnalyzerV2/src/baseClass.C - Line 366 - readInputList: gen weight sum (current,total): = 1.39905e+09+/-2.27585e+06, 2.50944e+10+/-9.63333e+06
/afs/cern.ch/user/r/ryi/HEM1516/Leptoquarks/analyzer/rootNtupleAnalyzerV2/src/baseClass.C - Line 2149 - saveLHEPdfSumw: saveLHEPdfSumw
/afs/cern.ch/user/r/ryi/HEM1516/Leptoquarks/analyzer/rootNtupleAnalyzerV2/src/baseClass.C - Line 2179 - saveEventsPassingCuts: saveEventsPassingCuts
/afs/cern.ch/user/r/ryi/HEM1516/Leptoquarks/analyzer/rootNtupleAnalyzerV2/src/baseClass.C - Line 2034 - getGlobalInfoNstart: root://eoscms.cern.ch//eos/cms/store/group/phys_exotica/leptonsPlusJets/LQ/scooper/ultralegacy/skims/2018/rskDoubleEle_heep_20jun2023/DYJetsToLL_LHEFilterPtZ-100To250_MatchEWPDG20_TuneCP5_13TeV-amcatnloFXFX-pythia8/DYJetsToLL_LHEFilterPtZ-100To250_MatchEWPDG20_TuneCP5_13TeV-amcatnloFXFX-pythia8_19_rsk.root
/afs/cern.ch/user/r/ryi/HEM1516/Leptoquarks/analyzer/rootNtupleAnalyzerV2/src/baseClass.C - Line 361 - readInputList: Initial number of events (current file,runningTotal): NBeforeSkim, NBeforeSkim_ = 1386609, 43129704
/afs/cern.ch/user/r/ryi/HEM1516/Leptoquarks/analyzer/rootNtupleAnalyzerV2/src/baseClass.C - Line 366 - readInputList: gen weight sum (current,total): = 8.34688e+08+/-1.75574e+06, 2.59291e+10+/-9.79202e+06
/afs/cern.ch/user/r/ryi/HEM1516/Leptoquarks/analyzer/rootNtupleAnalyzerV2/src/baseClass.C - Line 2149 - saveLHEPdfSumw: saveLHEPdfSumw
/afs/cern.ch/user/r/ryi/HEM1516/Leptoquarks/analyzer/rootNtupleAnalyzerV2/src/baseClass.C - Line 2179 - saveEventsPassingCuts: saveEventsPassingCuts
/afs/cern.ch/user/r/ryi/HEM1516/Leptoquarks/analyzer/rootNtupleAnalyzerV2/src/baseClass.C - Line 2034 - getGlobalInfoNstart: root://eoscms.cern.ch//eos/cms/store/group/phys_exotica/leptonsPlusJets/LQ/scooper/ultralegacy/skims/2018/rskDoubleEle_heep_20jun2023/DYJetsToLL_LHEFilterPtZ-100To250_MatchEWPDG20_TuneCP5_13TeV-amcatnloFXFX-pythia8/DYJetsToLL_LHEFilterPtZ-100To250_MatchEWPDG20_TuneCP5_13TeV-amcatnloFXFX-pythia8_20_rsk.root
/afs/cern.ch/user/r/ryi/HEM1516/Leptoquarks/analyzer/rootNtupleAnalyzerV2/src/baseClass.C - Line 361 - readInputList: Initial number of events (current file,runningTotal): NBeforeSkim, NBeforeSkim_ = 2241107, 45370811
/afs/cern.ch/user/r/ryi/HEM1516/Leptoquarks/analyzer/rootNtupleAnalyzerV2/src/baseClass.C - Line 366 - readInputList: gen weight sum (current,total): = 1.34901e+09+/-2.23211e+06, 2.72781e+10+/-1.00432e+07
/afs/cern.ch/user/r/ryi/HEM1516/Leptoquarks/analyzer/rootNtupleAnalyzerV2/src/baseClass.C - Line 2149 - saveLHEPdfSumw: saveLHEPdfSumw
/afs/cern.ch/user/r/ryi/HEM1516/Leptoquarks/analyzer/rootNtupleAnalyzerV2/src/baseClass.C - Line 2179 - saveEventsPassingCuts: saveEventsPassingCuts
/afs/cern.ch/user/r/ryi/HEM1516/Leptoquarks/analyzer/rootNtupleAnalyzerV2/src/baseClass.C - Line 2034 - getGlobalInfoNstart: root://eoscms.cern.ch//eos/cms/store/group/phys_exotica/leptonsPlusJets/LQ/scooper/ultralegacy/skims/2018/rskDoubleEle_heep_20jun2023/DYJetsToLL_LHEFilterPtZ-100To250_MatchEWPDG20_TuneCP5_13TeV-amcatnloFXFX-pythia8/DYJetsToLL_LHEFilterPtZ-100To250_MatchEWPDG20_TuneCP5_13TeV-amcatnloFXFX-pythia8_21_rsk.root
/afs/cern.ch/user/r/ryi/HEM1516/Leptoquarks/analyzer/rootNtupleAnalyzerV2/src/baseClass.C - Line 361 - readInputList: Initial number of events (current file,runningTotal): NBeforeSkim, NBeforeSkim_ = 1607955, 46978766
/afs/cern.ch/user/r/ryi/HEM1516/Leptoquarks/analyzer/rootNtupleAnalyzerV2/src/baseClass.C - Line 366 - readInputList: gen weight sum (current,total): = 9.64433e+08+/-1.89069e+06, 2.82425e+10+/-1.02196e+07
/afs/cern.ch/user/r/ryi/HEM1516/Leptoquarks/analyzer/rootNtupleAnalyzerV2/src/baseClass.C - Line 2149 - saveLHEPdfSumw: saveLHEPdfSumw
/afs/cern.ch/user/r/ryi/HEM1516/Leptoquarks/analyzer/rootNtupleAnalyzerV2/src/baseClass.C - Line 2179 - saveEventsPassingCuts: saveEventsPassingCuts
/afs/cern.ch/user/r/ryi/HEM1516/Leptoquarks/analyzer/rootNtupleAnalyzerV2/src/baseClass.C - Line 2034 - getGlobalInfoNstart: root://eoscms.cern.ch//eos/cms/store/group/phys_exotica/leptonsPlusJets/LQ/scooper/ultralegacy/skims/2018/rskDoubleEle_heep_20jun2023/DYJetsToLL_LHEFilterPtZ-100To250_MatchEWPDG20_TuneCP5_13TeV-amcatnloFXFX-pythia8/DYJetsToLL_LHEFilterPtZ-100To250_MatchEWPDG20_TuneCP5_13TeV-amcatnloFXFX-pythia8_22_rsk.root
/afs/cern.ch/user/r/ryi/HEM1516/Leptoquarks/analyzer/rootNtupleAnalyzerV2/src/baseClass.C - Line 361 - readInputList: Initial number of events (current file,runningTotal): NBeforeSkim, NBeforeSkim_ = 2272127, 49250893
/afs/cern.ch/user/r/ryi/HEM1516/Leptoquarks/analyzer/rootNtupleAnalyzerV2/src/baseClass.C - Line 366 - readInputList: gen weight sum (current,total): = 1.36801e+09+/-2.2475e+06, 2.96105e+10+/-1.04638e+07
/afs/cern.ch/user/r/ryi/HEM1516/Leptoquarks/analyzer/rootNtupleAnalyzerV2/src/baseClass.C - Line 2149 - saveLHEPdfSumw: saveLHEPdfSumw
/afs/cern.ch/user/r/ryi/HEM1516/Leptoquarks/analyzer/rootNtupleAnalyzerV2/src/baseClass.C - Line 2179 - saveEventsPassingCuts: saveEventsPassingCuts
/afs/cern.ch/user/r/ryi/HEM1516/Leptoquarks/analyzer/rootNtupleAnalyzerV2/src/baseClass.C - Line 2034 - getGlobalInfoNstart: root://eoscms.cern.ch//eos/cms/store/group/phys_exotica/leptonsPlusJets/LQ/scooper/ultralegacy/skims/2018/rskDoubleEle_heep_20jun2023/DYJetsToLL_LHEFilterPtZ-100To250_MatchEWPDG20_TuneCP5_13TeV-amcatnloFXFX-pythia8/DYJetsToLL_LHEFilterPtZ-100To250_MatchEWPDG20_TuneCP5_13TeV-amcatnloFXFX-pythia8_23_rsk.root
/afs/cern.ch/user/r/ryi/HEM1516/Leptoquarks/analyzer/rootNtupleAnalyzerV2/src/baseClass.C - Line 361 - readInputList: Initial number of events (current file,runningTotal): NBeforeSkim, NBeforeSkim_ = 1757013, 51007906
/afs/cern.ch/user/r/ryi/HEM1516/Leptoquarks/analyzer/rootNtupleAnalyzerV2/src/baseClass.C - Line 366 - readInputList: gen weight sum (current,total): = 1.05854e+09+/-1.97639e+06, 3.06691e+10+/-1.06489e+07
/afs/cern.ch/user/r/ryi/HEM1516/Leptoquarks/analyzer/rootNtupleAnalyzerV2/src/baseClass.C - Line 2149 - saveLHEPdfSumw: saveLHEPdfSumw
/afs/cern.ch/user/r/ryi/HEM1516/Leptoquarks/analyzer/rootNtupleAnalyzerV2/src/baseClass.C - Line 2179 - saveEventsPassingCuts: saveEventsPassingCuts
/afs/cern.ch/user/r/ryi/HEM1516/Leptoquarks/analyzer/rootNtupleAnalyzerV2/src/baseClass.C - Line 2034 - getGlobalInfoNstart: root://eoscms.cern.ch//eos/cms/store/group/phys_exotica/leptonsPlusJets/LQ/scooper/ultralegacy/skims/2018/rskDoubleEle_heep_20jun2023/DYJetsToLL_LHEFilterPtZ-100To250_MatchEWPDG20_TuneCP5_13TeV-amcatnloFXFX-pythia8/DYJetsToLL_LHEFilterPtZ-100To250_MatchEWPDG20_TuneCP5_13TeV-amcatnloFXFX-pythia8_24_rsk.root
/afs/cern.ch/user/r/ryi/HEM1516/Leptoquarks/analyzer/rootNtupleAnalyzerV2/src/baseClass.C - Line 361 - readInputList: Initial number of events (current file,runningTotal): NBeforeSkim, NBeforeSkim_ = 2312966, 53320872
/afs/cern.ch/user/r/ryi/HEM1516/Leptoquarks/analyzer/rootNtupleAnalyzerV2/src/baseClass.C - Line 366 - readInputList: gen weight sum (current,total): = 1.39484e+09+/-2.26761e+06, 3.20639e+10+/-1.08876e+07
/afs/cern.ch/user/r/ryi/HEM1516/Leptoquarks/analyzer/rootNtupleAnalyzerV2/src/baseClass.C - Line 2149 - saveLHEPdfSumw: saveLHEPdfSumw
/afs/cern.ch/user/r/ryi/HEM1516/Leptoquarks/analyzer/rootNtupleAnalyzerV2/src/baseClass.C - Line 2179 - saveEventsPassingCuts: saveEventsPassingCuts
/afs/cern.ch/user/r/ryi/HEM1516/Leptoquarks/analyzer/rootNtupleAnalyzerV2/src/baseClass.C - Line 2034 - getGlobalInfoNstart: root://eoscms.cern.ch//eos/cms/store/group/phys_exotica/leptonsPlusJets/LQ/scooper/ultralegacy/skims/2018/rskDoubleEle_heep_20jun2023/DYJetsToLL_LHEFilterPtZ-100To250_MatchEWPDG20_TuneCP5_13TeV-amcatnloFXFX-pythia8/DYJetsToLL_LHEFilterPtZ-100To250_MatchEWPDG20_TuneCP5_13TeV-amcatnloFXFX-pythia8_25_rsk.root
/afs/cern.ch/user/r/ryi/HEM1516/Leptoquarks/analyzer/rootNtupleAnalyzerV2/src/baseClass.C - Line 361 - readInputList: Initial number of events (current file,runningTotal): NBeforeSkim, NBeforeSkim_ = 1894104, 55214976
/afs/cern.ch/user/r/ryi/HEM1516/Leptoquarks/analyzer/rootNtupleAnalyzerV2/src/baseClass.C - Line 366 - readInputList: gen weight sum (current,total): = 1.14046e+09+/-2.05204e+06, 3.32044e+10+/-1.10793e+07
/afs/cern.ch/user/r/ryi/HEM1516/Leptoquarks/analyzer/rootNtupleAnalyzerV2/src/baseClass.C - Line 2149 - saveLHEPdfSumw: saveLHEPdfSumw
/afs/cern.ch/user/r/ryi/HEM1516/Leptoquarks/analyzer/rootNtupleAnalyzerV2/src/baseClass.C - Line 2179 - saveEventsPassingCuts: saveEventsPassingCuts
/afs/cern.ch/user/r/ryi/HEM1516/Leptoquarks/analyzer/rootNtupleAnalyzerV2/src/baseClass.C - Line 2034 - getGlobalInfoNstart: root://eoscms.cern.ch//eos/cms/store/group/phys_exotica/leptonsPlusJets/LQ/scooper/ultralegacy/skims/2018/rskDoubleEle_heep_20jun2023/DYJetsToLL_LHEFilterPtZ-100To250_MatchEWPDG20_TuneCP5_13TeV-amcatnloFXFX-pythia8/DYJetsToLL_LHEFilterPtZ-100To250_MatchEWPDG20_TuneCP5_13TeV-amcatnloFXFX-pythia8_26_rsk.root
/afs/cern.ch/user/r/ryi/HEM1516/Leptoquarks/analyzer/rootNtupleAnalyzerV2/src/baseClass.C - Line 361 - readInputList: Initial number of events (current file,runningTotal): NBeforeSkim, NBeforeSkim_ = 2352010, 57566986
/afs/cern.ch/user/r/ryi/HEM1516/Leptoquarks/analyzer/rootNtupleAnalyzerV2/src/baseClass.C - Line 366 - readInputList: gen weight sum (current,total): = 1.41467e+09+/-2.28667e+06, 3.46191e+10+/-1.13128e+07
/afs/cern.ch/user/r/ryi/HEM1516/Leptoquarks/analyzer/rootNtupleAnalyzerV2/src/baseClass.C - Line 2149 - saveLHEPdfSumw: saveLHEPdfSumw
/afs/cern.ch/user/r/ryi/HEM1516/Leptoquarks/analyzer/rootNtupleAnalyzerV2/src/baseClass.C - Line 2179 - saveEventsPassingCuts: saveEventsPassingCuts
/afs/cern.ch/user/r/ryi/HEM1516/Leptoquarks/analyzer/rootNtupleAnalyzerV2/src/baseClass.C - Line 2034 - getGlobalInfoNstart: root://eoscms.cern.ch//eos/cms/store/group/phys_exotica/leptonsPlusJets/LQ/scooper/ultralegacy/skims/2018/rskDoubleEle_heep_20jun2023/DYJetsToLL_LHEFilterPtZ-100To250_MatchEWPDG20_TuneCP5_13TeV-amcatnloFXFX-pythia8/DYJetsToLL_LHEFilterPtZ-100To250_MatchEWPDG20_TuneCP5_13TeV-amcatnloFXFX-pythia8_27_rsk.root
/afs/cern.ch/user/r/ryi/HEM1516/Leptoquarks/analyzer/rootNtupleAnalyzerV2/src/baseClass.C - Line 361 - readInputList: Initial number of events (current file,runningTotal): NBeforeSkim, NBeforeSkim_ = 1952820, 59519806
/afs/cern.ch/user/r/ryi/HEM1516/Leptoquarks/analyzer/rootNtupleAnalyzerV2/src/baseClass.C - Line 366 - readInputList: gen weight sum (current,total): = 1.17289e+09+/-2.0836e+06, 3.57919e+10+/-1.15031e+07
/afs/cern.ch/user/r/ryi/HEM1516/Leptoquarks/analyzer/rootNtupleAnalyzerV2/src/baseClass.C - Line 2149 - saveLHEPdfSumw: saveLHEPdfSumw
/afs/cern.ch/user/r/ryi/HEM1516/Leptoquarks/analyzer/rootNtupleAnalyzerV2/src/baseClass.C - Line 2179 - saveEventsPassingCuts: saveEventsPassingCuts
/afs/cern.ch/user/r/ryi/HEM1516/Leptoquarks/analyzer/rootNtupleAnalyzerV2/src/baseClass.C - Line 2034 - getGlobalInfoNstart: root://eoscms.cern.ch//eos/cms/store/group/phys_exotica/leptonsPlusJets/LQ/scooper/ultralegacy/skims/2018/rskDoubleEle_heep_20jun2023/DYJetsToLL_LHEFilterPtZ-100To250_MatchEWPDG20_TuneCP5_13TeV-amcatnloFXFX-pythia8/DYJetsToLL_LHEFilterPtZ-100To250_MatchEWPDG20_TuneCP5_13TeV-amcatnloFXFX-pythia8_28_rsk.root
/afs/cern.ch/user/r/ryi/HEM1516/Leptoquarks/analyzer/rootNtupleAnalyzerV2/src/baseClass.C - Line 361 - readInputList: Initial number of events (current file,runningTotal): NBeforeSkim, NBeforeSkim_ = 2256847, 61776653
/afs/cern.ch/user/r/ryi/HEM1516/Leptoquarks/analyzer/rootNtupleAnalyzerV2/src/baseClass.C - Line 366 - readInputList: gen weight sum (current,total): = 1.35847e+09+/-2.23993e+06, 3.71504e+10+/-1.17192e+07
/afs/cern.ch/user/r/ryi/HEM1516/Leptoquarks/analyzer/rootNtupleAnalyzerV2/src/baseClass.C - Line 2149 - saveLHEPdfSumw: saveLHEPdfSumw
/afs/cern.ch/user/r/ryi/HEM1516/Leptoquarks/analyzer/rootNtupleAnalyzerV2/src/baseClass.C - Line 2179 - saveEventsPassingCuts: saveEventsPassingCuts
/afs/cern.ch/user/r/ryi/HEM1516/Leptoquarks/analyzer/rootNtupleAnalyzerV2/src/baseClass.C - Line 2034 - getGlobalInfoNstart: root://eoscms.cern.ch//eos/cms/store/group/phys_exotica/leptonsPlusJets/LQ/scooper/ultralegacy/skims/2018/rskDoubleEle_heep_20jun2023/DYJetsToLL_LHEFilterPtZ-100To250_MatchEWPDG20_TuneCP5_13TeV-amcatnloFXFX-pythia8/DYJetsToLL_LHEFilterPtZ-100To250_MatchEWPDG20_TuneCP5_13TeV-amcatnloFXFX-pythia8_29_rsk.root
/afs/cern.ch/user/r/ryi/HEM1516/Leptoquarks/analyzer/rootNtupleAnalyzerV2/src/baseClass.C - Line 361 - readInputList: Initial number of events (current file,runningTotal): NBeforeSkim, NBeforeSkim_ = 1988945, 63765598
/afs/cern.ch/user/r/ryi/HEM1516/Leptoquarks/analyzer/rootNtupleAnalyzerV2/src/baseClass.C - Line 366 - readInputList: gen weight sum (current,total): = 1.19721e+09+/-2.10279e+06, 3.83476e+10+/-1.19063e+07
/afs/cern.ch/user/r/ryi/HEM1516/Leptoquarks/analyzer/rootNtupleAnalyzerV2/src/baseClass.C - Line 2149 - saveLHEPdfSumw: saveLHEPdfSumw
/afs/cern.ch/user/r/ryi/HEM1516/Leptoquarks/analyzer/rootNtupleAnalyzerV2/src/baseClass.C - Line 2179 - saveEventsPassingCuts: saveEventsPassingCuts
/afs/cern.ch/user/r/ryi/HEM1516/Leptoquarks/analyzer/rootNtupleAnalyzerV2/src/baseClass.C - Line 2034 - getGlobalInfoNstart: root://eoscms.cern.ch//eos/cms/store/group/phys_exotica/leptonsPlusJets/LQ/scooper/ultralegacy/skims/2018/rskDoubleEle_heep_20jun2023/DYJetsToLL_LHEFilterPtZ-100To250_MatchEWPDG20_TuneCP5_13TeV-amcatnloFXFX-pythia8/DYJetsToLL_LHEFilterPtZ-100To250_MatchEWPDG20_TuneCP5_13TeV-amcatnloFXFX-pythia8_30_rsk.root
/afs/cern.ch/user/r/ryi/HEM1516/Leptoquarks/analyzer/rootNtupleAnalyzerV2/src/baseClass.C - Line 361 - readInputList: Initial number of events (current file,runningTotal): NBeforeSkim, NBeforeSkim_ = 2250825, 66016423
/afs/cern.ch/user/r/ryi/HEM1516/Leptoquarks/analyzer/rootNtupleAnalyzerV2/src/baseClass.C - Line 366 - readInputList: gen weight sum (current,total): = 1.35373e+09+/-2.23694e+06, 3.97014e+10+/-1.21146e+07
/afs/cern.ch/user/r/ryi/HEM1516/Leptoquarks/analyzer/rootNtupleAnalyzerV2/src/baseClass.C - Line 2149 - saveLHEPdfSumw: saveLHEPdfSumw
/afs/cern.ch/user/r/ryi/HEM1516/Leptoquarks/analyzer/rootNtupleAnalyzerV2/src/baseClass.C - Line 2179 - saveEventsPassingCuts: saveEventsPassingCuts
/afs/cern.ch/user/r/ryi/HEM1516/Leptoquarks/analyzer/rootNtupleAnalyzerV2/src/baseClass.C - Line 2034 - getGlobalInfoNstart: root://eoscms.cern.ch//eos/cms/store/group/phys_exotica/leptonsPlusJets/LQ/scooper/ultralegacy/skims/2018/rskDoubleEle_heep_20jun2023/DYJetsToLL_LHEFilterPtZ-100To250_MatchEWPDG20_TuneCP5_13TeV-amcatnloFXFX-pythia8/DYJetsToLL_LHEFilterPtZ-100To250_MatchEWPDG20_TuneCP5_13TeV-amcatnloFXFX-pythia8_31_rsk.root
/afs/cern.ch/user/r/ryi/HEM1516/Leptoquarks/analyzer/rootNtupleAnalyzerV2/src/baseClass.C - Line 361 - readInputList: Initial number of events (current file,runningTotal): NBeforeSkim, NBeforeSkim_ = 2127823, 68144246
/afs/cern.ch/user/r/ryi/HEM1516/Leptoquarks/analyzer/rootNtupleAnalyzerV2/src/baseClass.C - Line 366 - readInputList: gen weight sum (current,total): = 1.28111e+09+/-2.17496e+06, 4.09825e+10+/-1.23083e+07
/afs/cern.ch/user/r/ryi/HEM1516/Leptoquarks/analyzer/rootNtupleAnalyzerV2/src/baseClass.C - Line 2149 - saveLHEPdfSumw: saveLHEPdfSumw
/afs/cern.ch/user/r/ryi/HEM1516/Leptoquarks/analyzer/rootNtupleAnalyzerV2/src/baseClass.C - Line 2179 - saveEventsPassingCuts: saveEventsPassingCuts
/afs/cern.ch/user/r/ryi/HEM1516/Leptoquarks/analyzer/rootNtupleAnalyzerV2/src/baseClass.C - Line 2034 - getGlobalInfoNstart: root://eoscms.cern.ch//eos/cms/store/group/phys_exotica/leptonsPlusJets/LQ/scooper/ultralegacy/skims/2018/rskDoubleEle_heep_20jun2023/DYJetsToLL_LHEFilterPtZ-100To250_MatchEWPDG20_TuneCP5_13TeV-amcatnloFXFX-pythia8/DYJetsToLL_LHEFilterPtZ-100To250_MatchEWPDG20_TuneCP5_13TeV-amcatnloFXFX-pythia8_32_rsk.root
/afs/cern.ch/user/r/ryi/HEM1516/Leptoquarks/analyzer/rootNtupleAnalyzerV2/src/baseClass.C - Line 361 - readInputList: Initial number of events (current file,runningTotal): NBeforeSkim, NBeforeSkim_ = 2263612, 70407858
/afs/cern.ch/user/r/ryi/HEM1516/Leptoquarks/analyzer/rootNtupleAnalyzerV2/src/baseClass.C - Line 366 - readInputList: gen weight sum (current,total): = 1.36563e+09+/-2.24329e+06, 4.23481e+10+/-1.25111e+07
/afs/cern.ch/user/r/ryi/HEM1516/Leptoquarks/analyzer/rootNtupleAnalyzerV2/src/baseClass.C - Line 2149 - saveLHEPdfSumw: saveLHEPdfSumw
/afs/cern.ch/user/r/ryi/HEM1516/Leptoquarks/analyzer/rootNtupleAnalyzerV2/src/baseClass.C - Line 2179 - saveEventsPassingCuts: saveEventsPassingCuts
/afs/cern.ch/user/r/ryi/HEM1516/Leptoquarks/analyzer/rootNtupleAnalyzerV2/src/baseClass.C - Line 2034 - getGlobalInfoNstart: root://eoscms.cern.ch//eos/cms/store/group/phys_exotica/leptonsPlusJets/LQ/scooper/ultralegacy/skims/2018/rskDoubleEle_heep_20jun2023/DYJetsToLL_LHEFilterPtZ-100To250_MatchEWPDG20_TuneCP5_13TeV-amcatnloFXFX-pythia8/DYJetsToLL_LHEFilterPtZ-100To250_MatchEWPDG20_TuneCP5_13TeV-amcatnloFXFX-pythia8_33_rsk.root
/afs/cern.ch/user/r/ryi/HEM1516/Leptoquarks/analyzer/rootNtupleAnalyzerV2/src/baseClass.C - Line 361 - readInputList: Initial number of events (current file,runningTotal): NBeforeSkim, NBeforeSkim_ = 2184683, 72592541
/afs/cern.ch/user/r/ryi/HEM1516/Leptoquarks/analyzer/rootNtupleAnalyzerV2/src/baseClass.C - Line 366 - readInputList: gen weight sum (current,total): = 1.31948e+09+/-2.20383e+06, 4.36676e+10+/-1.27037e+07
/afs/cern.ch/user/r/ryi/HEM1516/Leptoquarks/analyzer/rootNtupleAnalyzerV2/src/baseClass.C - Line 2149 - saveLHEPdfSumw: saveLHEPdfSumw
/afs/cern.ch/user/r/ryi/HEM1516/Leptoquarks/analyzer/rootNtupleAnalyzerV2/src/baseClass.C - Line 2179 - saveEventsPassingCuts: saveEventsPassingCuts
/afs/cern.ch/user/r/ryi/HEM1516/Leptoquarks/analyzer/rootNtupleAnalyzerV2/src/baseClass.C - Line 2034 - getGlobalInfoNstart: root://eoscms.cern.ch//eos/cms/store/group/phys_exotica/leptonsPlusJets/LQ/scooper/ultralegacy/skims/2018/rskDoubleEle_heep_20jun2023/DYJetsToLL_LHEFilterPtZ-100To250_MatchEWPDG20_TuneCP5_13TeV-amcatnloFXFX-pythia8/DYJetsToLL_LHEFilterPtZ-100To250_MatchEWPDG20_TuneCP5_13TeV-amcatnloFXFX-pythia8_34_rsk.root
/afs/cern.ch/user/r/ryi/HEM1516/Leptoquarks/analyzer/rootNtupleAnalyzerV2/src/baseClass.C - Line 361 - readInputList: Initial number of events (current file,runningTotal): NBeforeSkim, NBeforeSkim_ = 2302927, 74895468
/afs/cern.ch/user/r/ryi/HEM1516/Leptoquarks/analyzer/rootNtupleAnalyzerV2/src/baseClass.C - Line 366 - readInputList: gen weight sum (current,total): = 1.38761e+09+/-2.26269e+06, 4.50552e+10+/-1.29036e+07
/afs/cern.ch/user/r/ryi/HEM1516/Leptoquarks/analyzer/rootNtupleAnalyzerV2/src/baseClass.C - Line 2149 - saveLHEPdfSumw: saveLHEPdfSumw
/afs/cern.ch/user/r/ryi/HEM1516/Leptoquarks/analyzer/rootNtupleAnalyzerV2/src/baseClass.C - Line 2179 - saveEventsPassingCuts: saveEventsPassingCuts
/afs/cern.ch/user/r/ryi/HEM1516/Leptoquarks/analyzer/rootNtupleAnalyzerV2/src/baseClass.C - Line 2034 - getGlobalInfoNstart: root://eoscms.cern.ch//eos/cms/store/group/phys_exotica/leptonsPlusJets/LQ/scooper/ultralegacy/skims/2018/rskDoubleEle_heep_20jun2023/DYJetsToLL_LHEFilterPtZ-100To250_MatchEWPDG20_TuneCP5_13TeV-amcatnloFXFX-pythia8/DYJetsToLL_LHEFilterPtZ-100To250_MatchEWPDG20_TuneCP5_13TeV-amcatnloFXFX-pythia8_35_rsk.root
/afs/cern.ch/user/r/ryi/HEM1516/Leptoquarks/analyzer/rootNtupleAnalyzerV2/src/baseClass.C - Line 361 - readInputList: Initial number of events (current file,runningTotal): NBeforeSkim, NBeforeSkim_ = 2303341, 77198809
/afs/cern.ch/user/r/ryi/HEM1516/Leptoquarks/analyzer/rootNtupleAnalyzerV2/src/baseClass.C - Line 366 - readInputList: gen weight sum (current,total): = 1.38048e+09+/-2.26289e+06, 4.64357e+10+/-1.31005e+07
/afs/cern.ch/user/r/ryi/HEM1516/Leptoquarks/analyzer/rootNtupleAnalyzerV2/src/baseClass.C - Line 2149 - saveLHEPdfSumw: saveLHEPdfSumw
/afs/cern.ch/user/r/ryi/HEM1516/Leptoquarks/analyzer/rootNtupleAnalyzerV2/src/baseClass.C - Line 2179 - saveEventsPassingCuts: saveEventsPassingCuts
/afs/cern.ch/user/r/ryi/HEM1516/Leptoquarks/analyzer/rootNtupleAnalyzerV2/src/baseClass.C - Line 2034 - getGlobalInfoNstart: root://eoscms.cern.ch//eos/cms/store/group/phys_exotica/leptonsPlusJets/LQ/scooper/ultralegacy/skims/2018/rskDoubleEle_heep_20jun2023/DYJetsToLL_LHEFilterPtZ-100To250_MatchEWPDG20_TuneCP5_13TeV-amcatnloFXFX-pythia8/DYJetsToLL_LHEFilterPtZ-100To250_MatchEWPDG20_TuneCP5_13TeV-amcatnloFXFX-pythia8_36_rsk.root
/afs/cern.ch/user/r/ryi/HEM1516/Leptoquarks/analyzer/rootNtupleAnalyzerV2/src/baseClass.C - Line 361 - readInputList: Initial number of events (current file,runningTotal): NBeforeSkim, NBeforeSkim_ = 2328515, 79527324
/afs/cern.ch/user/r/ryi/HEM1516/Leptoquarks/analyzer/rootNtupleAnalyzerV2/src/baseClass.C - Line 366 - readInputList: gen weight sum (current,total): = 1.40309e+09+/-2.27522e+06, 4.78388e+10+/-1.32967e+07
/afs/cern.ch/user/r/ryi/HEM1516/Leptoquarks/analyzer/rootNtupleAnalyzerV2/src/baseClass.C - Line 2149 - saveLHEPdfSumw: saveLHEPdfSumw
/afs/cern.ch/user/r/ryi/HEM1516/Leptoquarks/analyzer/rootNtupleAnalyzerV2/src/baseClass.C - Line 2179 - saveEventsPassingCuts: saveEventsPassingCuts
/afs/cern.ch/user/r/ryi/HEM1516/Leptoquarks/analyzer/rootNtupleAnalyzerV2/src/baseClass.C - Line 389 - readCutFile: Reading cutFile_ = cutTable_lq_eejj_jet2_both_in.txt
/afs/cern.ch/user/r/ryi/HEM1516/Leptoquarks/analyzer/rootNtupleAnalyzerV2/src/baseClass.C - Line 422 - readCutFile: Getting JSON file: certifiedGolden_11mar2020_2016_2017_2018.json
/afs/cern.ch/user/r/ryi/HEM1516/Leptoquarks/analyzer/rootNtupleAnalyzerV2/src/baseClass.C - Line 670 - readCutFile: baseClass::readCutFile: Finished reading cutFile: cutTable_lq_eejj_jet2_both_in.txt
/afs/cern.ch/user/r/ryi/HEM1516/Leptoquarks/analyzer/rootNtupleAnalyzerV2/src/baseClass.C - Line 2506 - getSkimPreCutValue: getSkimPreCutValue: (produceSkim): INFO -- found the precut string in the map with value: 1
/afs/cern.ch/user/r/ryi/HEM1516/Leptoquarks/analyzer/rootNtupleAnalyzerV2/src/baseClass.C - Line 2501 - getSkimPreCutValue: getSkimPreCutValue: (produceReducedSkim): INFO -- did not find the precut string in the map!
/afs/cern.ch/user/r/ryi/HEM1516/Leptoquarks/analyzer/rootNtupleAnalyzerV2/src/baseClass.C - Line 731 - readCutFile: INFO: found pre-existing EventsPassingSkimCuts profile.
/afs/cern.ch/user/r/ryi/HEM1516/Leptoquarks/analyzer/rootNtupleAnalyzerV2/src/baseClass.C - Line 736 - readCutFile: INFO: doing skim -- updating pre-existing EventsPassingSkimCuts profile.
/afs/cern.ch/user/r/ryi/HEM1516/Leptoquarks/analyzer/rootNtupleAnalyzerV2/src/baseClass.C - Line 45 - baseClass: ends
analysisClass::Loop() begins
analysisClass::analysisClass(): nentries = 6278767
analysisClass:Loop(): jentry = 0/6278767
analysisClass:Loop(): jentry = 1/6278767
analysisClass:Loop(): jentry = 2/6278767
analysisClass:Loop(): jentry = 3/6278767
analysisClass:Loop(): jentry = 4/6278767
analysisClass:Loop(): jentry = 5/6278767
analysisClass:Loop(): jentry = 6/6278767
analysisClass:Loop(): jentry = 7/6278767
analysisClass:Loop(): jentry = 8/6278767
analysisClass:Loop(): jentry = 9/6278767
analysisClass:Loop(): jentry = 10000/6278767
analysisClass:Loop(): jentry = 20000/6278767
analysisClass:Loop(): jentry = 30000/6278767
analysisClass:Loop(): jentry = 40000/6278767
analysisClass:Loop(): jentry = 50000/6278767
analysisClass:Loop(): jentry = 60000/6278767
analysisClass:Loop(): jentry = 70000/6278767
analysisClass:Loop(): jentry = 80000/6278767
analysisClass:Loop(): jentry = 90000/6278767
analysisClass:Loop(): jentry = 100000/6278767
analysisClass:Loop(): jentry = 110000/6278767
analysisClass:Loop(): jentry = 120000/6278767
analysisClass:Loop(): jentry = 130000/6278767
analysisClass:Loop(): jentry = 140000/6278767
analysisClass:Loop(): jentry = 150000/6278767
analysisClass:Loop(): jentry = 160000/6278767
analysisClass:Loop(): jentry = 170000/6278767
analysisClass:Loop(): jentry = 180000/6278767
analysisClass:Loop(): jentry = 190000/6278767
analysisClass:Loop(): jentry = 200000/6278767
analysisClass:Loop(): jentry = 210000/6278767
analysisClass:Loop(): jentry = 220000/6278767
analysisClass:Loop(): jentry = 230000/6278767
analysisClass:Loop(): jentry = 240000/6278767
analysisClass:Loop(): jentry = 250000/6278767
analysisClass:Loop(): jentry = 260000/6278767
analysisClass:Loop(): jentry = 270000/6278767
analysisClass:Loop(): jentry = 280000/6278767
analysisClass:Loop(): jentry = 290000/6278767
analysisClass:Loop(): jentry = 300000/6278767
analysisClass:Loop(): jentry = 310000/6278767
analysisClass:Loop(): jentry = 320000/6278767
analysisClass:Loop(): jentry = 330000/6278767
analysisClass:Loop(): jentry = 340000/6278767
analysisClass:Loop(): jentry = 350000/6278767
analysisClass:Loop(): jentry = 360000/6278767
analysisClass:Loop(): jentry = 370000/6278767
analysisClass:Loop(): jentry = 380000/6278767
analysisClass:Loop(): jentry = 390000/6278767
analysisClass:Loop(): jentry = 400000/6278767
analysisClass:Loop(): jentry = 410000/6278767
analysisClass:Loop(): jentry = 420000/6278767
analysisClass:Loop(): jentry = 430000/6278767
analysisClass:Loop(): jentry = 440000/6278767
analysisClass:Loop(): jentry = 450000/6278767
analysisClass:Loop(): jentry = 460000/6278767
analysisClass:Loop(): jentry = 470000/6278767
analysisClass:Loop(): jentry = 480000/6278767
analysisClass:Loop(): jentry = 490000/6278767
analysisClass:Loop(): jentry = 500000/6278767
analysisClass:Loop(): jentry = 510000/6278767
analysisClass:Loop(): jentry = 520000/6278767
analysisClass:Loop(): jentry = 530000/6278767
analysisClass:Loop(): jentry = 540000/6278767
analysisClass:Loop(): jentry = 550000/6278767
analysisClass:Loop(): jentry = 560000/6278767
analysisClass:Loop(): jentry = 570000/6278767
analysisClass:Loop(): jentry = 580000/6278767
analysisClass:Loop(): jentry = 590000/6278767
analysisClass:Loop(): jentry = 600000/6278767
analysisClass:Loop(): jentry = 610000/6278767
analysisClass:Loop(): jentry = 620000/6278767
analysisClass:Loop(): jentry = 630000/6278767
analysisClass:Loop(): jentry = 640000/6278767
analysisClass:Loop(): jentry = 650000/6278767
analysisClass:Loop(): jentry = 660000/6278767
analysisClass:Loop(): jentry = 670000/6278767
analysisClass:Loop(): jentry = 680000/6278767
analysisClass:Loop(): jentry = 690000/6278767
analysisClass:Loop(): jentry = 700000/6278767
analysisClass:Loop(): jentry = 710000/6278767
analysisClass:Loop(): jentry = 720000/6278767
analysisClass:Loop(): jentry = 730000/6278767
analysisClass:Loop(): jentry = 740000/6278767
analysisClass:Loop(): jentry = 750000/6278767
analysisClass:Loop(): jentry = 760000/6278767
analysisClass:Loop(): jentry = 770000/6278767
analysisClass:Loop(): jentry = 780000/6278767
analysisClass:Loop(): jentry = 790000/6278767
analysisClass:Loop(): jentry = 800000/6278767
analysisClass:Loop(): jentry = 810000/6278767
analysisClass:Loop(): jentry = 820000/6278767
analysisClass:Loop(): jentry = 830000/6278767
analysisClass:Loop(): jentry = 840000/6278767
analysisClass:Loop(): jentry = 850000/6278767
analysisClass:Loop(): jentry = 860000/6278767
analysisClass:Loop(): jentry = 870000/6278767
analysisClass:Loop(): jentry = 880000/6278767
analysisClass:Loop(): jentry = 890000/6278767
analysisClass:Loop(): jentry = 900000/6278767
analysisClass:Loop(): jentry = 910000/6278767
analysisClass:Loop(): jentry = 920000/6278767
analysisClass:Loop(): jentry = 930000/6278767
analysisClass:Loop(): jentry = 940000/6278767
analysisClass:Loop(): jentry = 950000/6278767
analysisClass:Loop(): jentry = 960000/6278767
analysisClass:Loop(): jentry = 970000/6278767
analysisClass:Loop(): jentry = 980000/6278767
analysisClass:Loop(): jentry = 990000/6278767
analysisClass:Loop(): jentry = 1000000/6278767
analysisClass:Loop(): jentry = 1010000/6278767
analysisClass:Loop(): jentry = 1020000/6278767
analysisClass:Loop(): jentry = 1030000/6278767
analysisClass:Loop(): jentry = 1040000/6278767
analysisClass:Loop(): jentry = 1050000/6278767
analysisClass:Loop(): jentry = 1060000/6278767
analysisClass:Loop(): jentry = 1070000/6278767
analysisClass:Loop(): jentry = 1080000/6278767
analysisClass:Loop(): jentry = 1090000/6278767
analysisClass:Loop(): jentry = 1100000/6278767
analysisClass:Loop(): jentry = 1110000/6278767
analysisClass:Loop(): jentry = 1120000/6278767
analysisClass:Loop(): jentry = 1130000/6278767
analysisClass:Loop(): jentry = 1140000/6278767
analysisClass:Loop(): jentry = 1150000/6278767
analysisClass:Loop(): jentry = 1160000/6278767
analysisClass:Loop(): jentry = 1170000/6278767
analysisClass:Loop(): jentry = 1180000/6278767
analysisClass:Loop(): jentry = 1190000/6278767
analysisClass:Loop(): jentry = 1200000/6278767
analysisClass:Loop(): jentry = 1210000/6278767
analysisClass:Loop(): jentry = 1220000/6278767
analysisClass:Loop(): jentry = 1230000/6278767
analysisClass:Loop(): jentry = 1240000/6278767
analysisClass:Loop(): jentry = 1250000/6278767
analysisClass:Loop(): jentry = 1260000/6278767
analysisClass:Loop(): jentry = 1270000/6278767
analysisClass:Loop(): jentry = 1280000/6278767
analysisClass:Loop(): jentry = 1290000/6278767
analysisClass:Loop(): jentry = 1300000/6278767
analysisClass:Loop(): jentry = 1310000/6278767
analysisClass:Loop(): jentry = 1320000/6278767
analysisClass:Loop(): jentry = 1330000/6278767
analysisClass:Loop(): jentry = 1340000/6278767
analysisClass:Loop(): jentry = 1350000/6278767
analysisClass:Loop(): jentry = 1360000/6278767
analysisClass:Loop(): jentry = 1370000/6278767
analysisClass:Loop(): jentry = 1380000/6278767
analysisClass:Loop(): jentry = 1390000/6278767
analysisClass:Loop(): jentry = 1400000/6278767
analysisClass:Loop(): jentry = 1410000/6278767
analysisClass:Loop(): jentry = 1420000/6278767
analysisClass:Loop(): jentry = 1430000/6278767
analysisClass:Loop(): jentry = 1440000/6278767
analysisClass:Loop(): jentry = 1450000/6278767
analysisClass:Loop(): jentry = 1460000/6278767
analysisClass:Loop(): jentry = 1470000/6278767
analysisClass:Loop(): jentry = 1480000/6278767
analysisClass:Loop(): jentry = 1490000/6278767
analysisClass:Loop(): jentry = 1500000/6278767
analysisClass:Loop(): jentry = 1510000/6278767
analysisClass:Loop(): jentry = 1520000/6278767
analysisClass:Loop(): jentry = 1530000/6278767
analysisClass:Loop(): jentry = 1540000/6278767
analysisClass:Loop(): jentry = 1550000/6278767
analysisClass:Loop(): jentry = 1560000/6278767
analysisClass:Loop(): jentry = 1570000/6278767
analysisClass:Loop(): jentry = 1580000/6278767
analysisClass:Loop(): jentry = 1590000/6278767
analysisClass:Loop(): jentry = 1600000/6278767
analysisClass:Loop(): jentry = 1610000/6278767
analysisClass:Loop(): jentry = 1620000/6278767
analysisClass:Loop(): jentry = 1630000/6278767
analysisClass:Loop(): jentry = 1640000/6278767
analysisClass:Loop(): jentry = 1650000/6278767
analysisClass:Loop(): jentry = 1660000/6278767
analysisClass:Loop(): jentry = 1670000/6278767
analysisClass:Loop(): jentry = 1680000/6278767
analysisClass:Loop(): jentry = 1690000/6278767
analysisClass:Loop(): jentry = 1700000/6278767
analysisClass:Loop(): jentry = 1710000/6278767
analysisClass:Loop(): jentry = 1720000/6278767
analysisClass:Loop(): jentry = 1730000/6278767
analysisClass:Loop(): jentry = 1740000/6278767
analysisClass:Loop(): jentry = 1750000/6278767
analysisClass:Loop(): jentry = 1760000/6278767
analysisClass:Loop(): jentry = 1770000/6278767
analysisClass:Loop(): jentry = 1780000/6278767
analysisClass:Loop(): jentry = 1790000/6278767
analysisClass:Loop(): jentry = 1800000/6278767
analysisClass:Loop(): jentry = 1810000/6278767
analysisClass:Loop(): jentry = 1820000/6278767
analysisClass:Loop(): jentry = 1830000/6278767
analysisClass:Loop(): jentry = 1840000/6278767
analysisClass:Loop(): jentry = 1850000/6278767
analysisClass:Loop(): jentry = 1860000/6278767
analysisClass:Loop(): jentry = 1870000/6278767
analysisClass:Loop(): jentry = 1880000/6278767
analysisClass:Loop(): jentry = 1890000/6278767
analysisClass:Loop(): jentry = 1900000/6278767
analysisClass:Loop(): jentry = 1910000/6278767
analysisClass:Loop(): jentry = 1920000/6278767
analysisClass:Loop(): jentry = 1930000/6278767
analysisClass:Loop(): jentry = 1940000/6278767
analysisClass:Loop(): jentry = 1950000/6278767
analysisClass:Loop(): jentry = 1960000/6278767
analysisClass:Loop(): jentry = 1970000/6278767
analysisClass:Loop(): jentry = 1980000/6278767
analysisClass:Loop(): jentry = 1990000/6278767
analysisClass:Loop(): jentry = 2000000/6278767
analysisClass:Loop(): jentry = 2010000/6278767
analysisClass:Loop(): jentry = 2020000/6278767
analysisClass:Loop(): jentry = 2030000/6278767
analysisClass:Loop(): jentry = 2040000/6278767
analysisClass:Loop(): jentry = 2050000/6278767
analysisClass:Loop(): jentry = 2060000/6278767
analysisClass:Loop(): jentry = 2070000/6278767
analysisClass:Loop(): jentry = 2080000/6278767
analysisClass:Loop(): jentry = 2090000/6278767
analysisClass:Loop(): jentry = 2100000/6278767
analysisClass:Loop(): jentry = 2110000/6278767
analysisClass:Loop(): jentry = 2120000/6278767
analysisClass:Loop(): jentry = 2130000/6278767
analysisClass:Loop(): jentry = 2140000/6278767
analysisClass:Loop(): jentry = 2150000/6278767
analysisClass:Loop(): jentry = 2160000/6278767
analysisClass:Loop(): jentry = 2170000/6278767
analysisClass:Loop(): jentry = 2180000/6278767
analysisClass:Loop(): jentry = 2190000/6278767
analysisClass:Loop(): jentry = 2200000/6278767
analysisClass:Loop(): jentry = 2210000/6278767
analysisClass:Loop(): jentry = 2220000/6278767
analysisClass:Loop(): jentry = 2230000/6278767
analysisClass:Loop(): jentry = 2240000/6278767
analysisClass:Loop(): jentry = 2250000/6278767
analysisClass:Loop(): jentry = 2260000/6278767
analysisClass:Loop(): jentry = 2270000/6278767
analysisClass:Loop(): jentry = 2280000/6278767
analysisClass:Loop(): jentry = 2290000/6278767
analysisClass:Loop(): jentry = 2300000/6278767
analysisClass:Loop(): jentry = 2310000/6278767
analysisClass:Loop(): jentry = 2320000/6278767
analysisClass:Loop(): jentry = 2330000/6278767
analysisClass:Loop(): jentry = 2340000/6278767
analysisClass:Loop(): jentry = 2350000/6278767
analysisClass:Loop(): jentry = 2360000/6278767
analysisClass:Loop(): jentry = 2370000/6278767
analysisClass:Loop(): jentry = 2380000/6278767
analysisClass:Loop(): jentry = 2390000/6278767
analysisClass:Loop(): jentry = 2400000/6278767
analysisClass:Loop(): jentry = 2410000/6278767
analysisClass:Loop(): jentry = 2420000/6278767
analysisClass:Loop(): jentry = 2430000/6278767
analysisClass:Loop(): jentry = 2440000/6278767
analysisClass:Loop(): jentry = 2450000/6278767
analysisClass:Loop(): jentry = 2460000/6278767
analysisClass:Loop(): jentry = 2470000/6278767
analysisClass:Loop(): jentry = 2480000/6278767
analysisClass:Loop(): jentry = 2490000/6278767
analysisClass:Loop(): jentry = 2500000/6278767
analysisClass:Loop(): jentry = 2510000/6278767
analysisClass:Loop(): jentry = 2520000/6278767
analysisClass:Loop(): jentry = 2530000/6278767
analysisClass:Loop(): jentry = 2540000/6278767
analysisClass:Loop(): jentry = 2550000/6278767
analysisClass:Loop(): jentry = 2560000/6278767
analysisClass:Loop(): jentry = 2570000/6278767
analysisClass:Loop(): jentry = 2580000/6278767
analysisClass:Loop(): jentry = 2590000/6278767
analysisClass:Loop(): jentry = 2600000/6278767
analysisClass:Loop(): jentry = 2610000/6278767
analysisClass:Loop(): jentry = 2620000/6278767
analysisClass:Loop(): jentry = 2630000/6278767
analysisClass:Loop(): jentry = 2640000/6278767
analysisClass:Loop(): jentry = 2650000/6278767
analysisClass:Loop(): jentry = 2660000/6278767
analysisClass:Loop(): jentry = 2670000/6278767
analysisClass:Loop(): jentry = 2680000/6278767
analysisClass:Loop(): jentry = 2690000/6278767
analysisClass:Loop(): jentry = 2700000/6278767
analysisClass:Loop(): jentry = 2710000/6278767
analysisClass:Loop(): jentry = 2720000/6278767
analysisClass:Loop(): jentry = 2730000/6278767
analysisClass:Loop(): jentry = 2740000/6278767
analysisClass:Loop(): jentry = 2750000/6278767
analysisClass:Loop(): jentry = 2760000/6278767
analysisClass:Loop(): jentry = 2770000/6278767
analysisClass:Loop(): jentry = 2780000/6278767
analysisClass:Loop(): jentry = 2790000/6278767
analysisClass:Loop(): jentry = 2800000/6278767
analysisClass:Loop(): jentry = 2810000/6278767
analysisClass:Loop(): jentry = 2820000/6278767
analysisClass:Loop(): jentry = 2830000/6278767
analysisClass:Loop(): jentry = 2840000/6278767
analysisClass:Loop(): jentry = 2850000/6278767
analysisClass:Loop(): jentry = 2860000/6278767
analysisClass:Loop(): jentry = 2870000/6278767
analysisClass:Loop(): jentry = 2880000/6278767
analysisClass:Loop(): jentry = 2890000/6278767
analysisClass:Loop(): jentry = 2900000/6278767
analysisClass:Loop(): jentry = 2910000/6278767
analysisClass:Loop(): jentry = 2920000/6278767
analysisClass:Loop(): jentry = 2930000/6278767
analysisClass:Loop(): jentry = 2940000/6278767
analysisClass:Loop(): jentry = 2950000/6278767
analysisClass:Loop(): jentry = 2960000/6278767
analysisClass:Loop(): jentry = 2970000/6278767
analysisClass:Loop(): jentry = 2980000/6278767
analysisClass:Loop(): jentry = 2990000/6278767
analysisClass:Loop(): jentry = 3000000/6278767
analysisClass:Loop(): jentry = 3010000/6278767
analysisClass:Loop(): jentry = 3020000/6278767
analysisClass:Loop(): jentry = 3030000/6278767
analysisClass:Loop(): jentry = 3040000/6278767
analysisClass:Loop(): jentry = 3050000/6278767
analysisClass:Loop(): jentry = 3060000/6278767
analysisClass:Loop(): jentry = 3070000/6278767
analysisClass:Loop(): jentry = 3080000/6278767
analysisClass:Loop(): jentry = 3090000/6278767
analysisClass:Loop(): jentry = 3100000/6278767
analysisClass:Loop(): jentry = 3110000/6278767
analysisClass:Loop(): jentry = 3120000/6278767
analysisClass:Loop(): jentry = 3130000/6278767
analysisClass:Loop(): jentry = 3140000/6278767
analysisClass:Loop(): jentry = 3150000/6278767
analysisClass:Loop(): jentry = 3160000/6278767
analysisClass:Loop(): jentry = 3170000/6278767
analysisClass:Loop(): jentry = 3180000/6278767
analysisClass:Loop(): jentry = 3190000/6278767
analysisClass:Loop(): jentry = 3200000/6278767
analysisClass:Loop(): jentry = 3210000/6278767
analysisClass:Loop(): jentry = 3220000/6278767
analysisClass:Loop(): jentry = 3230000/6278767
analysisClass:Loop(): jentry = 3240000/6278767
analysisClass:Loop(): jentry = 3250000/6278767
analysisClass:Loop(): jentry = 3260000/6278767
analysisClass:Loop(): jentry = 3270000/6278767
analysisClass:Loop(): jentry = 3280000/6278767
analysisClass:Loop(): jentry = 3290000/6278767
analysisClass:Loop(): jentry = 3300000/6278767
analysisClass:Loop(): jentry = 3310000/6278767
analysisClass:Loop(): jentry = 3320000/6278767
analysisClass:Loop(): jentry = 3330000/6278767
analysisClass:Loop(): jentry = 3340000/6278767
analysisClass:Loop(): jentry = 3350000/6278767
analysisClass:Loop(): jentry = 3360000/6278767
analysisClass:Loop(): jentry = 3370000/6278767
analysisClass:Loop(): jentry = 3380000/6278767
analysisClass:Loop(): jentry = 3390000/6278767
analysisClass:Loop(): jentry = 3400000/6278767
analysisClass:Loop(): jentry = 3410000/6278767
analysisClass:Loop(): jentry = 3420000/6278767
analysisClass:Loop(): jentry = 3430000/6278767
analysisClass:Loop(): jentry = 3440000/6278767
analysisClass:Loop(): jentry = 3450000/6278767
analysisClass:Loop(): jentry = 3460000/6278767
analysisClass:Loop(): jentry = 3470000/6278767
analysisClass:Loop(): jentry = 3480000/6278767
analysisClass:Loop(): jentry = 3490000/6278767
analysisClass:Loop(): jentry = 3500000/6278767
analysisClass:Loop(): jentry = 3510000/6278767
analysisClass:Loop(): jentry = 3520000/6278767
analysisClass:Loop(): jentry = 3530000/6278767
analysisClass:Loop(): jentry = 3540000/6278767
analysisClass:Loop(): jentry = 3550000/6278767
analysisClass:Loop(): jentry = 3560000/6278767
analysisClass:Loop(): jentry = 3570000/6278767
analysisClass:Loop(): jentry = 3580000/6278767
analysisClass:Loop(): jentry = 3590000/6278767
analysisClass:Loop(): jentry = 3600000/6278767
analysisClass:Loop(): jentry = 3610000/6278767
analysisClass:Loop(): jentry = 3620000/6278767
analysisClass:Loop(): jentry = 3630000/6278767
analysisClass:Loop(): jentry = 3640000/6278767
analysisClass:Loop(): jentry = 3650000/6278767
analysisClass:Loop(): jentry = 3660000/6278767
analysisClass:Loop(): jentry = 3670000/6278767
analysisClass:Loop(): jentry = 3680000/6278767
analysisClass:Loop(): jentry = 3690000/6278767
analysisClass:Loop(): jentry = 3700000/6278767
analysisClass:Loop(): jentry = 3710000/6278767
analysisClass:Loop(): jentry = 3720000/6278767
analysisClass:Loop(): jentry = 3730000/6278767
analysisClass:Loop(): jentry = 3740000/6278767
analysisClass:Loop(): jentry = 3750000/6278767
analysisClass:Loop(): jentry = 3760000/6278767
analysisClass:Loop(): jentry = 3770000/6278767
analysisClass:Loop(): jentry = 3780000/6278767
analysisClass:Loop(): jentry = 3790000/6278767
analysisClass:Loop(): jentry = 3800000/6278767
analysisClass:Loop(): jentry = 3810000/6278767
analysisClass:Loop(): jentry = 3820000/6278767
analysisClass:Loop(): jentry = 3830000/6278767
analysisClass:Loop(): jentry = 3840000/6278767
analysisClass:Loop(): jentry = 3850000/6278767
analysisClass:Loop(): jentry = 3860000/6278767
analysisClass:Loop(): jentry = 3870000/6278767
analysisClass:Loop(): jentry = 3880000/6278767
analysisClass:Loop(): jentry = 3890000/6278767
analysisClass:Loop(): jentry = 3900000/6278767
analysisClass:Loop(): jentry = 3910000/6278767
analysisClass:Loop(): jentry = 3920000/6278767
analysisClass:Loop(): jentry = 3930000/6278767
analysisClass:Loop(): jentry = 3940000/6278767
analysisClass:Loop(): jentry = 3950000/6278767
analysisClass:Loop(): jentry = 3960000/6278767
analysisClass:Loop(): jentry = 3970000/6278767
analysisClass:Loop(): jentry = 3980000/6278767
analysisClass:Loop(): jentry = 3990000/6278767
analysisClass:Loop(): jentry = 4000000/6278767
analysisClass:Loop(): jentry = 4010000/6278767
analysisClass:Loop(): jentry = 4020000/6278767
analysisClass:Loop(): jentry = 4030000/6278767
analysisClass:Loop(): jentry = 4040000/6278767
analysisClass:Loop(): jentry = 4050000/6278767
analysisClass:Loop(): jentry = 4060000/6278767
analysisClass:Loop(): jentry = 4070000/6278767
analysisClass:Loop(): jentry = 4080000/6278767
analysisClass:Loop(): jentry = 4090000/6278767
analysisClass:Loop(): jentry = 4100000/6278767
analysisClass:Loop(): jentry = 4110000/6278767
analysisClass:Loop(): jentry = 4120000/6278767
analysisClass:Loop(): jentry = 4130000/6278767
analysisClass:Loop(): jentry = 4140000/6278767
analysisClass:Loop(): jentry = 4150000/6278767
analysisClass:Loop(): jentry = 4160000/6278767
analysisClass:Loop(): jentry = 4170000/6278767
analysisClass:Loop(): jentry = 4180000/6278767
analysisClass:Loop(): jentry = 4190000/6278767
analysisClass:Loop(): jentry = 4200000/6278767
analysisClass:Loop(): jentry = 4210000/6278767
analysisClass:Loop(): jentry = 4220000/6278767
analysisClass:Loop(): jentry = 4230000/6278767
analysisClass:Loop(): jentry = 4240000/6278767
analysisClass:Loop(): jentry = 4250000/6278767
analysisClass:Loop(): jentry = 4260000/6278767
analysisClass:Loop(): jentry = 4270000/6278767
analysisClass:Loop(): jentry = 4280000/6278767
analysisClass:Loop(): jentry = 4290000/6278767
analysisClass:Loop(): jentry = 4300000/6278767
analysisClass:Loop(): jentry = 4310000/6278767
analysisClass:Loop(): jentry = 4320000/6278767
analysisClass:Loop(): jentry = 4330000/6278767
analysisClass:Loop(): jentry = 4340000/6278767
analysisClass:Loop(): jentry = 4350000/6278767
analysisClass:Loop(): jentry = 4360000/6278767
analysisClass:Loop(): jentry = 4370000/6278767
analysisClass:Loop(): jentry = 4380000/6278767
analysisClass:Loop(): jentry = 4390000/6278767
analysisClass:Loop(): jentry = 4400000/6278767
analysisClass:Loop(): jentry = 4410000/6278767
analysisClass:Loop(): jentry = 4420000/6278767
analysisClass:Loop(): jentry = 4430000/6278767
analysisClass:Loop(): jentry = 4440000/6278767
analysisClass:Loop(): jentry = 4450000/6278767
analysisClass:Loop(): jentry = 4460000/6278767
analysisClass:Loop(): jentry = 4470000/6278767
analysisClass:Loop(): jentry = 4480000/6278767
analysisClass:Loop(): jentry = 4490000/6278767
analysisClass:Loop(): jentry = 4500000/6278767
analysisClass:Loop(): jentry = 4510000/6278767
analysisClass:Loop(): jentry = 4520000/6278767
analysisClass:Loop(): jentry = 4530000/6278767
analysisClass:Loop(): jentry = 4540000/6278767
analysisClass:Loop(): jentry = 4550000/6278767
analysisClass:Loop(): jentry = 4560000/6278767
analysisClass:Loop(): jentry = 4570000/6278767
analysisClass:Loop(): jentry = 4580000/6278767
analysisClass:Loop(): jentry = 4590000/6278767
analysisClass:Loop(): jentry = 4600000/6278767
analysisClass:Loop(): jentry = 4610000/6278767
analysisClass:Loop(): jentry = 4620000/6278767
analysisClass:Loop(): jentry = 4630000/6278767
analysisClass:Loop(): jentry = 4640000/6278767
analysisClass:Loop(): jentry = 4650000/6278767
analysisClass:Loop(): jentry = 4660000/6278767
analysisClass:Loop(): jentry = 4670000/6278767
analysisClass:Loop(): jentry = 4680000/6278767
analysisClass:Loop(): jentry = 4690000/6278767
analysisClass:Loop(): jentry = 4700000/6278767
analysisClass:Loop(): jentry = 4710000/6278767
analysisClass:Loop(): jentry = 4720000/6278767
analysisClass:Loop(): jentry = 4730000/6278767
analysisClass:Loop(): jentry = 4740000/6278767
analysisClass:Loop(): jentry = 4750000/6278767
analysisClass:Loop(): jentry = 4760000/6278767
analysisClass:Loop(): jentry = 4770000/6278767
analysisClass:Loop(): jentry = 4780000/6278767
analysisClass:Loop(): jentry = 4790000/6278767
analysisClass:Loop(): jentry = 4800000/6278767
analysisClass:Loop(): jentry = 4810000/6278767
analysisClass:Loop(): jentry = 4820000/6278767
analysisClass:Loop(): jentry = 4830000/6278767
analysisClass:Loop(): jentry = 4840000/6278767
analysisClass:Loop(): jentry = 4850000/6278767
analysisClass:Loop(): jentry = 4860000/6278767
analysisClass:Loop(): jentry = 4870000/6278767
analysisClass:Loop(): jentry = 4880000/6278767
analysisClass:Loop(): jentry = 4890000/6278767
analysisClass:Loop(): jentry = 4900000/6278767
analysisClass:Loop(): jentry = 4910000/6278767
analysisClass:Loop(): jentry = 4920000/6278767
analysisClass:Loop(): jentry = 4930000/6278767
analysisClass:Loop(): jentry = 4940000/6278767
analysisClass:Loop(): jentry = 4950000/6278767
analysisClass:Loop(): jentry = 4960000/6278767
analysisClass:Loop(): jentry = 4970000/6278767
analysisClass:Loop(): jentry = 4980000/6278767
analysisClass:Loop(): jentry = 4990000/6278767
analysisClass:Loop(): jentry = 5000000/6278767
analysisClass:Loop(): jentry = 5010000/6278767
analysisClass:Loop(): jentry = 5020000/6278767
analysisClass:Loop(): jentry = 5030000/6278767
analysisClass:Loop(): jentry = 5040000/6278767
analysisClass:Loop(): jentry = 5050000/6278767
analysisClass:Loop(): jentry = 5060000/6278767
analysisClass:Loop(): jentry = 5070000/6278767
analysisClass:Loop(): jentry = 5080000/6278767
analysisClass:Loop(): jentry = 5090000/6278767
analysisClass:Loop(): jentry = 5100000/6278767
analysisClass:Loop(): jentry = 5110000/6278767
analysisClass:Loop(): jentry = 5120000/6278767
analysisClass:Loop(): jentry = 5130000/6278767
analysisClass:Loop(): jentry = 5140000/6278767
analysisClass:Loop(): jentry = 5150000/6278767
analysisClass:Loop(): jentry = 5160000/6278767
analysisClass:Loop(): jentry = 5170000/6278767
analysisClass:Loop(): jentry = 5180000/6278767
analysisClass:Loop(): jentry = 5190000/6278767
analysisClass:Loop(): jentry = 5200000/6278767
analysisClass:Loop(): jentry = 5210000/6278767
analysisClass:Loop(): jentry = 5220000/6278767
analysisClass:Loop(): jentry = 5230000/6278767
analysisClass:Loop(): jentry = 5240000/6278767
analysisClass:Loop(): jentry = 5250000/6278767
analysisClass:Loop(): jentry = 5260000/6278767
analysisClass:Loop(): jentry = 5270000/6278767
analysisClass:Loop(): jentry = 5280000/6278767
analysisClass:Loop(): jentry = 5290000/6278767
analysisClass:Loop(): jentry = 5300000/6278767
analysisClass:Loop(): jentry = 5310000/6278767
analysisClass:Loop(): jentry = 5320000/6278767
analysisClass:Loop(): jentry = 5330000/6278767
analysisClass:Loop(): jentry = 5340000/6278767
analysisClass:Loop(): jentry = 5350000/6278767
analysisClass:Loop(): jentry = 5360000/6278767
analysisClass:Loop(): jentry = 5370000/6278767
analysisClass:Loop(): jentry = 5380000/6278767
analysisClass:Loop(): jentry = 5390000/6278767
analysisClass:Loop(): jentry = 5400000/6278767
analysisClass:Loop(): jentry = 5410000/6278767
analysisClass:Loop(): jentry = 5420000/6278767
analysisClass:Loop(): jentry = 5430000/6278767
analysisClass:Loop(): jentry = 5440000/6278767
analysisClass:Loop(): jentry = 5450000/6278767
analysisClass:Loop(): jentry = 5460000/6278767
analysisClass:Loop(): jentry = 5470000/6278767
analysisClass:Loop(): jentry = 5480000/6278767
analysisClass:Loop(): jentry = 5490000/6278767
analysisClass:Loop(): jentry = 5500000/6278767
analysisClass:Loop(): jentry = 5510000/6278767
analysisClass:Loop(): jentry = 5520000/6278767
analysisClass:Loop(): jentry = 5530000/6278767
analysisClass:Loop(): jentry = 5540000/6278767
analysisClass:Loop(): jentry = 5550000/6278767
analysisClass:Loop(): jentry = 5560000/6278767
analysisClass:Loop(): jentry = 5570000/6278767
analysisClass:Loop(): jentry = 5580000/6278767
analysisClass:Loop(): jentry = 5590000/6278767
analysisClass:Loop(): jentry = 5600000/6278767
analysisClass:Loop(): jentry = 5610000/6278767
analysisClass:Loop(): jentry = 5620000/6278767
analysisClass:Loop(): jentry = 5630000/6278767
analysisClass:Loop(): jentry = 5640000/6278767
analysisClass:Loop(): jentry = 5650000/6278767
analysisClass:Loop(): jentry = 5660000/6278767
analysisClass:Loop(): jentry = 5670000/6278767
analysisClass:Loop(): jentry = 5680000/6278767
analysisClass:Loop(): jentry = 5690000/6278767
analysisClass:Loop(): jentry = 5700000/6278767
analysisClass:Loop(): jentry = 5710000/6278767
analysisClass:Loop(): jentry = 5720000/6278767
analysisClass:Loop(): jentry = 5730000/6278767
analysisClass:Loop(): jentry = 5740000/6278767
analysisClass:Loop(): jentry = 5750000/6278767
analysisClass:Loop(): jentry = 5760000/6278767
analysisClass:Loop(): jentry = 5770000/6278767
analysisClass:Loop(): jentry = 5780000/6278767
analysisClass:Loop(): jentry = 5790000/6278767
analysisClass:Loop(): jentry = 5800000/6278767
analysisClass:Loop(): jentry = 5810000/6278767
analysisClass:Loop(): jentry = 5820000/6278767
analysisClass:Loop(): jentry = 5830000/6278767
analysisClass:Loop(): jentry = 5840000/6278767
analysisClass:Loop(): jentry = 5850000/6278767
analysisClass:Loop(): jentry = 5860000/6278767
analysisClass:Loop(): jentry = 5870000/6278767
analysisClass:Loop(): jentry = 5880000/6278767
analysisClass:Loop(): jentry = 5890000/6278767
analysisClass:Loop(): jentry = 5900000/6278767
analysisClass:Loop(): jentry = 5910000/6278767
analysisClass:Loop(): jentry = 5920000/6278767
analysisClass:Loop(): jentry = 5930000/6278767
analysisClass:Loop(): jentry = 5940000/6278767
analysisClass:Loop(): jentry = 5950000/6278767
analysisClass:Loop(): jentry = 5960000/6278767
analysisClass:Loop(): jentry = 5970000/6278767
analysisClass:Loop(): jentry = 5980000/6278767
analysisClass:Loop(): jentry = 5990000/6278767
analysisClass:Loop(): jentry = 6000000/6278767
analysisClass:Loop(): jentry = 6010000/6278767
analysisClass:Loop(): jentry = 6020000/6278767
analysisClass:Loop(): jentry = 6030000/6278767
analysisClass:Loop(): jentry = 6040000/6278767
analysisClass:Loop(): jentry = 6050000/6278767
analysisClass:Loop(): jentry = 6060000/6278767
analysisClass:Loop(): jentry = 6070000/6278767
analysisClass:Loop(): jentry = 6080000/6278767
analysisClass:Loop(): jentry = 6090000/6278767
analysisClass:Loop(): jentry = 6100000/6278767
analysisClass:Loop(): jentry = 6110000/6278767
analysisClass:Loop(): jentry = 6120000/6278767
analysisClass:Loop(): jentry = 6130000/6278767
analysisClass:Loop(): jentry = 6140000/6278767
analysisClass:Loop(): jentry = 6150000/6278767
analysisClass:Loop(): jentry = 6160000/6278767
analysisClass:Loop(): jentry = 6170000/6278767
analysisClass:Loop(): jentry = 6180000/6278767
analysisClass:Loop(): jentry = 6190000/6278767
analysisClass:Loop(): jentry = 6200000/6278767
analysisClass:Loop(): jentry = 6210000/6278767
analysisClass:Loop(): jentry = 6220000/6278767
analysisClass:Loop(): jentry = 6230000/6278767
analysisClass:Loop(): jentry = 6240000/6278767
analysisClass:Loop(): jentry = 6250000/6278767
analysisClass:Loop(): jentry = 6260000/6278767
analysisClass:Loop(): jentry = 6270000/6278767
analysisClass::Loop() ends
analysisClass_lq_eejj___DYJetsToLL_LHEFilterPtZ-100To250_MatchEWPDG20_TuneCP5_13TeV-amcatnloFXFX-pythia8_0.root -> /afs/cern.ch/user/r/ryi/HEM1516/Leptoquarks/analyzer/rootNtupleAnalyzerV2/HEM1516study_Jet2_BothInHEM1516_UL/ultralegacy/analysis/2018/HEM1516study_Jet2_BothInHEM1516_UL/condor_cutTable_lq_eejj_jet2_both_in/analysisClass_lq_eejj___DYJetsToLL_LHEFilterPtZ-100To250_MatchEWPDG20_TuneCP5_13TeV-amcatnloFXFX-pythia8/output/analysisClass_lq_eejj___DYJetsToLL_LHEFilterPtZ-100To250_MatchEWPDG20_TuneCP5_13TeV-amcatnloFXFX-pythia8_0.root
removed analysisClass_lq_eejj___DYJetsToLL_LHEFilterPtZ-100To250_MatchEWPDG20_TuneCP5_13TeV-amcatnloFXFX-pythia8_0.root
analysisClass_lq_eejj___DYJetsToLL_LHEFilterPtZ-100To250_MatchEWPDG20_TuneCP5_13TeV-amcatnloFXFX-pythia8_0.dat -> /afs/cern.ch/user/r/ryi/HEM1516/Leptoquarks/analyzer/rootNtupleAnalyzerV2/HEM1516study_Jet2_BothInHEM1516_UL/ultralegacy/analysis/2018/HEM1516study_Jet2_BothInHEM1516_UL/condor_cutTable_lq_eejj_jet2_both_in/analysisClass_lq_eejj___DYJetsToLL_LHEFilterPtZ-100To250_MatchEWPDG20_TuneCP5_13TeV-amcatnloFXFX-pythia8/output/analysisClass_lq_eejj___DYJetsToLL_LHEFilterPtZ-100To250_MatchEWPDG20_TuneCP5_13TeV-amcatnloFXFX-pythia8_0.dat
removed analysisClass_lq_eejj___DYJetsToLL_LHEFilterPtZ-100To250_MatchEWPDG20_TuneCP5_13TeV-amcatnloFXFX-pythia8_0.dat
