/afs/cern.ch/user/r/ryi/HEM1516/Leptoquarks/analyzer/rootNtupleAnalyzerV2/src/baseClass.C - Line 28 - baseClass: begins
/afs/cern.ch/user/r/ryi/HEM1516/Leptoquarks/analyzer/rootNtupleAnalyzerV2/src/baseClass.C - Line 334 - readInputList: baseClass::readinputList(): inputList_ =  input_0.list
/afs/cern.ch/user/r/ryi/HEM1516/Leptoquarks/analyzer/rootNtupleAnalyzerV2/src/baseClass.C - Line 338 - readInputList: baseClass::readInputList: Starting reading list: input_0.list
/afs/cern.ch/user/r/ryi/HEM1516/Leptoquarks/analyzer/rootNtupleAnalyzerV2/src/baseClass.C - Line 354 - readInputList: baseClass::readInputList: Finished reading list: input_0.list
/afs/cern.ch/user/r/ryi/HEM1516/Leptoquarks/analyzer/rootNtupleAnalyzerV2/src/baseClass.C - Line 2034 - getGlobalInfoNstart: root://eoscms.cern.ch//eos/cms/store/group/phys_exotica/leptonsPlusJets/LQ/scooper/ultralegacy/skims/2018/rskDoubleEle_heep_20jun2023/EGamma_Run2018D-UL2018_MiniAODv2_NanoAODv9-v3/EGamma_Run2018D-UL2018_MiniAODv2_NanoAODv9-v3_0_rsk.root
/afs/cern.ch/user/r/ryi/HEM1516/Leptoquarks/analyzer/rootNtupleAnalyzerV2/src/baseClass.C - Line 361 - readInputList: Initial number of events (current file,runningTotal): NBeforeSkim, NBeforeSkim_ = 11139427, 11139427
/afs/cern.ch/user/r/ryi/HEM1516/Leptoquarks/analyzer/rootNtupleAnalyzerV2/src/baseClass.C - Line 366 - readInputList: gen weight sum (current,total): = 0+/-0, 0+/-0
/afs/cern.ch/user/r/ryi/HEM1516/Leptoquarks/analyzer/rootNtupleAnalyzerV2/src/baseClass.C - Line 2149 - saveLHEPdfSumw: saveLHEPdfSumw
/afs/cern.ch/user/r/ryi/HEM1516/Leptoquarks/analyzer/rootNtupleAnalyzerV2/src/baseClass.C - Line 2179 - saveEventsPassingCuts: saveEventsPassingCuts
/afs/cern.ch/user/r/ryi/HEM1516/Leptoquarks/analyzer/rootNtupleAnalyzerV2/src/baseClass.C - Line 2034 - getGlobalInfoNstart: root://eoscms.cern.ch//eos/cms/store/group/phys_exotica/leptonsPlusJets/LQ/scooper/ultralegacy/skims/2018/rskDoubleEle_heep_20jun2023/EGamma_Run2018D-UL2018_MiniAODv2_NanoAODv9-v3/EGamma_Run2018D-UL2018_MiniAODv2_NanoAODv9-v3_1_rsk.root
/afs/cern.ch/user/r/ryi/HEM1516/Leptoquarks/analyzer/rootNtupleAnalyzerV2/src/baseClass.C - Line 361 - readInputList: Initial number of events (current file,runningTotal): NBeforeSkim, NBeforeSkim_ = 13558069, 24697496
/afs/cern.ch/user/r/ryi/HEM1516/Leptoquarks/analyzer/rootNtupleAnalyzerV2/src/baseClass.C - Line 366 - readInputList: gen weight sum (current,total): = 0+/-0, 0+/-0
/afs/cern.ch/user/r/ryi/HEM1516/Leptoquarks/analyzer/rootNtupleAnalyzerV2/src/baseClass.C - Line 2149 - saveLHEPdfSumw: saveLHEPdfSumw
/afs/cern.ch/user/r/ryi/HEM1516/Leptoquarks/analyzer/rootNtupleAnalyzerV2/src/baseClass.C - Line 2179 - saveEventsPassingCuts: saveEventsPassingCuts
/afs/cern.ch/user/r/ryi/HEM1516/Leptoquarks/analyzer/rootNtupleAnalyzerV2/src/baseClass.C - Line 2034 - getGlobalInfoNstart: root://eoscms.cern.ch//eos/cms/store/group/phys_exotica/leptonsPlusJets/LQ/scooper/ultralegacy/skims/2018/rskDoubleEle_heep_20jun2023/EGamma_Run2018D-UL2018_MiniAODv2_NanoAODv9-v3/EGamma_Run2018D-UL2018_MiniAODv2_NanoAODv9-v3_2_rsk.root
/afs/cern.ch/user/r/ryi/HEM1516/Leptoquarks/analyzer/rootNtupleAnalyzerV2/src/baseClass.C - Line 361 - readInputList: Initial number of events (current file,runningTotal): NBeforeSkim, NBeforeSkim_ = 15437415, 40134911
/afs/cern.ch/user/r/ryi/HEM1516/Leptoquarks/analyzer/rootNtupleAnalyzerV2/src/baseClass.C - Line 366 - readInputList: gen weight sum (current,total): = 0+/-0, 0+/-0
/afs/cern.ch/user/r/ryi/HEM1516/Leptoquarks/analyzer/rootNtupleAnalyzerV2/src/baseClass.C - Line 2149 - saveLHEPdfSumw: saveLHEPdfSumw
/afs/cern.ch/user/r/ryi/HEM1516/Leptoquarks/analyzer/rootNtupleAnalyzerV2/src/baseClass.C - Line 2179 - saveEventsPassingCuts: saveEventsPassingCuts
/afs/cern.ch/user/r/ryi/HEM1516/Leptoquarks/analyzer/rootNtupleAnalyzerV2/src/baseClass.C - Line 2034 - getGlobalInfoNstart: root://eoscms.cern.ch//eos/cms/store/group/phys_exotica/leptonsPlusJets/LQ/scooper/ultralegacy/skims/2018/rskDoubleEle_heep_20jun2023/EGamma_Run2018D-UL2018_MiniAODv2_NanoAODv9-v3/EGamma_Run2018D-UL2018_MiniAODv2_NanoAODv9-v3_3_rsk.root
/afs/cern.ch/user/r/ryi/HEM1516/Leptoquarks/analyzer/rootNtupleAnalyzerV2/src/baseClass.C - Line 361 - readInputList: Initial number of events (current file,runningTotal): NBeforeSkim, NBeforeSkim_ = 13357261, 53492172
/afs/cern.ch/user/r/ryi/HEM1516/Leptoquarks/analyzer/rootNtupleAnalyzerV2/src/baseClass.C - Line 366 - readInputList: gen weight sum (current,total): = 0+/-0, 0+/-0
/afs/cern.ch/user/r/ryi/HEM1516/Leptoquarks/analyzer/rootNtupleAnalyzerV2/src/baseClass.C - Line 2149 - saveLHEPdfSumw: saveLHEPdfSumw
/afs/cern.ch/user/r/ryi/HEM1516/Leptoquarks/analyzer/rootNtupleAnalyzerV2/src/baseClass.C - Line 2179 - saveEventsPassingCuts: saveEventsPassingCuts
/afs/cern.ch/user/r/ryi/HEM1516/Leptoquarks/analyzer/rootNtupleAnalyzerV2/src/baseClass.C - Line 2034 - getGlobalInfoNstart: root://eoscms.cern.ch//eos/cms/store/group/phys_exotica/leptonsPlusJets/LQ/scooper/ultralegacy/skims/2018/rskDoubleEle_heep_20jun2023/EGamma_Run2018D-UL2018_MiniAODv2_NanoAODv9-v3/EGamma_Run2018D-UL2018_MiniAODv2_NanoAODv9-v3_4_rsk.root
/afs/cern.ch/user/r/ryi/HEM1516/Leptoquarks/analyzer/rootNtupleAnalyzerV2/src/baseClass.C - Line 361 - readInputList: Initial number of events (current file,runningTotal): NBeforeSkim, NBeforeSkim_ = 16167412, 69659584
/afs/cern.ch/user/r/ryi/HEM1516/Leptoquarks/analyzer/rootNtupleAnalyzerV2/src/baseClass.C - Line 366 - readInputList: gen weight sum (current,total): = 0+/-0, 0+/-0
/afs/cern.ch/user/r/ryi/HEM1516/Leptoquarks/analyzer/rootNtupleAnalyzerV2/src/baseClass.C - Line 2149 - saveLHEPdfSumw: saveLHEPdfSumw
/afs/cern.ch/user/r/ryi/HEM1516/Leptoquarks/analyzer/rootNtupleAnalyzerV2/src/baseClass.C - Line 2179 - saveEventsPassingCuts: saveEventsPassingCuts
/afs/cern.ch/user/r/ryi/HEM1516/Leptoquarks/analyzer/rootNtupleAnalyzerV2/src/baseClass.C - Line 2034 - getGlobalInfoNstart: root://eoscms.cern.ch//eos/cms/store/group/phys_exotica/leptonsPlusJets/LQ/scooper/ultralegacy/skims/2018/rskDoubleEle_heep_20jun2023/EGamma_Run2018D-UL2018_MiniAODv2_NanoAODv9-v3/EGamma_Run2018D-UL2018_MiniAODv2_NanoAODv9-v3_5_rsk.root
/afs/cern.ch/user/r/ryi/HEM1516/Leptoquarks/analyzer/rootNtupleAnalyzerV2/src/baseClass.C - Line 361 - readInputList: Initial number of events (current file,runningTotal): NBeforeSkim, NBeforeSkim_ = 15470637, 85130221
/afs/cern.ch/user/r/ryi/HEM1516/Leptoquarks/analyzer/rootNtupleAnalyzerV2/src/baseClass.C - Line 366 - readInputList: gen weight sum (current,total): = 0+/-0, 0+/-0
/afs/cern.ch/user/r/ryi/HEM1516/Leptoquarks/analyzer/rootNtupleAnalyzerV2/src/baseClass.C - Line 2149 - saveLHEPdfSumw: saveLHEPdfSumw
/afs/cern.ch/user/r/ryi/HEM1516/Leptoquarks/analyzer/rootNtupleAnalyzerV2/src/baseClass.C - Line 2179 - saveEventsPassingCuts: saveEventsPassingCuts
/afs/cern.ch/user/r/ryi/HEM1516/Leptoquarks/analyzer/rootNtupleAnalyzerV2/src/baseClass.C - Line 2034 - getGlobalInfoNstart: root://eoscms.cern.ch//eos/cms/store/group/phys_exotica/leptonsPlusJets/LQ/scooper/ultralegacy/skims/2018/rskDoubleEle_heep_20jun2023/EGamma_Run2018D-UL2018_MiniAODv2_NanoAODv9-v3/EGamma_Run2018D-UL2018_MiniAODv2_NanoAODv9-v3_6_rsk.root
/afs/cern.ch/user/r/ryi/HEM1516/Leptoquarks/analyzer/rootNtupleAnalyzerV2/src/baseClass.C - Line 361 - readInputList: Initial number of events (current file,runningTotal): NBeforeSkim, NBeforeSkim_ = 16321628, 101451849
/afs/cern.ch/user/r/ryi/HEM1516/Leptoquarks/analyzer/rootNtupleAnalyzerV2/src/baseClass.C - Line 366 - readInputList: gen weight sum (current,total): = 0+/-0, 0+/-0
/afs/cern.ch/user/r/ryi/HEM1516/Leptoquarks/analyzer/rootNtupleAnalyzerV2/src/baseClass.C - Line 2149 - saveLHEPdfSumw: saveLHEPdfSumw
/afs/cern.ch/user/r/ryi/HEM1516/Leptoquarks/analyzer/rootNtupleAnalyzerV2/src/baseClass.C - Line 2179 - saveEventsPassingCuts: saveEventsPassingCuts
/afs/cern.ch/user/r/ryi/HEM1516/Leptoquarks/analyzer/rootNtupleAnalyzerV2/src/baseClass.C - Line 2034 - getGlobalInfoNstart: root://eoscms.cern.ch//eos/cms/store/group/phys_exotica/leptonsPlusJets/LQ/scooper/ultralegacy/skims/2018/rskDoubleEle_heep_20jun2023/EGamma_Run2018D-UL2018_MiniAODv2_NanoAODv9-v3/EGamma_Run2018D-UL2018_MiniAODv2_NanoAODv9-v3_7_rsk.root
/afs/cern.ch/user/r/ryi/HEM1516/Leptoquarks/analyzer/rootNtupleAnalyzerV2/src/baseClass.C - Line 361 - readInputList: Initial number of events (current file,runningTotal): NBeforeSkim, NBeforeSkim_ = 16463316, 117915165
/afs/cern.ch/user/r/ryi/HEM1516/Leptoquarks/analyzer/rootNtupleAnalyzerV2/src/baseClass.C - Line 366 - readInputList: gen weight sum (current,total): = 0+/-0, 0+/-0
/afs/cern.ch/user/r/ryi/HEM1516/Leptoquarks/analyzer/rootNtupleAnalyzerV2/src/baseClass.C - Line 2149 - saveLHEPdfSumw: saveLHEPdfSumw
/afs/cern.ch/user/r/ryi/HEM1516/Leptoquarks/analyzer/rootNtupleAnalyzerV2/src/baseClass.C - Line 2179 - saveEventsPassingCuts: saveEventsPassingCuts
/afs/cern.ch/user/r/ryi/HEM1516/Leptoquarks/analyzer/rootNtupleAnalyzerV2/src/baseClass.C - Line 2034 - getGlobalInfoNstart: root://eoscms.cern.ch//eos/cms/store/group/phys_exotica/leptonsPlusJets/LQ/scooper/ultralegacy/skims/2018/rskDoubleEle_heep_20jun2023/EGamma_Run2018D-UL2018_MiniAODv2_NanoAODv9-v3/EGamma_Run2018D-UL2018_MiniAODv2_NanoAODv9-v3_8_rsk.root
/afs/cern.ch/user/r/ryi/HEM1516/Leptoquarks/analyzer/rootNtupleAnalyzerV2/src/baseClass.C - Line 361 - readInputList: Initial number of events (current file,runningTotal): NBeforeSkim, NBeforeSkim_ = 17292743, 135207908
/afs/cern.ch/user/r/ryi/HEM1516/Leptoquarks/analyzer/rootNtupleAnalyzerV2/src/baseClass.C - Line 366 - readInputList: gen weight sum (current,total): = 0+/-0, 0+/-0
/afs/cern.ch/user/r/ryi/HEM1516/Leptoquarks/analyzer/rootNtupleAnalyzerV2/src/baseClass.C - Line 2149 - saveLHEPdfSumw: saveLHEPdfSumw
/afs/cern.ch/user/r/ryi/HEM1516/Leptoquarks/analyzer/rootNtupleAnalyzerV2/src/baseClass.C - Line 2179 - saveEventsPassingCuts: saveEventsPassingCuts
/afs/cern.ch/user/r/ryi/HEM1516/Leptoquarks/analyzer/rootNtupleAnalyzerV2/src/baseClass.C - Line 2034 - getGlobalInfoNstart: root://eoscms.cern.ch//eos/cms/store/group/phys_exotica/leptonsPlusJets/LQ/scooper/ultralegacy/skims/2018/rskDoubleEle_heep_20jun2023/EGamma_Run2018D-UL2018_MiniAODv2_NanoAODv9-v3/EGamma_Run2018D-UL2018_MiniAODv2_NanoAODv9-v3_9_rsk.root
/afs/cern.ch/user/r/ryi/HEM1516/Leptoquarks/analyzer/rootNtupleAnalyzerV2/src/baseClass.C - Line 361 - readInputList: Initial number of events (current file,runningTotal): NBeforeSkim, NBeforeSkim_ = 17139714, 152347622
/afs/cern.ch/user/r/ryi/HEM1516/Leptoquarks/analyzer/rootNtupleAnalyzerV2/src/baseClass.C - Line 366 - readInputList: gen weight sum (current,total): = 0+/-0, 0+/-0
/afs/cern.ch/user/r/ryi/HEM1516/Leptoquarks/analyzer/rootNtupleAnalyzerV2/src/baseClass.C - Line 2149 - saveLHEPdfSumw: saveLHEPdfSumw
/afs/cern.ch/user/r/ryi/HEM1516/Leptoquarks/analyzer/rootNtupleAnalyzerV2/src/baseClass.C - Line 2179 - saveEventsPassingCuts: saveEventsPassingCuts
/afs/cern.ch/user/r/ryi/HEM1516/Leptoquarks/analyzer/rootNtupleAnalyzerV2/src/baseClass.C - Line 2034 - getGlobalInfoNstart: root://eoscms.cern.ch//eos/cms/store/group/phys_exotica/leptonsPlusJets/LQ/scooper/ultralegacy/skims/2018/rskDoubleEle_heep_20jun2023/EGamma_Run2018D-UL2018_MiniAODv2_NanoAODv9-v3/EGamma_Run2018D-UL2018_MiniAODv2_NanoAODv9-v3_10_rsk.root
/afs/cern.ch/user/r/ryi/HEM1516/Leptoquarks/analyzer/rootNtupleAnalyzerV2/src/baseClass.C - Line 361 - readInputList: Initial number of events (current file,runningTotal): NBeforeSkim, NBeforeSkim_ = 16807900, 169155522
/afs/cern.ch/user/r/ryi/HEM1516/Leptoquarks/analyzer/rootNtupleAnalyzerV2/src/baseClass.C - Line 366 - readInputList: gen weight sum (current,total): = 0+/-0, 0+/-0
/afs/cern.ch/user/r/ryi/HEM1516/Leptoquarks/analyzer/rootNtupleAnalyzerV2/src/baseClass.C - Line 2149 - saveLHEPdfSumw: saveLHEPdfSumw
/afs/cern.ch/user/r/ryi/HEM1516/Leptoquarks/analyzer/rootNtupleAnalyzerV2/src/baseClass.C - Line 2179 - saveEventsPassingCuts: saveEventsPassingCuts
/afs/cern.ch/user/r/ryi/HEM1516/Leptoquarks/analyzer/rootNtupleAnalyzerV2/src/baseClass.C - Line 2034 - getGlobalInfoNstart: root://eoscms.cern.ch//eos/cms/store/group/phys_exotica/leptonsPlusJets/LQ/scooper/ultralegacy/skims/2018/rskDoubleEle_heep_20jun2023/EGamma_Run2018D-UL2018_MiniAODv2_NanoAODv9-v3/EGamma_Run2018D-UL2018_MiniAODv2_NanoAODv9-v3_11_rsk.root
/afs/cern.ch/user/r/ryi/HEM1516/Leptoquarks/analyzer/rootNtupleAnalyzerV2/src/baseClass.C - Line 361 - readInputList: Initial number of events (current file,runningTotal): NBeforeSkim, NBeforeSkim_ = 17290149, 186445671
/afs/cern.ch/user/r/ryi/HEM1516/Leptoquarks/analyzer/rootNtupleAnalyzerV2/src/baseClass.C - Line 366 - readInputList: gen weight sum (current,total): = 0+/-0, 0+/-0
/afs/cern.ch/user/r/ryi/HEM1516/Leptoquarks/analyzer/rootNtupleAnalyzerV2/src/baseClass.C - Line 2149 - saveLHEPdfSumw: saveLHEPdfSumw
/afs/cern.ch/user/r/ryi/HEM1516/Leptoquarks/analyzer/rootNtupleAnalyzerV2/src/baseClass.C - Line 2179 - saveEventsPassingCuts: saveEventsPassingCuts
/afs/cern.ch/user/r/ryi/HEM1516/Leptoquarks/analyzer/rootNtupleAnalyzerV2/src/baseClass.C - Line 2034 - getGlobalInfoNstart: root://eoscms.cern.ch//eos/cms/store/group/phys_exotica/leptonsPlusJets/LQ/scooper/ultralegacy/skims/2018/rskDoubleEle_heep_20jun2023/EGamma_Run2018D-UL2018_MiniAODv2_NanoAODv9-v3/EGamma_Run2018D-UL2018_MiniAODv2_NanoAODv9-v3_12_rsk.root
/afs/cern.ch/user/r/ryi/HEM1516/Leptoquarks/analyzer/rootNtupleAnalyzerV2/src/baseClass.C - Line 361 - readInputList: Initial number of events (current file,runningTotal): NBeforeSkim, NBeforeSkim_ = 17302137, 203747808
/afs/cern.ch/user/r/ryi/HEM1516/Leptoquarks/analyzer/rootNtupleAnalyzerV2/src/baseClass.C - Line 366 - readInputList: gen weight sum (current,total): = 0+/-0, 0+/-0
/afs/cern.ch/user/r/ryi/HEM1516/Leptoquarks/analyzer/rootNtupleAnalyzerV2/src/baseClass.C - Line 2149 - saveLHEPdfSumw: saveLHEPdfSumw
/afs/cern.ch/user/r/ryi/HEM1516/Leptoquarks/analyzer/rootNtupleAnalyzerV2/src/baseClass.C - Line 2179 - saveEventsPassingCuts: saveEventsPassingCuts
/afs/cern.ch/user/r/ryi/HEM1516/Leptoquarks/analyzer/rootNtupleAnalyzerV2/src/baseClass.C - Line 2034 - getGlobalInfoNstart: root://eoscms.cern.ch//eos/cms/store/group/phys_exotica/leptonsPlusJets/LQ/scooper/ultralegacy/skims/2018/rskDoubleEle_heep_20jun2023/EGamma_Run2018D-UL2018_MiniAODv2_NanoAODv9-v3/EGamma_Run2018D-UL2018_MiniAODv2_NanoAODv9-v3_13_rsk.root
/afs/cern.ch/user/r/ryi/HEM1516/Leptoquarks/analyzer/rootNtupleAnalyzerV2/src/baseClass.C - Line 361 - readInputList: Initial number of events (current file,runningTotal): NBeforeSkim, NBeforeSkim_ = 17181573, 220929381
/afs/cern.ch/user/r/ryi/HEM1516/Leptoquarks/analyzer/rootNtupleAnalyzerV2/src/baseClass.C - Line 366 - readInputList: gen weight sum (current,total): = 0+/-0, 0+/-0
/afs/cern.ch/user/r/ryi/HEM1516/Leptoquarks/analyzer/rootNtupleAnalyzerV2/src/baseClass.C - Line 2149 - saveLHEPdfSumw: saveLHEPdfSumw
/afs/cern.ch/user/r/ryi/HEM1516/Leptoquarks/analyzer/rootNtupleAnalyzerV2/src/baseClass.C - Line 2179 - saveEventsPassingCuts: saveEventsPassingCuts
/afs/cern.ch/user/r/ryi/HEM1516/Leptoquarks/analyzer/rootNtupleAnalyzerV2/src/baseClass.C - Line 2034 - getGlobalInfoNstart: root://eoscms.cern.ch//eos/cms/store/group/phys_exotica/leptonsPlusJets/LQ/scooper/ultralegacy/skims/2018/rskDoubleEle_heep_20jun2023/EGamma_Run2018D-UL2018_MiniAODv2_NanoAODv9-v3/EGamma_Run2018D-UL2018_MiniAODv2_NanoAODv9-v3_14_rsk.root
/afs/cern.ch/user/r/ryi/HEM1516/Leptoquarks/analyzer/rootNtupleAnalyzerV2/src/baseClass.C - Line 361 - readInputList: Initial number of events (current file,runningTotal): NBeforeSkim, NBeforeSkim_ = 17417970, 238347351
/afs/cern.ch/user/r/ryi/HEM1516/Leptoquarks/analyzer/rootNtupleAnalyzerV2/src/baseClass.C - Line 366 - readInputList: gen weight sum (current,total): = 0+/-0, 0+/-0
/afs/cern.ch/user/r/ryi/HEM1516/Leptoquarks/analyzer/rootNtupleAnalyzerV2/src/baseClass.C - Line 2149 - saveLHEPdfSumw: saveLHEPdfSumw
/afs/cern.ch/user/r/ryi/HEM1516/Leptoquarks/analyzer/rootNtupleAnalyzerV2/src/baseClass.C - Line 2179 - saveEventsPassingCuts: saveEventsPassingCuts
/afs/cern.ch/user/r/ryi/HEM1516/Leptoquarks/analyzer/rootNtupleAnalyzerV2/src/baseClass.C - Line 2034 - getGlobalInfoNstart: root://eoscms.cern.ch//eos/cms/store/group/phys_exotica/leptonsPlusJets/LQ/scooper/ultralegacy/skims/2018/rskDoubleEle_heep_20jun2023/EGamma_Run2018D-UL2018_MiniAODv2_NanoAODv9-v3/EGamma_Run2018D-UL2018_MiniAODv2_NanoAODv9-v3_15_rsk.root
/afs/cern.ch/user/r/ryi/HEM1516/Leptoquarks/analyzer/rootNtupleAnalyzerV2/src/baseClass.C - Line 361 - readInputList: Initial number of events (current file,runningTotal): NBeforeSkim, NBeforeSkim_ = 17182613, 255529964
/afs/cern.ch/user/r/ryi/HEM1516/Leptoquarks/analyzer/rootNtupleAnalyzerV2/src/baseClass.C - Line 366 - readInputList: gen weight sum (current,total): = 0+/-0, 0+/-0
/afs/cern.ch/user/r/ryi/HEM1516/Leptoquarks/analyzer/rootNtupleAnalyzerV2/src/baseClass.C - Line 2149 - saveLHEPdfSumw: saveLHEPdfSumw
/afs/cern.ch/user/r/ryi/HEM1516/Leptoquarks/analyzer/rootNtupleAnalyzerV2/src/baseClass.C - Line 2179 - saveEventsPassingCuts: saveEventsPassingCuts
/afs/cern.ch/user/r/ryi/HEM1516/Leptoquarks/analyzer/rootNtupleAnalyzerV2/src/baseClass.C - Line 2034 - getGlobalInfoNstart: root://eoscms.cern.ch//eos/cms/store/group/phys_exotica/leptonsPlusJets/LQ/scooper/ultralegacy/skims/2018/rskDoubleEle_heep_20jun2023/EGamma_Run2018D-UL2018_MiniAODv2_NanoAODv9-v3/EGamma_Run2018D-UL2018_MiniAODv2_NanoAODv9-v3_16_rsk.root
/afs/cern.ch/user/r/ryi/HEM1516/Leptoquarks/analyzer/rootNtupleAnalyzerV2/src/baseClass.C - Line 361 - readInputList: Initial number of events (current file,runningTotal): NBeforeSkim, NBeforeSkim_ = 17435841, 272965805
/afs/cern.ch/user/r/ryi/HEM1516/Leptoquarks/analyzer/rootNtupleAnalyzerV2/src/baseClass.C - Line 366 - readInputList: gen weight sum (current,total): = 0+/-0, 0+/-0
/afs/cern.ch/user/r/ryi/HEM1516/Leptoquarks/analyzer/rootNtupleAnalyzerV2/src/baseClass.C - Line 2149 - saveLHEPdfSumw: saveLHEPdfSumw
/afs/cern.ch/user/r/ryi/HEM1516/Leptoquarks/analyzer/rootNtupleAnalyzerV2/src/baseClass.C - Line 2179 - saveEventsPassingCuts: saveEventsPassingCuts
/afs/cern.ch/user/r/ryi/HEM1516/Leptoquarks/analyzer/rootNtupleAnalyzerV2/src/baseClass.C - Line 2034 - getGlobalInfoNstart: root://eoscms.cern.ch//eos/cms/store/group/phys_exotica/leptonsPlusJets/LQ/scooper/ultralegacy/skims/2018/rskDoubleEle_heep_20jun2023/EGamma_Run2018D-UL2018_MiniAODv2_NanoAODv9-v3/EGamma_Run2018D-UL2018_MiniAODv2_NanoAODv9-v3_17_rsk.root
/afs/cern.ch/user/r/ryi/HEM1516/Leptoquarks/analyzer/rootNtupleAnalyzerV2/src/baseClass.C - Line 361 - readInputList: Initial number of events (current file,runningTotal): NBeforeSkim, NBeforeSkim_ = 15954346, 288920151
/afs/cern.ch/user/r/ryi/HEM1516/Leptoquarks/analyzer/rootNtupleAnalyzerV2/src/baseClass.C - Line 366 - readInputList: gen weight sum (current,total): = 0+/-0, 0+/-0
/afs/cern.ch/user/r/ryi/HEM1516/Leptoquarks/analyzer/rootNtupleAnalyzerV2/src/baseClass.C - Line 2149 - saveLHEPdfSumw: saveLHEPdfSumw
/afs/cern.ch/user/r/ryi/HEM1516/Leptoquarks/analyzer/rootNtupleAnalyzerV2/src/baseClass.C - Line 2179 - saveEventsPassingCuts: saveEventsPassingCuts
/afs/cern.ch/user/r/ryi/HEM1516/Leptoquarks/analyzer/rootNtupleAnalyzerV2/src/baseClass.C - Line 2034 - getGlobalInfoNstart: root://eoscms.cern.ch//eos/cms/store/group/phys_exotica/leptonsPlusJets/LQ/scooper/ultralegacy/skims/2018/rskDoubleEle_heep_20jun2023/EGamma_Run2018D-UL2018_MiniAODv2_NanoAODv9-v3/EGamma_Run2018D-UL2018_MiniAODv2_NanoAODv9-v3_18_rsk.root
/afs/cern.ch/user/r/ryi/HEM1516/Leptoquarks/analyzer/rootNtupleAnalyzerV2/src/baseClass.C - Line 361 - readInputList: Initial number of events (current file,runningTotal): NBeforeSkim, NBeforeSkim_ = 15455182, 304375333
/afs/cern.ch/user/r/ryi/HEM1516/Leptoquarks/analyzer/rootNtupleAnalyzerV2/src/baseClass.C - Line 366 - readInputList: gen weight sum (current,total): = 0+/-0, 0+/-0
/afs/cern.ch/user/r/ryi/HEM1516/Leptoquarks/analyzer/rootNtupleAnalyzerV2/src/baseClass.C - Line 2149 - saveLHEPdfSumw: saveLHEPdfSumw
/afs/cern.ch/user/r/ryi/HEM1516/Leptoquarks/analyzer/rootNtupleAnalyzerV2/src/baseClass.C - Line 2179 - saveEventsPassingCuts: saveEventsPassingCuts
/afs/cern.ch/user/r/ryi/HEM1516/Leptoquarks/analyzer/rootNtupleAnalyzerV2/src/baseClass.C - Line 2034 - getGlobalInfoNstart: root://eoscms.cern.ch//eos/cms/store/group/phys_exotica/leptonsPlusJets/LQ/scooper/ultralegacy/skims/2018/rskDoubleEle_heep_20jun2023/EGamma_Run2018D-UL2018_MiniAODv2_NanoAODv9-v3/EGamma_Run2018D-UL2018_MiniAODv2_NanoAODv9-v3_19_rsk.root
/afs/cern.ch/user/r/ryi/HEM1516/Leptoquarks/analyzer/rootNtupleAnalyzerV2/src/baseClass.C - Line 361 - readInputList: Initial number of events (current file,runningTotal): NBeforeSkim, NBeforeSkim_ = 17223679, 321599012
/afs/cern.ch/user/r/ryi/HEM1516/Leptoquarks/analyzer/rootNtupleAnalyzerV2/src/baseClass.C - Line 366 - readInputList: gen weight sum (current,total): = 0+/-0, 0+/-0
/afs/cern.ch/user/r/ryi/HEM1516/Leptoquarks/analyzer/rootNtupleAnalyzerV2/src/baseClass.C - Line 2149 - saveLHEPdfSumw: saveLHEPdfSumw
/afs/cern.ch/user/r/ryi/HEM1516/Leptoquarks/analyzer/rootNtupleAnalyzerV2/src/baseClass.C - Line 2179 - saveEventsPassingCuts: saveEventsPassingCuts
/afs/cern.ch/user/r/ryi/HEM1516/Leptoquarks/analyzer/rootNtupleAnalyzerV2/src/baseClass.C - Line 2034 - getGlobalInfoNstart: root://eoscms.cern.ch//eos/cms/store/group/phys_exotica/leptonsPlusJets/LQ/scooper/ultralegacy/skims/2018/rskDoubleEle_heep_20jun2023/EGamma_Run2018D-UL2018_MiniAODv2_NanoAODv9-v3/EGamma_Run2018D-UL2018_MiniAODv2_NanoAODv9-v3_20_rsk.root
/afs/cern.ch/user/r/ryi/HEM1516/Leptoquarks/analyzer/rootNtupleAnalyzerV2/src/baseClass.C - Line 361 - readInputList: Initial number of events (current file,runningTotal): NBeforeSkim, NBeforeSkim_ = 15848247, 337447259
/afs/cern.ch/user/r/ryi/HEM1516/Leptoquarks/analyzer/rootNtupleAnalyzerV2/src/baseClass.C - Line 366 - readInputList: gen weight sum (current,total): = 0+/-0, 0+/-0
/afs/cern.ch/user/r/ryi/HEM1516/Leptoquarks/analyzer/rootNtupleAnalyzerV2/src/baseClass.C - Line 2149 - saveLHEPdfSumw: saveLHEPdfSumw
/afs/cern.ch/user/r/ryi/HEM1516/Leptoquarks/analyzer/rootNtupleAnalyzerV2/src/baseClass.C - Line 2179 - saveEventsPassingCuts: saveEventsPassingCuts
/afs/cern.ch/user/r/ryi/HEM1516/Leptoquarks/analyzer/rootNtupleAnalyzerV2/src/baseClass.C - Line 2034 - getGlobalInfoNstart: root://eoscms.cern.ch//eos/cms/store/group/phys_exotica/leptonsPlusJets/LQ/scooper/ultralegacy/skims/2018/rskDoubleEle_heep_20jun2023/EGamma_Run2018D-UL2018_MiniAODv2_NanoAODv9-v3/EGamma_Run2018D-UL2018_MiniAODv2_NanoAODv9-v3_21_rsk.root
/afs/cern.ch/user/r/ryi/HEM1516/Leptoquarks/analyzer/rootNtupleAnalyzerV2/src/baseClass.C - Line 361 - readInputList: Initial number of events (current file,runningTotal): NBeforeSkim, NBeforeSkim_ = 16012886, 353460145
/afs/cern.ch/user/r/ryi/HEM1516/Leptoquarks/analyzer/rootNtupleAnalyzerV2/src/baseClass.C - Line 366 - readInputList: gen weight sum (current,total): = 0+/-0, 0+/-0
/afs/cern.ch/user/r/ryi/HEM1516/Leptoquarks/analyzer/rootNtupleAnalyzerV2/src/baseClass.C - Line 2149 - saveLHEPdfSumw: saveLHEPdfSumw
/afs/cern.ch/user/r/ryi/HEM1516/Leptoquarks/analyzer/rootNtupleAnalyzerV2/src/baseClass.C - Line 2179 - saveEventsPassingCuts: saveEventsPassingCuts
/afs/cern.ch/user/r/ryi/HEM1516/Leptoquarks/analyzer/rootNtupleAnalyzerV2/src/baseClass.C - Line 2034 - getGlobalInfoNstart: root://eoscms.cern.ch//eos/cms/store/group/phys_exotica/leptonsPlusJets/LQ/scooper/ultralegacy/skims/2018/rskDoubleEle_heep_20jun2023/EGamma_Run2018D-UL2018_MiniAODv2_NanoAODv9-v3/EGamma_Run2018D-UL2018_MiniAODv2_NanoAODv9-v3_22_rsk.root
/afs/cern.ch/user/r/ryi/HEM1516/Leptoquarks/analyzer/rootNtupleAnalyzerV2/src/baseClass.C - Line 361 - readInputList: Initial number of events (current file,runningTotal): NBeforeSkim, NBeforeSkim_ = 17649066, 371109211
/afs/cern.ch/user/r/ryi/HEM1516/Leptoquarks/analyzer/rootNtupleAnalyzerV2/src/baseClass.C - Line 366 - readInputList: gen weight sum (current,total): = 0+/-0, 0+/-0
/afs/cern.ch/user/r/ryi/HEM1516/Leptoquarks/analyzer/rootNtupleAnalyzerV2/src/baseClass.C - Line 2149 - saveLHEPdfSumw: saveLHEPdfSumw
/afs/cern.ch/user/r/ryi/HEM1516/Leptoquarks/analyzer/rootNtupleAnalyzerV2/src/baseClass.C - Line 2179 - saveEventsPassingCuts: saveEventsPassingCuts
/afs/cern.ch/user/r/ryi/HEM1516/Leptoquarks/analyzer/rootNtupleAnalyzerV2/src/baseClass.C - Line 2034 - getGlobalInfoNstart: root://eoscms.cern.ch//eos/cms/store/group/phys_exotica/leptonsPlusJets/LQ/scooper/ultralegacy/skims/2018/rskDoubleEle_heep_20jun2023/EGamma_Run2018D-UL2018_MiniAODv2_NanoAODv9-v3/EGamma_Run2018D-UL2018_MiniAODv2_NanoAODv9-v3_23_rsk.root
/afs/cern.ch/user/r/ryi/HEM1516/Leptoquarks/analyzer/rootNtupleAnalyzerV2/src/baseClass.C - Line 361 - readInputList: Initial number of events (current file,runningTotal): NBeforeSkim, NBeforeSkim_ = 17701322, 388810533
/afs/cern.ch/user/r/ryi/HEM1516/Leptoquarks/analyzer/rootNtupleAnalyzerV2/src/baseClass.C - Line 366 - readInputList: gen weight sum (current,total): = 0+/-0, 0+/-0
/afs/cern.ch/user/r/ryi/HEM1516/Leptoquarks/analyzer/rootNtupleAnalyzerV2/src/baseClass.C - Line 2149 - saveLHEPdfSumw: saveLHEPdfSumw
/afs/cern.ch/user/r/ryi/HEM1516/Leptoquarks/analyzer/rootNtupleAnalyzerV2/src/baseClass.C - Line 2179 - saveEventsPassingCuts: saveEventsPassingCuts
/afs/cern.ch/user/r/ryi/HEM1516/Leptoquarks/analyzer/rootNtupleAnalyzerV2/src/baseClass.C - Line 2034 - getGlobalInfoNstart: root://eoscms.cern.ch//eos/cms/store/group/phys_exotica/leptonsPlusJets/LQ/scooper/ultralegacy/skims/2018/rskDoubleEle_heep_20jun2023/EGamma_Run2018D-UL2018_MiniAODv2_NanoAODv9-v3/EGamma_Run2018D-UL2018_MiniAODv2_NanoAODv9-v3_24_rsk.root
/afs/cern.ch/user/r/ryi/HEM1516/Leptoquarks/analyzer/rootNtupleAnalyzerV2/src/baseClass.C - Line 361 - readInputList: Initial number of events (current file,runningTotal): NBeforeSkim, NBeforeSkim_ = 17689470, 406500003
/afs/cern.ch/user/r/ryi/HEM1516/Leptoquarks/analyzer/rootNtupleAnalyzerV2/src/baseClass.C - Line 366 - readInputList: gen weight sum (current,total): = 0+/-0, 0+/-0
/afs/cern.ch/user/r/ryi/HEM1516/Leptoquarks/analyzer/rootNtupleAnalyzerV2/src/baseClass.C - Line 2149 - saveLHEPdfSumw: saveLHEPdfSumw
/afs/cern.ch/user/r/ryi/HEM1516/Leptoquarks/analyzer/rootNtupleAnalyzerV2/src/baseClass.C - Line 2179 - saveEventsPassingCuts: saveEventsPassingCuts
/afs/cern.ch/user/r/ryi/HEM1516/Leptoquarks/analyzer/rootNtupleAnalyzerV2/src/baseClass.C - Line 2034 - getGlobalInfoNstart: root://eoscms.cern.ch//eos/cms/store/group/phys_exotica/leptonsPlusJets/LQ/scooper/ultralegacy/skims/2018/rskDoubleEle_heep_20jun2023/EGamma_Run2018D-UL2018_MiniAODv2_NanoAODv9-v3/EGamma_Run2018D-UL2018_MiniAODv2_NanoAODv9-v3_25_rsk.root
/afs/cern.ch/user/r/ryi/HEM1516/Leptoquarks/analyzer/rootNtupleAnalyzerV2/src/baseClass.C - Line 361 - readInputList: Initial number of events (current file,runningTotal): NBeforeSkim, NBeforeSkim_ = 17536974, 424036977
/afs/cern.ch/user/r/ryi/HEM1516/Leptoquarks/analyzer/rootNtupleAnalyzerV2/src/baseClass.C - Line 366 - readInputList: gen weight sum (current,total): = 0+/-0, 0+/-0
/afs/cern.ch/user/r/ryi/HEM1516/Leptoquarks/analyzer/rootNtupleAnalyzerV2/src/baseClass.C - Line 2149 - saveLHEPdfSumw: saveLHEPdfSumw
/afs/cern.ch/user/r/ryi/HEM1516/Leptoquarks/analyzer/rootNtupleAnalyzerV2/src/baseClass.C - Line 2179 - saveEventsPassingCuts: saveEventsPassingCuts
/afs/cern.ch/user/r/ryi/HEM1516/Leptoquarks/analyzer/rootNtupleAnalyzerV2/src/baseClass.C - Line 2034 - getGlobalInfoNstart: root://eoscms.cern.ch//eos/cms/store/group/phys_exotica/leptonsPlusJets/LQ/scooper/ultralegacy/skims/2018/rskDoubleEle_heep_20jun2023/EGamma_Run2018D-UL2018_MiniAODv2_NanoAODv9-v3/EGamma_Run2018D-UL2018_MiniAODv2_NanoAODv9-v3_26_rsk.root
/afs/cern.ch/user/r/ryi/HEM1516/Leptoquarks/analyzer/rootNtupleAnalyzerV2/src/baseClass.C - Line 361 - readInputList: Initial number of events (current file,runningTotal): NBeforeSkim, NBeforeSkim_ = 17292953, 441329930
/afs/cern.ch/user/r/ryi/HEM1516/Leptoquarks/analyzer/rootNtupleAnalyzerV2/src/baseClass.C - Line 366 - readInputList: gen weight sum (current,total): = 0+/-0, 0+/-0
/afs/cern.ch/user/r/ryi/HEM1516/Leptoquarks/analyzer/rootNtupleAnalyzerV2/src/baseClass.C - Line 2149 - saveLHEPdfSumw: saveLHEPdfSumw
/afs/cern.ch/user/r/ryi/HEM1516/Leptoquarks/analyzer/rootNtupleAnalyzerV2/src/baseClass.C - Line 2179 - saveEventsPassingCuts: saveEventsPassingCuts
/afs/cern.ch/user/r/ryi/HEM1516/Leptoquarks/analyzer/rootNtupleAnalyzerV2/src/baseClass.C - Line 2034 - getGlobalInfoNstart: root://eoscms.cern.ch//eos/cms/store/group/phys_exotica/leptonsPlusJets/LQ/scooper/ultralegacy/skims/2018/rskDoubleEle_heep_20jun2023/EGamma_Run2018D-UL2018_MiniAODv2_NanoAODv9-v3/EGamma_Run2018D-UL2018_MiniAODv2_NanoAODv9-v3_27_rsk.root
/afs/cern.ch/user/r/ryi/HEM1516/Leptoquarks/analyzer/rootNtupleAnalyzerV2/src/baseClass.C - Line 361 - readInputList: Initial number of events (current file,runningTotal): NBeforeSkim, NBeforeSkim_ = 17493778, 458823708
/afs/cern.ch/user/r/ryi/HEM1516/Leptoquarks/analyzer/rootNtupleAnalyzerV2/src/baseClass.C - Line 366 - readInputList: gen weight sum (current,total): = 0+/-0, 0+/-0
/afs/cern.ch/user/r/ryi/HEM1516/Leptoquarks/analyzer/rootNtupleAnalyzerV2/src/baseClass.C - Line 2149 - saveLHEPdfSumw: saveLHEPdfSumw
/afs/cern.ch/user/r/ryi/HEM1516/Leptoquarks/analyzer/rootNtupleAnalyzerV2/src/baseClass.C - Line 2179 - saveEventsPassingCuts: saveEventsPassingCuts
/afs/cern.ch/user/r/ryi/HEM1516/Leptoquarks/analyzer/rootNtupleAnalyzerV2/src/baseClass.C - Line 2034 - getGlobalInfoNstart: root://eoscms.cern.ch//eos/cms/store/group/phys_exotica/leptonsPlusJets/LQ/scooper/ultralegacy/skims/2018/rskDoubleEle_heep_20jun2023/EGamma_Run2018D-UL2018_MiniAODv2_NanoAODv9-v3/EGamma_Run2018D-UL2018_MiniAODv2_NanoAODv9-v3_28_rsk.root
/afs/cern.ch/user/r/ryi/HEM1516/Leptoquarks/analyzer/rootNtupleAnalyzerV2/src/baseClass.C - Line 361 - readInputList: Initial number of events (current file,runningTotal): NBeforeSkim, NBeforeSkim_ = 17545948, 476369656
/afs/cern.ch/user/r/ryi/HEM1516/Leptoquarks/analyzer/rootNtupleAnalyzerV2/src/baseClass.C - Line 366 - readInputList: gen weight sum (current,total): = 0+/-0, 0+/-0
/afs/cern.ch/user/r/ryi/HEM1516/Leptoquarks/analyzer/rootNtupleAnalyzerV2/src/baseClass.C - Line 2149 - saveLHEPdfSumw: saveLHEPdfSumw
/afs/cern.ch/user/r/ryi/HEM1516/Leptoquarks/analyzer/rootNtupleAnalyzerV2/src/baseClass.C - Line 2179 - saveEventsPassingCuts: saveEventsPassingCuts
/afs/cern.ch/user/r/ryi/HEM1516/Leptoquarks/analyzer/rootNtupleAnalyzerV2/src/baseClass.C - Line 2034 - getGlobalInfoNstart: root://eoscms.cern.ch//eos/cms/store/group/phys_exotica/leptonsPlusJets/LQ/scooper/ultralegacy/skims/2018/rskDoubleEle_heep_20jun2023/EGamma_Run2018D-UL2018_MiniAODv2_NanoAODv9-v3/EGamma_Run2018D-UL2018_MiniAODv2_NanoAODv9-v3_29_rsk.root
/afs/cern.ch/user/r/ryi/HEM1516/Leptoquarks/analyzer/rootNtupleAnalyzerV2/src/baseClass.C - Line 361 - readInputList: Initial number of events (current file,runningTotal): NBeforeSkim, NBeforeSkim_ = 17905667, 494275323
/afs/cern.ch/user/r/ryi/HEM1516/Leptoquarks/analyzer/rootNtupleAnalyzerV2/src/baseClass.C - Line 366 - readInputList: gen weight sum (current,total): = 0+/-0, 0+/-0
/afs/cern.ch/user/r/ryi/HEM1516/Leptoquarks/analyzer/rootNtupleAnalyzerV2/src/baseClass.C - Line 2149 - saveLHEPdfSumw: saveLHEPdfSumw
/afs/cern.ch/user/r/ryi/HEM1516/Leptoquarks/analyzer/rootNtupleAnalyzerV2/src/baseClass.C - Line 2179 - saveEventsPassingCuts: saveEventsPassingCuts
/afs/cern.ch/user/r/ryi/HEM1516/Leptoquarks/analyzer/rootNtupleAnalyzerV2/src/baseClass.C - Line 2034 - getGlobalInfoNstart: root://eoscms.cern.ch//eos/cms/store/group/phys_exotica/leptonsPlusJets/LQ/scooper/ultralegacy/skims/2018/rskDoubleEle_heep_20jun2023/EGamma_Run2018D-UL2018_MiniAODv2_NanoAODv9-v3/EGamma_Run2018D-UL2018_MiniAODv2_NanoAODv9-v3_30_rsk.root
/afs/cern.ch/user/r/ryi/HEM1516/Leptoquarks/analyzer/rootNtupleAnalyzerV2/src/baseClass.C - Line 361 - readInputList: Initial number of events (current file,runningTotal): NBeforeSkim, NBeforeSkim_ = 17729127, 512004450
/afs/cern.ch/user/r/ryi/HEM1516/Leptoquarks/analyzer/rootNtupleAnalyzerV2/src/baseClass.C - Line 366 - readInputList: gen weight sum (current,total): = 0+/-0, 0+/-0
/afs/cern.ch/user/r/ryi/HEM1516/Leptoquarks/analyzer/rootNtupleAnalyzerV2/src/baseClass.C - Line 2149 - saveLHEPdfSumw: saveLHEPdfSumw
/afs/cern.ch/user/r/ryi/HEM1516/Leptoquarks/analyzer/rootNtupleAnalyzerV2/src/baseClass.C - Line 2179 - saveEventsPassingCuts: saveEventsPassingCuts
/afs/cern.ch/user/r/ryi/HEM1516/Leptoquarks/analyzer/rootNtupleAnalyzerV2/src/baseClass.C - Line 2034 - getGlobalInfoNstart: root://eoscms.cern.ch//eos/cms/store/group/phys_exotica/leptonsPlusJets/LQ/scooper/ultralegacy/skims/2018/rskDoubleEle_heep_20jun2023/EGamma_Run2018D-UL2018_MiniAODv2_NanoAODv9-v3/EGamma_Run2018D-UL2018_MiniAODv2_NanoAODv9-v3_31_rsk.root
/afs/cern.ch/user/r/ryi/HEM1516/Leptoquarks/analyzer/rootNtupleAnalyzerV2/src/baseClass.C - Line 361 - readInputList: Initial number of events (current file,runningTotal): NBeforeSkim, NBeforeSkim_ = 15435727, 527440177
/afs/cern.ch/user/r/ryi/HEM1516/Leptoquarks/analyzer/rootNtupleAnalyzerV2/src/baseClass.C - Line 366 - readInputList: gen weight sum (current,total): = 0+/-0, 0+/-0
/afs/cern.ch/user/r/ryi/HEM1516/Leptoquarks/analyzer/rootNtupleAnalyzerV2/src/baseClass.C - Line 2149 - saveLHEPdfSumw: saveLHEPdfSumw
/afs/cern.ch/user/r/ryi/HEM1516/Leptoquarks/analyzer/rootNtupleAnalyzerV2/src/baseClass.C - Line 2179 - saveEventsPassingCuts: saveEventsPassingCuts
/afs/cern.ch/user/r/ryi/HEM1516/Leptoquarks/analyzer/rootNtupleAnalyzerV2/src/baseClass.C - Line 2034 - getGlobalInfoNstart: root://eoscms.cern.ch//eos/cms/store/group/phys_exotica/leptonsPlusJets/LQ/scooper/ultralegacy/skims/2018/rskDoubleEle_heep_20jun2023/EGamma_Run2018D-UL2018_MiniAODv2_NanoAODv9-v3/EGamma_Run2018D-UL2018_MiniAODv2_NanoAODv9-v3_32_rsk.root
/afs/cern.ch/user/r/ryi/HEM1516/Leptoquarks/analyzer/rootNtupleAnalyzerV2/src/baseClass.C - Line 361 - readInputList: Initial number of events (current file,runningTotal): NBeforeSkim, NBeforeSkim_ = 18261291, 545701468
/afs/cern.ch/user/r/ryi/HEM1516/Leptoquarks/analyzer/rootNtupleAnalyzerV2/src/baseClass.C - Line 366 - readInputList: gen weight sum (current,total): = 0+/-0, 0+/-0
/afs/cern.ch/user/r/ryi/HEM1516/Leptoquarks/analyzer/rootNtupleAnalyzerV2/src/baseClass.C - Line 2149 - saveLHEPdfSumw: saveLHEPdfSumw
/afs/cern.ch/user/r/ryi/HEM1516/Leptoquarks/analyzer/rootNtupleAnalyzerV2/src/baseClass.C - Line 2179 - saveEventsPassingCuts: saveEventsPassingCuts
/afs/cern.ch/user/r/ryi/HEM1516/Leptoquarks/analyzer/rootNtupleAnalyzerV2/src/baseClass.C - Line 2034 - getGlobalInfoNstart: root://eoscms.cern.ch//eos/cms/store/group/phys_exotica/leptonsPlusJets/LQ/scooper/ultralegacy/skims/2018/rskDoubleEle_heep_20jun2023/EGamma_Run2018D-UL2018_MiniAODv2_NanoAODv9-v3/EGamma_Run2018D-UL2018_MiniAODv2_NanoAODv9-v3_33_rsk.root
/afs/cern.ch/user/r/ryi/HEM1516/Leptoquarks/analyzer/rootNtupleAnalyzerV2/src/baseClass.C - Line 361 - readInputList: Initial number of events (current file,runningTotal): NBeforeSkim, NBeforeSkim_ = 15961335, 561662803
/afs/cern.ch/user/r/ryi/HEM1516/Leptoquarks/analyzer/rootNtupleAnalyzerV2/src/baseClass.C - Line 366 - readInputList: gen weight sum (current,total): = 0+/-0, 0+/-0
/afs/cern.ch/user/r/ryi/HEM1516/Leptoquarks/analyzer/rootNtupleAnalyzerV2/src/baseClass.C - Line 2149 - saveLHEPdfSumw: saveLHEPdfSumw
/afs/cern.ch/user/r/ryi/HEM1516/Leptoquarks/analyzer/rootNtupleAnalyzerV2/src/baseClass.C - Line 2179 - saveEventsPassingCuts: saveEventsPassingCuts
/afs/cern.ch/user/r/ryi/HEM1516/Leptoquarks/analyzer/rootNtupleAnalyzerV2/src/baseClass.C - Line 2034 - getGlobalInfoNstart: root://eoscms.cern.ch//eos/cms/store/group/phys_exotica/leptonsPlusJets/LQ/scooper/ultralegacy/skims/2018/rskDoubleEle_heep_20jun2023/EGamma_Run2018D-UL2018_MiniAODv2_NanoAODv9-v3/EGamma_Run2018D-UL2018_MiniAODv2_NanoAODv9-v3_34_rsk.root
/afs/cern.ch/user/r/ryi/HEM1516/Leptoquarks/analyzer/rootNtupleAnalyzerV2/src/baseClass.C - Line 361 - readInputList: Initial number of events (current file,runningTotal): NBeforeSkim, NBeforeSkim_ = 18519954, 580182757
/afs/cern.ch/user/r/ryi/HEM1516/Leptoquarks/analyzer/rootNtupleAnalyzerV2/src/baseClass.C - Line 366 - readInputList: gen weight sum (current,total): = 0+/-0, 0+/-0
/afs/cern.ch/user/r/ryi/HEM1516/Leptoquarks/analyzer/rootNtupleAnalyzerV2/src/baseClass.C - Line 2149 - saveLHEPdfSumw: saveLHEPdfSumw
/afs/cern.ch/user/r/ryi/HEM1516/Leptoquarks/analyzer/rootNtupleAnalyzerV2/src/baseClass.C - Line 2179 - saveEventsPassingCuts: saveEventsPassingCuts
/afs/cern.ch/user/r/ryi/HEM1516/Leptoquarks/analyzer/rootNtupleAnalyzerV2/src/baseClass.C - Line 2034 - getGlobalInfoNstart: root://eoscms.cern.ch//eos/cms/store/group/phys_exotica/leptonsPlusJets/LQ/scooper/ultralegacy/skims/2018/rskDoubleEle_heep_20jun2023/EGamma_Run2018D-UL2018_MiniAODv2_NanoAODv9-v3/EGamma_Run2018D-UL2018_MiniAODv2_NanoAODv9-v3_35_rsk.root
/afs/cern.ch/user/r/ryi/HEM1516/Leptoquarks/analyzer/rootNtupleAnalyzerV2/src/baseClass.C - Line 361 - readInputList: Initial number of events (current file,runningTotal): NBeforeSkim, NBeforeSkim_ = 18047401, 598230158
/afs/cern.ch/user/r/ryi/HEM1516/Leptoquarks/analyzer/rootNtupleAnalyzerV2/src/baseClass.C - Line 366 - readInputList: gen weight sum (current,total): = 0+/-0, 0+/-0
/afs/cern.ch/user/r/ryi/HEM1516/Leptoquarks/analyzer/rootNtupleAnalyzerV2/src/baseClass.C - Line 2149 - saveLHEPdfSumw: saveLHEPdfSumw
/afs/cern.ch/user/r/ryi/HEM1516/Leptoquarks/analyzer/rootNtupleAnalyzerV2/src/baseClass.C - Line 2179 - saveEventsPassingCuts: saveEventsPassingCuts
/afs/cern.ch/user/r/ryi/HEM1516/Leptoquarks/analyzer/rootNtupleAnalyzerV2/src/baseClass.C - Line 2034 - getGlobalInfoNstart: root://eoscms.cern.ch//eos/cms/store/group/phys_exotica/leptonsPlusJets/LQ/scooper/ultralegacy/skims/2018/rskDoubleEle_heep_20jun2023/EGamma_Run2018D-UL2018_MiniAODv2_NanoAODv9-v3/EGamma_Run2018D-UL2018_MiniAODv2_NanoAODv9-v3_36_rsk.root
/afs/cern.ch/user/r/ryi/HEM1516/Leptoquarks/analyzer/rootNtupleAnalyzerV2/src/baseClass.C - Line 361 - readInputList: Initial number of events (current file,runningTotal): NBeforeSkim, NBeforeSkim_ = 18521966, 616752124
/afs/cern.ch/user/r/ryi/HEM1516/Leptoquarks/analyzer/rootNtupleAnalyzerV2/src/baseClass.C - Line 366 - readInputList: gen weight sum (current,total): = 0+/-0, 0+/-0
/afs/cern.ch/user/r/ryi/HEM1516/Leptoquarks/analyzer/rootNtupleAnalyzerV2/src/baseClass.C - Line 2149 - saveLHEPdfSumw: saveLHEPdfSumw
/afs/cern.ch/user/r/ryi/HEM1516/Leptoquarks/analyzer/rootNtupleAnalyzerV2/src/baseClass.C - Line 2179 - saveEventsPassingCuts: saveEventsPassingCuts
/afs/cern.ch/user/r/ryi/HEM1516/Leptoquarks/analyzer/rootNtupleAnalyzerV2/src/baseClass.C - Line 2034 - getGlobalInfoNstart: root://eoscms.cern.ch//eos/cms/store/group/phys_exotica/leptonsPlusJets/LQ/scooper/ultralegacy/skims/2018/rskDoubleEle_heep_20jun2023/EGamma_Run2018D-UL2018_MiniAODv2_NanoAODv9-v3/EGamma_Run2018D-UL2018_MiniAODv2_NanoAODv9-v3_37_rsk.root
/afs/cern.ch/user/r/ryi/HEM1516/Leptoquarks/analyzer/rootNtupleAnalyzerV2/src/baseClass.C - Line 361 - readInputList: Initial number of events (current file,runningTotal): NBeforeSkim, NBeforeSkim_ = 18136854, 634888978
/afs/cern.ch/user/r/ryi/HEM1516/Leptoquarks/analyzer/rootNtupleAnalyzerV2/src/baseClass.C - Line 366 - readInputList: gen weight sum (current,total): = 0+/-0, 0+/-0
/afs/cern.ch/user/r/ryi/HEM1516/Leptoquarks/analyzer/rootNtupleAnalyzerV2/src/baseClass.C - Line 2149 - saveLHEPdfSumw: saveLHEPdfSumw
/afs/cern.ch/user/r/ryi/HEM1516/Leptoquarks/analyzer/rootNtupleAnalyzerV2/src/baseClass.C - Line 2179 - saveEventsPassingCuts: saveEventsPassingCuts
/afs/cern.ch/user/r/ryi/HEM1516/Leptoquarks/analyzer/rootNtupleAnalyzerV2/src/baseClass.C - Line 2034 - getGlobalInfoNstart: root://eoscms.cern.ch//eos/cms/store/group/phys_exotica/leptonsPlusJets/LQ/scooper/ultralegacy/skims/2018/rskDoubleEle_heep_20jun2023/EGamma_Run2018D-UL2018_MiniAODv2_NanoAODv9-v3/EGamma_Run2018D-UL2018_MiniAODv2_NanoAODv9-v3_38_rsk.root
/afs/cern.ch/user/r/ryi/HEM1516/Leptoquarks/analyzer/rootNtupleAnalyzerV2/src/baseClass.C - Line 361 - readInputList: Initial number of events (current file,runningTotal): NBeforeSkim, NBeforeSkim_ = 18456934, 653345912
/afs/cern.ch/user/r/ryi/HEM1516/Leptoquarks/analyzer/rootNtupleAnalyzerV2/src/baseClass.C - Line 366 - readInputList: gen weight sum (current,total): = 0+/-0, 0+/-0
/afs/cern.ch/user/r/ryi/HEM1516/Leptoquarks/analyzer/rootNtupleAnalyzerV2/src/baseClass.C - Line 2149 - saveLHEPdfSumw: saveLHEPdfSumw
/afs/cern.ch/user/r/ryi/HEM1516/Leptoquarks/analyzer/rootNtupleAnalyzerV2/src/baseClass.C - Line 2179 - saveEventsPassingCuts: saveEventsPassingCuts
/afs/cern.ch/user/r/ryi/HEM1516/Leptoquarks/analyzer/rootNtupleAnalyzerV2/src/baseClass.C - Line 2034 - getGlobalInfoNstart: root://eoscms.cern.ch//eos/cms/store/group/phys_exotica/leptonsPlusJets/LQ/scooper/ultralegacy/skims/2018/rskDoubleEle_heep_20jun2023/EGamma_Run2018D-UL2018_MiniAODv2_NanoAODv9-v3/EGamma_Run2018D-UL2018_MiniAODv2_NanoAODv9-v3_39_rsk.root
/afs/cern.ch/user/r/ryi/HEM1516/Leptoquarks/analyzer/rootNtupleAnalyzerV2/src/baseClass.C - Line 361 - readInputList: Initial number of events (current file,runningTotal): NBeforeSkim, NBeforeSkim_ = 18718366, 672064278
/afs/cern.ch/user/r/ryi/HEM1516/Leptoquarks/analyzer/rootNtupleAnalyzerV2/src/baseClass.C - Line 366 - readInputList: gen weight sum (current,total): = 0+/-0, 0+/-0
/afs/cern.ch/user/r/ryi/HEM1516/Leptoquarks/analyzer/rootNtupleAnalyzerV2/src/baseClass.C - Line 2149 - saveLHEPdfSumw: saveLHEPdfSumw
/afs/cern.ch/user/r/ryi/HEM1516/Leptoquarks/analyzer/rootNtupleAnalyzerV2/src/baseClass.C - Line 2179 - saveEventsPassingCuts: saveEventsPassingCuts
/afs/cern.ch/user/r/ryi/HEM1516/Leptoquarks/analyzer/rootNtupleAnalyzerV2/src/baseClass.C - Line 2034 - getGlobalInfoNstart: root://eoscms.cern.ch//eos/cms/store/group/phys_exotica/leptonsPlusJets/LQ/scooper/ultralegacy/skims/2018/rskDoubleEle_heep_20jun2023/EGamma_Run2018D-UL2018_MiniAODv2_NanoAODv9-v3/EGamma_Run2018D-UL2018_MiniAODv2_NanoAODv9-v3_40_rsk.root
/afs/cern.ch/user/r/ryi/HEM1516/Leptoquarks/analyzer/rootNtupleAnalyzerV2/src/baseClass.C - Line 361 - readInputList: Initial number of events (current file,runningTotal): NBeforeSkim, NBeforeSkim_ = 17113998, 689178276
/afs/cern.ch/user/r/ryi/HEM1516/Leptoquarks/analyzer/rootNtupleAnalyzerV2/src/baseClass.C - Line 366 - readInputList: gen weight sum (current,total): = 0+/-0, 0+/-0
/afs/cern.ch/user/r/ryi/HEM1516/Leptoquarks/analyzer/rootNtupleAnalyzerV2/src/baseClass.C - Line 2149 - saveLHEPdfSumw: saveLHEPdfSumw
/afs/cern.ch/user/r/ryi/HEM1516/Leptoquarks/analyzer/rootNtupleAnalyzerV2/src/baseClass.C - Line 2179 - saveEventsPassingCuts: saveEventsPassingCuts
/afs/cern.ch/user/r/ryi/HEM1516/Leptoquarks/analyzer/rootNtupleAnalyzerV2/src/baseClass.C - Line 2034 - getGlobalInfoNstart: root://eoscms.cern.ch//eos/cms/store/group/phys_exotica/leptonsPlusJets/LQ/scooper/ultralegacy/skims/2018/rskDoubleEle_heep_20jun2023/EGamma_Run2018D-UL2018_MiniAODv2_NanoAODv9-v3/EGamma_Run2018D-UL2018_MiniAODv2_NanoAODv9-v3_41_rsk.root
/afs/cern.ch/user/r/ryi/HEM1516/Leptoquarks/analyzer/rootNtupleAnalyzerV2/src/baseClass.C - Line 361 - readInputList: Initial number of events (current file,runningTotal): NBeforeSkim, NBeforeSkim_ = 18684157, 707862433
/afs/cern.ch/user/r/ryi/HEM1516/Leptoquarks/analyzer/rootNtupleAnalyzerV2/src/baseClass.C - Line 366 - readInputList: gen weight sum (current,total): = 0+/-0, 0+/-0
/afs/cern.ch/user/r/ryi/HEM1516/Leptoquarks/analyzer/rootNtupleAnalyzerV2/src/baseClass.C - Line 2149 - saveLHEPdfSumw: saveLHEPdfSumw
/afs/cern.ch/user/r/ryi/HEM1516/Leptoquarks/analyzer/rootNtupleAnalyzerV2/src/baseClass.C - Line 2179 - saveEventsPassingCuts: saveEventsPassingCuts
/afs/cern.ch/user/r/ryi/HEM1516/Leptoquarks/analyzer/rootNtupleAnalyzerV2/src/baseClass.C - Line 2034 - getGlobalInfoNstart: root://eoscms.cern.ch//eos/cms/store/group/phys_exotica/leptonsPlusJets/LQ/scooper/ultralegacy/skims/2018/rskDoubleEle_heep_20jun2023/EGamma_Run2018D-UL2018_MiniAODv2_NanoAODv9-v3/EGamma_Run2018D-UL2018_MiniAODv2_NanoAODv9-v3_42_rsk.root
/afs/cern.ch/user/r/ryi/HEM1516/Leptoquarks/analyzer/rootNtupleAnalyzerV2/src/baseClass.C - Line 361 - readInputList: Initial number of events (current file,runningTotal): NBeforeSkim, NBeforeSkim_ = 19040164, 726902597
/afs/cern.ch/user/r/ryi/HEM1516/Leptoquarks/analyzer/rootNtupleAnalyzerV2/src/baseClass.C - Line 366 - readInputList: gen weight sum (current,total): = 0+/-0, 0+/-0
/afs/cern.ch/user/r/ryi/HEM1516/Leptoquarks/analyzer/rootNtupleAnalyzerV2/src/baseClass.C - Line 2149 - saveLHEPdfSumw: saveLHEPdfSumw
/afs/cern.ch/user/r/ryi/HEM1516/Leptoquarks/analyzer/rootNtupleAnalyzerV2/src/baseClass.C - Line 2179 - saveEventsPassingCuts: saveEventsPassingCuts
/afs/cern.ch/user/r/ryi/HEM1516/Leptoquarks/analyzer/rootNtupleAnalyzerV2/src/baseClass.C - Line 2034 - getGlobalInfoNstart: root://eoscms.cern.ch//eos/cms/store/group/phys_exotica/leptonsPlusJets/LQ/scooper/ultralegacy/skims/2018/rskDoubleEle_heep_20jun2023/EGamma_Run2018D-UL2018_MiniAODv2_NanoAODv9-v3/EGamma_Run2018D-UL2018_MiniAODv2_NanoAODv9-v3_43_rsk.root
/afs/cern.ch/user/r/ryi/HEM1516/Leptoquarks/analyzer/rootNtupleAnalyzerV2/src/baseClass.C - Line 361 - readInputList: Initial number of events (current file,runningTotal): NBeforeSkim, NBeforeSkim_ = 18625552, 745528149
/afs/cern.ch/user/r/ryi/HEM1516/Leptoquarks/analyzer/rootNtupleAnalyzerV2/src/baseClass.C - Line 366 - readInputList: gen weight sum (current,total): = 0+/-0, 0+/-0
/afs/cern.ch/user/r/ryi/HEM1516/Leptoquarks/analyzer/rootNtupleAnalyzerV2/src/baseClass.C - Line 2149 - saveLHEPdfSumw: saveLHEPdfSumw
/afs/cern.ch/user/r/ryi/HEM1516/Leptoquarks/analyzer/rootNtupleAnalyzerV2/src/baseClass.C - Line 2179 - saveEventsPassingCuts: saveEventsPassingCuts
/afs/cern.ch/user/r/ryi/HEM1516/Leptoquarks/analyzer/rootNtupleAnalyzerV2/src/baseClass.C - Line 2034 - getGlobalInfoNstart: root://eoscms.cern.ch//eos/cms/store/group/phys_exotica/leptonsPlusJets/LQ/scooper/ultralegacy/skims/2018/rskDoubleEle_heep_20jun2023/EGamma_Run2018D-UL2018_MiniAODv2_NanoAODv9-v3/EGamma_Run2018D-UL2018_MiniAODv2_NanoAODv9-v3_44_rsk.root
/afs/cern.ch/user/r/ryi/HEM1516/Leptoquarks/analyzer/rootNtupleAnalyzerV2/src/baseClass.C - Line 361 - readInputList: Initial number of events (current file,runningTotal): NBeforeSkim, NBeforeSkim_ = 6996434, 752524583
/afs/cern.ch/user/r/ryi/HEM1516/Leptoquarks/analyzer/rootNtupleAnalyzerV2/src/baseClass.C - Line 366 - readInputList: gen weight sum (current,total): = 0+/-0, 0+/-0
/afs/cern.ch/user/r/ryi/HEM1516/Leptoquarks/analyzer/rootNtupleAnalyzerV2/src/baseClass.C - Line 2149 - saveLHEPdfSumw: saveLHEPdfSumw
/afs/cern.ch/user/r/ryi/HEM1516/Leptoquarks/analyzer/rootNtupleAnalyzerV2/src/baseClass.C - Line 2179 - saveEventsPassingCuts: saveEventsPassingCuts
/afs/cern.ch/user/r/ryi/HEM1516/Leptoquarks/analyzer/rootNtupleAnalyzerV2/src/baseClass.C - Line 389 - readCutFile: Reading cutFile_ = cutTable_lq_eejj_jet2_eta_in_phi_out.txt
/afs/cern.ch/user/r/ryi/HEM1516/Leptoquarks/analyzer/rootNtupleAnalyzerV2/src/baseClass.C - Line 422 - readCutFile: Getting JSON file: certifiedGolden_11mar2020_2016_2017_2018.json
/afs/cern.ch/user/r/ryi/HEM1516/Leptoquarks/analyzer/rootNtupleAnalyzerV2/src/baseClass.C - Line 670 - readCutFile: baseClass::readCutFile: Finished reading cutFile: cutTable_lq_eejj_jet2_eta_in_phi_out.txt
/afs/cern.ch/user/r/ryi/HEM1516/Leptoquarks/analyzer/rootNtupleAnalyzerV2/src/baseClass.C - Line 2506 - getSkimPreCutValue: getSkimPreCutValue: (produceSkim): INFO -- found the precut string in the map with value: 1
/afs/cern.ch/user/r/ryi/HEM1516/Leptoquarks/analyzer/rootNtupleAnalyzerV2/src/baseClass.C - Line 2501 - getSkimPreCutValue: getSkimPreCutValue: (produceReducedSkim): INFO -- did not find the precut string in the map!
/afs/cern.ch/user/r/ryi/HEM1516/Leptoquarks/analyzer/rootNtupleAnalyzerV2/src/baseClass.C - Line 731 - readCutFile: INFO: found pre-existing EventsPassingSkimCuts profile.
/afs/cern.ch/user/r/ryi/HEM1516/Leptoquarks/analyzer/rootNtupleAnalyzerV2/src/baseClass.C - Line 736 - readCutFile: INFO: doing skim -- updating pre-existing EventsPassingSkimCuts profile.
/afs/cern.ch/user/r/ryi/HEM1516/Leptoquarks/analyzer/rootNtupleAnalyzerV2/src/baseClass.C - Line 45 - baseClass: ends
analysisClass::Loop() begins
analysisClass::analysisClass(): nentries = 8282266
analysisClass:Loop(): jentry = 0/8282266
analysisClass:Loop(): jentry = 1/8282266
analysisClass:Loop(): jentry = 2/8282266
analysisClass:Loop(): jentry = 3/8282266
analysisClass:Loop(): jentry = 4/8282266
analysisClass:Loop(): jentry = 5/8282266
analysisClass:Loop(): jentry = 6/8282266
analysisClass:Loop(): jentry = 7/8282266
analysisClass:Loop(): jentry = 8/8282266
analysisClass:Loop(): jentry = 9/8282266
analysisClass:Loop(): jentry = 10000/8282266
analysisClass:Loop(): jentry = 20000/8282266
analysisClass:Loop(): jentry = 30000/8282266
analysisClass:Loop(): jentry = 40000/8282266
analysisClass:Loop(): jentry = 50000/8282266
analysisClass:Loop(): jentry = 60000/8282266
analysisClass:Loop(): jentry = 70000/8282266
analysisClass:Loop(): jentry = 80000/8282266
analysisClass:Loop(): jentry = 90000/8282266
analysisClass:Loop(): jentry = 100000/8282266
analysisClass:Loop(): jentry = 110000/8282266
analysisClass:Loop(): jentry = 120000/8282266
analysisClass:Loop(): jentry = 130000/8282266
analysisClass:Loop(): jentry = 140000/8282266
analysisClass:Loop(): jentry = 150000/8282266
analysisClass:Loop(): jentry = 160000/8282266
analysisClass:Loop(): jentry = 170000/8282266
analysisClass:Loop(): jentry = 180000/8282266
analysisClass:Loop(): jentry = 190000/8282266
analysisClass:Loop(): jentry = 200000/8282266
analysisClass:Loop(): jentry = 210000/8282266
analysisClass:Loop(): jentry = 220000/8282266
analysisClass:Loop(): jentry = 230000/8282266
analysisClass:Loop(): jentry = 240000/8282266
analysisClass:Loop(): jentry = 250000/8282266
analysisClass:Loop(): jentry = 260000/8282266
analysisClass:Loop(): jentry = 270000/8282266
analysisClass:Loop(): jentry = 280000/8282266
analysisClass:Loop(): jentry = 290000/8282266
analysisClass:Loop(): jentry = 300000/8282266
analysisClass:Loop(): jentry = 310000/8282266
analysisClass:Loop(): jentry = 320000/8282266
analysisClass:Loop(): jentry = 330000/8282266
analysisClass:Loop(): jentry = 340000/8282266
analysisClass:Loop(): jentry = 350000/8282266
analysisClass:Loop(): jentry = 360000/8282266
analysisClass:Loop(): jentry = 370000/8282266
analysisClass:Loop(): jentry = 380000/8282266
analysisClass:Loop(): jentry = 390000/8282266
analysisClass:Loop(): jentry = 400000/8282266
analysisClass:Loop(): jentry = 410000/8282266
analysisClass:Loop(): jentry = 420000/8282266
analysisClass:Loop(): jentry = 430000/8282266
analysisClass:Loop(): jentry = 440000/8282266
analysisClass:Loop(): jentry = 450000/8282266
analysisClass:Loop(): jentry = 460000/8282266
analysisClass:Loop(): jentry = 470000/8282266
analysisClass:Loop(): jentry = 480000/8282266
analysisClass:Loop(): jentry = 490000/8282266
analysisClass:Loop(): jentry = 500000/8282266
analysisClass:Loop(): jentry = 510000/8282266
analysisClass:Loop(): jentry = 520000/8282266
analysisClass:Loop(): jentry = 530000/8282266
analysisClass:Loop(): jentry = 540000/8282266
analysisClass:Loop(): jentry = 550000/8282266
analysisClass:Loop(): jentry = 560000/8282266
analysisClass:Loop(): jentry = 570000/8282266
analysisClass:Loop(): jentry = 580000/8282266
analysisClass:Loop(): jentry = 590000/8282266
analysisClass:Loop(): jentry = 600000/8282266
analysisClass:Loop(): jentry = 610000/8282266
analysisClass:Loop(): jentry = 620000/8282266
analysisClass:Loop(): jentry = 630000/8282266
analysisClass:Loop(): jentry = 640000/8282266
analysisClass:Loop(): jentry = 650000/8282266
analysisClass:Loop(): jentry = 660000/8282266
analysisClass:Loop(): jentry = 670000/8282266
analysisClass:Loop(): jentry = 680000/8282266
analysisClass:Loop(): jentry = 690000/8282266
analysisClass:Loop(): jentry = 700000/8282266
analysisClass:Loop(): jentry = 710000/8282266
analysisClass:Loop(): jentry = 720000/8282266
analysisClass:Loop(): jentry = 730000/8282266
analysisClass:Loop(): jentry = 740000/8282266
analysisClass:Loop(): jentry = 750000/8282266
analysisClass:Loop(): jentry = 760000/8282266
analysisClass:Loop(): jentry = 770000/8282266
analysisClass:Loop(): jentry = 780000/8282266
analysisClass:Loop(): jentry = 790000/8282266
analysisClass:Loop(): jentry = 800000/8282266
analysisClass:Loop(): jentry = 810000/8282266
analysisClass:Loop(): jentry = 820000/8282266
analysisClass:Loop(): jentry = 830000/8282266
analysisClass:Loop(): jentry = 840000/8282266
analysisClass:Loop(): jentry = 850000/8282266
analysisClass:Loop(): jentry = 860000/8282266
analysisClass:Loop(): jentry = 870000/8282266
analysisClass:Loop(): jentry = 880000/8282266
analysisClass:Loop(): jentry = 890000/8282266
analysisClass:Loop(): jentry = 900000/8282266
analysisClass:Loop(): jentry = 910000/8282266
analysisClass:Loop(): jentry = 920000/8282266
analysisClass:Loop(): jentry = 930000/8282266
analysisClass:Loop(): jentry = 940000/8282266
analysisClass:Loop(): jentry = 950000/8282266
analysisClass:Loop(): jentry = 960000/8282266
analysisClass:Loop(): jentry = 970000/8282266
analysisClass:Loop(): jentry = 980000/8282266
analysisClass:Loop(): jentry = 990000/8282266
analysisClass:Loop(): jentry = 1000000/8282266
analysisClass:Loop(): jentry = 1010000/8282266
analysisClass:Loop(): jentry = 1020000/8282266
analysisClass:Loop(): jentry = 1030000/8282266
analysisClass:Loop(): jentry = 1040000/8282266
analysisClass:Loop(): jentry = 1050000/8282266
analysisClass:Loop(): jentry = 1060000/8282266
analysisClass:Loop(): jentry = 1070000/8282266
analysisClass:Loop(): jentry = 1080000/8282266
analysisClass:Loop(): jentry = 1090000/8282266
analysisClass:Loop(): jentry = 1100000/8282266
analysisClass:Loop(): jentry = 1110000/8282266
analysisClass:Loop(): jentry = 1120000/8282266
analysisClass:Loop(): jentry = 1130000/8282266
analysisClass:Loop(): jentry = 1140000/8282266
analysisClass:Loop(): jentry = 1150000/8282266
analysisClass:Loop(): jentry = 1160000/8282266
analysisClass:Loop(): jentry = 1170000/8282266
analysisClass:Loop(): jentry = 1180000/8282266
analysisClass:Loop(): jentry = 1190000/8282266
analysisClass:Loop(): jentry = 1200000/8282266
analysisClass:Loop(): jentry = 1210000/8282266
analysisClass:Loop(): jentry = 1220000/8282266
analysisClass:Loop(): jentry = 1230000/8282266
analysisClass:Loop(): jentry = 1240000/8282266
analysisClass:Loop(): jentry = 1250000/8282266
analysisClass:Loop(): jentry = 1260000/8282266
analysisClass:Loop(): jentry = 1270000/8282266
analysisClass:Loop(): jentry = 1280000/8282266
analysisClass:Loop(): jentry = 1290000/8282266
analysisClass:Loop(): jentry = 1300000/8282266
analysisClass:Loop(): jentry = 1310000/8282266
analysisClass:Loop(): jentry = 1320000/8282266
analysisClass:Loop(): jentry = 1330000/8282266
analysisClass:Loop(): jentry = 1340000/8282266
analysisClass:Loop(): jentry = 1350000/8282266
analysisClass:Loop(): jentry = 1360000/8282266
analysisClass:Loop(): jentry = 1370000/8282266
analysisClass:Loop(): jentry = 1380000/8282266
analysisClass:Loop(): jentry = 1390000/8282266
analysisClass:Loop(): jentry = 1400000/8282266
analysisClass:Loop(): jentry = 1410000/8282266
analysisClass:Loop(): jentry = 1420000/8282266
analysisClass:Loop(): jentry = 1430000/8282266
analysisClass:Loop(): jentry = 1440000/8282266
analysisClass:Loop(): jentry = 1450000/8282266
analysisClass:Loop(): jentry = 1460000/8282266
analysisClass:Loop(): jentry = 1470000/8282266
analysisClass:Loop(): jentry = 1480000/8282266
analysisClass:Loop(): jentry = 1490000/8282266
analysisClass:Loop(): jentry = 1500000/8282266
analysisClass:Loop(): jentry = 1510000/8282266
analysisClass:Loop(): jentry = 1520000/8282266
analysisClass:Loop(): jentry = 1530000/8282266
analysisClass:Loop(): jentry = 1540000/8282266
analysisClass:Loop(): jentry = 1550000/8282266
analysisClass:Loop(): jentry = 1560000/8282266
analysisClass:Loop(): jentry = 1570000/8282266
analysisClass:Loop(): jentry = 1580000/8282266
analysisClass:Loop(): jentry = 1590000/8282266
analysisClass:Loop(): jentry = 1600000/8282266
analysisClass:Loop(): jentry = 1610000/8282266
analysisClass:Loop(): jentry = 1620000/8282266
analysisClass:Loop(): jentry = 1630000/8282266
analysisClass:Loop(): jentry = 1640000/8282266
analysisClass:Loop(): jentry = 1650000/8282266
analysisClass:Loop(): jentry = 1660000/8282266
analysisClass:Loop(): jentry = 1670000/8282266
analysisClass:Loop(): jentry = 1680000/8282266
analysisClass:Loop(): jentry = 1690000/8282266
analysisClass:Loop(): jentry = 1700000/8282266
analysisClass:Loop(): jentry = 1710000/8282266
analysisClass:Loop(): jentry = 1720000/8282266
analysisClass:Loop(): jentry = 1730000/8282266
analysisClass:Loop(): jentry = 1740000/8282266
analysisClass:Loop(): jentry = 1750000/8282266
analysisClass:Loop(): jentry = 1760000/8282266
analysisClass:Loop(): jentry = 1770000/8282266
analysisClass:Loop(): jentry = 1780000/8282266
analysisClass:Loop(): jentry = 1790000/8282266
analysisClass:Loop(): jentry = 1800000/8282266
analysisClass:Loop(): jentry = 1810000/8282266
analysisClass:Loop(): jentry = 1820000/8282266
analysisClass:Loop(): jentry = 1830000/8282266
analysisClass:Loop(): jentry = 1840000/8282266
analysisClass:Loop(): jentry = 1850000/8282266
analysisClass:Loop(): jentry = 1860000/8282266
analysisClass:Loop(): jentry = 1870000/8282266
analysisClass:Loop(): jentry = 1880000/8282266
analysisClass:Loop(): jentry = 1890000/8282266
analysisClass:Loop(): jentry = 1900000/8282266
analysisClass:Loop(): jentry = 1910000/8282266
analysisClass:Loop(): jentry = 1920000/8282266
analysisClass:Loop(): jentry = 1930000/8282266
analysisClass:Loop(): jentry = 1940000/8282266
analysisClass:Loop(): jentry = 1950000/8282266
analysisClass:Loop(): jentry = 1960000/8282266
analysisClass:Loop(): jentry = 1970000/8282266
analysisClass:Loop(): jentry = 1980000/8282266
analysisClass:Loop(): jentry = 1990000/8282266
analysisClass:Loop(): jentry = 2000000/8282266
analysisClass:Loop(): jentry = 2010000/8282266
analysisClass:Loop(): jentry = 2020000/8282266
analysisClass:Loop(): jentry = 2030000/8282266
analysisClass:Loop(): jentry = 2040000/8282266
analysisClass:Loop(): jentry = 2050000/8282266
analysisClass:Loop(): jentry = 2060000/8282266
analysisClass:Loop(): jentry = 2070000/8282266
analysisClass:Loop(): jentry = 2080000/8282266
analysisClass:Loop(): jentry = 2090000/8282266
analysisClass:Loop(): jentry = 2100000/8282266
analysisClass:Loop(): jentry = 2110000/8282266
analysisClass:Loop(): jentry = 2120000/8282266
analysisClass:Loop(): jentry = 2130000/8282266
analysisClass:Loop(): jentry = 2140000/8282266
analysisClass:Loop(): jentry = 2150000/8282266
analysisClass:Loop(): jentry = 2160000/8282266
analysisClass:Loop(): jentry = 2170000/8282266
analysisClass:Loop(): jentry = 2180000/8282266
analysisClass:Loop(): jentry = 2190000/8282266
analysisClass:Loop(): jentry = 2200000/8282266
analysisClass:Loop(): jentry = 2210000/8282266
analysisClass:Loop(): jentry = 2220000/8282266
analysisClass:Loop(): jentry = 2230000/8282266
analysisClass:Loop(): jentry = 2240000/8282266
analysisClass:Loop(): jentry = 2250000/8282266
analysisClass:Loop(): jentry = 2260000/8282266
analysisClass:Loop(): jentry = 2270000/8282266
analysisClass:Loop(): jentry = 2280000/8282266
analysisClass:Loop(): jentry = 2290000/8282266
analysisClass:Loop(): jentry = 2300000/8282266
analysisClass:Loop(): jentry = 2310000/8282266
analysisClass:Loop(): jentry = 2320000/8282266
analysisClass:Loop(): jentry = 2330000/8282266
analysisClass:Loop(): jentry = 2340000/8282266
analysisClass:Loop(): jentry = 2350000/8282266
analysisClass:Loop(): jentry = 2360000/8282266
analysisClass:Loop(): jentry = 2370000/8282266
analysisClass:Loop(): jentry = 2380000/8282266
analysisClass:Loop(): jentry = 2390000/8282266
analysisClass:Loop(): jentry = 2400000/8282266
analysisClass:Loop(): jentry = 2410000/8282266
analysisClass:Loop(): jentry = 2420000/8282266
analysisClass:Loop(): jentry = 2430000/8282266
analysisClass:Loop(): jentry = 2440000/8282266
analysisClass:Loop(): jentry = 2450000/8282266
analysisClass:Loop(): jentry = 2460000/8282266
analysisClass:Loop(): jentry = 2470000/8282266
analysisClass:Loop(): jentry = 2480000/8282266
analysisClass:Loop(): jentry = 2490000/8282266
analysisClass:Loop(): jentry = 2500000/8282266
analysisClass:Loop(): jentry = 2510000/8282266
analysisClass:Loop(): jentry = 2520000/8282266
analysisClass:Loop(): jentry = 2530000/8282266
analysisClass:Loop(): jentry = 2540000/8282266
analysisClass:Loop(): jentry = 2550000/8282266
analysisClass:Loop(): jentry = 2560000/8282266
analysisClass:Loop(): jentry = 2570000/8282266
analysisClass:Loop(): jentry = 2580000/8282266
analysisClass:Loop(): jentry = 2590000/8282266
analysisClass:Loop(): jentry = 2600000/8282266
analysisClass:Loop(): jentry = 2610000/8282266
analysisClass:Loop(): jentry = 2620000/8282266
analysisClass:Loop(): jentry = 2630000/8282266
analysisClass:Loop(): jentry = 2640000/8282266
analysisClass:Loop(): jentry = 2650000/8282266
analysisClass:Loop(): jentry = 2660000/8282266
analysisClass:Loop(): jentry = 2670000/8282266
analysisClass:Loop(): jentry = 2680000/8282266
analysisClass:Loop(): jentry = 2690000/8282266
analysisClass:Loop(): jentry = 2700000/8282266
analysisClass:Loop(): jentry = 2710000/8282266
analysisClass:Loop(): jentry = 2720000/8282266
analysisClass:Loop(): jentry = 2730000/8282266
analysisClass:Loop(): jentry = 2740000/8282266
analysisClass:Loop(): jentry = 2750000/8282266
analysisClass:Loop(): jentry = 2760000/8282266
analysisClass:Loop(): jentry = 2770000/8282266
analysisClass:Loop(): jentry = 2780000/8282266
analysisClass:Loop(): jentry = 2790000/8282266
analysisClass:Loop(): jentry = 2800000/8282266
analysisClass:Loop(): jentry = 2810000/8282266
analysisClass:Loop(): jentry = 2820000/8282266
analysisClass:Loop(): jentry = 2830000/8282266
analysisClass:Loop(): jentry = 2840000/8282266
analysisClass:Loop(): jentry = 2850000/8282266
analysisClass:Loop(): jentry = 2860000/8282266
analysisClass:Loop(): jentry = 2870000/8282266
analysisClass:Loop(): jentry = 2880000/8282266
analysisClass:Loop(): jentry = 2890000/8282266
analysisClass:Loop(): jentry = 2900000/8282266
analysisClass:Loop(): jentry = 2910000/8282266
analysisClass:Loop(): jentry = 2920000/8282266
analysisClass:Loop(): jentry = 2930000/8282266
analysisClass:Loop(): jentry = 2940000/8282266
analysisClass:Loop(): jentry = 2950000/8282266
analysisClass:Loop(): jentry = 2960000/8282266
analysisClass:Loop(): jentry = 2970000/8282266
analysisClass:Loop(): jentry = 2980000/8282266
analysisClass:Loop(): jentry = 2990000/8282266
analysisClass:Loop(): jentry = 3000000/8282266
analysisClass:Loop(): jentry = 3010000/8282266
analysisClass:Loop(): jentry = 3020000/8282266
analysisClass:Loop(): jentry = 3030000/8282266
analysisClass:Loop(): jentry = 3040000/8282266
analysisClass:Loop(): jentry = 3050000/8282266
analysisClass:Loop(): jentry = 3060000/8282266
analysisClass:Loop(): jentry = 3070000/8282266
analysisClass:Loop(): jentry = 3080000/8282266
analysisClass:Loop(): jentry = 3090000/8282266
analysisClass:Loop(): jentry = 3100000/8282266
analysisClass:Loop(): jentry = 3110000/8282266
analysisClass:Loop(): jentry = 3120000/8282266
analysisClass:Loop(): jentry = 3130000/8282266
analysisClass:Loop(): jentry = 3140000/8282266
analysisClass:Loop(): jentry = 3150000/8282266
analysisClass:Loop(): jentry = 3160000/8282266
analysisClass:Loop(): jentry = 3170000/8282266
analysisClass:Loop(): jentry = 3180000/8282266
analysisClass:Loop(): jentry = 3190000/8282266
analysisClass:Loop(): jentry = 3200000/8282266
analysisClass:Loop(): jentry = 3210000/8282266
analysisClass:Loop(): jentry = 3220000/8282266
analysisClass:Loop(): jentry = 3230000/8282266
analysisClass:Loop(): jentry = 3240000/8282266
analysisClass:Loop(): jentry = 3250000/8282266
analysisClass:Loop(): jentry = 3260000/8282266
analysisClass:Loop(): jentry = 3270000/8282266
analysisClass:Loop(): jentry = 3280000/8282266
analysisClass:Loop(): jentry = 3290000/8282266
analysisClass:Loop(): jentry = 3300000/8282266
analysisClass:Loop(): jentry = 3310000/8282266
analysisClass:Loop(): jentry = 3320000/8282266
analysisClass:Loop(): jentry = 3330000/8282266
analysisClass:Loop(): jentry = 3340000/8282266
analysisClass:Loop(): jentry = 3350000/8282266
analysisClass:Loop(): jentry = 3360000/8282266
analysisClass:Loop(): jentry = 3370000/8282266
analysisClass:Loop(): jentry = 3380000/8282266
analysisClass:Loop(): jentry = 3390000/8282266
analysisClass:Loop(): jentry = 3400000/8282266
analysisClass:Loop(): jentry = 3410000/8282266
analysisClass:Loop(): jentry = 3420000/8282266
analysisClass:Loop(): jentry = 3430000/8282266
analysisClass:Loop(): jentry = 3440000/8282266
analysisClass:Loop(): jentry = 3450000/8282266
analysisClass:Loop(): jentry = 3460000/8282266
analysisClass:Loop(): jentry = 3470000/8282266
analysisClass:Loop(): jentry = 3480000/8282266
analysisClass:Loop(): jentry = 3490000/8282266
analysisClass:Loop(): jentry = 3500000/8282266
analysisClass:Loop(): jentry = 3510000/8282266
analysisClass:Loop(): jentry = 3520000/8282266
analysisClass:Loop(): jentry = 3530000/8282266
analysisClass:Loop(): jentry = 3540000/8282266
analysisClass:Loop(): jentry = 3550000/8282266
analysisClass:Loop(): jentry = 3560000/8282266
analysisClass:Loop(): jentry = 3570000/8282266
analysisClass:Loop(): jentry = 3580000/8282266
analysisClass:Loop(): jentry = 3590000/8282266
analysisClass:Loop(): jentry = 3600000/8282266
analysisClass:Loop(): jentry = 3610000/8282266
analysisClass:Loop(): jentry = 3620000/8282266
analysisClass:Loop(): jentry = 3630000/8282266
analysisClass:Loop(): jentry = 3640000/8282266
analysisClass:Loop(): jentry = 3650000/8282266
analysisClass:Loop(): jentry = 3660000/8282266
analysisClass:Loop(): jentry = 3670000/8282266
analysisClass:Loop(): jentry = 3680000/8282266
analysisClass:Loop(): jentry = 3690000/8282266
analysisClass:Loop(): jentry = 3700000/8282266
analysisClass:Loop(): jentry = 3710000/8282266
analysisClass:Loop(): jentry = 3720000/8282266
analysisClass:Loop(): jentry = 3730000/8282266
analysisClass:Loop(): jentry = 3740000/8282266
analysisClass:Loop(): jentry = 3750000/8282266
analysisClass:Loop(): jentry = 3760000/8282266
analysisClass:Loop(): jentry = 3770000/8282266
analysisClass:Loop(): jentry = 3780000/8282266
analysisClass:Loop(): jentry = 3790000/8282266
analysisClass:Loop(): jentry = 3800000/8282266
analysisClass:Loop(): jentry = 3810000/8282266
analysisClass:Loop(): jentry = 3820000/8282266
analysisClass:Loop(): jentry = 3830000/8282266
analysisClass:Loop(): jentry = 3840000/8282266
analysisClass:Loop(): jentry = 3850000/8282266
analysisClass:Loop(): jentry = 3860000/8282266
analysisClass:Loop(): jentry = 3870000/8282266
analysisClass:Loop(): jentry = 3880000/8282266
analysisClass:Loop(): jentry = 3890000/8282266
analysisClass:Loop(): jentry = 3900000/8282266
analysisClass:Loop(): jentry = 3910000/8282266
analysisClass:Loop(): jentry = 3920000/8282266
analysisClass:Loop(): jentry = 3930000/8282266
analysisClass:Loop(): jentry = 3940000/8282266
analysisClass:Loop(): jentry = 3950000/8282266
analysisClass:Loop(): jentry = 3960000/8282266
analysisClass:Loop(): jentry = 3970000/8282266
analysisClass:Loop(): jentry = 3980000/8282266
analysisClass:Loop(): jentry = 3990000/8282266
analysisClass:Loop(): jentry = 4000000/8282266
analysisClass:Loop(): jentry = 4010000/8282266
analysisClass:Loop(): jentry = 4020000/8282266
analysisClass:Loop(): jentry = 4030000/8282266
analysisClass:Loop(): jentry = 4040000/8282266
analysisClass:Loop(): jentry = 4050000/8282266
analysisClass:Loop(): jentry = 4060000/8282266
analysisClass:Loop(): jentry = 4070000/8282266
analysisClass:Loop(): jentry = 4080000/8282266
analysisClass:Loop(): jentry = 4090000/8282266
analysisClass:Loop(): jentry = 4100000/8282266
analysisClass:Loop(): jentry = 4110000/8282266
analysisClass:Loop(): jentry = 4120000/8282266
analysisClass:Loop(): jentry = 4130000/8282266
analysisClass:Loop(): jentry = 4140000/8282266
analysisClass:Loop(): jentry = 4150000/8282266
analysisClass:Loop(): jentry = 4160000/8282266
analysisClass:Loop(): jentry = 4170000/8282266
analysisClass:Loop(): jentry = 4180000/8282266
analysisClass:Loop(): jentry = 4190000/8282266
analysisClass:Loop(): jentry = 4200000/8282266
analysisClass:Loop(): jentry = 4210000/8282266
analysisClass:Loop(): jentry = 4220000/8282266
analysisClass:Loop(): jentry = 4230000/8282266
analysisClass:Loop(): jentry = 4240000/8282266
analysisClass:Loop(): jentry = 4250000/8282266
analysisClass:Loop(): jentry = 4260000/8282266
analysisClass:Loop(): jentry = 4270000/8282266
analysisClass:Loop(): jentry = 4280000/8282266
analysisClass:Loop(): jentry = 4290000/8282266
analysisClass:Loop(): jentry = 4300000/8282266
analysisClass:Loop(): jentry = 4310000/8282266
analysisClass:Loop(): jentry = 4320000/8282266
analysisClass:Loop(): jentry = 4330000/8282266
analysisClass:Loop(): jentry = 4340000/8282266
analysisClass:Loop(): jentry = 4350000/8282266
analysisClass:Loop(): jentry = 4360000/8282266
analysisClass:Loop(): jentry = 4370000/8282266
analysisClass:Loop(): jentry = 4380000/8282266
analysisClass:Loop(): jentry = 4390000/8282266
analysisClass:Loop(): jentry = 4400000/8282266
analysisClass:Loop(): jentry = 4410000/8282266
analysisClass:Loop(): jentry = 4420000/8282266
analysisClass:Loop(): jentry = 4430000/8282266
analysisClass:Loop(): jentry = 4440000/8282266
analysisClass:Loop(): jentry = 4450000/8282266
analysisClass:Loop(): jentry = 4460000/8282266
analysisClass:Loop(): jentry = 4470000/8282266
analysisClass:Loop(): jentry = 4480000/8282266
analysisClass:Loop(): jentry = 4490000/8282266
analysisClass:Loop(): jentry = 4500000/8282266
analysisClass:Loop(): jentry = 4510000/8282266
analysisClass:Loop(): jentry = 4520000/8282266
analysisClass:Loop(): jentry = 4530000/8282266
analysisClass:Loop(): jentry = 4540000/8282266
analysisClass:Loop(): jentry = 4550000/8282266
analysisClass:Loop(): jentry = 4560000/8282266
analysisClass:Loop(): jentry = 4570000/8282266
analysisClass:Loop(): jentry = 4580000/8282266
analysisClass:Loop(): jentry = 4590000/8282266
analysisClass:Loop(): jentry = 4600000/8282266
analysisClass:Loop(): jentry = 4610000/8282266
analysisClass:Loop(): jentry = 4620000/8282266
analysisClass:Loop(): jentry = 4630000/8282266
analysisClass:Loop(): jentry = 4640000/8282266
analysisClass:Loop(): jentry = 4650000/8282266
analysisClass:Loop(): jentry = 4660000/8282266
analysisClass:Loop(): jentry = 4670000/8282266
analysisClass:Loop(): jentry = 4680000/8282266
analysisClass:Loop(): jentry = 4690000/8282266
analysisClass:Loop(): jentry = 4700000/8282266
analysisClass:Loop(): jentry = 4710000/8282266
analysisClass:Loop(): jentry = 4720000/8282266
analysisClass:Loop(): jentry = 4730000/8282266
analysisClass:Loop(): jentry = 4740000/8282266
analysisClass:Loop(): jentry = 4750000/8282266
analysisClass:Loop(): jentry = 4760000/8282266
analysisClass:Loop(): jentry = 4770000/8282266
analysisClass:Loop(): jentry = 4780000/8282266
analysisClass:Loop(): jentry = 4790000/8282266
analysisClass:Loop(): jentry = 4800000/8282266
analysisClass:Loop(): jentry = 4810000/8282266
analysisClass:Loop(): jentry = 4820000/8282266
analysisClass:Loop(): jentry = 4830000/8282266
analysisClass:Loop(): jentry = 4840000/8282266
analysisClass:Loop(): jentry = 4850000/8282266
analysisClass:Loop(): jentry = 4860000/8282266
analysisClass:Loop(): jentry = 4870000/8282266
analysisClass:Loop(): jentry = 4880000/8282266
analysisClass:Loop(): jentry = 4890000/8282266
analysisClass:Loop(): jentry = 4900000/8282266
analysisClass:Loop(): jentry = 4910000/8282266
analysisClass:Loop(): jentry = 4920000/8282266
analysisClass:Loop(): jentry = 4930000/8282266
analysisClass:Loop(): jentry = 4940000/8282266
analysisClass:Loop(): jentry = 4950000/8282266
analysisClass:Loop(): jentry = 4960000/8282266
analysisClass:Loop(): jentry = 4970000/8282266
analysisClass:Loop(): jentry = 4980000/8282266
analysisClass:Loop(): jentry = 4990000/8282266
analysisClass:Loop(): jentry = 5000000/8282266
analysisClass:Loop(): jentry = 5010000/8282266
analysisClass:Loop(): jentry = 5020000/8282266
analysisClass:Loop(): jentry = 5030000/8282266
analysisClass:Loop(): jentry = 5040000/8282266
analysisClass:Loop(): jentry = 5050000/8282266
analysisClass:Loop(): jentry = 5060000/8282266
analysisClass:Loop(): jentry = 5070000/8282266
analysisClass:Loop(): jentry = 5080000/8282266
analysisClass:Loop(): jentry = 5090000/8282266
analysisClass:Loop(): jentry = 5100000/8282266
analysisClass:Loop(): jentry = 5110000/8282266
analysisClass:Loop(): jentry = 5120000/8282266
analysisClass:Loop(): jentry = 5130000/8282266
analysisClass:Loop(): jentry = 5140000/8282266
analysisClass:Loop(): jentry = 5150000/8282266
analysisClass:Loop(): jentry = 5160000/8282266
analysisClass:Loop(): jentry = 5170000/8282266
analysisClass:Loop(): jentry = 5180000/8282266
analysisClass:Loop(): jentry = 5190000/8282266
analysisClass:Loop(): jentry = 5200000/8282266
analysisClass:Loop(): jentry = 5210000/8282266
analysisClass:Loop(): jentry = 5220000/8282266
analysisClass:Loop(): jentry = 5230000/8282266
analysisClass:Loop(): jentry = 5240000/8282266
analysisClass:Loop(): jentry = 5250000/8282266
analysisClass:Loop(): jentry = 5260000/8282266
analysisClass:Loop(): jentry = 5270000/8282266
analysisClass:Loop(): jentry = 5280000/8282266
analysisClass:Loop(): jentry = 5290000/8282266
analysisClass:Loop(): jentry = 5300000/8282266
analysisClass:Loop(): jentry = 5310000/8282266
analysisClass:Loop(): jentry = 5320000/8282266
analysisClass:Loop(): jentry = 5330000/8282266
analysisClass:Loop(): jentry = 5340000/8282266
analysisClass:Loop(): jentry = 5350000/8282266
analysisClass:Loop(): jentry = 5360000/8282266
analysisClass:Loop(): jentry = 5370000/8282266
analysisClass:Loop(): jentry = 5380000/8282266
analysisClass:Loop(): jentry = 5390000/8282266
analysisClass:Loop(): jentry = 5400000/8282266
analysisClass:Loop(): jentry = 5410000/8282266
analysisClass:Loop(): jentry = 5420000/8282266
analysisClass:Loop(): jentry = 5430000/8282266
analysisClass:Loop(): jentry = 5440000/8282266
analysisClass:Loop(): jentry = 5450000/8282266
analysisClass:Loop(): jentry = 5460000/8282266
analysisClass:Loop(): jentry = 5470000/8282266
analysisClass:Loop(): jentry = 5480000/8282266
analysisClass:Loop(): jentry = 5490000/8282266
analysisClass:Loop(): jentry = 5500000/8282266
analysisClass:Loop(): jentry = 5510000/8282266
analysisClass:Loop(): jentry = 5520000/8282266
analysisClass:Loop(): jentry = 5530000/8282266
analysisClass:Loop(): jentry = 5540000/8282266
analysisClass:Loop(): jentry = 5550000/8282266
analysisClass:Loop(): jentry = 5560000/8282266
analysisClass:Loop(): jentry = 5570000/8282266
analysisClass:Loop(): jentry = 5580000/8282266
analysisClass:Loop(): jentry = 5590000/8282266
analysisClass:Loop(): jentry = 5600000/8282266
analysisClass:Loop(): jentry = 5610000/8282266
analysisClass:Loop(): jentry = 5620000/8282266
analysisClass:Loop(): jentry = 5630000/8282266
analysisClass:Loop(): jentry = 5640000/8282266
analysisClass:Loop(): jentry = 5650000/8282266
analysisClass:Loop(): jentry = 5660000/8282266
analysisClass:Loop(): jentry = 5670000/8282266
analysisClass:Loop(): jentry = 5680000/8282266
analysisClass:Loop(): jentry = 5690000/8282266
analysisClass:Loop(): jentry = 5700000/8282266
analysisClass:Loop(): jentry = 5710000/8282266
analysisClass:Loop(): jentry = 5720000/8282266
analysisClass:Loop(): jentry = 5730000/8282266
analysisClass:Loop(): jentry = 5740000/8282266
analysisClass:Loop(): jentry = 5750000/8282266
analysisClass:Loop(): jentry = 5760000/8282266
analysisClass:Loop(): jentry = 5770000/8282266
analysisClass:Loop(): jentry = 5780000/8282266
analysisClass:Loop(): jentry = 5790000/8282266
analysisClass:Loop(): jentry = 5800000/8282266
analysisClass:Loop(): jentry = 5810000/8282266
analysisClass:Loop(): jentry = 5820000/8282266
analysisClass:Loop(): jentry = 5830000/8282266
analysisClass:Loop(): jentry = 5840000/8282266
analysisClass:Loop(): jentry = 5850000/8282266
analysisClass:Loop(): jentry = 5860000/8282266
analysisClass:Loop(): jentry = 5870000/8282266
analysisClass:Loop(): jentry = 5880000/8282266
analysisClass:Loop(): jentry = 5890000/8282266
analysisClass:Loop(): jentry = 5900000/8282266
analysisClass:Loop(): jentry = 5910000/8282266
analysisClass:Loop(): jentry = 5920000/8282266
analysisClass:Loop(): jentry = 5930000/8282266
analysisClass:Loop(): jentry = 5940000/8282266
analysisClass:Loop(): jentry = 5950000/8282266
analysisClass:Loop(): jentry = 5960000/8282266
analysisClass:Loop(): jentry = 5970000/8282266
analysisClass:Loop(): jentry = 5980000/8282266
analysisClass:Loop(): jentry = 5990000/8282266
analysisClass:Loop(): jentry = 6000000/8282266
analysisClass:Loop(): jentry = 6010000/8282266
analysisClass:Loop(): jentry = 6020000/8282266
analysisClass:Loop(): jentry = 6030000/8282266
analysisClass:Loop(): jentry = 6040000/8282266
analysisClass:Loop(): jentry = 6050000/8282266
analysisClass:Loop(): jentry = 6060000/8282266
analysisClass:Loop(): jentry = 6070000/8282266
analysisClass:Loop(): jentry = 6080000/8282266
analysisClass:Loop(): jentry = 6090000/8282266
analysisClass:Loop(): jentry = 6100000/8282266
analysisClass:Loop(): jentry = 6110000/8282266
analysisClass:Loop(): jentry = 6120000/8282266
analysisClass:Loop(): jentry = 6130000/8282266
analysisClass:Loop(): jentry = 6140000/8282266
analysisClass:Loop(): jentry = 6150000/8282266
analysisClass:Loop(): jentry = 6160000/8282266
analysisClass:Loop(): jentry = 6170000/8282266
analysisClass:Loop(): jentry = 6180000/8282266
analysisClass:Loop(): jentry = 6190000/8282266
analysisClass:Loop(): jentry = 6200000/8282266
analysisClass:Loop(): jentry = 6210000/8282266
analysisClass:Loop(): jentry = 6220000/8282266
analysisClass:Loop(): jentry = 6230000/8282266
analysisClass:Loop(): jentry = 6240000/8282266
analysisClass:Loop(): jentry = 6250000/8282266
analysisClass:Loop(): jentry = 6260000/8282266
analysisClass:Loop(): jentry = 6270000/8282266
analysisClass:Loop(): jentry = 6280000/8282266
analysisClass:Loop(): jentry = 6290000/8282266
analysisClass:Loop(): jentry = 6300000/8282266
analysisClass:Loop(): jentry = 6310000/8282266
analysisClass:Loop(): jentry = 6320000/8282266
analysisClass:Loop(): jentry = 6330000/8282266
analysisClass:Loop(): jentry = 6340000/8282266
analysisClass:Loop(): jentry = 6350000/8282266
analysisClass:Loop(): jentry = 6360000/8282266
analysisClass:Loop(): jentry = 6370000/8282266
analysisClass:Loop(): jentry = 6380000/8282266
analysisClass:Loop(): jentry = 6390000/8282266
analysisClass:Loop(): jentry = 6400000/8282266
analysisClass:Loop(): jentry = 6410000/8282266
analysisClass:Loop(): jentry = 6420000/8282266
analysisClass:Loop(): jentry = 6430000/8282266
analysisClass:Loop(): jentry = 6440000/8282266
analysisClass:Loop(): jentry = 6450000/8282266
analysisClass:Loop(): jentry = 6460000/8282266
analysisClass:Loop(): jentry = 6470000/8282266
analysisClass:Loop(): jentry = 6480000/8282266
analysisClass:Loop(): jentry = 6490000/8282266
analysisClass:Loop(): jentry = 6500000/8282266
analysisClass:Loop(): jentry = 6510000/8282266
analysisClass:Loop(): jentry = 6520000/8282266
analysisClass:Loop(): jentry = 6530000/8282266
analysisClass:Loop(): jentry = 6540000/8282266
analysisClass:Loop(): jentry = 6550000/8282266
analysisClass:Loop(): jentry = 6560000/8282266
analysisClass:Loop(): jentry = 6570000/8282266
analysisClass:Loop(): jentry = 6580000/8282266
analysisClass:Loop(): jentry = 6590000/8282266
analysisClass:Loop(): jentry = 6600000/8282266
analysisClass:Loop(): jentry = 6610000/8282266
analysisClass:Loop(): jentry = 6620000/8282266
analysisClass:Loop(): jentry = 6630000/8282266
analysisClass:Loop(): jentry = 6640000/8282266
analysisClass:Loop(): jentry = 6650000/8282266
analysisClass:Loop(): jentry = 6660000/8282266
analysisClass:Loop(): jentry = 6670000/8282266
analysisClass:Loop(): jentry = 6680000/8282266
analysisClass:Loop(): jentry = 6690000/8282266
analysisClass:Loop(): jentry = 6700000/8282266
analysisClass:Loop(): jentry = 6710000/8282266
analysisClass:Loop(): jentry = 6720000/8282266
analysisClass:Loop(): jentry = 6730000/8282266
analysisClass:Loop(): jentry = 6740000/8282266
analysisClass:Loop(): jentry = 6750000/8282266
analysisClass:Loop(): jentry = 6760000/8282266
analysisClass:Loop(): jentry = 6770000/8282266
analysisClass:Loop(): jentry = 6780000/8282266
analysisClass:Loop(): jentry = 6790000/8282266
analysisClass:Loop(): jentry = 6800000/8282266
analysisClass:Loop(): jentry = 6810000/8282266
analysisClass:Loop(): jentry = 6820000/8282266
analysisClass:Loop(): jentry = 6830000/8282266
analysisClass:Loop(): jentry = 6840000/8282266
analysisClass:Loop(): jentry = 6850000/8282266
analysisClass:Loop(): jentry = 6860000/8282266
analysisClass:Loop(): jentry = 6870000/8282266
analysisClass:Loop(): jentry = 6880000/8282266
analysisClass:Loop(): jentry = 6890000/8282266
analysisClass:Loop(): jentry = 6900000/8282266
analysisClass:Loop(): jentry = 6910000/8282266
analysisClass:Loop(): jentry = 6920000/8282266
analysisClass:Loop(): jentry = 6930000/8282266
analysisClass:Loop(): jentry = 6940000/8282266
analysisClass:Loop(): jentry = 6950000/8282266
analysisClass:Loop(): jentry = 6960000/8282266
analysisClass:Loop(): jentry = 6970000/8282266
analysisClass:Loop(): jentry = 6980000/8282266
analysisClass:Loop(): jentry = 6990000/8282266
analysisClass:Loop(): jentry = 7000000/8282266
analysisClass:Loop(): jentry = 7010000/8282266
analysisClass:Loop(): jentry = 7020000/8282266
analysisClass:Loop(): jentry = 7030000/8282266
analysisClass:Loop(): jentry = 7040000/8282266
analysisClass:Loop(): jentry = 7050000/8282266
analysisClass:Loop(): jentry = 7060000/8282266
analysisClass:Loop(): jentry = 7070000/8282266
analysisClass:Loop(): jentry = 7080000/8282266
analysisClass:Loop(): jentry = 7090000/8282266
analysisClass:Loop(): jentry = 7100000/8282266
analysisClass:Loop(): jentry = 7110000/8282266
analysisClass:Loop(): jentry = 7120000/8282266
analysisClass:Loop(): jentry = 7130000/8282266
analysisClass:Loop(): jentry = 7140000/8282266
analysisClass:Loop(): jentry = 7150000/8282266
analysisClass:Loop(): jentry = 7160000/8282266
analysisClass:Loop(): jentry = 7170000/8282266
analysisClass:Loop(): jentry = 7180000/8282266
analysisClass:Loop(): jentry = 7190000/8282266
analysisClass:Loop(): jentry = 7200000/8282266
analysisClass:Loop(): jentry = 7210000/8282266
analysisClass:Loop(): jentry = 7220000/8282266
analysisClass:Loop(): jentry = 7230000/8282266
analysisClass:Loop(): jentry = 7240000/8282266
analysisClass:Loop(): jentry = 7250000/8282266
analysisClass:Loop(): jentry = 7260000/8282266
analysisClass:Loop(): jentry = 7270000/8282266
analysisClass:Loop(): jentry = 7280000/8282266
analysisClass:Loop(): jentry = 7290000/8282266
analysisClass:Loop(): jentry = 7300000/8282266
analysisClass:Loop(): jentry = 7310000/8282266
analysisClass:Loop(): jentry = 7320000/8282266
analysisClass:Loop(): jentry = 7330000/8282266
analysisClass:Loop(): jentry = 7340000/8282266
analysisClass:Loop(): jentry = 7350000/8282266
analysisClass:Loop(): jentry = 7360000/8282266
analysisClass:Loop(): jentry = 7370000/8282266
analysisClass:Loop(): jentry = 7380000/8282266
analysisClass:Loop(): jentry = 7390000/8282266
analysisClass:Loop(): jentry = 7400000/8282266
analysisClass:Loop(): jentry = 7410000/8282266
analysisClass:Loop(): jentry = 7420000/8282266
analysisClass:Loop(): jentry = 7430000/8282266
analysisClass:Loop(): jentry = 7440000/8282266
analysisClass:Loop(): jentry = 7450000/8282266
analysisClass:Loop(): jentry = 7460000/8282266
analysisClass:Loop(): jentry = 7470000/8282266
analysisClass:Loop(): jentry = 7480000/8282266
analysisClass:Loop(): jentry = 7490000/8282266
analysisClass:Loop(): jentry = 7500000/8282266
analysisClass:Loop(): jentry = 7510000/8282266
analysisClass:Loop(): jentry = 7520000/8282266
analysisClass:Loop(): jentry = 7530000/8282266
analysisClass:Loop(): jentry = 7540000/8282266
analysisClass:Loop(): jentry = 7550000/8282266
analysisClass:Loop(): jentry = 7560000/8282266
analysisClass:Loop(): jentry = 7570000/8282266
analysisClass:Loop(): jentry = 7580000/8282266
analysisClass:Loop(): jentry = 7590000/8282266
analysisClass:Loop(): jentry = 7600000/8282266
analysisClass:Loop(): jentry = 7610000/8282266
analysisClass:Loop(): jentry = 7620000/8282266
analysisClass:Loop(): jentry = 7630000/8282266
analysisClass:Loop(): jentry = 7640000/8282266
analysisClass:Loop(): jentry = 7650000/8282266
analysisClass:Loop(): jentry = 7660000/8282266
analysisClass:Loop(): jentry = 7670000/8282266
analysisClass:Loop(): jentry = 7680000/8282266
analysisClass:Loop(): jentry = 7690000/8282266
analysisClass:Loop(): jentry = 7700000/8282266
analysisClass:Loop(): jentry = 7710000/8282266
analysisClass:Loop(): jentry = 7720000/8282266
analysisClass:Loop(): jentry = 7730000/8282266
analysisClass:Loop(): jentry = 7740000/8282266
analysisClass:Loop(): jentry = 7750000/8282266
analysisClass:Loop(): jentry = 7760000/8282266
analysisClass:Loop(): jentry = 7770000/8282266
analysisClass:Loop(): jentry = 7780000/8282266
analysisClass:Loop(): jentry = 7790000/8282266
analysisClass:Loop(): jentry = 7800000/8282266
analysisClass:Loop(): jentry = 7810000/8282266
analysisClass:Loop(): jentry = 7820000/8282266
analysisClass:Loop(): jentry = 7830000/8282266
analysisClass:Loop(): jentry = 7840000/8282266
analysisClass:Loop(): jentry = 7850000/8282266
analysisClass:Loop(): jentry = 7860000/8282266
analysisClass:Loop(): jentry = 7870000/8282266
analysisClass:Loop(): jentry = 7880000/8282266
analysisClass:Loop(): jentry = 7890000/8282266
analysisClass:Loop(): jentry = 7900000/8282266
analysisClass:Loop(): jentry = 7910000/8282266
analysisClass:Loop(): jentry = 7920000/8282266
analysisClass:Loop(): jentry = 7930000/8282266
analysisClass:Loop(): jentry = 7940000/8282266
analysisClass:Loop(): jentry = 7950000/8282266
analysisClass:Loop(): jentry = 7960000/8282266
analysisClass:Loop(): jentry = 7970000/8282266
analysisClass:Loop(): jentry = 7980000/8282266
analysisClass:Loop(): jentry = 7990000/8282266
analysisClass:Loop(): jentry = 8000000/8282266
analysisClass:Loop(): jentry = 8010000/8282266
analysisClass:Loop(): jentry = 8020000/8282266
analysisClass:Loop(): jentry = 8030000/8282266
analysisClass:Loop(): jentry = 8040000/8282266
analysisClass:Loop(): jentry = 8050000/8282266
analysisClass:Loop(): jentry = 8060000/8282266
analysisClass:Loop(): jentry = 8070000/8282266
analysisClass:Loop(): jentry = 8080000/8282266
analysisClass:Loop(): jentry = 8090000/8282266
analysisClass:Loop(): jentry = 8100000/8282266
analysisClass:Loop(): jentry = 8110000/8282266
analysisClass:Loop(): jentry = 8120000/8282266
analysisClass:Loop(): jentry = 8130000/8282266
analysisClass:Loop(): jentry = 8140000/8282266
analysisClass:Loop(): jentry = 8150000/8282266
analysisClass:Loop(): jentry = 8160000/8282266
analysisClass:Loop(): jentry = 8170000/8282266
analysisClass:Loop(): jentry = 8180000/8282266
analysisClass:Loop(): jentry = 8190000/8282266
analysisClass:Loop(): jentry = 8200000/8282266
analysisClass:Loop(): jentry = 8210000/8282266
analysisClass:Loop(): jentry = 8220000/8282266
analysisClass:Loop(): jentry = 8230000/8282266
analysisClass:Loop(): jentry = 8240000/8282266
analysisClass:Loop(): jentry = 8250000/8282266
analysisClass:Loop(): jentry = 8260000/8282266
analysisClass:Loop(): jentry = 8270000/8282266
analysisClass:Loop(): jentry = 8280000/8282266
analysisClass::Loop() ends
analysisClass_lq_eejj___EGamma_Run2018D-UL2018_MiniAODv2_NanoAODv9-v3_0.root -> /afs/cern.ch/user/r/ryi/HEM1516/Leptoquarks/analyzer/rootNtupleAnalyzerV2/HEM1516study_Jet2_EtaInPhiOutHEM1516_UL/ultralegacy/analysis/2018/HEM1516study_Jet2_EtaInPhiOutHEM1516_UL/condor_cutTable_lq_eejj_jet2_eta_in_phi_out/analysisClass_lq_eejj___EGamma_Run2018D-UL2018_MiniAODv2_NanoAODv9-v3/output/analysisClass_lq_eejj___EGamma_Run2018D-UL2018_MiniAODv2_NanoAODv9-v3_0.root
removed analysisClass_lq_eejj___EGamma_Run2018D-UL2018_MiniAODv2_NanoAODv9-v3_0.root
analysisClass_lq_eejj___EGamma_Run2018D-UL2018_MiniAODv2_NanoAODv9-v3_0.dat -> /afs/cern.ch/user/r/ryi/HEM1516/Leptoquarks/analyzer/rootNtupleAnalyzerV2/HEM1516study_Jet2_EtaInPhiOutHEM1516_UL/ultralegacy/analysis/2018/HEM1516study_Jet2_EtaInPhiOutHEM1516_UL/condor_cutTable_lq_eejj_jet2_eta_in_phi_out/analysisClass_lq_eejj___EGamma_Run2018D-UL2018_MiniAODv2_NanoAODv9-v3/output/analysisClass_lq_eejj___EGamma_Run2018D-UL2018_MiniAODv2_NanoAODv9-v3_0.dat
removed analysisClass_lq_eejj___EGamma_Run2018D-UL2018_MiniAODv2_NanoAODv9-v3_0.dat
