/afs/cern.ch/user/r/ryi/HEM1516/Leptoquarks/analyzer/rootNtupleAnalyzerV2/src/baseClass.C - Line 28 - baseClass: begins
/afs/cern.ch/user/r/ryi/HEM1516/Leptoquarks/analyzer/rootNtupleAnalyzerV2/src/baseClass.C - Line 334 - readInputList: baseClass::readinputList(): inputList_ =  input_0.list
/afs/cern.ch/user/r/ryi/HEM1516/Leptoquarks/analyzer/rootNtupleAnalyzerV2/src/baseClass.C - Line 338 - readInputList: baseClass::readInputList: Starting reading list: input_0.list
/afs/cern.ch/user/r/ryi/HEM1516/Leptoquarks/analyzer/rootNtupleAnalyzerV2/src/baseClass.C - Line 354 - readInputList: baseClass::readInputList: Finished reading list: input_0.list
/afs/cern.ch/user/r/ryi/HEM1516/Leptoquarks/analyzer/rootNtupleAnalyzerV2/src/baseClass.C - Line 2034 - getGlobalInfoNstart: root://eoscms.cern.ch//eos/cms/store/group/phys_exotica/leptonsPlusJets/LQ/scooper/ultralegacy/skims/2018/rskDoubleEle_heep_20jun2023/DYJetsToLL_LHEFilterPtZ-0To50_MatchEWPDG20_TuneCP5_13TeV-amcatnloFXFX-pythia8/DYJetsToLL_LHEFilterPtZ-0To50_MatchEWPDG20_TuneCP5_13TeV-amcatnloFXFX-pythia8_0_rsk.root
/afs/cern.ch/user/r/ryi/HEM1516/Leptoquarks/analyzer/rootNtupleAnalyzerV2/src/baseClass.C - Line 361 - readInputList: Initial number of events (current file,runningTotal): NBeforeSkim, NBeforeSkim_ = 5407056, 5407056
/afs/cern.ch/user/r/ryi/HEM1516/Leptoquarks/analyzer/rootNtupleAnalyzerV2/src/baseClass.C - Line 366 - readInputList: gen weight sum (current,total): = 6.69496e+10+/-5.63617e+07, 6.69496e+10+/-5.63617e+07
/afs/cern.ch/user/r/ryi/HEM1516/Leptoquarks/analyzer/rootNtupleAnalyzerV2/src/baseClass.C - Line 2149 - saveLHEPdfSumw: saveLHEPdfSumw
/afs/cern.ch/user/r/ryi/HEM1516/Leptoquarks/analyzer/rootNtupleAnalyzerV2/src/baseClass.C - Line 2179 - saveEventsPassingCuts: saveEventsPassingCuts
/afs/cern.ch/user/r/ryi/HEM1516/Leptoquarks/analyzer/rootNtupleAnalyzerV2/src/baseClass.C - Line 2034 - getGlobalInfoNstart: root://eoscms.cern.ch//eos/cms/store/group/phys_exotica/leptonsPlusJets/LQ/scooper/ultralegacy/skims/2018/rskDoubleEle_heep_20jun2023/DYJetsToLL_LHEFilterPtZ-0To50_MatchEWPDG20_TuneCP5_13TeV-amcatnloFXFX-pythia8/DYJetsToLL_LHEFilterPtZ-0To50_MatchEWPDG20_TuneCP5_13TeV-amcatnloFXFX-pythia8_1_rsk.root
/afs/cern.ch/user/r/ryi/HEM1516/Leptoquarks/analyzer/rootNtupleAnalyzerV2/src/baseClass.C - Line 361 - readInputList: Initial number of events (current file,runningTotal): NBeforeSkim, NBeforeSkim_ = 3639111, 9046167
/afs/cern.ch/user/r/ryi/HEM1516/Leptoquarks/analyzer/rootNtupleAnalyzerV2/src/baseClass.C - Line 366 - readInputList: gen weight sum (current,total): = 4.50486e+10+/-4.62382e+07, 1.11998e+11+/-7.29014e+07
/afs/cern.ch/user/r/ryi/HEM1516/Leptoquarks/analyzer/rootNtupleAnalyzerV2/src/baseClass.C - Line 2149 - saveLHEPdfSumw: saveLHEPdfSumw
/afs/cern.ch/user/r/ryi/HEM1516/Leptoquarks/analyzer/rootNtupleAnalyzerV2/src/baseClass.C - Line 2179 - saveEventsPassingCuts: saveEventsPassingCuts
/afs/cern.ch/user/r/ryi/HEM1516/Leptoquarks/analyzer/rootNtupleAnalyzerV2/src/baseClass.C - Line 2034 - getGlobalInfoNstart: root://eoscms.cern.ch//eos/cms/store/group/phys_exotica/leptonsPlusJets/LQ/scooper/ultralegacy/skims/2018/rskDoubleEle_heep_20jun2023/DYJetsToLL_LHEFilterPtZ-0To50_MatchEWPDG20_TuneCP5_13TeV-amcatnloFXFX-pythia8/DYJetsToLL_LHEFilterPtZ-0To50_MatchEWPDG20_TuneCP5_13TeV-amcatnloFXFX-pythia8_2_rsk.root
/afs/cern.ch/user/r/ryi/HEM1516/Leptoquarks/analyzer/rootNtupleAnalyzerV2/src/baseClass.C - Line 361 - readInputList: Initial number of events (current file,runningTotal): NBeforeSkim, NBeforeSkim_ = 5458178, 14504345
/afs/cern.ch/user/r/ryi/HEM1516/Leptoquarks/analyzer/rootNtupleAnalyzerV2/src/baseClass.C - Line 366 - readInputList: gen weight sum (current,total): = 6.76316e+10+/-5.66275e+07, 1.7963e+11+/-9.23108e+07
/afs/cern.ch/user/r/ryi/HEM1516/Leptoquarks/analyzer/rootNtupleAnalyzerV2/src/baseClass.C - Line 2149 - saveLHEPdfSumw: saveLHEPdfSumw
/afs/cern.ch/user/r/ryi/HEM1516/Leptoquarks/analyzer/rootNtupleAnalyzerV2/src/baseClass.C - Line 2179 - saveEventsPassingCuts: saveEventsPassingCuts
/afs/cern.ch/user/r/ryi/HEM1516/Leptoquarks/analyzer/rootNtupleAnalyzerV2/src/baseClass.C - Line 2034 - getGlobalInfoNstart: root://eoscms.cern.ch//eos/cms/store/group/phys_exotica/leptonsPlusJets/LQ/scooper/ultralegacy/skims/2018/rskDoubleEle_heep_20jun2023/DYJetsToLL_LHEFilterPtZ-0To50_MatchEWPDG20_TuneCP5_13TeV-amcatnloFXFX-pythia8/DYJetsToLL_LHEFilterPtZ-0To50_MatchEWPDG20_TuneCP5_13TeV-amcatnloFXFX-pythia8_3_rsk.root
/afs/cern.ch/user/r/ryi/HEM1516/Leptoquarks/analyzer/rootNtupleAnalyzerV2/src/baseClass.C - Line 361 - readInputList: Initial number of events (current file,runningTotal): NBeforeSkim, NBeforeSkim_ = 3724816, 18229161
/afs/cern.ch/user/r/ryi/HEM1516/Leptoquarks/analyzer/rootNtupleAnalyzerV2/src/baseClass.C - Line 366 - readInputList: gen weight sum (current,total): = 4.61463e+10+/-4.67795e+07, 2.25776e+11+/-1.03487e+08
/afs/cern.ch/user/r/ryi/HEM1516/Leptoquarks/analyzer/rootNtupleAnalyzerV2/src/baseClass.C - Line 2149 - saveLHEPdfSumw: saveLHEPdfSumw
/afs/cern.ch/user/r/ryi/HEM1516/Leptoquarks/analyzer/rootNtupleAnalyzerV2/src/baseClass.C - Line 2179 - saveEventsPassingCuts: saveEventsPassingCuts
/afs/cern.ch/user/r/ryi/HEM1516/Leptoquarks/analyzer/rootNtupleAnalyzerV2/src/baseClass.C - Line 2034 - getGlobalInfoNstart: root://eoscms.cern.ch//eos/cms/store/group/phys_exotica/leptonsPlusJets/LQ/scooper/ultralegacy/skims/2018/rskDoubleEle_heep_20jun2023/DYJetsToLL_LHEFilterPtZ-0To50_MatchEWPDG20_TuneCP5_13TeV-amcatnloFXFX-pythia8/DYJetsToLL_LHEFilterPtZ-0To50_MatchEWPDG20_TuneCP5_13TeV-amcatnloFXFX-pythia8_4_rsk.root
/afs/cern.ch/user/r/ryi/HEM1516/Leptoquarks/analyzer/rootNtupleAnalyzerV2/src/baseClass.C - Line 361 - readInputList: Initial number of events (current file,runningTotal): NBeforeSkim, NBeforeSkim_ = 5524175, 23753336
/afs/cern.ch/user/r/ryi/HEM1516/Leptoquarks/analyzer/rootNtupleAnalyzerV2/src/baseClass.C - Line 366 - readInputList: gen weight sum (current,total): = 6.83339e+10+/-5.69688e+07, 2.9411e+11+/-1.18132e+08
/afs/cern.ch/user/r/ryi/HEM1516/Leptoquarks/analyzer/rootNtupleAnalyzerV2/src/baseClass.C - Line 2149 - saveLHEPdfSumw: saveLHEPdfSumw
/afs/cern.ch/user/r/ryi/HEM1516/Leptoquarks/analyzer/rootNtupleAnalyzerV2/src/baseClass.C - Line 2179 - saveEventsPassingCuts: saveEventsPassingCuts
/afs/cern.ch/user/r/ryi/HEM1516/Leptoquarks/analyzer/rootNtupleAnalyzerV2/src/baseClass.C - Line 2034 - getGlobalInfoNstart: root://eoscms.cern.ch//eos/cms/store/group/phys_exotica/leptonsPlusJets/LQ/scooper/ultralegacy/skims/2018/rskDoubleEle_heep_20jun2023/DYJetsToLL_LHEFilterPtZ-0To50_MatchEWPDG20_TuneCP5_13TeV-amcatnloFXFX-pythia8/DYJetsToLL_LHEFilterPtZ-0To50_MatchEWPDG20_TuneCP5_13TeV-amcatnloFXFX-pythia8_5_rsk.root
/afs/cern.ch/user/r/ryi/HEM1516/Leptoquarks/analyzer/rootNtupleAnalyzerV2/src/baseClass.C - Line 361 - readInputList: Initial number of events (current file,runningTotal): NBeforeSkim, NBeforeSkim_ = 3793304, 27546640
/afs/cern.ch/user/r/ryi/HEM1516/Leptoquarks/analyzer/rootNtupleAnalyzerV2/src/baseClass.C - Line 366 - readInputList: gen weight sum (current,total): = 4.70292e+10+/-4.72077e+07, 3.41139e+11+/-1.27215e+08
/afs/cern.ch/user/r/ryi/HEM1516/Leptoquarks/analyzer/rootNtupleAnalyzerV2/src/baseClass.C - Line 2149 - saveLHEPdfSumw: saveLHEPdfSumw
/afs/cern.ch/user/r/ryi/HEM1516/Leptoquarks/analyzer/rootNtupleAnalyzerV2/src/baseClass.C - Line 2179 - saveEventsPassingCuts: saveEventsPassingCuts
/afs/cern.ch/user/r/ryi/HEM1516/Leptoquarks/analyzer/rootNtupleAnalyzerV2/src/baseClass.C - Line 2034 - getGlobalInfoNstart: root://eoscms.cern.ch//eos/cms/store/group/phys_exotica/leptonsPlusJets/LQ/scooper/ultralegacy/skims/2018/rskDoubleEle_heep_20jun2023/DYJetsToLL_LHEFilterPtZ-0To50_MatchEWPDG20_TuneCP5_13TeV-amcatnloFXFX-pythia8/DYJetsToLL_LHEFilterPtZ-0To50_MatchEWPDG20_TuneCP5_13TeV-amcatnloFXFX-pythia8_6_rsk.root
/afs/cern.ch/user/r/ryi/HEM1516/Leptoquarks/analyzer/rootNtupleAnalyzerV2/src/baseClass.C - Line 361 - readInputList: Initial number of events (current file,runningTotal): NBeforeSkim, NBeforeSkim_ = 5528949, 33075589
/afs/cern.ch/user/r/ryi/HEM1516/Leptoquarks/analyzer/rootNtupleAnalyzerV2/src/baseClass.C - Line 366 - readInputList: gen weight sum (current,total): = 6.84209e+10+/-5.69934e+07, 4.0956e+11+/-1.39398e+08
/afs/cern.ch/user/r/ryi/HEM1516/Leptoquarks/analyzer/rootNtupleAnalyzerV2/src/baseClass.C - Line 2149 - saveLHEPdfSumw: saveLHEPdfSumw
/afs/cern.ch/user/r/ryi/HEM1516/Leptoquarks/analyzer/rootNtupleAnalyzerV2/src/baseClass.C - Line 2179 - saveEventsPassingCuts: saveEventsPassingCuts
/afs/cern.ch/user/r/ryi/HEM1516/Leptoquarks/analyzer/rootNtupleAnalyzerV2/src/baseClass.C - Line 2034 - getGlobalInfoNstart: root://eoscms.cern.ch//eos/cms/store/group/phys_exotica/leptonsPlusJets/LQ/scooper/ultralegacy/skims/2018/rskDoubleEle_heep_20jun2023/DYJetsToLL_LHEFilterPtZ-0To50_MatchEWPDG20_TuneCP5_13TeV-amcatnloFXFX-pythia8/DYJetsToLL_LHEFilterPtZ-0To50_MatchEWPDG20_TuneCP5_13TeV-amcatnloFXFX-pythia8_7_rsk.root
/afs/cern.ch/user/r/ryi/HEM1516/Leptoquarks/analyzer/rootNtupleAnalyzerV2/src/baseClass.C - Line 361 - readInputList: Initial number of events (current file,runningTotal): NBeforeSkim, NBeforeSkim_ = 3805510, 36881099
/afs/cern.ch/user/r/ryi/HEM1516/Leptoquarks/analyzer/rootNtupleAnalyzerV2/src/baseClass.C - Line 366 - readInputList: gen weight sum (current,total): = 4.7103e+10+/-4.72835e+07, 4.56663e+11+/-1.47199e+08
/afs/cern.ch/user/r/ryi/HEM1516/Leptoquarks/analyzer/rootNtupleAnalyzerV2/src/baseClass.C - Line 2149 - saveLHEPdfSumw: saveLHEPdfSumw
/afs/cern.ch/user/r/ryi/HEM1516/Leptoquarks/analyzer/rootNtupleAnalyzerV2/src/baseClass.C - Line 2179 - saveEventsPassingCuts: saveEventsPassingCuts
/afs/cern.ch/user/r/ryi/HEM1516/Leptoquarks/analyzer/rootNtupleAnalyzerV2/src/baseClass.C - Line 2034 - getGlobalInfoNstart: root://eoscms.cern.ch//eos/cms/store/group/phys_exotica/leptonsPlusJets/LQ/scooper/ultralegacy/skims/2018/rskDoubleEle_heep_20jun2023/DYJetsToLL_LHEFilterPtZ-0To50_MatchEWPDG20_TuneCP5_13TeV-amcatnloFXFX-pythia8/DYJetsToLL_LHEFilterPtZ-0To50_MatchEWPDG20_TuneCP5_13TeV-amcatnloFXFX-pythia8_8_rsk.root
/afs/cern.ch/user/r/ryi/HEM1516/Leptoquarks/analyzer/rootNtupleAnalyzerV2/src/baseClass.C - Line 361 - readInputList: Initial number of events (current file,runningTotal): NBeforeSkim, NBeforeSkim_ = 5450946, 42332045
/afs/cern.ch/user/r/ryi/HEM1516/Leptoquarks/analyzer/rootNtupleAnalyzerV2/src/baseClass.C - Line 366 - readInputList: gen weight sum (current,total): = 6.75085e+10+/-5.659e+07, 5.24172e+11+/-1.57702e+08
/afs/cern.ch/user/r/ryi/HEM1516/Leptoquarks/analyzer/rootNtupleAnalyzerV2/src/baseClass.C - Line 2149 - saveLHEPdfSumw: saveLHEPdfSumw
/afs/cern.ch/user/r/ryi/HEM1516/Leptoquarks/analyzer/rootNtupleAnalyzerV2/src/baseClass.C - Line 2179 - saveEventsPassingCuts: saveEventsPassingCuts
/afs/cern.ch/user/r/ryi/HEM1516/Leptoquarks/analyzer/rootNtupleAnalyzerV2/src/baseClass.C - Line 2034 - getGlobalInfoNstart: root://eoscms.cern.ch//eos/cms/store/group/phys_exotica/leptonsPlusJets/LQ/scooper/ultralegacy/skims/2018/rskDoubleEle_heep_20jun2023/DYJetsToLL_LHEFilterPtZ-0To50_MatchEWPDG20_TuneCP5_13TeV-amcatnloFXFX-pythia8/DYJetsToLL_LHEFilterPtZ-0To50_MatchEWPDG20_TuneCP5_13TeV-amcatnloFXFX-pythia8_9_rsk.root
/afs/cern.ch/user/r/ryi/HEM1516/Leptoquarks/analyzer/rootNtupleAnalyzerV2/src/baseClass.C - Line 361 - readInputList: Initial number of events (current file,runningTotal): NBeforeSkim, NBeforeSkim_ = 3843464, 46175509
/afs/cern.ch/user/r/ryi/HEM1516/Leptoquarks/analyzer/rootNtupleAnalyzerV2/src/baseClass.C - Line 366 - readInputList: gen weight sum (current,total): = 4.75758e+10+/-4.75188e+07, 5.71748e+11+/-1.64706e+08
/afs/cern.ch/user/r/ryi/HEM1516/Leptoquarks/analyzer/rootNtupleAnalyzerV2/src/baseClass.C - Line 2149 - saveLHEPdfSumw: saveLHEPdfSumw
/afs/cern.ch/user/r/ryi/HEM1516/Leptoquarks/analyzer/rootNtupleAnalyzerV2/src/baseClass.C - Line 2179 - saveEventsPassingCuts: saveEventsPassingCuts
/afs/cern.ch/user/r/ryi/HEM1516/Leptoquarks/analyzer/rootNtupleAnalyzerV2/src/baseClass.C - Line 2034 - getGlobalInfoNstart: root://eoscms.cern.ch//eos/cms/store/group/phys_exotica/leptonsPlusJets/LQ/scooper/ultralegacy/skims/2018/rskDoubleEle_heep_20jun2023/DYJetsToLL_LHEFilterPtZ-0To50_MatchEWPDG20_TuneCP5_13TeV-amcatnloFXFX-pythia8/DYJetsToLL_LHEFilterPtZ-0To50_MatchEWPDG20_TuneCP5_13TeV-amcatnloFXFX-pythia8_10_rsk.root
/afs/cern.ch/user/r/ryi/HEM1516/Leptoquarks/analyzer/rootNtupleAnalyzerV2/src/baseClass.C - Line 361 - readInputList: Initial number of events (current file,runningTotal): NBeforeSkim, NBeforeSkim_ = 5454197, 51629706
/afs/cern.ch/user/r/ryi/HEM1516/Leptoquarks/analyzer/rootNtupleAnalyzerV2/src/baseClass.C - Line 366 - readInputList: gen weight sum (current,total): = 6.75846e+10+/-5.66069e+07, 6.39332e+11+/-1.74162e+08
/afs/cern.ch/user/r/ryi/HEM1516/Leptoquarks/analyzer/rootNtupleAnalyzerV2/src/baseClass.C - Line 2149 - saveLHEPdfSumw: saveLHEPdfSumw
/afs/cern.ch/user/r/ryi/HEM1516/Leptoquarks/analyzer/rootNtupleAnalyzerV2/src/baseClass.C - Line 2179 - saveEventsPassingCuts: saveEventsPassingCuts
/afs/cern.ch/user/r/ryi/HEM1516/Leptoquarks/analyzer/rootNtupleAnalyzerV2/src/baseClass.C - Line 2034 - getGlobalInfoNstart: root://eoscms.cern.ch//eos/cms/store/group/phys_exotica/leptonsPlusJets/LQ/scooper/ultralegacy/skims/2018/rskDoubleEle_heep_20jun2023/DYJetsToLL_LHEFilterPtZ-0To50_MatchEWPDG20_TuneCP5_13TeV-amcatnloFXFX-pythia8/DYJetsToLL_LHEFilterPtZ-0To50_MatchEWPDG20_TuneCP5_13TeV-amcatnloFXFX-pythia8_11_rsk.root
/afs/cern.ch/user/r/ryi/HEM1516/Leptoquarks/analyzer/rootNtupleAnalyzerV2/src/baseClass.C - Line 361 - readInputList: Initial number of events (current file,runningTotal): NBeforeSkim, NBeforeSkim_ = 3841101, 55470807
/afs/cern.ch/user/r/ryi/HEM1516/Leptoquarks/analyzer/rootNtupleAnalyzerV2/src/baseClass.C - Line 366 - readInputList: gen weight sum (current,total): = 4.75153e+10+/-4.75041e+07, 6.86847e+11+/-1.80524e+08
/afs/cern.ch/user/r/ryi/HEM1516/Leptoquarks/analyzer/rootNtupleAnalyzerV2/src/baseClass.C - Line 2149 - saveLHEPdfSumw: saveLHEPdfSumw
/afs/cern.ch/user/r/ryi/HEM1516/Leptoquarks/analyzer/rootNtupleAnalyzerV2/src/baseClass.C - Line 2179 - saveEventsPassingCuts: saveEventsPassingCuts
/afs/cern.ch/user/r/ryi/HEM1516/Leptoquarks/analyzer/rootNtupleAnalyzerV2/src/baseClass.C - Line 2034 - getGlobalInfoNstart: root://eoscms.cern.ch//eos/cms/store/group/phys_exotica/leptonsPlusJets/LQ/scooper/ultralegacy/skims/2018/rskDoubleEle_heep_20jun2023/DYJetsToLL_LHEFilterPtZ-0To50_MatchEWPDG20_TuneCP5_13TeV-amcatnloFXFX-pythia8/DYJetsToLL_LHEFilterPtZ-0To50_MatchEWPDG20_TuneCP5_13TeV-amcatnloFXFX-pythia8_12_rsk.root
/afs/cern.ch/user/r/ryi/HEM1516/Leptoquarks/analyzer/rootNtupleAnalyzerV2/src/baseClass.C - Line 361 - readInputList: Initial number of events (current file,runningTotal): NBeforeSkim, NBeforeSkim_ = 4948397, 60419204
/afs/cern.ch/user/r/ryi/HEM1516/Leptoquarks/analyzer/rootNtupleAnalyzerV2/src/baseClass.C - Line 366 - readInputList: gen weight sum (current,total): = 6.12987e+10+/-5.39183e+07, 7.48146e+11+/-1.88404e+08
/afs/cern.ch/user/r/ryi/HEM1516/Leptoquarks/analyzer/rootNtupleAnalyzerV2/src/baseClass.C - Line 2149 - saveLHEPdfSumw: saveLHEPdfSumw
/afs/cern.ch/user/r/ryi/HEM1516/Leptoquarks/analyzer/rootNtupleAnalyzerV2/src/baseClass.C - Line 2179 - saveEventsPassingCuts: saveEventsPassingCuts
/afs/cern.ch/user/r/ryi/HEM1516/Leptoquarks/analyzer/rootNtupleAnalyzerV2/src/baseClass.C - Line 2034 - getGlobalInfoNstart: root://eoscms.cern.ch//eos/cms/store/group/phys_exotica/leptonsPlusJets/LQ/scooper/ultralegacy/skims/2018/rskDoubleEle_heep_20jun2023/DYJetsToLL_LHEFilterPtZ-0To50_MatchEWPDG20_TuneCP5_13TeV-amcatnloFXFX-pythia8/DYJetsToLL_LHEFilterPtZ-0To50_MatchEWPDG20_TuneCP5_13TeV-amcatnloFXFX-pythia8_13_rsk.root
/afs/cern.ch/user/r/ryi/HEM1516/Leptoquarks/analyzer/rootNtupleAnalyzerV2/src/baseClass.C - Line 361 - readInputList: Initial number of events (current file,runningTotal): NBeforeSkim, NBeforeSkim_ = 3553591, 63972795
/afs/cern.ch/user/r/ryi/HEM1516/Leptoquarks/analyzer/rootNtupleAnalyzerV2/src/baseClass.C - Line 366 - readInputList: gen weight sum (current,total): = 4.40248e+10+/-4.56917e+07, 7.92171e+11+/-1.93866e+08
/afs/cern.ch/user/r/ryi/HEM1516/Leptoquarks/analyzer/rootNtupleAnalyzerV2/src/baseClass.C - Line 2149 - saveLHEPdfSumw: saveLHEPdfSumw
/afs/cern.ch/user/r/ryi/HEM1516/Leptoquarks/analyzer/rootNtupleAnalyzerV2/src/baseClass.C - Line 2179 - saveEventsPassingCuts: saveEventsPassingCuts
/afs/cern.ch/user/r/ryi/HEM1516/Leptoquarks/analyzer/rootNtupleAnalyzerV2/src/baseClass.C - Line 2034 - getGlobalInfoNstart: root://eoscms.cern.ch//eos/cms/store/group/phys_exotica/leptonsPlusJets/LQ/scooper/ultralegacy/skims/2018/rskDoubleEle_heep_20jun2023/DYJetsToLL_LHEFilterPtZ-0To50_MatchEWPDG20_TuneCP5_13TeV-amcatnloFXFX-pythia8/DYJetsToLL_LHEFilterPtZ-0To50_MatchEWPDG20_TuneCP5_13TeV-amcatnloFXFX-pythia8_14_rsk.root
/afs/cern.ch/user/r/ryi/HEM1516/Leptoquarks/analyzer/rootNtupleAnalyzerV2/src/baseClass.C - Line 361 - readInputList: Initial number of events (current file,runningTotal): NBeforeSkim, NBeforeSkim_ = 4837357, 68810152
/afs/cern.ch/user/r/ryi/HEM1516/Leptoquarks/analyzer/rootNtupleAnalyzerV2/src/baseClass.C - Line 366 - readInputList: gen weight sum (current,total): = 5.98716e+10+/-5.33099e+07, 8.52043e+11+/-2.01062e+08
/afs/cern.ch/user/r/ryi/HEM1516/Leptoquarks/analyzer/rootNtupleAnalyzerV2/src/baseClass.C - Line 2149 - saveLHEPdfSumw: saveLHEPdfSumw
/afs/cern.ch/user/r/ryi/HEM1516/Leptoquarks/analyzer/rootNtupleAnalyzerV2/src/baseClass.C - Line 2179 - saveEventsPassingCuts: saveEventsPassingCuts
/afs/cern.ch/user/r/ryi/HEM1516/Leptoquarks/analyzer/rootNtupleAnalyzerV2/src/baseClass.C - Line 2034 - getGlobalInfoNstart: root://eoscms.cern.ch//eos/cms/store/group/phys_exotica/leptonsPlusJets/LQ/scooper/ultralegacy/skims/2018/rskDoubleEle_heep_20jun2023/DYJetsToLL_LHEFilterPtZ-0To50_MatchEWPDG20_TuneCP5_13TeV-amcatnloFXFX-pythia8/DYJetsToLL_LHEFilterPtZ-0To50_MatchEWPDG20_TuneCP5_13TeV-amcatnloFXFX-pythia8_15_rsk.root
/afs/cern.ch/user/r/ryi/HEM1516/Leptoquarks/analyzer/rootNtupleAnalyzerV2/src/baseClass.C - Line 361 - readInputList: Initial number of events (current file,runningTotal): NBeforeSkim, NBeforeSkim_ = 3698276, 72508428
/afs/cern.ch/user/r/ryi/HEM1516/Leptoquarks/analyzer/rootNtupleAnalyzerV2/src/baseClass.C - Line 366 - readInputList: gen weight sum (current,total): = 4.57744e+10+/-4.66126e+07, 8.97817e+11+/-2.06394e+08
/afs/cern.ch/user/r/ryi/HEM1516/Leptoquarks/analyzer/rootNtupleAnalyzerV2/src/baseClass.C - Line 2149 - saveLHEPdfSumw: saveLHEPdfSumw
/afs/cern.ch/user/r/ryi/HEM1516/Leptoquarks/analyzer/rootNtupleAnalyzerV2/src/baseClass.C - Line 2179 - saveEventsPassingCuts: saveEventsPassingCuts
/afs/cern.ch/user/r/ryi/HEM1516/Leptoquarks/analyzer/rootNtupleAnalyzerV2/src/baseClass.C - Line 2034 - getGlobalInfoNstart: root://eoscms.cern.ch//eos/cms/store/group/phys_exotica/leptonsPlusJets/LQ/scooper/ultralegacy/skims/2018/rskDoubleEle_heep_20jun2023/DYJetsToLL_LHEFilterPtZ-0To50_MatchEWPDG20_TuneCP5_13TeV-amcatnloFXFX-pythia8/DYJetsToLL_LHEFilterPtZ-0To50_MatchEWPDG20_TuneCP5_13TeV-amcatnloFXFX-pythia8_16_rsk.root
/afs/cern.ch/user/r/ryi/HEM1516/Leptoquarks/analyzer/rootNtupleAnalyzerV2/src/baseClass.C - Line 361 - readInputList: Initial number of events (current file,runningTotal): NBeforeSkim, NBeforeSkim_ = 4800858, 77309286
/afs/cern.ch/user/r/ryi/HEM1516/Leptoquarks/analyzer/rootNtupleAnalyzerV2/src/baseClass.C - Line 366 - readInputList: gen weight sum (current,total): = 5.95549e+10+/-5.31084e+07, 9.57372e+11+/-2.13118e+08
/afs/cern.ch/user/r/ryi/HEM1516/Leptoquarks/analyzer/rootNtupleAnalyzerV2/src/baseClass.C - Line 2149 - saveLHEPdfSumw: saveLHEPdfSumw
/afs/cern.ch/user/r/ryi/HEM1516/Leptoquarks/analyzer/rootNtupleAnalyzerV2/src/baseClass.C - Line 2179 - saveEventsPassingCuts: saveEventsPassingCuts
/afs/cern.ch/user/r/ryi/HEM1516/Leptoquarks/analyzer/rootNtupleAnalyzerV2/src/baseClass.C - Line 2034 - getGlobalInfoNstart: root://eoscms.cern.ch//eos/cms/store/group/phys_exotica/leptonsPlusJets/LQ/scooper/ultralegacy/skims/2018/rskDoubleEle_heep_20jun2023/DYJetsToLL_LHEFilterPtZ-0To50_MatchEWPDG20_TuneCP5_13TeV-amcatnloFXFX-pythia8/DYJetsToLL_LHEFilterPtZ-0To50_MatchEWPDG20_TuneCP5_13TeV-amcatnloFXFX-pythia8_17_rsk.root
/afs/cern.ch/user/r/ryi/HEM1516/Leptoquarks/analyzer/rootNtupleAnalyzerV2/src/baseClass.C - Line 361 - readInputList: Initial number of events (current file,runningTotal): NBeforeSkim, NBeforeSkim_ = 3619750, 80929036
/afs/cern.ch/user/r/ryi/HEM1516/Leptoquarks/analyzer/rootNtupleAnalyzerV2/src/baseClass.C - Line 366 - readInputList: gen weight sum (current,total): = 4.48101e+10+/-4.61151e+07, 1.00218e+12+/-2.1805e+08
/afs/cern.ch/user/r/ryi/HEM1516/Leptoquarks/analyzer/rootNtupleAnalyzerV2/src/baseClass.C - Line 2149 - saveLHEPdfSumw: saveLHEPdfSumw
/afs/cern.ch/user/r/ryi/HEM1516/Leptoquarks/analyzer/rootNtupleAnalyzerV2/src/baseClass.C - Line 2179 - saveEventsPassingCuts: saveEventsPassingCuts
/afs/cern.ch/user/r/ryi/HEM1516/Leptoquarks/analyzer/rootNtupleAnalyzerV2/src/baseClass.C - Line 2034 - getGlobalInfoNstart: root://eoscms.cern.ch//eos/cms/store/group/phys_exotica/leptonsPlusJets/LQ/scooper/ultralegacy/skims/2018/rskDoubleEle_heep_20jun2023/DYJetsToLL_LHEFilterPtZ-0To50_MatchEWPDG20_TuneCP5_13TeV-amcatnloFXFX-pythia8/DYJetsToLL_LHEFilterPtZ-0To50_MatchEWPDG20_TuneCP5_13TeV-amcatnloFXFX-pythia8_18_rsk.root
/afs/cern.ch/user/r/ryi/HEM1516/Leptoquarks/analyzer/rootNtupleAnalyzerV2/src/baseClass.C - Line 361 - readInputList: Initial number of events (current file,runningTotal): NBeforeSkim, NBeforeSkim_ = 4759706, 85688742
/afs/cern.ch/user/r/ryi/HEM1516/Leptoquarks/analyzer/rootNtupleAnalyzerV2/src/baseClass.C - Line 366 - readInputList: gen weight sum (current,total): = 5.89466e+10+/-5.28803e+07, 1.06113e+12+/-2.2437e+08
/afs/cern.ch/user/r/ryi/HEM1516/Leptoquarks/analyzer/rootNtupleAnalyzerV2/src/baseClass.C - Line 2149 - saveLHEPdfSumw: saveLHEPdfSumw
/afs/cern.ch/user/r/ryi/HEM1516/Leptoquarks/analyzer/rootNtupleAnalyzerV2/src/baseClass.C - Line 2179 - saveEventsPassingCuts: saveEventsPassingCuts
/afs/cern.ch/user/r/ryi/HEM1516/Leptoquarks/analyzer/rootNtupleAnalyzerV2/src/baseClass.C - Line 2034 - getGlobalInfoNstart: root://eoscms.cern.ch//eos/cms/store/group/phys_exotica/leptonsPlusJets/LQ/scooper/ultralegacy/skims/2018/rskDoubleEle_heep_20jun2023/DYJetsToLL_LHEFilterPtZ-0To50_MatchEWPDG20_TuneCP5_13TeV-amcatnloFXFX-pythia8/DYJetsToLL_LHEFilterPtZ-0To50_MatchEWPDG20_TuneCP5_13TeV-amcatnloFXFX-pythia8_19_rsk.root
/afs/cern.ch/user/r/ryi/HEM1516/Leptoquarks/analyzer/rootNtupleAnalyzerV2/src/baseClass.C - Line 361 - readInputList: Initial number of events (current file,runningTotal): NBeforeSkim, NBeforeSkim_ = 3852749, 89541491
/afs/cern.ch/user/r/ryi/HEM1516/Leptoquarks/analyzer/rootNtupleAnalyzerV2/src/baseClass.C - Line 366 - readInputList: gen weight sum (current,total): = 4.76786e+10+/-4.75761e+07, 1.10881e+12+/-2.29359e+08
/afs/cern.ch/user/r/ryi/HEM1516/Leptoquarks/analyzer/rootNtupleAnalyzerV2/src/baseClass.C - Line 2149 - saveLHEPdfSumw: saveLHEPdfSumw
/afs/cern.ch/user/r/ryi/HEM1516/Leptoquarks/analyzer/rootNtupleAnalyzerV2/src/baseClass.C - Line 2179 - saveEventsPassingCuts: saveEventsPassingCuts
/afs/cern.ch/user/r/ryi/HEM1516/Leptoquarks/analyzer/rootNtupleAnalyzerV2/src/baseClass.C - Line 2034 - getGlobalInfoNstart: root://eoscms.cern.ch//eos/cms/store/group/phys_exotica/leptonsPlusJets/LQ/scooper/ultralegacy/skims/2018/rskDoubleEle_heep_20jun2023/DYJetsToLL_LHEFilterPtZ-0To50_MatchEWPDG20_TuneCP5_13TeV-amcatnloFXFX-pythia8/DYJetsToLL_LHEFilterPtZ-0To50_MatchEWPDG20_TuneCP5_13TeV-amcatnloFXFX-pythia8_20_rsk.root
/afs/cern.ch/user/r/ryi/HEM1516/Leptoquarks/analyzer/rootNtupleAnalyzerV2/src/baseClass.C - Line 361 - readInputList: Initial number of events (current file,runningTotal): NBeforeSkim, NBeforeSkim_ = 4852270, 94393761
/afs/cern.ch/user/r/ryi/HEM1516/Leptoquarks/analyzer/rootNtupleAnalyzerV2/src/baseClass.C - Line 366 - readInputList: gen weight sum (current,total): = 5.99771e+10+/-5.3392e+07, 1.16878e+12+/-2.35492e+08
/afs/cern.ch/user/r/ryi/HEM1516/Leptoquarks/analyzer/rootNtupleAnalyzerV2/src/baseClass.C - Line 2149 - saveLHEPdfSumw: saveLHEPdfSumw
/afs/cern.ch/user/r/ryi/HEM1516/Leptoquarks/analyzer/rootNtupleAnalyzerV2/src/baseClass.C - Line 2179 - saveEventsPassingCuts: saveEventsPassingCuts
/afs/cern.ch/user/r/ryi/HEM1516/Leptoquarks/analyzer/rootNtupleAnalyzerV2/src/baseClass.C - Line 2034 - getGlobalInfoNstart: root://eoscms.cern.ch//eos/cms/store/group/phys_exotica/leptonsPlusJets/LQ/scooper/ultralegacy/skims/2018/rskDoubleEle_heep_20jun2023/DYJetsToLL_LHEFilterPtZ-0To50_MatchEWPDG20_TuneCP5_13TeV-amcatnloFXFX-pythia8/DYJetsToLL_LHEFilterPtZ-0To50_MatchEWPDG20_TuneCP5_13TeV-amcatnloFXFX-pythia8_21_rsk.root
/afs/cern.ch/user/r/ryi/HEM1516/Leptoquarks/analyzer/rootNtupleAnalyzerV2/src/baseClass.C - Line 361 - readInputList: Initial number of events (current file,runningTotal): NBeforeSkim, NBeforeSkim_ = 3954691, 98348452
/afs/cern.ch/user/r/ryi/HEM1516/Leptoquarks/analyzer/rootNtupleAnalyzerV2/src/baseClass.C - Line 366 - readInputList: gen weight sum (current,total): = 4.89938e+10+/-4.82014e+07, 1.21778e+12+/-2.40374e+08
/afs/cern.ch/user/r/ryi/HEM1516/Leptoquarks/analyzer/rootNtupleAnalyzerV2/src/baseClass.C - Line 2149 - saveLHEPdfSumw: saveLHEPdfSumw
/afs/cern.ch/user/r/ryi/HEM1516/Leptoquarks/analyzer/rootNtupleAnalyzerV2/src/baseClass.C - Line 2179 - saveEventsPassingCuts: saveEventsPassingCuts
/afs/cern.ch/user/r/ryi/HEM1516/Leptoquarks/analyzer/rootNtupleAnalyzerV2/src/baseClass.C - Line 2034 - getGlobalInfoNstart: root://eoscms.cern.ch//eos/cms/store/group/phys_exotica/leptonsPlusJets/LQ/scooper/ultralegacy/skims/2018/rskDoubleEle_heep_20jun2023/DYJetsToLL_LHEFilterPtZ-0To50_MatchEWPDG20_TuneCP5_13TeV-amcatnloFXFX-pythia8/DYJetsToLL_LHEFilterPtZ-0To50_MatchEWPDG20_TuneCP5_13TeV-amcatnloFXFX-pythia8_22_rsk.root
/afs/cern.ch/user/r/ryi/HEM1516/Leptoquarks/analyzer/rootNtupleAnalyzerV2/src/baseClass.C - Line 361 - readInputList: Initial number of events (current file,runningTotal): NBeforeSkim, NBeforeSkim_ = 4756066, 103104518
/afs/cern.ch/user/r/ryi/HEM1516/Leptoquarks/analyzer/rootNtupleAnalyzerV2/src/baseClass.C - Line 366 - readInputList: gen weight sum (current,total): = 5.89113e+10+/-5.286e+07, 1.27669e+12+/-2.46117e+08
/afs/cern.ch/user/r/ryi/HEM1516/Leptoquarks/analyzer/rootNtupleAnalyzerV2/src/baseClass.C - Line 2149 - saveLHEPdfSumw: saveLHEPdfSumw
/afs/cern.ch/user/r/ryi/HEM1516/Leptoquarks/analyzer/rootNtupleAnalyzerV2/src/baseClass.C - Line 2179 - saveEventsPassingCuts: saveEventsPassingCuts
/afs/cern.ch/user/r/ryi/HEM1516/Leptoquarks/analyzer/rootNtupleAnalyzerV2/src/baseClass.C - Line 2034 - getGlobalInfoNstart: root://eoscms.cern.ch//eos/cms/store/group/phys_exotica/leptonsPlusJets/LQ/scooper/ultralegacy/skims/2018/rskDoubleEle_heep_20jun2023/DYJetsToLL_LHEFilterPtZ-0To50_MatchEWPDG20_TuneCP5_13TeV-amcatnloFXFX-pythia8/DYJetsToLL_LHEFilterPtZ-0To50_MatchEWPDG20_TuneCP5_13TeV-amcatnloFXFX-pythia8_23_rsk.root
/afs/cern.ch/user/r/ryi/HEM1516/Leptoquarks/analyzer/rootNtupleAnalyzerV2/src/baseClass.C - Line 361 - readInputList: Initial number of events (current file,runningTotal): NBeforeSkim, NBeforeSkim_ = 4013809, 107118327
/afs/cern.ch/user/r/ryi/HEM1516/Leptoquarks/analyzer/rootNtupleAnalyzerV2/src/baseClass.C - Line 366 - readInputList: gen weight sum (current,total): = 4.97493e+10+/-4.85604e+07, 1.32644e+12+/-2.50862e+08
/afs/cern.ch/user/r/ryi/HEM1516/Leptoquarks/analyzer/rootNtupleAnalyzerV2/src/baseClass.C - Line 2149 - saveLHEPdfSumw: saveLHEPdfSumw
/afs/cern.ch/user/r/ryi/HEM1516/Leptoquarks/analyzer/rootNtupleAnalyzerV2/src/baseClass.C - Line 2179 - saveEventsPassingCuts: saveEventsPassingCuts
/afs/cern.ch/user/r/ryi/HEM1516/Leptoquarks/analyzer/rootNtupleAnalyzerV2/src/baseClass.C - Line 2034 - getGlobalInfoNstart: root://eoscms.cern.ch//eos/cms/store/group/phys_exotica/leptonsPlusJets/LQ/scooper/ultralegacy/skims/2018/rskDoubleEle_heep_20jun2023/DYJetsToLL_LHEFilterPtZ-0To50_MatchEWPDG20_TuneCP5_13TeV-amcatnloFXFX-pythia8/DYJetsToLL_LHEFilterPtZ-0To50_MatchEWPDG20_TuneCP5_13TeV-amcatnloFXFX-pythia8_24_rsk.root
/afs/cern.ch/user/r/ryi/HEM1516/Leptoquarks/analyzer/rootNtupleAnalyzerV2/src/baseClass.C - Line 361 - readInputList: Initial number of events (current file,runningTotal): NBeforeSkim, NBeforeSkim_ = 4660678, 111779005
/afs/cern.ch/user/r/ryi/HEM1516/Leptoquarks/analyzer/rootNtupleAnalyzerV2/src/baseClass.C - Line 366 - readInputList: gen weight sum (current,total): = 5.78352e+10+/-5.23273e+07, 1.38427e+12+/-2.56262e+08
/afs/cern.ch/user/r/ryi/HEM1516/Leptoquarks/analyzer/rootNtupleAnalyzerV2/src/baseClass.C - Line 2149 - saveLHEPdfSumw: saveLHEPdfSumw
/afs/cern.ch/user/r/ryi/HEM1516/Leptoquarks/analyzer/rootNtupleAnalyzerV2/src/baseClass.C - Line 2179 - saveEventsPassingCuts: saveEventsPassingCuts
/afs/cern.ch/user/r/ryi/HEM1516/Leptoquarks/analyzer/rootNtupleAnalyzerV2/src/baseClass.C - Line 2034 - getGlobalInfoNstart: root://eoscms.cern.ch//eos/cms/store/group/phys_exotica/leptonsPlusJets/LQ/scooper/ultralegacy/skims/2018/rskDoubleEle_heep_20jun2023/DYJetsToLL_LHEFilterPtZ-0To50_MatchEWPDG20_TuneCP5_13TeV-amcatnloFXFX-pythia8/DYJetsToLL_LHEFilterPtZ-0To50_MatchEWPDG20_TuneCP5_13TeV-amcatnloFXFX-pythia8_25_rsk.root
/afs/cern.ch/user/r/ryi/HEM1516/Leptoquarks/analyzer/rootNtupleAnalyzerV2/src/baseClass.C - Line 361 - readInputList: Initial number of events (current file,runningTotal): NBeforeSkim, NBeforeSkim_ = 3993386, 115772391
/afs/cern.ch/user/r/ryi/HEM1516/Leptoquarks/analyzer/rootNtupleAnalyzerV2/src/baseClass.C - Line 366 - readInputList: gen weight sum (current,total): = 4.94115e+10+/-4.84367e+07, 1.43369e+12+/-2.60799e+08
/afs/cern.ch/user/r/ryi/HEM1516/Leptoquarks/analyzer/rootNtupleAnalyzerV2/src/baseClass.C - Line 2149 - saveLHEPdfSumw: saveLHEPdfSumw
/afs/cern.ch/user/r/ryi/HEM1516/Leptoquarks/analyzer/rootNtupleAnalyzerV2/src/baseClass.C - Line 2179 - saveEventsPassingCuts: saveEventsPassingCuts
/afs/cern.ch/user/r/ryi/HEM1516/Leptoquarks/analyzer/rootNtupleAnalyzerV2/src/baseClass.C - Line 2034 - getGlobalInfoNstart: root://eoscms.cern.ch//eos/cms/store/group/phys_exotica/leptonsPlusJets/LQ/scooper/ultralegacy/skims/2018/rskDoubleEle_heep_20jun2023/DYJetsToLL_LHEFilterPtZ-0To50_MatchEWPDG20_TuneCP5_13TeV-amcatnloFXFX-pythia8/DYJetsToLL_LHEFilterPtZ-0To50_MatchEWPDG20_TuneCP5_13TeV-amcatnloFXFX-pythia8_26_rsk.root
/afs/cern.ch/user/r/ryi/HEM1516/Leptoquarks/analyzer/rootNtupleAnalyzerV2/src/baseClass.C - Line 361 - readInputList: Initial number of events (current file,runningTotal): NBeforeSkim, NBeforeSkim_ = 4785469, 120557860
/afs/cern.ch/user/r/ryi/HEM1516/Leptoquarks/analyzer/rootNtupleAnalyzerV2/src/baseClass.C - Line 366 - readInputList: gen weight sum (current,total): = 5.92748e+10+/-5.30232e+07, 1.49296e+12+/-2.66135e+08
/afs/cern.ch/user/r/ryi/HEM1516/Leptoquarks/analyzer/rootNtupleAnalyzerV2/src/baseClass.C - Line 2149 - saveLHEPdfSumw: saveLHEPdfSumw
/afs/cern.ch/user/r/ryi/HEM1516/Leptoquarks/analyzer/rootNtupleAnalyzerV2/src/baseClass.C - Line 2179 - saveEventsPassingCuts: saveEventsPassingCuts
/afs/cern.ch/user/r/ryi/HEM1516/Leptoquarks/analyzer/rootNtupleAnalyzerV2/src/baseClass.C - Line 2034 - getGlobalInfoNstart: root://eoscms.cern.ch//eos/cms/store/group/phys_exotica/leptonsPlusJets/LQ/scooper/ultralegacy/skims/2018/rskDoubleEle_heep_20jun2023/DYJetsToLL_LHEFilterPtZ-0To50_MatchEWPDG20_TuneCP5_13TeV-amcatnloFXFX-pythia8/DYJetsToLL_LHEFilterPtZ-0To50_MatchEWPDG20_TuneCP5_13TeV-amcatnloFXFX-pythia8_27_rsk.root
/afs/cern.ch/user/r/ryi/HEM1516/Leptoquarks/analyzer/rootNtupleAnalyzerV2/src/baseClass.C - Line 361 - readInputList: Initial number of events (current file,runningTotal): NBeforeSkim, NBeforeSkim_ = 4282348, 124840208
/afs/cern.ch/user/r/ryi/HEM1516/Leptoquarks/analyzer/rootNtupleAnalyzerV2/src/baseClass.C - Line 366 - readInputList: gen weight sum (current,total): = 5.30297e+10+/-5.01585e+07, 1.54599e+12+/-2.7082e+08
/afs/cern.ch/user/r/ryi/HEM1516/Leptoquarks/analyzer/rootNtupleAnalyzerV2/src/baseClass.C - Line 2149 - saveLHEPdfSumw: saveLHEPdfSumw
/afs/cern.ch/user/r/ryi/HEM1516/Leptoquarks/analyzer/rootNtupleAnalyzerV2/src/baseClass.C - Line 2179 - saveEventsPassingCuts: saveEventsPassingCuts
/afs/cern.ch/user/r/ryi/HEM1516/Leptoquarks/analyzer/rootNtupleAnalyzerV2/src/baseClass.C - Line 2034 - getGlobalInfoNstart: root://eoscms.cern.ch//eos/cms/store/group/phys_exotica/leptonsPlusJets/LQ/scooper/ultralegacy/skims/2018/rskDoubleEle_heep_20jun2023/DYJetsToLL_LHEFilterPtZ-0To50_MatchEWPDG20_TuneCP5_13TeV-amcatnloFXFX-pythia8/DYJetsToLL_LHEFilterPtZ-0To50_MatchEWPDG20_TuneCP5_13TeV-amcatnloFXFX-pythia8_28_rsk.root
/afs/cern.ch/user/r/ryi/HEM1516/Leptoquarks/analyzer/rootNtupleAnalyzerV2/src/baseClass.C - Line 361 - readInputList: Initial number of events (current file,runningTotal): NBeforeSkim, NBeforeSkim_ = 4813194, 129653402
/afs/cern.ch/user/r/ryi/HEM1516/Leptoquarks/analyzer/rootNtupleAnalyzerV2/src/baseClass.C - Line 366 - readInputList: gen weight sum (current,total): = 5.9602e+10+/-5.31766e+07, 1.60559e+12+/-2.75991e+08
/afs/cern.ch/user/r/ryi/HEM1516/Leptoquarks/analyzer/rootNtupleAnalyzerV2/src/baseClass.C - Line 2149 - saveLHEPdfSumw: saveLHEPdfSumw
/afs/cern.ch/user/r/ryi/HEM1516/Leptoquarks/analyzer/rootNtupleAnalyzerV2/src/baseClass.C - Line 2179 - saveEventsPassingCuts: saveEventsPassingCuts
/afs/cern.ch/user/r/ryi/HEM1516/Leptoquarks/analyzer/rootNtupleAnalyzerV2/src/baseClass.C - Line 2034 - getGlobalInfoNstart: root://eoscms.cern.ch//eos/cms/store/group/phys_exotica/leptonsPlusJets/LQ/scooper/ultralegacy/skims/2018/rskDoubleEle_heep_20jun2023/DYJetsToLL_LHEFilterPtZ-0To50_MatchEWPDG20_TuneCP5_13TeV-amcatnloFXFX-pythia8/DYJetsToLL_LHEFilterPtZ-0To50_MatchEWPDG20_TuneCP5_13TeV-amcatnloFXFX-pythia8_29_rsk.root
/afs/cern.ch/user/r/ryi/HEM1516/Leptoquarks/analyzer/rootNtupleAnalyzerV2/src/baseClass.C - Line 361 - readInputList: Initial number of events (current file,runningTotal): NBeforeSkim, NBeforeSkim_ = 4385814, 134039216
/afs/cern.ch/user/r/ryi/HEM1516/Leptoquarks/analyzer/rootNtupleAnalyzerV2/src/baseClass.C - Line 366 - readInputList: gen weight sum (current,total): = 5.43363e+10+/-5.07608e+07, 1.65993e+12+/-2.80621e+08
/afs/cern.ch/user/r/ryi/HEM1516/Leptoquarks/analyzer/rootNtupleAnalyzerV2/src/baseClass.C - Line 2149 - saveLHEPdfSumw: saveLHEPdfSumw
/afs/cern.ch/user/r/ryi/HEM1516/Leptoquarks/analyzer/rootNtupleAnalyzerV2/src/baseClass.C - Line 2179 - saveEventsPassingCuts: saveEventsPassingCuts
/afs/cern.ch/user/r/ryi/HEM1516/Leptoquarks/analyzer/rootNtupleAnalyzerV2/src/baseClass.C - Line 2034 - getGlobalInfoNstart: root://eoscms.cern.ch//eos/cms/store/group/phys_exotica/leptonsPlusJets/LQ/scooper/ultralegacy/skims/2018/rskDoubleEle_heep_20jun2023/DYJetsToLL_LHEFilterPtZ-0To50_MatchEWPDG20_TuneCP5_13TeV-amcatnloFXFX-pythia8/DYJetsToLL_LHEFilterPtZ-0To50_MatchEWPDG20_TuneCP5_13TeV-amcatnloFXFX-pythia8_30_rsk.root
/afs/cern.ch/user/r/ryi/HEM1516/Leptoquarks/analyzer/rootNtupleAnalyzerV2/src/baseClass.C - Line 361 - readInputList: Initial number of events (current file,runningTotal): NBeforeSkim, NBeforeSkim_ = 4857438, 138896654
/afs/cern.ch/user/r/ryi/HEM1516/Leptoquarks/analyzer/rootNtupleAnalyzerV2/src/baseClass.C - Line 366 - readInputList: gen weight sum (current,total): = 6.01315e+10+/-5.34204e+07, 1.72006e+12+/-2.8566e+08
/afs/cern.ch/user/r/ryi/HEM1516/Leptoquarks/analyzer/rootNtupleAnalyzerV2/src/baseClass.C - Line 2149 - saveLHEPdfSumw: saveLHEPdfSumw
/afs/cern.ch/user/r/ryi/HEM1516/Leptoquarks/analyzer/rootNtupleAnalyzerV2/src/baseClass.C - Line 2179 - saveEventsPassingCuts: saveEventsPassingCuts
/afs/cern.ch/user/r/ryi/HEM1516/Leptoquarks/analyzer/rootNtupleAnalyzerV2/src/baseClass.C - Line 2034 - getGlobalInfoNstart: root://eoscms.cern.ch//eos/cms/store/group/phys_exotica/leptonsPlusJets/LQ/scooper/ultralegacy/skims/2018/rskDoubleEle_heep_20jun2023/DYJetsToLL_LHEFilterPtZ-0To50_MatchEWPDG20_TuneCP5_13TeV-amcatnloFXFX-pythia8/DYJetsToLL_LHEFilterPtZ-0To50_MatchEWPDG20_TuneCP5_13TeV-amcatnloFXFX-pythia8_31_rsk.root
/afs/cern.ch/user/r/ryi/HEM1516/Leptoquarks/analyzer/rootNtupleAnalyzerV2/src/baseClass.C - Line 361 - readInputList: Initial number of events (current file,runningTotal): NBeforeSkim, NBeforeSkim_ = 4599419, 143496073
/afs/cern.ch/user/r/ryi/HEM1516/Leptoquarks/analyzer/rootNtupleAnalyzerV2/src/baseClass.C - Line 366 - readInputList: gen weight sum (current,total): = 5.68456e+10+/-5.19823e+07, 1.77691e+12+/-2.90351e+08
/afs/cern.ch/user/r/ryi/HEM1516/Leptoquarks/analyzer/rootNtupleAnalyzerV2/src/baseClass.C - Line 2149 - saveLHEPdfSumw: saveLHEPdfSumw
/afs/cern.ch/user/r/ryi/HEM1516/Leptoquarks/analyzer/rootNtupleAnalyzerV2/src/baseClass.C - Line 2179 - saveEventsPassingCuts: saveEventsPassingCuts
/afs/cern.ch/user/r/ryi/HEM1516/Leptoquarks/analyzer/rootNtupleAnalyzerV2/src/baseClass.C - Line 2034 - getGlobalInfoNstart: root://eoscms.cern.ch//eos/cms/store/group/phys_exotica/leptonsPlusJets/LQ/scooper/ultralegacy/skims/2018/rskDoubleEle_heep_20jun2023/DYJetsToLL_LHEFilterPtZ-0To50_MatchEWPDG20_TuneCP5_13TeV-amcatnloFXFX-pythia8/DYJetsToLL_LHEFilterPtZ-0To50_MatchEWPDG20_TuneCP5_13TeV-amcatnloFXFX-pythia8_32_rsk.root
/afs/cern.ch/user/r/ryi/HEM1516/Leptoquarks/analyzer/rootNtupleAnalyzerV2/src/baseClass.C - Line 361 - readInputList: Initial number of events (current file,runningTotal): NBeforeSkim, NBeforeSkim_ = 5061759, 148557832
/afs/cern.ch/user/r/ryi/HEM1516/Leptoquarks/analyzer/rootNtupleAnalyzerV2/src/baseClass.C - Line 366 - readInputList: gen weight sum (current,total): = 6.26574e+10+/-5.45324e+07, 1.83956e+12+/-2.95428e+08
/afs/cern.ch/user/r/ryi/HEM1516/Leptoquarks/analyzer/rootNtupleAnalyzerV2/src/baseClass.C - Line 2149 - saveLHEPdfSumw: saveLHEPdfSumw
/afs/cern.ch/user/r/ryi/HEM1516/Leptoquarks/analyzer/rootNtupleAnalyzerV2/src/baseClass.C - Line 2179 - saveEventsPassingCuts: saveEventsPassingCuts
/afs/cern.ch/user/r/ryi/HEM1516/Leptoquarks/analyzer/rootNtupleAnalyzerV2/src/baseClass.C - Line 2034 - getGlobalInfoNstart: root://eoscms.cern.ch//eos/cms/store/group/phys_exotica/leptonsPlusJets/LQ/scooper/ultralegacy/skims/2018/rskDoubleEle_heep_20jun2023/DYJetsToLL_LHEFilterPtZ-0To50_MatchEWPDG20_TuneCP5_13TeV-amcatnloFXFX-pythia8/DYJetsToLL_LHEFilterPtZ-0To50_MatchEWPDG20_TuneCP5_13TeV-amcatnloFXFX-pythia8_33_rsk.root
/afs/cern.ch/user/r/ryi/HEM1516/Leptoquarks/analyzer/rootNtupleAnalyzerV2/src/baseClass.C - Line 361 - readInputList: Initial number of events (current file,runningTotal): NBeforeSkim, NBeforeSkim_ = 4780786, 153338618
/afs/cern.ch/user/r/ryi/HEM1516/Leptoquarks/analyzer/rootNtupleAnalyzerV2/src/baseClass.C - Line 366 - readInputList: gen weight sum (current,total): = 5.92122e+10+/-5.29972e+07, 1.89877e+12+/-3.00144e+08
/afs/cern.ch/user/r/ryi/HEM1516/Leptoquarks/analyzer/rootNtupleAnalyzerV2/src/baseClass.C - Line 2149 - saveLHEPdfSumw: saveLHEPdfSumw
/afs/cern.ch/user/r/ryi/HEM1516/Leptoquarks/analyzer/rootNtupleAnalyzerV2/src/baseClass.C - Line 2179 - saveEventsPassingCuts: saveEventsPassingCuts
/afs/cern.ch/user/r/ryi/HEM1516/Leptoquarks/analyzer/rootNtupleAnalyzerV2/src/baseClass.C - Line 2034 - getGlobalInfoNstart: root://eoscms.cern.ch//eos/cms/store/group/phys_exotica/leptonsPlusJets/LQ/scooper/ultralegacy/skims/2018/rskDoubleEle_heep_20jun2023/DYJetsToLL_LHEFilterPtZ-0To50_MatchEWPDG20_TuneCP5_13TeV-amcatnloFXFX-pythia8/DYJetsToLL_LHEFilterPtZ-0To50_MatchEWPDG20_TuneCP5_13TeV-amcatnloFXFX-pythia8_34_rsk.root
/afs/cern.ch/user/r/ryi/HEM1516/Leptoquarks/analyzer/rootNtupleAnalyzerV2/src/baseClass.C - Line 361 - readInputList: Initial number of events (current file,runningTotal): NBeforeSkim, NBeforeSkim_ = 4992079, 158330697
/afs/cern.ch/user/r/ryi/HEM1516/Leptoquarks/analyzer/rootNtupleAnalyzerV2/src/baseClass.C - Line 366 - readInputList: gen weight sum (current,total): = 6.18076e+10+/-5.41557e+07, 1.96058e+12+/-3.0499e+08
/afs/cern.ch/user/r/ryi/HEM1516/Leptoquarks/analyzer/rootNtupleAnalyzerV2/src/baseClass.C - Line 2149 - saveLHEPdfSumw: saveLHEPdfSumw
/afs/cern.ch/user/r/ryi/HEM1516/Leptoquarks/analyzer/rootNtupleAnalyzerV2/src/baseClass.C - Line 2179 - saveEventsPassingCuts: saveEventsPassingCuts
/afs/cern.ch/user/r/ryi/HEM1516/Leptoquarks/analyzer/rootNtupleAnalyzerV2/src/baseClass.C - Line 2034 - getGlobalInfoNstart: root://eoscms.cern.ch//eos/cms/store/group/phys_exotica/leptonsPlusJets/LQ/scooper/ultralegacy/skims/2018/rskDoubleEle_heep_20jun2023/DYJetsToLL_LHEFilterPtZ-0To50_MatchEWPDG20_TuneCP5_13TeV-amcatnloFXFX-pythia8/DYJetsToLL_LHEFilterPtZ-0To50_MatchEWPDG20_TuneCP5_13TeV-amcatnloFXFX-pythia8_35_rsk.root
/afs/cern.ch/user/r/ryi/HEM1516/Leptoquarks/analyzer/rootNtupleAnalyzerV2/src/baseClass.C - Line 361 - readInputList: Initial number of events (current file,runningTotal): NBeforeSkim, NBeforeSkim_ = 4858371, 163189068
/afs/cern.ch/user/r/ryi/HEM1516/Leptoquarks/analyzer/rootNtupleAnalyzerV2/src/baseClass.C - Line 366 - readInputList: gen weight sum (current,total): = 6.01138e+10+/-5.34255e+07, 2.0207e+12+/-3.09634e+08
/afs/cern.ch/user/r/ryi/HEM1516/Leptoquarks/analyzer/rootNtupleAnalyzerV2/src/baseClass.C - Line 2149 - saveLHEPdfSumw: saveLHEPdfSumw
/afs/cern.ch/user/r/ryi/HEM1516/Leptoquarks/analyzer/rootNtupleAnalyzerV2/src/baseClass.C - Line 2179 - saveEventsPassingCuts: saveEventsPassingCuts
/afs/cern.ch/user/r/ryi/HEM1516/Leptoquarks/analyzer/rootNtupleAnalyzerV2/src/baseClass.C - Line 2034 - getGlobalInfoNstart: root://eoscms.cern.ch//eos/cms/store/group/phys_exotica/leptonsPlusJets/LQ/scooper/ultralegacy/skims/2018/rskDoubleEle_heep_20jun2023/DYJetsToLL_LHEFilterPtZ-0To50_MatchEWPDG20_TuneCP5_13TeV-amcatnloFXFX-pythia8/DYJetsToLL_LHEFilterPtZ-0To50_MatchEWPDG20_TuneCP5_13TeV-amcatnloFXFX-pythia8_36_rsk.root
/afs/cern.ch/user/r/ryi/HEM1516/Leptoquarks/analyzer/rootNtupleAnalyzerV2/src/baseClass.C - Line 361 - readInputList: Initial number of events (current file,runningTotal): NBeforeSkim, NBeforeSkim_ = 5043861, 168232929
/afs/cern.ch/user/r/ryi/HEM1516/Leptoquarks/analyzer/rootNtupleAnalyzerV2/src/baseClass.C - Line 366 - readInputList: gen weight sum (current,total): = 6.24394e+10+/-5.44359e+07, 2.08314e+12+/-3.14383e+08
/afs/cern.ch/user/r/ryi/HEM1516/Leptoquarks/analyzer/rootNtupleAnalyzerV2/src/baseClass.C - Line 2149 - saveLHEPdfSumw: saveLHEPdfSumw
/afs/cern.ch/user/r/ryi/HEM1516/Leptoquarks/analyzer/rootNtupleAnalyzerV2/src/baseClass.C - Line 2179 - saveEventsPassingCuts: saveEventsPassingCuts
/afs/cern.ch/user/r/ryi/HEM1516/Leptoquarks/analyzer/rootNtupleAnalyzerV2/src/baseClass.C - Line 2034 - getGlobalInfoNstart: root://eoscms.cern.ch//eos/cms/store/group/phys_exotica/leptonsPlusJets/LQ/scooper/ultralegacy/skims/2018/rskDoubleEle_heep_20jun2023/DYJetsToLL_LHEFilterPtZ-0To50_MatchEWPDG20_TuneCP5_13TeV-amcatnloFXFX-pythia8/DYJetsToLL_LHEFilterPtZ-0To50_MatchEWPDG20_TuneCP5_13TeV-amcatnloFXFX-pythia8_37_rsk.root
/afs/cern.ch/user/r/ryi/HEM1516/Leptoquarks/analyzer/rootNtupleAnalyzerV2/src/baseClass.C - Line 361 - readInputList: Initial number of events (current file,runningTotal): NBeforeSkim, NBeforeSkim_ = 4887580, 173120509
/afs/cern.ch/user/r/ryi/HEM1516/Leptoquarks/analyzer/rootNtupleAnalyzerV2/src/baseClass.C - Line 366 - readInputList: gen weight sum (current,total): = 6.05479e+10+/-5.35859e+07, 2.14368e+12+/-3.18917e+08
/afs/cern.ch/user/r/ryi/HEM1516/Leptoquarks/analyzer/rootNtupleAnalyzerV2/src/baseClass.C - Line 2149 - saveLHEPdfSumw: saveLHEPdfSumw
/afs/cern.ch/user/r/ryi/HEM1516/Leptoquarks/analyzer/rootNtupleAnalyzerV2/src/baseClass.C - Line 2179 - saveEventsPassingCuts: saveEventsPassingCuts
/afs/cern.ch/user/r/ryi/HEM1516/Leptoquarks/analyzer/rootNtupleAnalyzerV2/src/baseClass.C - Line 2034 - getGlobalInfoNstart: root://eoscms.cern.ch//eos/cms/store/group/phys_exotica/leptonsPlusJets/LQ/scooper/ultralegacy/skims/2018/rskDoubleEle_heep_20jun2023/DYJetsToLL_LHEFilterPtZ-0To50_MatchEWPDG20_TuneCP5_13TeV-amcatnloFXFX-pythia8/DYJetsToLL_LHEFilterPtZ-0To50_MatchEWPDG20_TuneCP5_13TeV-amcatnloFXFX-pythia8_38_rsk.root
/afs/cern.ch/user/r/ryi/HEM1516/Leptoquarks/analyzer/rootNtupleAnalyzerV2/src/baseClass.C - Line 361 - readInputList: Initial number of events (current file,runningTotal): NBeforeSkim, NBeforeSkim_ = 4891686, 178012195
/afs/cern.ch/user/r/ryi/HEM1516/Leptoquarks/analyzer/rootNtupleAnalyzerV2/src/baseClass.C - Line 366 - readInputList: gen weight sum (current,total): = 6.06211e+10+/-5.36084e+07, 2.2043e+12+/-3.23391e+08
/afs/cern.ch/user/r/ryi/HEM1516/Leptoquarks/analyzer/rootNtupleAnalyzerV2/src/baseClass.C - Line 2149 - saveLHEPdfSumw: saveLHEPdfSumw
/afs/cern.ch/user/r/ryi/HEM1516/Leptoquarks/analyzer/rootNtupleAnalyzerV2/src/baseClass.C - Line 2179 - saveEventsPassingCuts: saveEventsPassingCuts
/afs/cern.ch/user/r/ryi/HEM1516/Leptoquarks/analyzer/rootNtupleAnalyzerV2/src/baseClass.C - Line 2034 - getGlobalInfoNstart: root://eoscms.cern.ch//eos/cms/store/group/phys_exotica/leptonsPlusJets/LQ/scooper/ultralegacy/skims/2018/rskDoubleEle_heep_20jun2023/DYJetsToLL_LHEFilterPtZ-0To50_MatchEWPDG20_TuneCP5_13TeV-amcatnloFXFX-pythia8/DYJetsToLL_LHEFilterPtZ-0To50_MatchEWPDG20_TuneCP5_13TeV-amcatnloFXFX-pythia8_39_rsk.root
/afs/cern.ch/user/r/ryi/HEM1516/Leptoquarks/analyzer/rootNtupleAnalyzerV2/src/baseClass.C - Line 361 - readInputList: Initial number of events (current file,runningTotal): NBeforeSkim, NBeforeSkim_ = 4795779, 182807974
/afs/cern.ch/user/r/ryi/HEM1516/Leptoquarks/analyzer/rootNtupleAnalyzerV2/src/baseClass.C - Line 366 - readInputList: gen weight sum (current,total): = 5.9392e+10+/-5.30803e+07, 2.2637e+12+/-3.27719e+08
/afs/cern.ch/user/r/ryi/HEM1516/Leptoquarks/analyzer/rootNtupleAnalyzerV2/src/baseClass.C - Line 2149 - saveLHEPdfSumw: saveLHEPdfSumw
/afs/cern.ch/user/r/ryi/HEM1516/Leptoquarks/analyzer/rootNtupleAnalyzerV2/src/baseClass.C - Line 2179 - saveEventsPassingCuts: saveEventsPassingCuts
/afs/cern.ch/user/r/ryi/HEM1516/Leptoquarks/analyzer/rootNtupleAnalyzerV2/src/baseClass.C - Line 2034 - getGlobalInfoNstart: root://eoscms.cern.ch//eos/cms/store/group/phys_exotica/leptonsPlusJets/LQ/scooper/ultralegacy/skims/2018/rskDoubleEle_heep_20jun2023/DYJetsToLL_LHEFilterPtZ-0To50_MatchEWPDG20_TuneCP5_13TeV-amcatnloFXFX-pythia8/DYJetsToLL_LHEFilterPtZ-0To50_MatchEWPDG20_TuneCP5_13TeV-amcatnloFXFX-pythia8_40_rsk.root
/afs/cern.ch/user/r/ryi/HEM1516/Leptoquarks/analyzer/rootNtupleAnalyzerV2/src/baseClass.C - Line 361 - readInputList: Initial number of events (current file,runningTotal): NBeforeSkim, NBeforeSkim_ = 4859295, 187667269
/afs/cern.ch/user/r/ryi/HEM1516/Leptoquarks/analyzer/rootNtupleAnalyzerV2/src/baseClass.C - Line 366 - readInputList: gen weight sum (current,total): = 6.02436e+10+/-5.34306e+07, 2.32394e+12+/-3.32046e+08
/afs/cern.ch/user/r/ryi/HEM1516/Leptoquarks/analyzer/rootNtupleAnalyzerV2/src/baseClass.C - Line 2149 - saveLHEPdfSumw: saveLHEPdfSumw
/afs/cern.ch/user/r/ryi/HEM1516/Leptoquarks/analyzer/rootNtupleAnalyzerV2/src/baseClass.C - Line 2179 - saveEventsPassingCuts: saveEventsPassingCuts
/afs/cern.ch/user/r/ryi/HEM1516/Leptoquarks/analyzer/rootNtupleAnalyzerV2/src/baseClass.C - Line 2034 - getGlobalInfoNstart: root://eoscms.cern.ch//eos/cms/store/group/phys_exotica/leptonsPlusJets/LQ/scooper/ultralegacy/skims/2018/rskDoubleEle_heep_20jun2023/DYJetsToLL_LHEFilterPtZ-0To50_MatchEWPDG20_TuneCP5_13TeV-amcatnloFXFX-pythia8/DYJetsToLL_LHEFilterPtZ-0To50_MatchEWPDG20_TuneCP5_13TeV-amcatnloFXFX-pythia8_41_rsk.root
/afs/cern.ch/user/r/ryi/HEM1516/Leptoquarks/analyzer/rootNtupleAnalyzerV2/src/baseClass.C - Line 361 - readInputList: Initial number of events (current file,runningTotal): NBeforeSkim, NBeforeSkim_ = 4761916, 192429185
/afs/cern.ch/user/r/ryi/HEM1516/Leptoquarks/analyzer/rootNtupleAnalyzerV2/src/baseClass.C - Line 366 - readInputList: gen weight sum (current,total): = 5.89049e+10+/-5.28925e+07, 2.38285e+12+/-3.36232e+08
/afs/cern.ch/user/r/ryi/HEM1516/Leptoquarks/analyzer/rootNtupleAnalyzerV2/src/baseClass.C - Line 2149 - saveLHEPdfSumw: saveLHEPdfSumw
/afs/cern.ch/user/r/ryi/HEM1516/Leptoquarks/analyzer/rootNtupleAnalyzerV2/src/baseClass.C - Line 2179 - saveEventsPassingCuts: saveEventsPassingCuts
/afs/cern.ch/user/r/ryi/HEM1516/Leptoquarks/analyzer/rootNtupleAnalyzerV2/src/baseClass.C - Line 2034 - getGlobalInfoNstart: root://eoscms.cern.ch//eos/cms/store/group/phys_exotica/leptonsPlusJets/LQ/scooper/ultralegacy/skims/2018/rskDoubleEle_heep_20jun2023/DYJetsToLL_LHEFilterPtZ-0To50_MatchEWPDG20_TuneCP5_13TeV-amcatnloFXFX-pythia8/DYJetsToLL_LHEFilterPtZ-0To50_MatchEWPDG20_TuneCP5_13TeV-amcatnloFXFX-pythia8_42_rsk.root
/afs/cern.ch/user/r/ryi/HEM1516/Leptoquarks/analyzer/rootNtupleAnalyzerV2/src/baseClass.C - Line 361 - readInputList: Initial number of events (current file,runningTotal): NBeforeSkim, NBeforeSkim_ = 3778576, 196207761
/afs/cern.ch/user/r/ryi/HEM1516/Leptoquarks/analyzer/rootNtupleAnalyzerV2/src/baseClass.C - Line 366 - readInputList: gen weight sum (current,total): = 4.67753e+10+/-4.71159e+07, 2.42962e+12+/-3.39517e+08
/afs/cern.ch/user/r/ryi/HEM1516/Leptoquarks/analyzer/rootNtupleAnalyzerV2/src/baseClass.C - Line 2149 - saveLHEPdfSumw: saveLHEPdfSumw
/afs/cern.ch/user/r/ryi/HEM1516/Leptoquarks/analyzer/rootNtupleAnalyzerV2/src/baseClass.C - Line 2179 - saveEventsPassingCuts: saveEventsPassingCuts
/afs/cern.ch/user/r/ryi/HEM1516/Leptoquarks/analyzer/rootNtupleAnalyzerV2/src/baseClass.C - Line 389 - readCutFile: Reading cutFile_ = cutTable_lq_eejj_jet2_both_in.txt
/afs/cern.ch/user/r/ryi/HEM1516/Leptoquarks/analyzer/rootNtupleAnalyzerV2/src/baseClass.C - Line 422 - readCutFile: Getting JSON file: certifiedGolden_11mar2020_2016_2017_2018.json
/afs/cern.ch/user/r/ryi/HEM1516/Leptoquarks/analyzer/rootNtupleAnalyzerV2/src/baseClass.C - Line 670 - readCutFile: baseClass::readCutFile: Finished reading cutFile: cutTable_lq_eejj_jet2_both_in.txt
/afs/cern.ch/user/r/ryi/HEM1516/Leptoquarks/analyzer/rootNtupleAnalyzerV2/src/baseClass.C - Line 2506 - getSkimPreCutValue: getSkimPreCutValue: (produceSkim): INFO -- found the precut string in the map with value: 1
/afs/cern.ch/user/r/ryi/HEM1516/Leptoquarks/analyzer/rootNtupleAnalyzerV2/src/baseClass.C - Line 2501 - getSkimPreCutValue: getSkimPreCutValue: (produceReducedSkim): INFO -- did not find the precut string in the map!
/afs/cern.ch/user/r/ryi/HEM1516/Leptoquarks/analyzer/rootNtupleAnalyzerV2/src/baseClass.C - Line 731 - readCutFile: INFO: found pre-existing EventsPassingSkimCuts profile.
/afs/cern.ch/user/r/ryi/HEM1516/Leptoquarks/analyzer/rootNtupleAnalyzerV2/src/baseClass.C - Line 736 - readCutFile: INFO: doing skim -- updating pre-existing EventsPassingSkimCuts profile.
/afs/cern.ch/user/r/ryi/HEM1516/Leptoquarks/analyzer/rootNtupleAnalyzerV2/src/baseClass.C - Line 45 - baseClass: ends
analysisClass::Loop() begins
analysisClass::analysisClass(): nentries = 7042249
analysisClass:Loop(): jentry = 0/7042249
analysisClass:Loop(): jentry = 1/7042249
analysisClass:Loop(): jentry = 2/7042249
analysisClass:Loop(): jentry = 3/7042249
analysisClass:Loop(): jentry = 4/7042249
analysisClass:Loop(): jentry = 5/7042249
analysisClass:Loop(): jentry = 6/7042249
analysisClass:Loop(): jentry = 7/7042249
analysisClass:Loop(): jentry = 8/7042249
analysisClass:Loop(): jentry = 9/7042249
analysisClass:Loop(): jentry = 10000/7042249
analysisClass:Loop(): jentry = 20000/7042249
analysisClass:Loop(): jentry = 30000/7042249
analysisClass:Loop(): jentry = 40000/7042249
analysisClass:Loop(): jentry = 50000/7042249
analysisClass:Loop(): jentry = 60000/7042249
analysisClass:Loop(): jentry = 70000/7042249
analysisClass:Loop(): jentry = 80000/7042249
analysisClass:Loop(): jentry = 90000/7042249
analysisClass:Loop(): jentry = 100000/7042249
analysisClass:Loop(): jentry = 110000/7042249
analysisClass:Loop(): jentry = 120000/7042249
analysisClass:Loop(): jentry = 130000/7042249
analysisClass:Loop(): jentry = 140000/7042249
analysisClass:Loop(): jentry = 150000/7042249
analysisClass:Loop(): jentry = 160000/7042249
analysisClass:Loop(): jentry = 170000/7042249
analysisClass:Loop(): jentry = 180000/7042249
analysisClass:Loop(): jentry = 190000/7042249
analysisClass:Loop(): jentry = 200000/7042249
analysisClass:Loop(): jentry = 210000/7042249
analysisClass:Loop(): jentry = 220000/7042249
analysisClass:Loop(): jentry = 230000/7042249
analysisClass:Loop(): jentry = 240000/7042249
analysisClass:Loop(): jentry = 250000/7042249
analysisClass:Loop(): jentry = 260000/7042249
analysisClass:Loop(): jentry = 270000/7042249
analysisClass:Loop(): jentry = 280000/7042249
analysisClass:Loop(): jentry = 290000/7042249
analysisClass:Loop(): jentry = 300000/7042249
analysisClass:Loop(): jentry = 310000/7042249
analysisClass:Loop(): jentry = 320000/7042249
analysisClass:Loop(): jentry = 330000/7042249
analysisClass:Loop(): jentry = 340000/7042249
analysisClass:Loop(): jentry = 350000/7042249
analysisClass:Loop(): jentry = 360000/7042249
analysisClass:Loop(): jentry = 370000/7042249
analysisClass:Loop(): jentry = 380000/7042249
analysisClass:Loop(): jentry = 390000/7042249
analysisClass:Loop(): jentry = 400000/7042249
analysisClass:Loop(): jentry = 410000/7042249
analysisClass:Loop(): jentry = 420000/7042249
analysisClass:Loop(): jentry = 430000/7042249
analysisClass:Loop(): jentry = 440000/7042249
analysisClass:Loop(): jentry = 450000/7042249
analysisClass:Loop(): jentry = 460000/7042249
analysisClass:Loop(): jentry = 470000/7042249
analysisClass:Loop(): jentry = 480000/7042249
analysisClass:Loop(): jentry = 490000/7042249
analysisClass:Loop(): jentry = 500000/7042249
analysisClass:Loop(): jentry = 510000/7042249
analysisClass:Loop(): jentry = 520000/7042249
analysisClass:Loop(): jentry = 530000/7042249
analysisClass:Loop(): jentry = 540000/7042249
analysisClass:Loop(): jentry = 550000/7042249
analysisClass:Loop(): jentry = 560000/7042249
analysisClass:Loop(): jentry = 570000/7042249
analysisClass:Loop(): jentry = 580000/7042249
analysisClass:Loop(): jentry = 590000/7042249
analysisClass:Loop(): jentry = 600000/7042249
analysisClass:Loop(): jentry = 610000/7042249
analysisClass:Loop(): jentry = 620000/7042249
analysisClass:Loop(): jentry = 630000/7042249
analysisClass:Loop(): jentry = 640000/7042249
analysisClass:Loop(): jentry = 650000/7042249
analysisClass:Loop(): jentry = 660000/7042249
analysisClass:Loop(): jentry = 670000/7042249
analysisClass:Loop(): jentry = 680000/7042249
analysisClass:Loop(): jentry = 690000/7042249
analysisClass:Loop(): jentry = 700000/7042249
analysisClass:Loop(): jentry = 710000/7042249
analysisClass:Loop(): jentry = 720000/7042249
analysisClass:Loop(): jentry = 730000/7042249
analysisClass:Loop(): jentry = 740000/7042249
analysisClass:Loop(): jentry = 750000/7042249
analysisClass:Loop(): jentry = 760000/7042249
analysisClass:Loop(): jentry = 770000/7042249
analysisClass:Loop(): jentry = 780000/7042249
analysisClass:Loop(): jentry = 790000/7042249
analysisClass:Loop(): jentry = 800000/7042249
analysisClass:Loop(): jentry = 810000/7042249
analysisClass:Loop(): jentry = 820000/7042249
analysisClass:Loop(): jentry = 830000/7042249
analysisClass:Loop(): jentry = 840000/7042249
analysisClass:Loop(): jentry = 850000/7042249
analysisClass:Loop(): jentry = 860000/7042249
analysisClass:Loop(): jentry = 870000/7042249
analysisClass:Loop(): jentry = 880000/7042249
analysisClass:Loop(): jentry = 890000/7042249
analysisClass:Loop(): jentry = 900000/7042249
analysisClass:Loop(): jentry = 910000/7042249
analysisClass:Loop(): jentry = 920000/7042249
analysisClass:Loop(): jentry = 930000/7042249
analysisClass:Loop(): jentry = 940000/7042249
analysisClass:Loop(): jentry = 950000/7042249
analysisClass:Loop(): jentry = 960000/7042249
analysisClass:Loop(): jentry = 970000/7042249
analysisClass:Loop(): jentry = 980000/7042249
analysisClass:Loop(): jentry = 990000/7042249
analysisClass:Loop(): jentry = 1000000/7042249
analysisClass:Loop(): jentry = 1010000/7042249
analysisClass:Loop(): jentry = 1020000/7042249
analysisClass:Loop(): jentry = 1030000/7042249
analysisClass:Loop(): jentry = 1040000/7042249
analysisClass:Loop(): jentry = 1050000/7042249
analysisClass:Loop(): jentry = 1060000/7042249
analysisClass:Loop(): jentry = 1070000/7042249
analysisClass:Loop(): jentry = 1080000/7042249
analysisClass:Loop(): jentry = 1090000/7042249
analysisClass:Loop(): jentry = 1100000/7042249
analysisClass:Loop(): jentry = 1110000/7042249
analysisClass:Loop(): jentry = 1120000/7042249
analysisClass:Loop(): jentry = 1130000/7042249
analysisClass:Loop(): jentry = 1140000/7042249
analysisClass:Loop(): jentry = 1150000/7042249
analysisClass:Loop(): jentry = 1160000/7042249
analysisClass:Loop(): jentry = 1170000/7042249
analysisClass:Loop(): jentry = 1180000/7042249
analysisClass:Loop(): jentry = 1190000/7042249
analysisClass:Loop(): jentry = 1200000/7042249
analysisClass:Loop(): jentry = 1210000/7042249
analysisClass:Loop(): jentry = 1220000/7042249
analysisClass:Loop(): jentry = 1230000/7042249
analysisClass:Loop(): jentry = 1240000/7042249
analysisClass:Loop(): jentry = 1250000/7042249
analysisClass:Loop(): jentry = 1260000/7042249
analysisClass:Loop(): jentry = 1270000/7042249
analysisClass:Loop(): jentry = 1280000/7042249
analysisClass:Loop(): jentry = 1290000/7042249
analysisClass:Loop(): jentry = 1300000/7042249
analysisClass:Loop(): jentry = 1310000/7042249
analysisClass:Loop(): jentry = 1320000/7042249
analysisClass:Loop(): jentry = 1330000/7042249
analysisClass:Loop(): jentry = 1340000/7042249
analysisClass:Loop(): jentry = 1350000/7042249
analysisClass:Loop(): jentry = 1360000/7042249
analysisClass:Loop(): jentry = 1370000/7042249
analysisClass:Loop(): jentry = 1380000/7042249
analysisClass:Loop(): jentry = 1390000/7042249
analysisClass:Loop(): jentry = 1400000/7042249
analysisClass:Loop(): jentry = 1410000/7042249
analysisClass:Loop(): jentry = 1420000/7042249
analysisClass:Loop(): jentry = 1430000/7042249
analysisClass:Loop(): jentry = 1440000/7042249
analysisClass:Loop(): jentry = 1450000/7042249
analysisClass:Loop(): jentry = 1460000/7042249
analysisClass:Loop(): jentry = 1470000/7042249
analysisClass:Loop(): jentry = 1480000/7042249
analysisClass:Loop(): jentry = 1490000/7042249
analysisClass:Loop(): jentry = 1500000/7042249
analysisClass:Loop(): jentry = 1510000/7042249
analysisClass:Loop(): jentry = 1520000/7042249
analysisClass:Loop(): jentry = 1530000/7042249
analysisClass:Loop(): jentry = 1540000/7042249
analysisClass:Loop(): jentry = 1550000/7042249
analysisClass:Loop(): jentry = 1560000/7042249
analysisClass:Loop(): jentry = 1570000/7042249
analysisClass:Loop(): jentry = 1580000/7042249
analysisClass:Loop(): jentry = 1590000/7042249
analysisClass:Loop(): jentry = 1600000/7042249
analysisClass:Loop(): jentry = 1610000/7042249
analysisClass:Loop(): jentry = 1620000/7042249
analysisClass:Loop(): jentry = 1630000/7042249
analysisClass:Loop(): jentry = 1640000/7042249
analysisClass:Loop(): jentry = 1650000/7042249
analysisClass:Loop(): jentry = 1660000/7042249
analysisClass:Loop(): jentry = 1670000/7042249
analysisClass:Loop(): jentry = 1680000/7042249
analysisClass:Loop(): jentry = 1690000/7042249
analysisClass:Loop(): jentry = 1700000/7042249
analysisClass:Loop(): jentry = 1710000/7042249
analysisClass:Loop(): jentry = 1720000/7042249
analysisClass:Loop(): jentry = 1730000/7042249
analysisClass:Loop(): jentry = 1740000/7042249
analysisClass:Loop(): jentry = 1750000/7042249
analysisClass:Loop(): jentry = 1760000/7042249
analysisClass:Loop(): jentry = 1770000/7042249
analysisClass:Loop(): jentry = 1780000/7042249
analysisClass:Loop(): jentry = 1790000/7042249
analysisClass:Loop(): jentry = 1800000/7042249
analysisClass:Loop(): jentry = 1810000/7042249
analysisClass:Loop(): jentry = 1820000/7042249
analysisClass:Loop(): jentry = 1830000/7042249
analysisClass:Loop(): jentry = 1840000/7042249
analysisClass:Loop(): jentry = 1850000/7042249
analysisClass:Loop(): jentry = 1860000/7042249
analysisClass:Loop(): jentry = 1870000/7042249
analysisClass:Loop(): jentry = 1880000/7042249
analysisClass:Loop(): jentry = 1890000/7042249
analysisClass:Loop(): jentry = 1900000/7042249
analysisClass:Loop(): jentry = 1910000/7042249
analysisClass:Loop(): jentry = 1920000/7042249
analysisClass:Loop(): jentry = 1930000/7042249
analysisClass:Loop(): jentry = 1940000/7042249
analysisClass:Loop(): jentry = 1950000/7042249
analysisClass:Loop(): jentry = 1960000/7042249
analysisClass:Loop(): jentry = 1970000/7042249
analysisClass:Loop(): jentry = 1980000/7042249
analysisClass:Loop(): jentry = 1990000/7042249
analysisClass:Loop(): jentry = 2000000/7042249
analysisClass:Loop(): jentry = 2010000/7042249
analysisClass:Loop(): jentry = 2020000/7042249
analysisClass:Loop(): jentry = 2030000/7042249
analysisClass:Loop(): jentry = 2040000/7042249
analysisClass:Loop(): jentry = 2050000/7042249
analysisClass:Loop(): jentry = 2060000/7042249
analysisClass:Loop(): jentry = 2070000/7042249
analysisClass:Loop(): jentry = 2080000/7042249
analysisClass:Loop(): jentry = 2090000/7042249
analysisClass:Loop(): jentry = 2100000/7042249
analysisClass:Loop(): jentry = 2110000/7042249
analysisClass:Loop(): jentry = 2120000/7042249
analysisClass:Loop(): jentry = 2130000/7042249
analysisClass:Loop(): jentry = 2140000/7042249
analysisClass:Loop(): jentry = 2150000/7042249
analysisClass:Loop(): jentry = 2160000/7042249
analysisClass:Loop(): jentry = 2170000/7042249
analysisClass:Loop(): jentry = 2180000/7042249
analysisClass:Loop(): jentry = 2190000/7042249
analysisClass:Loop(): jentry = 2200000/7042249
analysisClass:Loop(): jentry = 2210000/7042249
analysisClass:Loop(): jentry = 2220000/7042249
analysisClass:Loop(): jentry = 2230000/7042249
analysisClass:Loop(): jentry = 2240000/7042249
analysisClass:Loop(): jentry = 2250000/7042249
analysisClass:Loop(): jentry = 2260000/7042249
analysisClass:Loop(): jentry = 2270000/7042249
analysisClass:Loop(): jentry = 2280000/7042249
analysisClass:Loop(): jentry = 2290000/7042249
analysisClass:Loop(): jentry = 2300000/7042249
analysisClass:Loop(): jentry = 2310000/7042249
analysisClass:Loop(): jentry = 2320000/7042249
analysisClass:Loop(): jentry = 2330000/7042249
analysisClass:Loop(): jentry = 2340000/7042249
analysisClass:Loop(): jentry = 2350000/7042249
analysisClass:Loop(): jentry = 2360000/7042249
analysisClass:Loop(): jentry = 2370000/7042249
analysisClass:Loop(): jentry = 2380000/7042249
analysisClass:Loop(): jentry = 2390000/7042249
analysisClass:Loop(): jentry = 2400000/7042249
analysisClass:Loop(): jentry = 2410000/7042249
analysisClass:Loop(): jentry = 2420000/7042249
analysisClass:Loop(): jentry = 2430000/7042249
analysisClass:Loop(): jentry = 2440000/7042249
analysisClass:Loop(): jentry = 2450000/7042249
analysisClass:Loop(): jentry = 2460000/7042249
analysisClass:Loop(): jentry = 2470000/7042249
analysisClass:Loop(): jentry = 2480000/7042249
analysisClass:Loop(): jentry = 2490000/7042249
analysisClass:Loop(): jentry = 2500000/7042249
analysisClass:Loop(): jentry = 2510000/7042249
analysisClass:Loop(): jentry = 2520000/7042249
analysisClass:Loop(): jentry = 2530000/7042249
analysisClass:Loop(): jentry = 2540000/7042249
analysisClass:Loop(): jentry = 2550000/7042249
analysisClass:Loop(): jentry = 2560000/7042249
analysisClass:Loop(): jentry = 2570000/7042249
analysisClass:Loop(): jentry = 2580000/7042249
analysisClass:Loop(): jentry = 2590000/7042249
analysisClass:Loop(): jentry = 2600000/7042249
analysisClass:Loop(): jentry = 2610000/7042249
analysisClass:Loop(): jentry = 2620000/7042249
analysisClass:Loop(): jentry = 2630000/7042249
analysisClass:Loop(): jentry = 2640000/7042249
analysisClass:Loop(): jentry = 2650000/7042249
analysisClass:Loop(): jentry = 2660000/7042249
analysisClass:Loop(): jentry = 2670000/7042249
analysisClass:Loop(): jentry = 2680000/7042249
analysisClass:Loop(): jentry = 2690000/7042249
analysisClass:Loop(): jentry = 2700000/7042249
analysisClass:Loop(): jentry = 2710000/7042249
analysisClass:Loop(): jentry = 2720000/7042249
analysisClass:Loop(): jentry = 2730000/7042249
analysisClass:Loop(): jentry = 2740000/7042249
analysisClass:Loop(): jentry = 2750000/7042249
analysisClass:Loop(): jentry = 2760000/7042249
analysisClass:Loop(): jentry = 2770000/7042249
analysisClass:Loop(): jentry = 2780000/7042249
analysisClass:Loop(): jentry = 2790000/7042249
analysisClass:Loop(): jentry = 2800000/7042249
analysisClass:Loop(): jentry = 2810000/7042249
analysisClass:Loop(): jentry = 2820000/7042249
analysisClass:Loop(): jentry = 2830000/7042249
analysisClass:Loop(): jentry = 2840000/7042249
analysisClass:Loop(): jentry = 2850000/7042249
analysisClass:Loop(): jentry = 2860000/7042249
analysisClass:Loop(): jentry = 2870000/7042249
analysisClass:Loop(): jentry = 2880000/7042249
analysisClass:Loop(): jentry = 2890000/7042249
analysisClass:Loop(): jentry = 2900000/7042249
analysisClass:Loop(): jentry = 2910000/7042249
analysisClass:Loop(): jentry = 2920000/7042249
analysisClass:Loop(): jentry = 2930000/7042249
analysisClass:Loop(): jentry = 2940000/7042249
analysisClass:Loop(): jentry = 2950000/7042249
analysisClass:Loop(): jentry = 2960000/7042249
analysisClass:Loop(): jentry = 2970000/7042249
analysisClass:Loop(): jentry = 2980000/7042249
analysisClass:Loop(): jentry = 2990000/7042249
analysisClass:Loop(): jentry = 3000000/7042249
analysisClass:Loop(): jentry = 3010000/7042249
analysisClass:Loop(): jentry = 3020000/7042249
analysisClass:Loop(): jentry = 3030000/7042249
analysisClass:Loop(): jentry = 3040000/7042249
analysisClass:Loop(): jentry = 3050000/7042249
analysisClass:Loop(): jentry = 3060000/7042249
analysisClass:Loop(): jentry = 3070000/7042249
analysisClass:Loop(): jentry = 3080000/7042249
analysisClass:Loop(): jentry = 3090000/7042249
analysisClass:Loop(): jentry = 3100000/7042249
analysisClass:Loop(): jentry = 3110000/7042249
analysisClass:Loop(): jentry = 3120000/7042249
analysisClass:Loop(): jentry = 3130000/7042249
analysisClass:Loop(): jentry = 3140000/7042249
analysisClass:Loop(): jentry = 3150000/7042249
analysisClass:Loop(): jentry = 3160000/7042249
analysisClass:Loop(): jentry = 3170000/7042249
analysisClass:Loop(): jentry = 3180000/7042249
analysisClass:Loop(): jentry = 3190000/7042249
analysisClass:Loop(): jentry = 3200000/7042249
analysisClass:Loop(): jentry = 3210000/7042249
analysisClass:Loop(): jentry = 3220000/7042249
analysisClass:Loop(): jentry = 3230000/7042249
analysisClass:Loop(): jentry = 3240000/7042249
analysisClass:Loop(): jentry = 3250000/7042249
analysisClass:Loop(): jentry = 3260000/7042249
analysisClass:Loop(): jentry = 3270000/7042249
analysisClass:Loop(): jentry = 3280000/7042249
analysisClass:Loop(): jentry = 3290000/7042249
analysisClass:Loop(): jentry = 3300000/7042249
analysisClass:Loop(): jentry = 3310000/7042249
analysisClass:Loop(): jentry = 3320000/7042249
analysisClass:Loop(): jentry = 3330000/7042249
analysisClass:Loop(): jentry = 3340000/7042249
analysisClass:Loop(): jentry = 3350000/7042249
analysisClass:Loop(): jentry = 3360000/7042249
analysisClass:Loop(): jentry = 3370000/7042249
analysisClass:Loop(): jentry = 3380000/7042249
analysisClass:Loop(): jentry = 3390000/7042249
analysisClass:Loop(): jentry = 3400000/7042249
analysisClass:Loop(): jentry = 3410000/7042249
analysisClass:Loop(): jentry = 3420000/7042249
analysisClass:Loop(): jentry = 3430000/7042249
analysisClass:Loop(): jentry = 3440000/7042249
analysisClass:Loop(): jentry = 3450000/7042249
analysisClass:Loop(): jentry = 3460000/7042249
analysisClass:Loop(): jentry = 3470000/7042249
analysisClass:Loop(): jentry = 3480000/7042249
analysisClass:Loop(): jentry = 3490000/7042249
analysisClass:Loop(): jentry = 3500000/7042249
analysisClass:Loop(): jentry = 3510000/7042249
analysisClass:Loop(): jentry = 3520000/7042249
analysisClass:Loop(): jentry = 3530000/7042249
analysisClass:Loop(): jentry = 3540000/7042249
analysisClass:Loop(): jentry = 3550000/7042249
analysisClass:Loop(): jentry = 3560000/7042249
analysisClass:Loop(): jentry = 3570000/7042249
analysisClass:Loop(): jentry = 3580000/7042249
analysisClass:Loop(): jentry = 3590000/7042249
analysisClass:Loop(): jentry = 3600000/7042249
analysisClass:Loop(): jentry = 3610000/7042249
analysisClass:Loop(): jentry = 3620000/7042249
analysisClass:Loop(): jentry = 3630000/7042249
analysisClass:Loop(): jentry = 3640000/7042249
analysisClass:Loop(): jentry = 3650000/7042249
analysisClass:Loop(): jentry = 3660000/7042249
analysisClass:Loop(): jentry = 3670000/7042249
analysisClass:Loop(): jentry = 3680000/7042249
analysisClass:Loop(): jentry = 3690000/7042249
analysisClass:Loop(): jentry = 3700000/7042249
analysisClass:Loop(): jentry = 3710000/7042249
analysisClass:Loop(): jentry = 3720000/7042249
analysisClass:Loop(): jentry = 3730000/7042249
analysisClass:Loop(): jentry = 3740000/7042249
analysisClass:Loop(): jentry = 3750000/7042249
analysisClass:Loop(): jentry = 3760000/7042249
analysisClass:Loop(): jentry = 3770000/7042249
analysisClass:Loop(): jentry = 3780000/7042249
analysisClass:Loop(): jentry = 3790000/7042249
analysisClass:Loop(): jentry = 3800000/7042249
analysisClass:Loop(): jentry = 3810000/7042249
analysisClass:Loop(): jentry = 3820000/7042249
analysisClass:Loop(): jentry = 3830000/7042249
analysisClass:Loop(): jentry = 3840000/7042249
analysisClass:Loop(): jentry = 3850000/7042249
analysisClass:Loop(): jentry = 3860000/7042249
analysisClass:Loop(): jentry = 3870000/7042249
analysisClass:Loop(): jentry = 3880000/7042249
analysisClass:Loop(): jentry = 3890000/7042249
analysisClass:Loop(): jentry = 3900000/7042249
analysisClass:Loop(): jentry = 3910000/7042249
analysisClass:Loop(): jentry = 3920000/7042249
analysisClass:Loop(): jentry = 3930000/7042249
analysisClass:Loop(): jentry = 3940000/7042249
analysisClass:Loop(): jentry = 3950000/7042249
analysisClass:Loop(): jentry = 3960000/7042249
analysisClass:Loop(): jentry = 3970000/7042249
analysisClass:Loop(): jentry = 3980000/7042249
analysisClass:Loop(): jentry = 3990000/7042249
analysisClass:Loop(): jentry = 4000000/7042249
analysisClass:Loop(): jentry = 4010000/7042249
analysisClass:Loop(): jentry = 4020000/7042249
analysisClass:Loop(): jentry = 4030000/7042249
analysisClass:Loop(): jentry = 4040000/7042249
analysisClass:Loop(): jentry = 4050000/7042249
analysisClass:Loop(): jentry = 4060000/7042249
analysisClass:Loop(): jentry = 4070000/7042249
analysisClass:Loop(): jentry = 4080000/7042249
analysisClass:Loop(): jentry = 4090000/7042249
analysisClass:Loop(): jentry = 4100000/7042249
analysisClass:Loop(): jentry = 4110000/7042249
analysisClass:Loop(): jentry = 4120000/7042249
analysisClass:Loop(): jentry = 4130000/7042249
analysisClass:Loop(): jentry = 4140000/7042249
analysisClass:Loop(): jentry = 4150000/7042249
analysisClass:Loop(): jentry = 4160000/7042249
analysisClass:Loop(): jentry = 4170000/7042249
analysisClass:Loop(): jentry = 4180000/7042249
analysisClass:Loop(): jentry = 4190000/7042249
analysisClass:Loop(): jentry = 4200000/7042249
analysisClass:Loop(): jentry = 4210000/7042249
analysisClass:Loop(): jentry = 4220000/7042249
analysisClass:Loop(): jentry = 4230000/7042249
analysisClass:Loop(): jentry = 4240000/7042249
analysisClass:Loop(): jentry = 4250000/7042249
analysisClass:Loop(): jentry = 4260000/7042249
analysisClass:Loop(): jentry = 4270000/7042249
analysisClass:Loop(): jentry = 4280000/7042249
analysisClass:Loop(): jentry = 4290000/7042249
analysisClass:Loop(): jentry = 4300000/7042249
analysisClass:Loop(): jentry = 4310000/7042249
analysisClass:Loop(): jentry = 4320000/7042249
analysisClass:Loop(): jentry = 4330000/7042249
analysisClass:Loop(): jentry = 4340000/7042249
analysisClass:Loop(): jentry = 4350000/7042249
analysisClass:Loop(): jentry = 4360000/7042249
analysisClass:Loop(): jentry = 4370000/7042249
analysisClass:Loop(): jentry = 4380000/7042249
analysisClass:Loop(): jentry = 4390000/7042249
analysisClass:Loop(): jentry = 4400000/7042249
analysisClass:Loop(): jentry = 4410000/7042249
analysisClass:Loop(): jentry = 4420000/7042249
analysisClass:Loop(): jentry = 4430000/7042249
analysisClass:Loop(): jentry = 4440000/7042249
analysisClass:Loop(): jentry = 4450000/7042249
analysisClass:Loop(): jentry = 4460000/7042249
analysisClass:Loop(): jentry = 4470000/7042249
analysisClass:Loop(): jentry = 4480000/7042249
analysisClass:Loop(): jentry = 4490000/7042249
analysisClass:Loop(): jentry = 4500000/7042249
analysisClass:Loop(): jentry = 4510000/7042249
analysisClass:Loop(): jentry = 4520000/7042249
analysisClass:Loop(): jentry = 4530000/7042249
analysisClass:Loop(): jentry = 4540000/7042249
analysisClass:Loop(): jentry = 4550000/7042249
analysisClass:Loop(): jentry = 4560000/7042249
analysisClass:Loop(): jentry = 4570000/7042249
analysisClass:Loop(): jentry = 4580000/7042249
analysisClass:Loop(): jentry = 4590000/7042249
analysisClass:Loop(): jentry = 4600000/7042249
analysisClass:Loop(): jentry = 4610000/7042249
analysisClass:Loop(): jentry = 4620000/7042249
analysisClass:Loop(): jentry = 4630000/7042249
analysisClass:Loop(): jentry = 4640000/7042249
analysisClass:Loop(): jentry = 4650000/7042249
analysisClass:Loop(): jentry = 4660000/7042249
analysisClass:Loop(): jentry = 4670000/7042249
analysisClass:Loop(): jentry = 4680000/7042249
analysisClass:Loop(): jentry = 4690000/7042249
analysisClass:Loop(): jentry = 4700000/7042249
analysisClass:Loop(): jentry = 4710000/7042249
analysisClass:Loop(): jentry = 4720000/7042249
analysisClass:Loop(): jentry = 4730000/7042249
analysisClass:Loop(): jentry = 4740000/7042249
analysisClass:Loop(): jentry = 4750000/7042249
analysisClass:Loop(): jentry = 4760000/7042249
analysisClass:Loop(): jentry = 4770000/7042249
analysisClass:Loop(): jentry = 4780000/7042249
analysisClass:Loop(): jentry = 4790000/7042249
analysisClass:Loop(): jentry = 4800000/7042249
analysisClass:Loop(): jentry = 4810000/7042249
analysisClass:Loop(): jentry = 4820000/7042249
analysisClass:Loop(): jentry = 4830000/7042249
analysisClass:Loop(): jentry = 4840000/7042249
analysisClass:Loop(): jentry = 4850000/7042249
analysisClass:Loop(): jentry = 4860000/7042249
analysisClass:Loop(): jentry = 4870000/7042249
analysisClass:Loop(): jentry = 4880000/7042249
analysisClass:Loop(): jentry = 4890000/7042249
analysisClass:Loop(): jentry = 4900000/7042249
analysisClass:Loop(): jentry = 4910000/7042249
analysisClass:Loop(): jentry = 4920000/7042249
analysisClass:Loop(): jentry = 4930000/7042249
analysisClass:Loop(): jentry = 4940000/7042249
analysisClass:Loop(): jentry = 4950000/7042249
analysisClass:Loop(): jentry = 4960000/7042249
analysisClass:Loop(): jentry = 4970000/7042249
analysisClass:Loop(): jentry = 4980000/7042249
analysisClass:Loop(): jentry = 4990000/7042249
analysisClass:Loop(): jentry = 5000000/7042249
analysisClass:Loop(): jentry = 5010000/7042249
analysisClass:Loop(): jentry = 5020000/7042249
analysisClass:Loop(): jentry = 5030000/7042249
analysisClass:Loop(): jentry = 5040000/7042249
analysisClass:Loop(): jentry = 5050000/7042249
analysisClass:Loop(): jentry = 5060000/7042249
analysisClass:Loop(): jentry = 5070000/7042249
analysisClass:Loop(): jentry = 5080000/7042249
analysisClass:Loop(): jentry = 5090000/7042249
analysisClass:Loop(): jentry = 5100000/7042249
analysisClass:Loop(): jentry = 5110000/7042249
analysisClass:Loop(): jentry = 5120000/7042249
analysisClass:Loop(): jentry = 5130000/7042249
analysisClass:Loop(): jentry = 5140000/7042249
analysisClass:Loop(): jentry = 5150000/7042249
analysisClass:Loop(): jentry = 5160000/7042249
analysisClass:Loop(): jentry = 5170000/7042249
analysisClass:Loop(): jentry = 5180000/7042249
analysisClass:Loop(): jentry = 5190000/7042249
analysisClass:Loop(): jentry = 5200000/7042249
analysisClass:Loop(): jentry = 5210000/7042249
analysisClass:Loop(): jentry = 5220000/7042249
analysisClass:Loop(): jentry = 5230000/7042249
analysisClass:Loop(): jentry = 5240000/7042249
analysisClass:Loop(): jentry = 5250000/7042249
analysisClass:Loop(): jentry = 5260000/7042249
analysisClass:Loop(): jentry = 5270000/7042249
analysisClass:Loop(): jentry = 5280000/7042249
analysisClass:Loop(): jentry = 5290000/7042249
analysisClass:Loop(): jentry = 5300000/7042249
analysisClass:Loop(): jentry = 5310000/7042249
analysisClass:Loop(): jentry = 5320000/7042249
analysisClass:Loop(): jentry = 5330000/7042249
analysisClass:Loop(): jentry = 5340000/7042249
analysisClass:Loop(): jentry = 5350000/7042249
analysisClass:Loop(): jentry = 5360000/7042249
analysisClass:Loop(): jentry = 5370000/7042249
analysisClass:Loop(): jentry = 5380000/7042249
analysisClass:Loop(): jentry = 5390000/7042249
analysisClass:Loop(): jentry = 5400000/7042249
analysisClass:Loop(): jentry = 5410000/7042249
analysisClass:Loop(): jentry = 5420000/7042249
analysisClass:Loop(): jentry = 5430000/7042249
analysisClass:Loop(): jentry = 5440000/7042249
analysisClass:Loop(): jentry = 5450000/7042249
analysisClass:Loop(): jentry = 5460000/7042249
analysisClass:Loop(): jentry = 5470000/7042249
analysisClass:Loop(): jentry = 5480000/7042249
analysisClass:Loop(): jentry = 5490000/7042249
analysisClass:Loop(): jentry = 5500000/7042249
analysisClass:Loop(): jentry = 5510000/7042249
analysisClass:Loop(): jentry = 5520000/7042249
analysisClass:Loop(): jentry = 5530000/7042249
analysisClass:Loop(): jentry = 5540000/7042249
analysisClass:Loop(): jentry = 5550000/7042249
analysisClass:Loop(): jentry = 5560000/7042249
analysisClass:Loop(): jentry = 5570000/7042249
analysisClass:Loop(): jentry = 5580000/7042249
analysisClass:Loop(): jentry = 5590000/7042249
analysisClass:Loop(): jentry = 5600000/7042249
analysisClass:Loop(): jentry = 5610000/7042249
analysisClass:Loop(): jentry = 5620000/7042249
analysisClass:Loop(): jentry = 5630000/7042249
analysisClass:Loop(): jentry = 5640000/7042249
analysisClass:Loop(): jentry = 5650000/7042249
analysisClass:Loop(): jentry = 5660000/7042249
analysisClass:Loop(): jentry = 5670000/7042249
analysisClass:Loop(): jentry = 5680000/7042249
analysisClass:Loop(): jentry = 5690000/7042249
analysisClass:Loop(): jentry = 5700000/7042249
analysisClass:Loop(): jentry = 5710000/7042249
analysisClass:Loop(): jentry = 5720000/7042249
analysisClass:Loop(): jentry = 5730000/7042249
analysisClass:Loop(): jentry = 5740000/7042249
analysisClass:Loop(): jentry = 5750000/7042249
analysisClass:Loop(): jentry = 5760000/7042249
analysisClass:Loop(): jentry = 5770000/7042249
analysisClass:Loop(): jentry = 5780000/7042249
analysisClass:Loop(): jentry = 5790000/7042249
analysisClass:Loop(): jentry = 5800000/7042249
analysisClass:Loop(): jentry = 5810000/7042249
analysisClass:Loop(): jentry = 5820000/7042249
analysisClass:Loop(): jentry = 5830000/7042249
analysisClass:Loop(): jentry = 5840000/7042249
analysisClass:Loop(): jentry = 5850000/7042249
analysisClass:Loop(): jentry = 5860000/7042249
analysisClass:Loop(): jentry = 5870000/7042249
analysisClass:Loop(): jentry = 5880000/7042249
analysisClass:Loop(): jentry = 5890000/7042249
analysisClass:Loop(): jentry = 5900000/7042249
analysisClass:Loop(): jentry = 5910000/7042249
analysisClass:Loop(): jentry = 5920000/7042249
analysisClass:Loop(): jentry = 5930000/7042249
analysisClass:Loop(): jentry = 5940000/7042249
analysisClass:Loop(): jentry = 5950000/7042249
analysisClass:Loop(): jentry = 5960000/7042249
analysisClass:Loop(): jentry = 5970000/7042249
analysisClass:Loop(): jentry = 5980000/7042249
analysisClass:Loop(): jentry = 5990000/7042249
analysisClass:Loop(): jentry = 6000000/7042249
analysisClass:Loop(): jentry = 6010000/7042249
analysisClass:Loop(): jentry = 6020000/7042249
analysisClass:Loop(): jentry = 6030000/7042249
analysisClass:Loop(): jentry = 6040000/7042249
analysisClass:Loop(): jentry = 6050000/7042249
analysisClass:Loop(): jentry = 6060000/7042249
analysisClass:Loop(): jentry = 6070000/7042249
analysisClass:Loop(): jentry = 6080000/7042249
analysisClass:Loop(): jentry = 6090000/7042249
analysisClass:Loop(): jentry = 6100000/7042249
analysisClass:Loop(): jentry = 6110000/7042249
analysisClass:Loop(): jentry = 6120000/7042249
analysisClass:Loop(): jentry = 6130000/7042249
analysisClass:Loop(): jentry = 6140000/7042249
analysisClass:Loop(): jentry = 6150000/7042249
analysisClass:Loop(): jentry = 6160000/7042249
analysisClass:Loop(): jentry = 6170000/7042249
analysisClass:Loop(): jentry = 6180000/7042249
analysisClass:Loop(): jentry = 6190000/7042249
analysisClass:Loop(): jentry = 6200000/7042249
analysisClass:Loop(): jentry = 6210000/7042249
analysisClass:Loop(): jentry = 6220000/7042249
analysisClass:Loop(): jentry = 6230000/7042249
analysisClass:Loop(): jentry = 6240000/7042249
analysisClass:Loop(): jentry = 6250000/7042249
analysisClass:Loop(): jentry = 6260000/7042249
analysisClass:Loop(): jentry = 6270000/7042249
analysisClass:Loop(): jentry = 6280000/7042249
analysisClass:Loop(): jentry = 6290000/7042249
analysisClass:Loop(): jentry = 6300000/7042249
analysisClass:Loop(): jentry = 6310000/7042249
analysisClass:Loop(): jentry = 6320000/7042249
analysisClass:Loop(): jentry = 6330000/7042249
analysisClass:Loop(): jentry = 6340000/7042249
analysisClass:Loop(): jentry = 6350000/7042249
analysisClass:Loop(): jentry = 6360000/7042249
analysisClass:Loop(): jentry = 6370000/7042249
analysisClass:Loop(): jentry = 6380000/7042249
analysisClass:Loop(): jentry = 6390000/7042249
analysisClass:Loop(): jentry = 6400000/7042249
analysisClass:Loop(): jentry = 6410000/7042249
analysisClass:Loop(): jentry = 6420000/7042249
analysisClass:Loop(): jentry = 6430000/7042249
analysisClass:Loop(): jentry = 6440000/7042249
analysisClass:Loop(): jentry = 6450000/7042249
analysisClass:Loop(): jentry = 6460000/7042249
analysisClass:Loop(): jentry = 6470000/7042249
analysisClass:Loop(): jentry = 6480000/7042249
analysisClass:Loop(): jentry = 6490000/7042249
analysisClass:Loop(): jentry = 6500000/7042249
analysisClass:Loop(): jentry = 6510000/7042249
analysisClass:Loop(): jentry = 6520000/7042249
analysisClass:Loop(): jentry = 6530000/7042249
analysisClass:Loop(): jentry = 6540000/7042249
analysisClass:Loop(): jentry = 6550000/7042249
analysisClass:Loop(): jentry = 6560000/7042249
analysisClass:Loop(): jentry = 6570000/7042249
analysisClass:Loop(): jentry = 6580000/7042249
analysisClass:Loop(): jentry = 6590000/7042249
analysisClass:Loop(): jentry = 6600000/7042249
analysisClass:Loop(): jentry = 6610000/7042249
analysisClass:Loop(): jentry = 6620000/7042249
analysisClass:Loop(): jentry = 6630000/7042249
analysisClass:Loop(): jentry = 6640000/7042249
analysisClass:Loop(): jentry = 6650000/7042249
analysisClass:Loop(): jentry = 6660000/7042249
analysisClass:Loop(): jentry = 6670000/7042249
analysisClass:Loop(): jentry = 6680000/7042249
analysisClass:Loop(): jentry = 6690000/7042249
analysisClass:Loop(): jentry = 6700000/7042249
analysisClass:Loop(): jentry = 6710000/7042249
analysisClass:Loop(): jentry = 6720000/7042249
analysisClass:Loop(): jentry = 6730000/7042249
analysisClass:Loop(): jentry = 6740000/7042249
analysisClass:Loop(): jentry = 6750000/7042249
analysisClass:Loop(): jentry = 6760000/7042249
analysisClass:Loop(): jentry = 6770000/7042249
analysisClass:Loop(): jentry = 6780000/7042249
analysisClass:Loop(): jentry = 6790000/7042249
analysisClass:Loop(): jentry = 6800000/7042249
analysisClass:Loop(): jentry = 6810000/7042249
analysisClass:Loop(): jentry = 6820000/7042249
analysisClass:Loop(): jentry = 6830000/7042249
analysisClass:Loop(): jentry = 6840000/7042249
analysisClass:Loop(): jentry = 6850000/7042249
analysisClass:Loop(): jentry = 6860000/7042249
analysisClass:Loop(): jentry = 6870000/7042249
analysisClass:Loop(): jentry = 6880000/7042249
analysisClass:Loop(): jentry = 6890000/7042249
analysisClass:Loop(): jentry = 6900000/7042249
analysisClass:Loop(): jentry = 6910000/7042249
analysisClass:Loop(): jentry = 6920000/7042249
analysisClass:Loop(): jentry = 6930000/7042249
analysisClass:Loop(): jentry = 6940000/7042249
analysisClass:Loop(): jentry = 6950000/7042249
analysisClass:Loop(): jentry = 6960000/7042249
analysisClass:Loop(): jentry = 6970000/7042249
analysisClass:Loop(): jentry = 6980000/7042249
analysisClass:Loop(): jentry = 6990000/7042249
analysisClass:Loop(): jentry = 7000000/7042249
analysisClass:Loop(): jentry = 7010000/7042249
analysisClass:Loop(): jentry = 7020000/7042249
analysisClass:Loop(): jentry = 7030000/7042249
analysisClass:Loop(): jentry = 7040000/7042249
analysisClass::Loop() ends
analysisClass_lq_eejj___DYJetsToLL_LHEFilterPtZ-0To50_MatchEWPDG20_TuneCP5_13TeV-amcatnloFXFX-pythia8_0.root -> /afs/cern.ch/user/r/ryi/HEM1516/Leptoquarks/analyzer/rootNtupleAnalyzerV2/HEM1516study_Jet2_BothInHEM1516_UL/ultralegacy/analysis/2018/HEM1516study_Jet2_BothInHEM1516_UL/condor_cutTable_lq_eejj_jet2_both_in/analysisClass_lq_eejj___DYJetsToLL_LHEFilterPtZ-0To50_MatchEWPDG20_TuneCP5_13TeV-amcatnloFXFX-pythia8/output/analysisClass_lq_eejj___DYJetsToLL_LHEFilterPtZ-0To50_MatchEWPDG20_TuneCP5_13TeV-amcatnloFXFX-pythia8_0.root
removed analysisClass_lq_eejj___DYJetsToLL_LHEFilterPtZ-0To50_MatchEWPDG20_TuneCP5_13TeV-amcatnloFXFX-pythia8_0.root
analysisClass_lq_eejj___DYJetsToLL_LHEFilterPtZ-0To50_MatchEWPDG20_TuneCP5_13TeV-amcatnloFXFX-pythia8_0.dat -> /afs/cern.ch/user/r/ryi/HEM1516/Leptoquarks/analyzer/rootNtupleAnalyzerV2/HEM1516study_Jet2_BothInHEM1516_UL/ultralegacy/analysis/2018/HEM1516study_Jet2_BothInHEM1516_UL/condor_cutTable_lq_eejj_jet2_both_in/analysisClass_lq_eejj___DYJetsToLL_LHEFilterPtZ-0To50_MatchEWPDG20_TuneCP5_13TeV-amcatnloFXFX-pythia8/output/analysisClass_lq_eejj___DYJetsToLL_LHEFilterPtZ-0To50_MatchEWPDG20_TuneCP5_13TeV-amcatnloFXFX-pythia8_0.dat
removed analysisClass_lq_eejj___DYJetsToLL_LHEFilterPtZ-0To50_MatchEWPDG20_TuneCP5_13TeV-amcatnloFXFX-pythia8_0.dat
