/afs/cern.ch/user/r/ryi/HEM1516/Leptoquarks/analyzer/rootNtupleAnalyzerV2/src/baseClass.C - Line 28 - baseClass: begins
/afs/cern.ch/user/r/ryi/HEM1516/Leptoquarks/analyzer/rootNtupleAnalyzerV2/src/baseClass.C - Line 334 - readInputList: baseClass::readinputList(): inputList_ =  input_0.list
/afs/cern.ch/user/r/ryi/HEM1516/Leptoquarks/analyzer/rootNtupleAnalyzerV2/src/baseClass.C - Line 338 - readInputList: baseClass::readInputList: Starting reading list: input_0.list
/afs/cern.ch/user/r/ryi/HEM1516/Leptoquarks/analyzer/rootNtupleAnalyzerV2/src/baseClass.C - Line 354 - readInputList: baseClass::readInputList: Finished reading list: input_0.list
/afs/cern.ch/user/r/ryi/HEM1516/Leptoquarks/analyzer/rootNtupleAnalyzerV2/src/baseClass.C - Line 2034 - getGlobalInfoNstart: root://eoscms.cern.ch//eos/cms/store/group/phys_exotica/leptonsPlusJets/LQ/scooper/ultralegacy/skims/2018/rskDoubleEle_heep_20jun2023/EGamma_Run2018C-UL2018_MiniAODv2_NanoAODv9-v1/EGamma_Run2018C-UL2018_MiniAODv2_NanoAODv9-v1_0_rsk.root
/afs/cern.ch/user/r/ryi/HEM1516/Leptoquarks/analyzer/rootNtupleAnalyzerV2/src/baseClass.C - Line 361 - readInputList: Initial number of events (current file,runningTotal): NBeforeSkim, NBeforeSkim_ = 2776801, 2776801
/afs/cern.ch/user/r/ryi/HEM1516/Leptoquarks/analyzer/rootNtupleAnalyzerV2/src/baseClass.C - Line 366 - readInputList: gen weight sum (current,total): = 0+/-0, 0+/-0
/afs/cern.ch/user/r/ryi/HEM1516/Leptoquarks/analyzer/rootNtupleAnalyzerV2/src/baseClass.C - Line 2149 - saveLHEPdfSumw: saveLHEPdfSumw
/afs/cern.ch/user/r/ryi/HEM1516/Leptoquarks/analyzer/rootNtupleAnalyzerV2/src/baseClass.C - Line 2179 - saveEventsPassingCuts: saveEventsPassingCuts
/afs/cern.ch/user/r/ryi/HEM1516/Leptoquarks/analyzer/rootNtupleAnalyzerV2/src/baseClass.C - Line 2034 - getGlobalInfoNstart: root://eoscms.cern.ch//eos/cms/store/group/phys_exotica/leptonsPlusJets/LQ/scooper/ultralegacy/skims/2018/rskDoubleEle_heep_20jun2023/EGamma_Run2018C-UL2018_MiniAODv2_NanoAODv9-v1/EGamma_Run2018C-UL2018_MiniAODv2_NanoAODv9-v1_1_rsk.root
/afs/cern.ch/user/r/ryi/HEM1516/Leptoquarks/analyzer/rootNtupleAnalyzerV2/src/baseClass.C - Line 361 - readInputList: Initial number of events (current file,runningTotal): NBeforeSkim, NBeforeSkim_ = 3275901, 6052702
/afs/cern.ch/user/r/ryi/HEM1516/Leptoquarks/analyzer/rootNtupleAnalyzerV2/src/baseClass.C - Line 366 - readInputList: gen weight sum (current,total): = 0+/-0, 0+/-0
/afs/cern.ch/user/r/ryi/HEM1516/Leptoquarks/analyzer/rootNtupleAnalyzerV2/src/baseClass.C - Line 2149 - saveLHEPdfSumw: saveLHEPdfSumw
/afs/cern.ch/user/r/ryi/HEM1516/Leptoquarks/analyzer/rootNtupleAnalyzerV2/src/baseClass.C - Line 2179 - saveEventsPassingCuts: saveEventsPassingCuts
/afs/cern.ch/user/r/ryi/HEM1516/Leptoquarks/analyzer/rootNtupleAnalyzerV2/src/baseClass.C - Line 2034 - getGlobalInfoNstart: root://eoscms.cern.ch//eos/cms/store/group/phys_exotica/leptonsPlusJets/LQ/scooper/ultralegacy/skims/2018/rskDoubleEle_heep_20jun2023/EGamma_Run2018C-UL2018_MiniAODv2_NanoAODv9-v1/EGamma_Run2018C-UL2018_MiniAODv2_NanoAODv9-v1_2_rsk.root
/afs/cern.ch/user/r/ryi/HEM1516/Leptoquarks/analyzer/rootNtupleAnalyzerV2/src/baseClass.C - Line 361 - readInputList: Initial number of events (current file,runningTotal): NBeforeSkim, NBeforeSkim_ = 3292410, 9345112
/afs/cern.ch/user/r/ryi/HEM1516/Leptoquarks/analyzer/rootNtupleAnalyzerV2/src/baseClass.C - Line 366 - readInputList: gen weight sum (current,total): = 0+/-0, 0+/-0
/afs/cern.ch/user/r/ryi/HEM1516/Leptoquarks/analyzer/rootNtupleAnalyzerV2/src/baseClass.C - Line 2149 - saveLHEPdfSumw: saveLHEPdfSumw
/afs/cern.ch/user/r/ryi/HEM1516/Leptoquarks/analyzer/rootNtupleAnalyzerV2/src/baseClass.C - Line 2179 - saveEventsPassingCuts: saveEventsPassingCuts
/afs/cern.ch/user/r/ryi/HEM1516/Leptoquarks/analyzer/rootNtupleAnalyzerV2/src/baseClass.C - Line 2034 - getGlobalInfoNstart: root://eoscms.cern.ch//eos/cms/store/group/phys_exotica/leptonsPlusJets/LQ/scooper/ultralegacy/skims/2018/rskDoubleEle_heep_20jun2023/EGamma_Run2018C-UL2018_MiniAODv2_NanoAODv9-v1/EGamma_Run2018C-UL2018_MiniAODv2_NanoAODv9-v1_3_rsk.root
/afs/cern.ch/user/r/ryi/HEM1516/Leptoquarks/analyzer/rootNtupleAnalyzerV2/src/baseClass.C - Line 361 - readInputList: Initial number of events (current file,runningTotal): NBeforeSkim, NBeforeSkim_ = 3331337, 12676449
/afs/cern.ch/user/r/ryi/HEM1516/Leptoquarks/analyzer/rootNtupleAnalyzerV2/src/baseClass.C - Line 366 - readInputList: gen weight sum (current,total): = 0+/-0, 0+/-0
/afs/cern.ch/user/r/ryi/HEM1516/Leptoquarks/analyzer/rootNtupleAnalyzerV2/src/baseClass.C - Line 2149 - saveLHEPdfSumw: saveLHEPdfSumw
/afs/cern.ch/user/r/ryi/HEM1516/Leptoquarks/analyzer/rootNtupleAnalyzerV2/src/baseClass.C - Line 2179 - saveEventsPassingCuts: saveEventsPassingCuts
/afs/cern.ch/user/r/ryi/HEM1516/Leptoquarks/analyzer/rootNtupleAnalyzerV2/src/baseClass.C - Line 2034 - getGlobalInfoNstart: root://eoscms.cern.ch//eos/cms/store/group/phys_exotica/leptonsPlusJets/LQ/scooper/ultralegacy/skims/2018/rskDoubleEle_heep_20jun2023/EGamma_Run2018C-UL2018_MiniAODv2_NanoAODv9-v1/EGamma_Run2018C-UL2018_MiniAODv2_NanoAODv9-v1_4_rsk.root
/afs/cern.ch/user/r/ryi/HEM1516/Leptoquarks/analyzer/rootNtupleAnalyzerV2/src/baseClass.C - Line 361 - readInputList: Initial number of events (current file,runningTotal): NBeforeSkim, NBeforeSkim_ = 3293718, 15970167
/afs/cern.ch/user/r/ryi/HEM1516/Leptoquarks/analyzer/rootNtupleAnalyzerV2/src/baseClass.C - Line 366 - readInputList: gen weight sum (current,total): = 0+/-0, 0+/-0
/afs/cern.ch/user/r/ryi/HEM1516/Leptoquarks/analyzer/rootNtupleAnalyzerV2/src/baseClass.C - Line 2149 - saveLHEPdfSumw: saveLHEPdfSumw
/afs/cern.ch/user/r/ryi/HEM1516/Leptoquarks/analyzer/rootNtupleAnalyzerV2/src/baseClass.C - Line 2179 - saveEventsPassingCuts: saveEventsPassingCuts
/afs/cern.ch/user/r/ryi/HEM1516/Leptoquarks/analyzer/rootNtupleAnalyzerV2/src/baseClass.C - Line 2034 - getGlobalInfoNstart: root://eoscms.cern.ch//eos/cms/store/group/phys_exotica/leptonsPlusJets/LQ/scooper/ultralegacy/skims/2018/rskDoubleEle_heep_20jun2023/EGamma_Run2018C-UL2018_MiniAODv2_NanoAODv9-v1/EGamma_Run2018C-UL2018_MiniAODv2_NanoAODv9-v1_5_rsk.root
/afs/cern.ch/user/r/ryi/HEM1516/Leptoquarks/analyzer/rootNtupleAnalyzerV2/src/baseClass.C - Line 361 - readInputList: Initial number of events (current file,runningTotal): NBeforeSkim, NBeforeSkim_ = 3596448, 19566615
/afs/cern.ch/user/r/ryi/HEM1516/Leptoquarks/analyzer/rootNtupleAnalyzerV2/src/baseClass.C - Line 366 - readInputList: gen weight sum (current,total): = 0+/-0, 0+/-0
/afs/cern.ch/user/r/ryi/HEM1516/Leptoquarks/analyzer/rootNtupleAnalyzerV2/src/baseClass.C - Line 2149 - saveLHEPdfSumw: saveLHEPdfSumw
/afs/cern.ch/user/r/ryi/HEM1516/Leptoquarks/analyzer/rootNtupleAnalyzerV2/src/baseClass.C - Line 2179 - saveEventsPassingCuts: saveEventsPassingCuts
/afs/cern.ch/user/r/ryi/HEM1516/Leptoquarks/analyzer/rootNtupleAnalyzerV2/src/baseClass.C - Line 2034 - getGlobalInfoNstart: root://eoscms.cern.ch//eos/cms/store/group/phys_exotica/leptonsPlusJets/LQ/scooper/ultralegacy/skims/2018/rskDoubleEle_heep_20jun2023/EGamma_Run2018C-UL2018_MiniAODv2_NanoAODv9-v1/EGamma_Run2018C-UL2018_MiniAODv2_NanoAODv9-v1_6_rsk.root
/afs/cern.ch/user/r/ryi/HEM1516/Leptoquarks/analyzer/rootNtupleAnalyzerV2/src/baseClass.C - Line 361 - readInputList: Initial number of events (current file,runningTotal): NBeforeSkim, NBeforeSkim_ = 3490322, 23056937
/afs/cern.ch/user/r/ryi/HEM1516/Leptoquarks/analyzer/rootNtupleAnalyzerV2/src/baseClass.C - Line 366 - readInputList: gen weight sum (current,total): = 0+/-0, 0+/-0
/afs/cern.ch/user/r/ryi/HEM1516/Leptoquarks/analyzer/rootNtupleAnalyzerV2/src/baseClass.C - Line 2149 - saveLHEPdfSumw: saveLHEPdfSumw
/afs/cern.ch/user/r/ryi/HEM1516/Leptoquarks/analyzer/rootNtupleAnalyzerV2/src/baseClass.C - Line 2179 - saveEventsPassingCuts: saveEventsPassingCuts
/afs/cern.ch/user/r/ryi/HEM1516/Leptoquarks/analyzer/rootNtupleAnalyzerV2/src/baseClass.C - Line 2034 - getGlobalInfoNstart: root://eoscms.cern.ch//eos/cms/store/group/phys_exotica/leptonsPlusJets/LQ/scooper/ultralegacy/skims/2018/rskDoubleEle_heep_20jun2023/EGamma_Run2018C-UL2018_MiniAODv2_NanoAODv9-v1/EGamma_Run2018C-UL2018_MiniAODv2_NanoAODv9-v1_7_rsk.root
/afs/cern.ch/user/r/ryi/HEM1516/Leptoquarks/analyzer/rootNtupleAnalyzerV2/src/baseClass.C - Line 361 - readInputList: Initial number of events (current file,runningTotal): NBeforeSkim, NBeforeSkim_ = 3637590, 26694527
/afs/cern.ch/user/r/ryi/HEM1516/Leptoquarks/analyzer/rootNtupleAnalyzerV2/src/baseClass.C - Line 366 - readInputList: gen weight sum (current,total): = 0+/-0, 0+/-0
/afs/cern.ch/user/r/ryi/HEM1516/Leptoquarks/analyzer/rootNtupleAnalyzerV2/src/baseClass.C - Line 2149 - saveLHEPdfSumw: saveLHEPdfSumw
/afs/cern.ch/user/r/ryi/HEM1516/Leptoquarks/analyzer/rootNtupleAnalyzerV2/src/baseClass.C - Line 2179 - saveEventsPassingCuts: saveEventsPassingCuts
/afs/cern.ch/user/r/ryi/HEM1516/Leptoquarks/analyzer/rootNtupleAnalyzerV2/src/baseClass.C - Line 2034 - getGlobalInfoNstart: root://eoscms.cern.ch//eos/cms/store/group/phys_exotica/leptonsPlusJets/LQ/scooper/ultralegacy/skims/2018/rskDoubleEle_heep_20jun2023/EGamma_Run2018C-UL2018_MiniAODv2_NanoAODv9-v1/EGamma_Run2018C-UL2018_MiniAODv2_NanoAODv9-v1_8_rsk.root
/afs/cern.ch/user/r/ryi/HEM1516/Leptoquarks/analyzer/rootNtupleAnalyzerV2/src/baseClass.C - Line 361 - readInputList: Initial number of events (current file,runningTotal): NBeforeSkim, NBeforeSkim_ = 3732875, 30427402
/afs/cern.ch/user/r/ryi/HEM1516/Leptoquarks/analyzer/rootNtupleAnalyzerV2/src/baseClass.C - Line 366 - readInputList: gen weight sum (current,total): = 0+/-0, 0+/-0
/afs/cern.ch/user/r/ryi/HEM1516/Leptoquarks/analyzer/rootNtupleAnalyzerV2/src/baseClass.C - Line 2149 - saveLHEPdfSumw: saveLHEPdfSumw
/afs/cern.ch/user/r/ryi/HEM1516/Leptoquarks/analyzer/rootNtupleAnalyzerV2/src/baseClass.C - Line 2179 - saveEventsPassingCuts: saveEventsPassingCuts
/afs/cern.ch/user/r/ryi/HEM1516/Leptoquarks/analyzer/rootNtupleAnalyzerV2/src/baseClass.C - Line 2034 - getGlobalInfoNstart: root://eoscms.cern.ch//eos/cms/store/group/phys_exotica/leptonsPlusJets/LQ/scooper/ultralegacy/skims/2018/rskDoubleEle_heep_20jun2023/EGamma_Run2018C-UL2018_MiniAODv2_NanoAODv9-v1/EGamma_Run2018C-UL2018_MiniAODv2_NanoAODv9-v1_9_rsk.root
/afs/cern.ch/user/r/ryi/HEM1516/Leptoquarks/analyzer/rootNtupleAnalyzerV2/src/baseClass.C - Line 361 - readInputList: Initial number of events (current file,runningTotal): NBeforeSkim, NBeforeSkim_ = 3749138, 34176540
/afs/cern.ch/user/r/ryi/HEM1516/Leptoquarks/analyzer/rootNtupleAnalyzerV2/src/baseClass.C - Line 366 - readInputList: gen weight sum (current,total): = 0+/-0, 0+/-0
/afs/cern.ch/user/r/ryi/HEM1516/Leptoquarks/analyzer/rootNtupleAnalyzerV2/src/baseClass.C - Line 2149 - saveLHEPdfSumw: saveLHEPdfSumw
/afs/cern.ch/user/r/ryi/HEM1516/Leptoquarks/analyzer/rootNtupleAnalyzerV2/src/baseClass.C - Line 2179 - saveEventsPassingCuts: saveEventsPassingCuts
/afs/cern.ch/user/r/ryi/HEM1516/Leptoquarks/analyzer/rootNtupleAnalyzerV2/src/baseClass.C - Line 2034 - getGlobalInfoNstart: root://eoscms.cern.ch//eos/cms/store/group/phys_exotica/leptonsPlusJets/LQ/scooper/ultralegacy/skims/2018/rskDoubleEle_heep_20jun2023/EGamma_Run2018C-UL2018_MiniAODv2_NanoAODv9-v1/EGamma_Run2018C-UL2018_MiniAODv2_NanoAODv9-v1_10_rsk.root
/afs/cern.ch/user/r/ryi/HEM1516/Leptoquarks/analyzer/rootNtupleAnalyzerV2/src/baseClass.C - Line 361 - readInputList: Initial number of events (current file,runningTotal): NBeforeSkim, NBeforeSkim_ = 3803026, 37979566
/afs/cern.ch/user/r/ryi/HEM1516/Leptoquarks/analyzer/rootNtupleAnalyzerV2/src/baseClass.C - Line 366 - readInputList: gen weight sum (current,total): = 0+/-0, 0+/-0
/afs/cern.ch/user/r/ryi/HEM1516/Leptoquarks/analyzer/rootNtupleAnalyzerV2/src/baseClass.C - Line 2149 - saveLHEPdfSumw: saveLHEPdfSumw
/afs/cern.ch/user/r/ryi/HEM1516/Leptoquarks/analyzer/rootNtupleAnalyzerV2/src/baseClass.C - Line 2179 - saveEventsPassingCuts: saveEventsPassingCuts
/afs/cern.ch/user/r/ryi/HEM1516/Leptoquarks/analyzer/rootNtupleAnalyzerV2/src/baseClass.C - Line 2034 - getGlobalInfoNstart: root://eoscms.cern.ch//eos/cms/store/group/phys_exotica/leptonsPlusJets/LQ/scooper/ultralegacy/skims/2018/rskDoubleEle_heep_20jun2023/EGamma_Run2018C-UL2018_MiniAODv2_NanoAODv9-v1/EGamma_Run2018C-UL2018_MiniAODv2_NanoAODv9-v1_11_rsk.root
/afs/cern.ch/user/r/ryi/HEM1516/Leptoquarks/analyzer/rootNtupleAnalyzerV2/src/baseClass.C - Line 361 - readInputList: Initial number of events (current file,runningTotal): NBeforeSkim, NBeforeSkim_ = 3763575, 41743141
/afs/cern.ch/user/r/ryi/HEM1516/Leptoquarks/analyzer/rootNtupleAnalyzerV2/src/baseClass.C - Line 366 - readInputList: gen weight sum (current,total): = 0+/-0, 0+/-0
/afs/cern.ch/user/r/ryi/HEM1516/Leptoquarks/analyzer/rootNtupleAnalyzerV2/src/baseClass.C - Line 2149 - saveLHEPdfSumw: saveLHEPdfSumw
/afs/cern.ch/user/r/ryi/HEM1516/Leptoquarks/analyzer/rootNtupleAnalyzerV2/src/baseClass.C - Line 2179 - saveEventsPassingCuts: saveEventsPassingCuts
/afs/cern.ch/user/r/ryi/HEM1516/Leptoquarks/analyzer/rootNtupleAnalyzerV2/src/baseClass.C - Line 2034 - getGlobalInfoNstart: root://eoscms.cern.ch//eos/cms/store/group/phys_exotica/leptonsPlusJets/LQ/scooper/ultralegacy/skims/2018/rskDoubleEle_heep_20jun2023/EGamma_Run2018C-UL2018_MiniAODv2_NanoAODv9-v1/EGamma_Run2018C-UL2018_MiniAODv2_NanoAODv9-v1_12_rsk.root
/afs/cern.ch/user/r/ryi/HEM1516/Leptoquarks/analyzer/rootNtupleAnalyzerV2/src/baseClass.C - Line 361 - readInputList: Initial number of events (current file,runningTotal): NBeforeSkim, NBeforeSkim_ = 3712155, 45455296
/afs/cern.ch/user/r/ryi/HEM1516/Leptoquarks/analyzer/rootNtupleAnalyzerV2/src/baseClass.C - Line 366 - readInputList: gen weight sum (current,total): = 0+/-0, 0+/-0
/afs/cern.ch/user/r/ryi/HEM1516/Leptoquarks/analyzer/rootNtupleAnalyzerV2/src/baseClass.C - Line 2149 - saveLHEPdfSumw: saveLHEPdfSumw
/afs/cern.ch/user/r/ryi/HEM1516/Leptoquarks/analyzer/rootNtupleAnalyzerV2/src/baseClass.C - Line 2179 - saveEventsPassingCuts: saveEventsPassingCuts
/afs/cern.ch/user/r/ryi/HEM1516/Leptoquarks/analyzer/rootNtupleAnalyzerV2/src/baseClass.C - Line 2034 - getGlobalInfoNstart: root://eoscms.cern.ch//eos/cms/store/group/phys_exotica/leptonsPlusJets/LQ/scooper/ultralegacy/skims/2018/rskDoubleEle_heep_20jun2023/EGamma_Run2018C-UL2018_MiniAODv2_NanoAODv9-v1/EGamma_Run2018C-UL2018_MiniAODv2_NanoAODv9-v1_13_rsk.root
/afs/cern.ch/user/r/ryi/HEM1516/Leptoquarks/analyzer/rootNtupleAnalyzerV2/src/baseClass.C - Line 361 - readInputList: Initial number of events (current file,runningTotal): NBeforeSkim, NBeforeSkim_ = 3672301, 49127597
/afs/cern.ch/user/r/ryi/HEM1516/Leptoquarks/analyzer/rootNtupleAnalyzerV2/src/baseClass.C - Line 366 - readInputList: gen weight sum (current,total): = 0+/-0, 0+/-0
/afs/cern.ch/user/r/ryi/HEM1516/Leptoquarks/analyzer/rootNtupleAnalyzerV2/src/baseClass.C - Line 2149 - saveLHEPdfSumw: saveLHEPdfSumw
/afs/cern.ch/user/r/ryi/HEM1516/Leptoquarks/analyzer/rootNtupleAnalyzerV2/src/baseClass.C - Line 2179 - saveEventsPassingCuts: saveEventsPassingCuts
/afs/cern.ch/user/r/ryi/HEM1516/Leptoquarks/analyzer/rootNtupleAnalyzerV2/src/baseClass.C - Line 2034 - getGlobalInfoNstart: root://eoscms.cern.ch//eos/cms/store/group/phys_exotica/leptonsPlusJets/LQ/scooper/ultralegacy/skims/2018/rskDoubleEle_heep_20jun2023/EGamma_Run2018C-UL2018_MiniAODv2_NanoAODv9-v1/EGamma_Run2018C-UL2018_MiniAODv2_NanoAODv9-v1_14_rsk.root
/afs/cern.ch/user/r/ryi/HEM1516/Leptoquarks/analyzer/rootNtupleAnalyzerV2/src/baseClass.C - Line 361 - readInputList: Initial number of events (current file,runningTotal): NBeforeSkim, NBeforeSkim_ = 3818656, 52946253
/afs/cern.ch/user/r/ryi/HEM1516/Leptoquarks/analyzer/rootNtupleAnalyzerV2/src/baseClass.C - Line 366 - readInputList: gen weight sum (current,total): = 0+/-0, 0+/-0
/afs/cern.ch/user/r/ryi/HEM1516/Leptoquarks/analyzer/rootNtupleAnalyzerV2/src/baseClass.C - Line 2149 - saveLHEPdfSumw: saveLHEPdfSumw
/afs/cern.ch/user/r/ryi/HEM1516/Leptoquarks/analyzer/rootNtupleAnalyzerV2/src/baseClass.C - Line 2179 - saveEventsPassingCuts: saveEventsPassingCuts
/afs/cern.ch/user/r/ryi/HEM1516/Leptoquarks/analyzer/rootNtupleAnalyzerV2/src/baseClass.C - Line 2034 - getGlobalInfoNstart: root://eoscms.cern.ch//eos/cms/store/group/phys_exotica/leptonsPlusJets/LQ/scooper/ultralegacy/skims/2018/rskDoubleEle_heep_20jun2023/EGamma_Run2018C-UL2018_MiniAODv2_NanoAODv9-v1/EGamma_Run2018C-UL2018_MiniAODv2_NanoAODv9-v1_15_rsk.root
/afs/cern.ch/user/r/ryi/HEM1516/Leptoquarks/analyzer/rootNtupleAnalyzerV2/src/baseClass.C - Line 361 - readInputList: Initial number of events (current file,runningTotal): NBeforeSkim, NBeforeSkim_ = 3786400, 56732653
/afs/cern.ch/user/r/ryi/HEM1516/Leptoquarks/analyzer/rootNtupleAnalyzerV2/src/baseClass.C - Line 366 - readInputList: gen weight sum (current,total): = 0+/-0, 0+/-0
/afs/cern.ch/user/r/ryi/HEM1516/Leptoquarks/analyzer/rootNtupleAnalyzerV2/src/baseClass.C - Line 2149 - saveLHEPdfSumw: saveLHEPdfSumw
/afs/cern.ch/user/r/ryi/HEM1516/Leptoquarks/analyzer/rootNtupleAnalyzerV2/src/baseClass.C - Line 2179 - saveEventsPassingCuts: saveEventsPassingCuts
/afs/cern.ch/user/r/ryi/HEM1516/Leptoquarks/analyzer/rootNtupleAnalyzerV2/src/baseClass.C - Line 2034 - getGlobalInfoNstart: root://eoscms.cern.ch//eos/cms/store/group/phys_exotica/leptonsPlusJets/LQ/scooper/ultralegacy/skims/2018/rskDoubleEle_heep_20jun2023/EGamma_Run2018C-UL2018_MiniAODv2_NanoAODv9-v1/EGamma_Run2018C-UL2018_MiniAODv2_NanoAODv9-v1_16_rsk.root
/afs/cern.ch/user/r/ryi/HEM1516/Leptoquarks/analyzer/rootNtupleAnalyzerV2/src/baseClass.C - Line 361 - readInputList: Initial number of events (current file,runningTotal): NBeforeSkim, NBeforeSkim_ = 3838950, 60571603
/afs/cern.ch/user/r/ryi/HEM1516/Leptoquarks/analyzer/rootNtupleAnalyzerV2/src/baseClass.C - Line 366 - readInputList: gen weight sum (current,total): = 0+/-0, 0+/-0
/afs/cern.ch/user/r/ryi/HEM1516/Leptoquarks/analyzer/rootNtupleAnalyzerV2/src/baseClass.C - Line 2149 - saveLHEPdfSumw: saveLHEPdfSumw
/afs/cern.ch/user/r/ryi/HEM1516/Leptoquarks/analyzer/rootNtupleAnalyzerV2/src/baseClass.C - Line 2179 - saveEventsPassingCuts: saveEventsPassingCuts
/afs/cern.ch/user/r/ryi/HEM1516/Leptoquarks/analyzer/rootNtupleAnalyzerV2/src/baseClass.C - Line 2034 - getGlobalInfoNstart: root://eoscms.cern.ch//eos/cms/store/group/phys_exotica/leptonsPlusJets/LQ/scooper/ultralegacy/skims/2018/rskDoubleEle_heep_20jun2023/EGamma_Run2018C-UL2018_MiniAODv2_NanoAODv9-v1/EGamma_Run2018C-UL2018_MiniAODv2_NanoAODv9-v1_17_rsk.root
/afs/cern.ch/user/r/ryi/HEM1516/Leptoquarks/analyzer/rootNtupleAnalyzerV2/src/baseClass.C - Line 361 - readInputList: Initial number of events (current file,runningTotal): NBeforeSkim, NBeforeSkim_ = 3813090, 64384693
/afs/cern.ch/user/r/ryi/HEM1516/Leptoquarks/analyzer/rootNtupleAnalyzerV2/src/baseClass.C - Line 366 - readInputList: gen weight sum (current,total): = 0+/-0, 0+/-0
/afs/cern.ch/user/r/ryi/HEM1516/Leptoquarks/analyzer/rootNtupleAnalyzerV2/src/baseClass.C - Line 2149 - saveLHEPdfSumw: saveLHEPdfSumw
/afs/cern.ch/user/r/ryi/HEM1516/Leptoquarks/analyzer/rootNtupleAnalyzerV2/src/baseClass.C - Line 2179 - saveEventsPassingCuts: saveEventsPassingCuts
/afs/cern.ch/user/r/ryi/HEM1516/Leptoquarks/analyzer/rootNtupleAnalyzerV2/src/baseClass.C - Line 2034 - getGlobalInfoNstart: root://eoscms.cern.ch//eos/cms/store/group/phys_exotica/leptonsPlusJets/LQ/scooper/ultralegacy/skims/2018/rskDoubleEle_heep_20jun2023/EGamma_Run2018C-UL2018_MiniAODv2_NanoAODv9-v1/EGamma_Run2018C-UL2018_MiniAODv2_NanoAODv9-v1_18_rsk.root
/afs/cern.ch/user/r/ryi/HEM1516/Leptoquarks/analyzer/rootNtupleAnalyzerV2/src/baseClass.C - Line 361 - readInputList: Initial number of events (current file,runningTotal): NBeforeSkim, NBeforeSkim_ = 3742036, 68126729
/afs/cern.ch/user/r/ryi/HEM1516/Leptoquarks/analyzer/rootNtupleAnalyzerV2/src/baseClass.C - Line 366 - readInputList: gen weight sum (current,total): = 0+/-0, 0+/-0
/afs/cern.ch/user/r/ryi/HEM1516/Leptoquarks/analyzer/rootNtupleAnalyzerV2/src/baseClass.C - Line 2149 - saveLHEPdfSumw: saveLHEPdfSumw
/afs/cern.ch/user/r/ryi/HEM1516/Leptoquarks/analyzer/rootNtupleAnalyzerV2/src/baseClass.C - Line 2179 - saveEventsPassingCuts: saveEventsPassingCuts
/afs/cern.ch/user/r/ryi/HEM1516/Leptoquarks/analyzer/rootNtupleAnalyzerV2/src/baseClass.C - Line 2034 - getGlobalInfoNstart: root://eoscms.cern.ch//eos/cms/store/group/phys_exotica/leptonsPlusJets/LQ/scooper/ultralegacy/skims/2018/rskDoubleEle_heep_20jun2023/EGamma_Run2018C-UL2018_MiniAODv2_NanoAODv9-v1/EGamma_Run2018C-UL2018_MiniAODv2_NanoAODv9-v1_19_rsk.root
/afs/cern.ch/user/r/ryi/HEM1516/Leptoquarks/analyzer/rootNtupleAnalyzerV2/src/baseClass.C - Line 361 - readInputList: Initial number of events (current file,runningTotal): NBeforeSkim, NBeforeSkim_ = 3596186, 71722915
/afs/cern.ch/user/r/ryi/HEM1516/Leptoquarks/analyzer/rootNtupleAnalyzerV2/src/baseClass.C - Line 366 - readInputList: gen weight sum (current,total): = 0+/-0, 0+/-0
/afs/cern.ch/user/r/ryi/HEM1516/Leptoquarks/analyzer/rootNtupleAnalyzerV2/src/baseClass.C - Line 2149 - saveLHEPdfSumw: saveLHEPdfSumw
/afs/cern.ch/user/r/ryi/HEM1516/Leptoquarks/analyzer/rootNtupleAnalyzerV2/src/baseClass.C - Line 2179 - saveEventsPassingCuts: saveEventsPassingCuts
/afs/cern.ch/user/r/ryi/HEM1516/Leptoquarks/analyzer/rootNtupleAnalyzerV2/src/baseClass.C - Line 2034 - getGlobalInfoNstart: root://eoscms.cern.ch//eos/cms/store/group/phys_exotica/leptonsPlusJets/LQ/scooper/ultralegacy/skims/2018/rskDoubleEle_heep_20jun2023/EGamma_Run2018C-UL2018_MiniAODv2_NanoAODv9-v1/EGamma_Run2018C-UL2018_MiniAODv2_NanoAODv9-v1_20_rsk.root
/afs/cern.ch/user/r/ryi/HEM1516/Leptoquarks/analyzer/rootNtupleAnalyzerV2/src/baseClass.C - Line 361 - readInputList: Initial number of events (current file,runningTotal): NBeforeSkim, NBeforeSkim_ = 3732949, 75455864
/afs/cern.ch/user/r/ryi/HEM1516/Leptoquarks/analyzer/rootNtupleAnalyzerV2/src/baseClass.C - Line 366 - readInputList: gen weight sum (current,total): = 0+/-0, 0+/-0
/afs/cern.ch/user/r/ryi/HEM1516/Leptoquarks/analyzer/rootNtupleAnalyzerV2/src/baseClass.C - Line 2149 - saveLHEPdfSumw: saveLHEPdfSumw
/afs/cern.ch/user/r/ryi/HEM1516/Leptoquarks/analyzer/rootNtupleAnalyzerV2/src/baseClass.C - Line 2179 - saveEventsPassingCuts: saveEventsPassingCuts
/afs/cern.ch/user/r/ryi/HEM1516/Leptoquarks/analyzer/rootNtupleAnalyzerV2/src/baseClass.C - Line 2034 - getGlobalInfoNstart: root://eoscms.cern.ch//eos/cms/store/group/phys_exotica/leptonsPlusJets/LQ/scooper/ultralegacy/skims/2018/rskDoubleEle_heep_20jun2023/EGamma_Run2018C-UL2018_MiniAODv2_NanoAODv9-v1/EGamma_Run2018C-UL2018_MiniAODv2_NanoAODv9-v1_21_rsk.root
/afs/cern.ch/user/r/ryi/HEM1516/Leptoquarks/analyzer/rootNtupleAnalyzerV2/src/baseClass.C - Line 361 - readInputList: Initial number of events (current file,runningTotal): NBeforeSkim, NBeforeSkim_ = 3604871, 79060735
/afs/cern.ch/user/r/ryi/HEM1516/Leptoquarks/analyzer/rootNtupleAnalyzerV2/src/baseClass.C - Line 366 - readInputList: gen weight sum (current,total): = 0+/-0, 0+/-0
/afs/cern.ch/user/r/ryi/HEM1516/Leptoquarks/analyzer/rootNtupleAnalyzerV2/src/baseClass.C - Line 2149 - saveLHEPdfSumw: saveLHEPdfSumw
/afs/cern.ch/user/r/ryi/HEM1516/Leptoquarks/analyzer/rootNtupleAnalyzerV2/src/baseClass.C - Line 2179 - saveEventsPassingCuts: saveEventsPassingCuts
/afs/cern.ch/user/r/ryi/HEM1516/Leptoquarks/analyzer/rootNtupleAnalyzerV2/src/baseClass.C - Line 2034 - getGlobalInfoNstart: root://eoscms.cern.ch//eos/cms/store/group/phys_exotica/leptonsPlusJets/LQ/scooper/ultralegacy/skims/2018/rskDoubleEle_heep_20jun2023/EGamma_Run2018C-UL2018_MiniAODv2_NanoAODv9-v1/EGamma_Run2018C-UL2018_MiniAODv2_NanoAODv9-v1_22_rsk.root
/afs/cern.ch/user/r/ryi/HEM1516/Leptoquarks/analyzer/rootNtupleAnalyzerV2/src/baseClass.C - Line 361 - readInputList: Initial number of events (current file,runningTotal): NBeforeSkim, NBeforeSkim_ = 3562474, 82623209
/afs/cern.ch/user/r/ryi/HEM1516/Leptoquarks/analyzer/rootNtupleAnalyzerV2/src/baseClass.C - Line 366 - readInputList: gen weight sum (current,total): = 0+/-0, 0+/-0
/afs/cern.ch/user/r/ryi/HEM1516/Leptoquarks/analyzer/rootNtupleAnalyzerV2/src/baseClass.C - Line 2149 - saveLHEPdfSumw: saveLHEPdfSumw
/afs/cern.ch/user/r/ryi/HEM1516/Leptoquarks/analyzer/rootNtupleAnalyzerV2/src/baseClass.C - Line 2179 - saveEventsPassingCuts: saveEventsPassingCuts
/afs/cern.ch/user/r/ryi/HEM1516/Leptoquarks/analyzer/rootNtupleAnalyzerV2/src/baseClass.C - Line 2034 - getGlobalInfoNstart: root://eoscms.cern.ch//eos/cms/store/group/phys_exotica/leptonsPlusJets/LQ/scooper/ultralegacy/skims/2018/rskDoubleEle_heep_20jun2023/EGamma_Run2018C-UL2018_MiniAODv2_NanoAODv9-v1/EGamma_Run2018C-UL2018_MiniAODv2_NanoAODv9-v1_23_rsk.root
/afs/cern.ch/user/r/ryi/HEM1516/Leptoquarks/analyzer/rootNtupleAnalyzerV2/src/baseClass.C - Line 361 - readInputList: Initial number of events (current file,runningTotal): NBeforeSkim, NBeforeSkim_ = 3364482, 85987691
/afs/cern.ch/user/r/ryi/HEM1516/Leptoquarks/analyzer/rootNtupleAnalyzerV2/src/baseClass.C - Line 366 - readInputList: gen weight sum (current,total): = 0+/-0, 0+/-0
/afs/cern.ch/user/r/ryi/HEM1516/Leptoquarks/analyzer/rootNtupleAnalyzerV2/src/baseClass.C - Line 2149 - saveLHEPdfSumw: saveLHEPdfSumw
/afs/cern.ch/user/r/ryi/HEM1516/Leptoquarks/analyzer/rootNtupleAnalyzerV2/src/baseClass.C - Line 2179 - saveEventsPassingCuts: saveEventsPassingCuts
/afs/cern.ch/user/r/ryi/HEM1516/Leptoquarks/analyzer/rootNtupleAnalyzerV2/src/baseClass.C - Line 2034 - getGlobalInfoNstart: root://eoscms.cern.ch//eos/cms/store/group/phys_exotica/leptonsPlusJets/LQ/scooper/ultralegacy/skims/2018/rskDoubleEle_heep_20jun2023/EGamma_Run2018C-UL2018_MiniAODv2_NanoAODv9-v1/EGamma_Run2018C-UL2018_MiniAODv2_NanoAODv9-v1_24_rsk.root
/afs/cern.ch/user/r/ryi/HEM1516/Leptoquarks/analyzer/rootNtupleAnalyzerV2/src/baseClass.C - Line 361 - readInputList: Initial number of events (current file,runningTotal): NBeforeSkim, NBeforeSkim_ = 3563018, 89550709
/afs/cern.ch/user/r/ryi/HEM1516/Leptoquarks/analyzer/rootNtupleAnalyzerV2/src/baseClass.C - Line 366 - readInputList: gen weight sum (current,total): = 0+/-0, 0+/-0
/afs/cern.ch/user/r/ryi/HEM1516/Leptoquarks/analyzer/rootNtupleAnalyzerV2/src/baseClass.C - Line 2149 - saveLHEPdfSumw: saveLHEPdfSumw
/afs/cern.ch/user/r/ryi/HEM1516/Leptoquarks/analyzer/rootNtupleAnalyzerV2/src/baseClass.C - Line 2179 - saveEventsPassingCuts: saveEventsPassingCuts
/afs/cern.ch/user/r/ryi/HEM1516/Leptoquarks/analyzer/rootNtupleAnalyzerV2/src/baseClass.C - Line 2034 - getGlobalInfoNstart: root://eoscms.cern.ch//eos/cms/store/group/phys_exotica/leptonsPlusJets/LQ/scooper/ultralegacy/skims/2018/rskDoubleEle_heep_20jun2023/EGamma_Run2018C-UL2018_MiniAODv2_NanoAODv9-v1/EGamma_Run2018C-UL2018_MiniAODv2_NanoAODv9-v1_25_rsk.root
/afs/cern.ch/user/r/ryi/HEM1516/Leptoquarks/analyzer/rootNtupleAnalyzerV2/src/baseClass.C - Line 361 - readInputList: Initial number of events (current file,runningTotal): NBeforeSkim, NBeforeSkim_ = 3487088, 93037797
/afs/cern.ch/user/r/ryi/HEM1516/Leptoquarks/analyzer/rootNtupleAnalyzerV2/src/baseClass.C - Line 366 - readInputList: gen weight sum (current,total): = 0+/-0, 0+/-0
/afs/cern.ch/user/r/ryi/HEM1516/Leptoquarks/analyzer/rootNtupleAnalyzerV2/src/baseClass.C - Line 2149 - saveLHEPdfSumw: saveLHEPdfSumw
/afs/cern.ch/user/r/ryi/HEM1516/Leptoquarks/analyzer/rootNtupleAnalyzerV2/src/baseClass.C - Line 2179 - saveEventsPassingCuts: saveEventsPassingCuts
/afs/cern.ch/user/r/ryi/HEM1516/Leptoquarks/analyzer/rootNtupleAnalyzerV2/src/baseClass.C - Line 2034 - getGlobalInfoNstart: root://eoscms.cern.ch//eos/cms/store/group/phys_exotica/leptonsPlusJets/LQ/scooper/ultralegacy/skims/2018/rskDoubleEle_heep_20jun2023/EGamma_Run2018C-UL2018_MiniAODv2_NanoAODv9-v1/EGamma_Run2018C-UL2018_MiniAODv2_NanoAODv9-v1_26_rsk.root
/afs/cern.ch/user/r/ryi/HEM1516/Leptoquarks/analyzer/rootNtupleAnalyzerV2/src/baseClass.C - Line 361 - readInputList: Initial number of events (current file,runningTotal): NBeforeSkim, NBeforeSkim_ = 3494066, 96531863
/afs/cern.ch/user/r/ryi/HEM1516/Leptoquarks/analyzer/rootNtupleAnalyzerV2/src/baseClass.C - Line 366 - readInputList: gen weight sum (current,total): = 0+/-0, 0+/-0
/afs/cern.ch/user/r/ryi/HEM1516/Leptoquarks/analyzer/rootNtupleAnalyzerV2/src/baseClass.C - Line 2149 - saveLHEPdfSumw: saveLHEPdfSumw
/afs/cern.ch/user/r/ryi/HEM1516/Leptoquarks/analyzer/rootNtupleAnalyzerV2/src/baseClass.C - Line 2179 - saveEventsPassingCuts: saveEventsPassingCuts
/afs/cern.ch/user/r/ryi/HEM1516/Leptoquarks/analyzer/rootNtupleAnalyzerV2/src/baseClass.C - Line 2034 - getGlobalInfoNstart: root://eoscms.cern.ch//eos/cms/store/group/phys_exotica/leptonsPlusJets/LQ/scooper/ultralegacy/skims/2018/rskDoubleEle_heep_20jun2023/EGamma_Run2018C-UL2018_MiniAODv2_NanoAODv9-v1/EGamma_Run2018C-UL2018_MiniAODv2_NanoAODv9-v1_27_rsk.root
/afs/cern.ch/user/r/ryi/HEM1516/Leptoquarks/analyzer/rootNtupleAnalyzerV2/src/baseClass.C - Line 361 - readInputList: Initial number of events (current file,runningTotal): NBeforeSkim, NBeforeSkim_ = 3464847, 99996710
/afs/cern.ch/user/r/ryi/HEM1516/Leptoquarks/analyzer/rootNtupleAnalyzerV2/src/baseClass.C - Line 366 - readInputList: gen weight sum (current,total): = 0+/-0, 0+/-0
/afs/cern.ch/user/r/ryi/HEM1516/Leptoquarks/analyzer/rootNtupleAnalyzerV2/src/baseClass.C - Line 2149 - saveLHEPdfSumw: saveLHEPdfSumw
/afs/cern.ch/user/r/ryi/HEM1516/Leptoquarks/analyzer/rootNtupleAnalyzerV2/src/baseClass.C - Line 2179 - saveEventsPassingCuts: saveEventsPassingCuts
/afs/cern.ch/user/r/ryi/HEM1516/Leptoquarks/analyzer/rootNtupleAnalyzerV2/src/baseClass.C - Line 2034 - getGlobalInfoNstart: root://eoscms.cern.ch//eos/cms/store/group/phys_exotica/leptonsPlusJets/LQ/scooper/ultralegacy/skims/2018/rskDoubleEle_heep_20jun2023/EGamma_Run2018C-UL2018_MiniAODv2_NanoAODv9-v1/EGamma_Run2018C-UL2018_MiniAODv2_NanoAODv9-v1_28_rsk.root
/afs/cern.ch/user/r/ryi/HEM1516/Leptoquarks/analyzer/rootNtupleAnalyzerV2/src/baseClass.C - Line 361 - readInputList: Initial number of events (current file,runningTotal): NBeforeSkim, NBeforeSkim_ = 3546724, 103543434
/afs/cern.ch/user/r/ryi/HEM1516/Leptoquarks/analyzer/rootNtupleAnalyzerV2/src/baseClass.C - Line 366 - readInputList: gen weight sum (current,total): = 0+/-0, 0+/-0
/afs/cern.ch/user/r/ryi/HEM1516/Leptoquarks/analyzer/rootNtupleAnalyzerV2/src/baseClass.C - Line 2149 - saveLHEPdfSumw: saveLHEPdfSumw
/afs/cern.ch/user/r/ryi/HEM1516/Leptoquarks/analyzer/rootNtupleAnalyzerV2/src/baseClass.C - Line 2179 - saveEventsPassingCuts: saveEventsPassingCuts
/afs/cern.ch/user/r/ryi/HEM1516/Leptoquarks/analyzer/rootNtupleAnalyzerV2/src/baseClass.C - Line 2034 - getGlobalInfoNstart: root://eoscms.cern.ch//eos/cms/store/group/phys_exotica/leptonsPlusJets/LQ/scooper/ultralegacy/skims/2018/rskDoubleEle_heep_20jun2023/EGamma_Run2018C-UL2018_MiniAODv2_NanoAODv9-v1/EGamma_Run2018C-UL2018_MiniAODv2_NanoAODv9-v1_29_rsk.root
/afs/cern.ch/user/r/ryi/HEM1516/Leptoquarks/analyzer/rootNtupleAnalyzerV2/src/baseClass.C - Line 361 - readInputList: Initial number of events (current file,runningTotal): NBeforeSkim, NBeforeSkim_ = 3574692, 107118126
/afs/cern.ch/user/r/ryi/HEM1516/Leptoquarks/analyzer/rootNtupleAnalyzerV2/src/baseClass.C - Line 366 - readInputList: gen weight sum (current,total): = 0+/-0, 0+/-0
/afs/cern.ch/user/r/ryi/HEM1516/Leptoquarks/analyzer/rootNtupleAnalyzerV2/src/baseClass.C - Line 2149 - saveLHEPdfSumw: saveLHEPdfSumw
/afs/cern.ch/user/r/ryi/HEM1516/Leptoquarks/analyzer/rootNtupleAnalyzerV2/src/baseClass.C - Line 2179 - saveEventsPassingCuts: saveEventsPassingCuts
/afs/cern.ch/user/r/ryi/HEM1516/Leptoquarks/analyzer/rootNtupleAnalyzerV2/src/baseClass.C - Line 2034 - getGlobalInfoNstart: root://eoscms.cern.ch//eos/cms/store/group/phys_exotica/leptonsPlusJets/LQ/scooper/ultralegacy/skims/2018/rskDoubleEle_heep_20jun2023/EGamma_Run2018C-UL2018_MiniAODv2_NanoAODv9-v1/EGamma_Run2018C-UL2018_MiniAODv2_NanoAODv9-v1_30_rsk.root
/afs/cern.ch/user/r/ryi/HEM1516/Leptoquarks/analyzer/rootNtupleAnalyzerV2/src/baseClass.C - Line 361 - readInputList: Initial number of events (current file,runningTotal): NBeforeSkim, NBeforeSkim_ = 3624604, 110742730
/afs/cern.ch/user/r/ryi/HEM1516/Leptoquarks/analyzer/rootNtupleAnalyzerV2/src/baseClass.C - Line 366 - readInputList: gen weight sum (current,total): = 0+/-0, 0+/-0
/afs/cern.ch/user/r/ryi/HEM1516/Leptoquarks/analyzer/rootNtupleAnalyzerV2/src/baseClass.C - Line 2149 - saveLHEPdfSumw: saveLHEPdfSumw
/afs/cern.ch/user/r/ryi/HEM1516/Leptoquarks/analyzer/rootNtupleAnalyzerV2/src/baseClass.C - Line 2179 - saveEventsPassingCuts: saveEventsPassingCuts
/afs/cern.ch/user/r/ryi/HEM1516/Leptoquarks/analyzer/rootNtupleAnalyzerV2/src/baseClass.C - Line 2034 - getGlobalInfoNstart: root://eoscms.cern.ch//eos/cms/store/group/phys_exotica/leptonsPlusJets/LQ/scooper/ultralegacy/skims/2018/rskDoubleEle_heep_20jun2023/EGamma_Run2018C-UL2018_MiniAODv2_NanoAODv9-v1/EGamma_Run2018C-UL2018_MiniAODv2_NanoAODv9-v1_31_rsk.root
/afs/cern.ch/user/r/ryi/HEM1516/Leptoquarks/analyzer/rootNtupleAnalyzerV2/src/baseClass.C - Line 361 - readInputList: Initial number of events (current file,runningTotal): NBeforeSkim, NBeforeSkim_ = 3480065, 114222795
/afs/cern.ch/user/r/ryi/HEM1516/Leptoquarks/analyzer/rootNtupleAnalyzerV2/src/baseClass.C - Line 366 - readInputList: gen weight sum (current,total): = 0+/-0, 0+/-0
/afs/cern.ch/user/r/ryi/HEM1516/Leptoquarks/analyzer/rootNtupleAnalyzerV2/src/baseClass.C - Line 2149 - saveLHEPdfSumw: saveLHEPdfSumw
/afs/cern.ch/user/r/ryi/HEM1516/Leptoquarks/analyzer/rootNtupleAnalyzerV2/src/baseClass.C - Line 2179 - saveEventsPassingCuts: saveEventsPassingCuts
/afs/cern.ch/user/r/ryi/HEM1516/Leptoquarks/analyzer/rootNtupleAnalyzerV2/src/baseClass.C - Line 2034 - getGlobalInfoNstart: root://eoscms.cern.ch//eos/cms/store/group/phys_exotica/leptonsPlusJets/LQ/scooper/ultralegacy/skims/2018/rskDoubleEle_heep_20jun2023/EGamma_Run2018C-UL2018_MiniAODv2_NanoAODv9-v1/EGamma_Run2018C-UL2018_MiniAODv2_NanoAODv9-v1_32_rsk.root
/afs/cern.ch/user/r/ryi/HEM1516/Leptoquarks/analyzer/rootNtupleAnalyzerV2/src/baseClass.C - Line 361 - readInputList: Initial number of events (current file,runningTotal): NBeforeSkim, NBeforeSkim_ = 3627890, 117850685
/afs/cern.ch/user/r/ryi/HEM1516/Leptoquarks/analyzer/rootNtupleAnalyzerV2/src/baseClass.C - Line 366 - readInputList: gen weight sum (current,total): = 0+/-0, 0+/-0
/afs/cern.ch/user/r/ryi/HEM1516/Leptoquarks/analyzer/rootNtupleAnalyzerV2/src/baseClass.C - Line 2149 - saveLHEPdfSumw: saveLHEPdfSumw
/afs/cern.ch/user/r/ryi/HEM1516/Leptoquarks/analyzer/rootNtupleAnalyzerV2/src/baseClass.C - Line 2179 - saveEventsPassingCuts: saveEventsPassingCuts
/afs/cern.ch/user/r/ryi/HEM1516/Leptoquarks/analyzer/rootNtupleAnalyzerV2/src/baseClass.C - Line 2034 - getGlobalInfoNstart: root://eoscms.cern.ch//eos/cms/store/group/phys_exotica/leptonsPlusJets/LQ/scooper/ultralegacy/skims/2018/rskDoubleEle_heep_20jun2023/EGamma_Run2018C-UL2018_MiniAODv2_NanoAODv9-v1/EGamma_Run2018C-UL2018_MiniAODv2_NanoAODv9-v1_33_rsk.root
/afs/cern.ch/user/r/ryi/HEM1516/Leptoquarks/analyzer/rootNtupleAnalyzerV2/src/baseClass.C - Line 361 - readInputList: Initial number of events (current file,runningTotal): NBeforeSkim, NBeforeSkim_ = 3410138, 121260823
/afs/cern.ch/user/r/ryi/HEM1516/Leptoquarks/analyzer/rootNtupleAnalyzerV2/src/baseClass.C - Line 366 - readInputList: gen weight sum (current,total): = 0+/-0, 0+/-0
/afs/cern.ch/user/r/ryi/HEM1516/Leptoquarks/analyzer/rootNtupleAnalyzerV2/src/baseClass.C - Line 2149 - saveLHEPdfSumw: saveLHEPdfSumw
/afs/cern.ch/user/r/ryi/HEM1516/Leptoquarks/analyzer/rootNtupleAnalyzerV2/src/baseClass.C - Line 2179 - saveEventsPassingCuts: saveEventsPassingCuts
/afs/cern.ch/user/r/ryi/HEM1516/Leptoquarks/analyzer/rootNtupleAnalyzerV2/src/baseClass.C - Line 2034 - getGlobalInfoNstart: root://eoscms.cern.ch//eos/cms/store/group/phys_exotica/leptonsPlusJets/LQ/scooper/ultralegacy/skims/2018/rskDoubleEle_heep_20jun2023/EGamma_Run2018C-UL2018_MiniAODv2_NanoAODv9-v1/EGamma_Run2018C-UL2018_MiniAODv2_NanoAODv9-v1_34_rsk.root
/afs/cern.ch/user/r/ryi/HEM1516/Leptoquarks/analyzer/rootNtupleAnalyzerV2/src/baseClass.C - Line 361 - readInputList: Initial number of events (current file,runningTotal): NBeforeSkim, NBeforeSkim_ = 3528525, 124789348
/afs/cern.ch/user/r/ryi/HEM1516/Leptoquarks/analyzer/rootNtupleAnalyzerV2/src/baseClass.C - Line 366 - readInputList: gen weight sum (current,total): = 0+/-0, 0+/-0
/afs/cern.ch/user/r/ryi/HEM1516/Leptoquarks/analyzer/rootNtupleAnalyzerV2/src/baseClass.C - Line 2149 - saveLHEPdfSumw: saveLHEPdfSumw
/afs/cern.ch/user/r/ryi/HEM1516/Leptoquarks/analyzer/rootNtupleAnalyzerV2/src/baseClass.C - Line 2179 - saveEventsPassingCuts: saveEventsPassingCuts
/afs/cern.ch/user/r/ryi/HEM1516/Leptoquarks/analyzer/rootNtupleAnalyzerV2/src/baseClass.C - Line 2034 - getGlobalInfoNstart: root://eoscms.cern.ch//eos/cms/store/group/phys_exotica/leptonsPlusJets/LQ/scooper/ultralegacy/skims/2018/rskDoubleEle_heep_20jun2023/EGamma_Run2018C-UL2018_MiniAODv2_NanoAODv9-v1/EGamma_Run2018C-UL2018_MiniAODv2_NanoAODv9-v1_35_rsk.root
/afs/cern.ch/user/r/ryi/HEM1516/Leptoquarks/analyzer/rootNtupleAnalyzerV2/src/baseClass.C - Line 361 - readInputList: Initial number of events (current file,runningTotal): NBeforeSkim, NBeforeSkim_ = 3642741, 128432089
/afs/cern.ch/user/r/ryi/HEM1516/Leptoquarks/analyzer/rootNtupleAnalyzerV2/src/baseClass.C - Line 366 - readInputList: gen weight sum (current,total): = 0+/-0, 0+/-0
/afs/cern.ch/user/r/ryi/HEM1516/Leptoquarks/analyzer/rootNtupleAnalyzerV2/src/baseClass.C - Line 2149 - saveLHEPdfSumw: saveLHEPdfSumw
/afs/cern.ch/user/r/ryi/HEM1516/Leptoquarks/analyzer/rootNtupleAnalyzerV2/src/baseClass.C - Line 2179 - saveEventsPassingCuts: saveEventsPassingCuts
/afs/cern.ch/user/r/ryi/HEM1516/Leptoquarks/analyzer/rootNtupleAnalyzerV2/src/baseClass.C - Line 2034 - getGlobalInfoNstart: root://eoscms.cern.ch//eos/cms/store/group/phys_exotica/leptonsPlusJets/LQ/scooper/ultralegacy/skims/2018/rskDoubleEle_heep_20jun2023/EGamma_Run2018C-UL2018_MiniAODv2_NanoAODv9-v1/EGamma_Run2018C-UL2018_MiniAODv2_NanoAODv9-v1_36_rsk.root
/afs/cern.ch/user/r/ryi/HEM1516/Leptoquarks/analyzer/rootNtupleAnalyzerV2/src/baseClass.C - Line 361 - readInputList: Initial number of events (current file,runningTotal): NBeforeSkim, NBeforeSkim_ = 3517897, 131949986
/afs/cern.ch/user/r/ryi/HEM1516/Leptoquarks/analyzer/rootNtupleAnalyzerV2/src/baseClass.C - Line 366 - readInputList: gen weight sum (current,total): = 0+/-0, 0+/-0
/afs/cern.ch/user/r/ryi/HEM1516/Leptoquarks/analyzer/rootNtupleAnalyzerV2/src/baseClass.C - Line 2149 - saveLHEPdfSumw: saveLHEPdfSumw
/afs/cern.ch/user/r/ryi/HEM1516/Leptoquarks/analyzer/rootNtupleAnalyzerV2/src/baseClass.C - Line 2179 - saveEventsPassingCuts: saveEventsPassingCuts
/afs/cern.ch/user/r/ryi/HEM1516/Leptoquarks/analyzer/rootNtupleAnalyzerV2/src/baseClass.C - Line 2034 - getGlobalInfoNstart: root://eoscms.cern.ch//eos/cms/store/group/phys_exotica/leptonsPlusJets/LQ/scooper/ultralegacy/skims/2018/rskDoubleEle_heep_20jun2023/EGamma_Run2018C-UL2018_MiniAODv2_NanoAODv9-v1/EGamma_Run2018C-UL2018_MiniAODv2_NanoAODv9-v1_37_rsk.root
/afs/cern.ch/user/r/ryi/HEM1516/Leptoquarks/analyzer/rootNtupleAnalyzerV2/src/baseClass.C - Line 361 - readInputList: Initial number of events (current file,runningTotal): NBeforeSkim, NBeforeSkim_ = 3600651, 135550637
/afs/cern.ch/user/r/ryi/HEM1516/Leptoquarks/analyzer/rootNtupleAnalyzerV2/src/baseClass.C - Line 366 - readInputList: gen weight sum (current,total): = 0+/-0, 0+/-0
/afs/cern.ch/user/r/ryi/HEM1516/Leptoquarks/analyzer/rootNtupleAnalyzerV2/src/baseClass.C - Line 2149 - saveLHEPdfSumw: saveLHEPdfSumw
/afs/cern.ch/user/r/ryi/HEM1516/Leptoquarks/analyzer/rootNtupleAnalyzerV2/src/baseClass.C - Line 2179 - saveEventsPassingCuts: saveEventsPassingCuts
/afs/cern.ch/user/r/ryi/HEM1516/Leptoquarks/analyzer/rootNtupleAnalyzerV2/src/baseClass.C - Line 2034 - getGlobalInfoNstart: root://eoscms.cern.ch//eos/cms/store/group/phys_exotica/leptonsPlusJets/LQ/scooper/ultralegacy/skims/2018/rskDoubleEle_heep_20jun2023/EGamma_Run2018C-UL2018_MiniAODv2_NanoAODv9-v1/EGamma_Run2018C-UL2018_MiniAODv2_NanoAODv9-v1_38_rsk.root
/afs/cern.ch/user/r/ryi/HEM1516/Leptoquarks/analyzer/rootNtupleAnalyzerV2/src/baseClass.C - Line 361 - readInputList: Initial number of events (current file,runningTotal): NBeforeSkim, NBeforeSkim_ = 3513106, 139063743
/afs/cern.ch/user/r/ryi/HEM1516/Leptoquarks/analyzer/rootNtupleAnalyzerV2/src/baseClass.C - Line 366 - readInputList: gen weight sum (current,total): = 0+/-0, 0+/-0
/afs/cern.ch/user/r/ryi/HEM1516/Leptoquarks/analyzer/rootNtupleAnalyzerV2/src/baseClass.C - Line 2149 - saveLHEPdfSumw: saveLHEPdfSumw
/afs/cern.ch/user/r/ryi/HEM1516/Leptoquarks/analyzer/rootNtupleAnalyzerV2/src/baseClass.C - Line 2179 - saveEventsPassingCuts: saveEventsPassingCuts
/afs/cern.ch/user/r/ryi/HEM1516/Leptoquarks/analyzer/rootNtupleAnalyzerV2/src/baseClass.C - Line 2034 - getGlobalInfoNstart: root://eoscms.cern.ch//eos/cms/store/group/phys_exotica/leptonsPlusJets/LQ/scooper/ultralegacy/skims/2018/rskDoubleEle_heep_20jun2023/EGamma_Run2018C-UL2018_MiniAODv2_NanoAODv9-v1/EGamma_Run2018C-UL2018_MiniAODv2_NanoAODv9-v1_39_rsk.root
/afs/cern.ch/user/r/ryi/HEM1516/Leptoquarks/analyzer/rootNtupleAnalyzerV2/src/baseClass.C - Line 361 - readInputList: Initial number of events (current file,runningTotal): NBeforeSkim, NBeforeSkim_ = 3583440, 142647183
/afs/cern.ch/user/r/ryi/HEM1516/Leptoquarks/analyzer/rootNtupleAnalyzerV2/src/baseClass.C - Line 366 - readInputList: gen weight sum (current,total): = 0+/-0, 0+/-0
/afs/cern.ch/user/r/ryi/HEM1516/Leptoquarks/analyzer/rootNtupleAnalyzerV2/src/baseClass.C - Line 2149 - saveLHEPdfSumw: saveLHEPdfSumw
/afs/cern.ch/user/r/ryi/HEM1516/Leptoquarks/analyzer/rootNtupleAnalyzerV2/src/baseClass.C - Line 2179 - saveEventsPassingCuts: saveEventsPassingCuts
/afs/cern.ch/user/r/ryi/HEM1516/Leptoquarks/analyzer/rootNtupleAnalyzerV2/src/baseClass.C - Line 2034 - getGlobalInfoNstart: root://eoscms.cern.ch//eos/cms/store/group/phys_exotica/leptonsPlusJets/LQ/scooper/ultralegacy/skims/2018/rskDoubleEle_heep_20jun2023/EGamma_Run2018C-UL2018_MiniAODv2_NanoAODv9-v1/EGamma_Run2018C-UL2018_MiniAODv2_NanoAODv9-v1_40_rsk.root
/afs/cern.ch/user/r/ryi/HEM1516/Leptoquarks/analyzer/rootNtupleAnalyzerV2/src/baseClass.C - Line 361 - readInputList: Initial number of events (current file,runningTotal): NBeforeSkim, NBeforeSkim_ = 3502292, 146149475
/afs/cern.ch/user/r/ryi/HEM1516/Leptoquarks/analyzer/rootNtupleAnalyzerV2/src/baseClass.C - Line 366 - readInputList: gen weight sum (current,total): = 0+/-0, 0+/-0
/afs/cern.ch/user/r/ryi/HEM1516/Leptoquarks/analyzer/rootNtupleAnalyzerV2/src/baseClass.C - Line 2149 - saveLHEPdfSumw: saveLHEPdfSumw
/afs/cern.ch/user/r/ryi/HEM1516/Leptoquarks/analyzer/rootNtupleAnalyzerV2/src/baseClass.C - Line 2179 - saveEventsPassingCuts: saveEventsPassingCuts
/afs/cern.ch/user/r/ryi/HEM1516/Leptoquarks/analyzer/rootNtupleAnalyzerV2/src/baseClass.C - Line 2034 - getGlobalInfoNstart: root://eoscms.cern.ch//eos/cms/store/group/phys_exotica/leptonsPlusJets/LQ/scooper/ultralegacy/skims/2018/rskDoubleEle_heep_20jun2023/EGamma_Run2018C-UL2018_MiniAODv2_NanoAODv9-v1/EGamma_Run2018C-UL2018_MiniAODv2_NanoAODv9-v1_41_rsk.root
/afs/cern.ch/user/r/ryi/HEM1516/Leptoquarks/analyzer/rootNtupleAnalyzerV2/src/baseClass.C - Line 361 - readInputList: Initial number of events (current file,runningTotal): NBeforeSkim, NBeforeSkim_ = 1678429, 147827904
/afs/cern.ch/user/r/ryi/HEM1516/Leptoquarks/analyzer/rootNtupleAnalyzerV2/src/baseClass.C - Line 366 - readInputList: gen weight sum (current,total): = 0+/-0, 0+/-0
/afs/cern.ch/user/r/ryi/HEM1516/Leptoquarks/analyzer/rootNtupleAnalyzerV2/src/baseClass.C - Line 2149 - saveLHEPdfSumw: saveLHEPdfSumw
/afs/cern.ch/user/r/ryi/HEM1516/Leptoquarks/analyzer/rootNtupleAnalyzerV2/src/baseClass.C - Line 2179 - saveEventsPassingCuts: saveEventsPassingCuts
/afs/cern.ch/user/r/ryi/HEM1516/Leptoquarks/analyzer/rootNtupleAnalyzerV2/src/baseClass.C - Line 389 - readCutFile: Reading cutFile_ = cutTable_lq_eejj_jet2_eta_in_phi_out.txt
/afs/cern.ch/user/r/ryi/HEM1516/Leptoquarks/analyzer/rootNtupleAnalyzerV2/src/baseClass.C - Line 422 - readCutFile: Getting JSON file: certifiedGolden_11mar2020_2016_2017_2018.json
/afs/cern.ch/user/r/ryi/HEM1516/Leptoquarks/analyzer/rootNtupleAnalyzerV2/src/baseClass.C - Line 670 - readCutFile: baseClass::readCutFile: Finished reading cutFile: cutTable_lq_eejj_jet2_eta_in_phi_out.txt
/afs/cern.ch/user/r/ryi/HEM1516/Leptoquarks/analyzer/rootNtupleAnalyzerV2/src/baseClass.C - Line 2506 - getSkimPreCutValue: getSkimPreCutValue: (produceSkim): INFO -- found the precut string in the map with value: 1
/afs/cern.ch/user/r/ryi/HEM1516/Leptoquarks/analyzer/rootNtupleAnalyzerV2/src/baseClass.C - Line 2501 - getSkimPreCutValue: getSkimPreCutValue: (produceReducedSkim): INFO -- did not find the precut string in the map!
/afs/cern.ch/user/r/ryi/HEM1516/Leptoquarks/analyzer/rootNtupleAnalyzerV2/src/baseClass.C - Line 731 - readCutFile: INFO: found pre-existing EventsPassingSkimCuts profile.
/afs/cern.ch/user/r/ryi/HEM1516/Leptoquarks/analyzer/rootNtupleAnalyzerV2/src/baseClass.C - Line 736 - readCutFile: INFO: doing skim -- updating pre-existing EventsPassingSkimCuts profile.
/afs/cern.ch/user/r/ryi/HEM1516/Leptoquarks/analyzer/rootNtupleAnalyzerV2/src/baseClass.C - Line 45 - baseClass: ends
analysisClass::Loop() begins
analysisClass::analysisClass(): nentries = 1814692
analysisClass:Loop(): jentry = 0/1814692
analysisClass:Loop(): jentry = 1/1814692
analysisClass:Loop(): jentry = 2/1814692
analysisClass:Loop(): jentry = 3/1814692
analysisClass:Loop(): jentry = 4/1814692
analysisClass:Loop(): jentry = 5/1814692
analysisClass:Loop(): jentry = 6/1814692
analysisClass:Loop(): jentry = 7/1814692
analysisClass:Loop(): jentry = 8/1814692
analysisClass:Loop(): jentry = 9/1814692
analysisClass:Loop(): jentry = 10000/1814692
analysisClass:Loop(): jentry = 20000/1814692
analysisClass:Loop(): jentry = 30000/1814692
analysisClass:Loop(): jentry = 40000/1814692
analysisClass:Loop(): jentry = 50000/1814692
analysisClass:Loop(): jentry = 60000/1814692
analysisClass:Loop(): jentry = 70000/1814692
analysisClass:Loop(): jentry = 80000/1814692
analysisClass:Loop(): jentry = 90000/1814692
analysisClass:Loop(): jentry = 100000/1814692
analysisClass:Loop(): jentry = 110000/1814692
analysisClass:Loop(): jentry = 120000/1814692
analysisClass:Loop(): jentry = 130000/1814692
analysisClass:Loop(): jentry = 140000/1814692
analysisClass:Loop(): jentry = 150000/1814692
analysisClass:Loop(): jentry = 160000/1814692
analysisClass:Loop(): jentry = 170000/1814692
analysisClass:Loop(): jentry = 180000/1814692
analysisClass:Loop(): jentry = 190000/1814692
analysisClass:Loop(): jentry = 200000/1814692
analysisClass:Loop(): jentry = 210000/1814692
analysisClass:Loop(): jentry = 220000/1814692
analysisClass:Loop(): jentry = 230000/1814692
analysisClass:Loop(): jentry = 240000/1814692
analysisClass:Loop(): jentry = 250000/1814692
analysisClass:Loop(): jentry = 260000/1814692
analysisClass:Loop(): jentry = 270000/1814692
analysisClass:Loop(): jentry = 280000/1814692
analysisClass:Loop(): jentry = 290000/1814692
analysisClass:Loop(): jentry = 300000/1814692
analysisClass:Loop(): jentry = 310000/1814692
analysisClass:Loop(): jentry = 320000/1814692
analysisClass:Loop(): jentry = 330000/1814692
analysisClass:Loop(): jentry = 340000/1814692
analysisClass:Loop(): jentry = 350000/1814692
analysisClass:Loop(): jentry = 360000/1814692
analysisClass:Loop(): jentry = 370000/1814692
analysisClass:Loop(): jentry = 380000/1814692
analysisClass:Loop(): jentry = 390000/1814692
analysisClass:Loop(): jentry = 400000/1814692
analysisClass:Loop(): jentry = 410000/1814692
analysisClass:Loop(): jentry = 420000/1814692
analysisClass:Loop(): jentry = 430000/1814692
analysisClass:Loop(): jentry = 440000/1814692
analysisClass:Loop(): jentry = 450000/1814692
analysisClass:Loop(): jentry = 460000/1814692
analysisClass:Loop(): jentry = 470000/1814692
analysisClass:Loop(): jentry = 480000/1814692
analysisClass:Loop(): jentry = 490000/1814692
analysisClass:Loop(): jentry = 500000/1814692
analysisClass:Loop(): jentry = 510000/1814692
analysisClass:Loop(): jentry = 520000/1814692
analysisClass:Loop(): jentry = 530000/1814692
analysisClass:Loop(): jentry = 540000/1814692
analysisClass:Loop(): jentry = 550000/1814692
analysisClass:Loop(): jentry = 560000/1814692
analysisClass:Loop(): jentry = 570000/1814692
analysisClass:Loop(): jentry = 580000/1814692
analysisClass:Loop(): jentry = 590000/1814692
analysisClass:Loop(): jentry = 600000/1814692
analysisClass:Loop(): jentry = 610000/1814692
analysisClass:Loop(): jentry = 620000/1814692
analysisClass:Loop(): jentry = 630000/1814692
analysisClass:Loop(): jentry = 640000/1814692
analysisClass:Loop(): jentry = 650000/1814692
analysisClass:Loop(): jentry = 660000/1814692
analysisClass:Loop(): jentry = 670000/1814692
analysisClass:Loop(): jentry = 680000/1814692
analysisClass:Loop(): jentry = 690000/1814692
analysisClass:Loop(): jentry = 700000/1814692
analysisClass:Loop(): jentry = 710000/1814692
analysisClass:Loop(): jentry = 720000/1814692
analysisClass:Loop(): jentry = 730000/1814692
analysisClass:Loop(): jentry = 740000/1814692
analysisClass:Loop(): jentry = 750000/1814692
analysisClass:Loop(): jentry = 760000/1814692
analysisClass:Loop(): jentry = 770000/1814692
analysisClass:Loop(): jentry = 780000/1814692
analysisClass:Loop(): jentry = 790000/1814692
analysisClass:Loop(): jentry = 800000/1814692
analysisClass:Loop(): jentry = 810000/1814692
analysisClass:Loop(): jentry = 820000/1814692
analysisClass:Loop(): jentry = 830000/1814692
analysisClass:Loop(): jentry = 840000/1814692
analysisClass:Loop(): jentry = 850000/1814692
analysisClass:Loop(): jentry = 860000/1814692
analysisClass:Loop(): jentry = 870000/1814692
analysisClass:Loop(): jentry = 880000/1814692
analysisClass:Loop(): jentry = 890000/1814692
analysisClass:Loop(): jentry = 900000/1814692
analysisClass:Loop(): jentry = 910000/1814692
analysisClass:Loop(): jentry = 920000/1814692
analysisClass:Loop(): jentry = 930000/1814692
analysisClass:Loop(): jentry = 940000/1814692
analysisClass:Loop(): jentry = 950000/1814692
analysisClass:Loop(): jentry = 960000/1814692
analysisClass:Loop(): jentry = 970000/1814692
analysisClass:Loop(): jentry = 980000/1814692
analysisClass:Loop(): jentry = 990000/1814692
analysisClass:Loop(): jentry = 1000000/1814692
analysisClass:Loop(): jentry = 1010000/1814692
analysisClass:Loop(): jentry = 1020000/1814692
analysisClass:Loop(): jentry = 1030000/1814692
analysisClass:Loop(): jentry = 1040000/1814692
analysisClass:Loop(): jentry = 1050000/1814692
analysisClass:Loop(): jentry = 1060000/1814692
analysisClass:Loop(): jentry = 1070000/1814692
analysisClass:Loop(): jentry = 1080000/1814692
analysisClass:Loop(): jentry = 1090000/1814692
analysisClass:Loop(): jentry = 1100000/1814692
analysisClass:Loop(): jentry = 1110000/1814692
analysisClass:Loop(): jentry = 1120000/1814692
analysisClass:Loop(): jentry = 1130000/1814692
analysisClass:Loop(): jentry = 1140000/1814692
analysisClass:Loop(): jentry = 1150000/1814692
analysisClass:Loop(): jentry = 1160000/1814692
analysisClass:Loop(): jentry = 1170000/1814692
analysisClass:Loop(): jentry = 1180000/1814692
analysisClass:Loop(): jentry = 1190000/1814692
analysisClass:Loop(): jentry = 1200000/1814692
analysisClass:Loop(): jentry = 1210000/1814692
analysisClass:Loop(): jentry = 1220000/1814692
analysisClass:Loop(): jentry = 1230000/1814692
analysisClass:Loop(): jentry = 1240000/1814692
analysisClass:Loop(): jentry = 1250000/1814692
analysisClass:Loop(): jentry = 1260000/1814692
analysisClass:Loop(): jentry = 1270000/1814692
analysisClass:Loop(): jentry = 1280000/1814692
analysisClass:Loop(): jentry = 1290000/1814692
analysisClass:Loop(): jentry = 1300000/1814692
analysisClass:Loop(): jentry = 1310000/1814692
analysisClass:Loop(): jentry = 1320000/1814692
analysisClass:Loop(): jentry = 1330000/1814692
analysisClass:Loop(): jentry = 1340000/1814692
analysisClass:Loop(): jentry = 1350000/1814692
analysisClass:Loop(): jentry = 1360000/1814692
analysisClass:Loop(): jentry = 1370000/1814692
analysisClass:Loop(): jentry = 1380000/1814692
analysisClass:Loop(): jentry = 1390000/1814692
analysisClass:Loop(): jentry = 1400000/1814692
analysisClass:Loop(): jentry = 1410000/1814692
analysisClass:Loop(): jentry = 1420000/1814692
analysisClass:Loop(): jentry = 1430000/1814692
analysisClass:Loop(): jentry = 1440000/1814692
analysisClass:Loop(): jentry = 1450000/1814692
analysisClass:Loop(): jentry = 1460000/1814692
analysisClass:Loop(): jentry = 1470000/1814692
analysisClass:Loop(): jentry = 1480000/1814692
analysisClass:Loop(): jentry = 1490000/1814692
analysisClass:Loop(): jentry = 1500000/1814692
analysisClass:Loop(): jentry = 1510000/1814692
analysisClass:Loop(): jentry = 1520000/1814692
analysisClass:Loop(): jentry = 1530000/1814692
analysisClass:Loop(): jentry = 1540000/1814692
analysisClass:Loop(): jentry = 1550000/1814692
analysisClass:Loop(): jentry = 1560000/1814692
analysisClass:Loop(): jentry = 1570000/1814692
analysisClass:Loop(): jentry = 1580000/1814692
analysisClass:Loop(): jentry = 1590000/1814692
analysisClass:Loop(): jentry = 1600000/1814692
analysisClass:Loop(): jentry = 1610000/1814692
analysisClass:Loop(): jentry = 1620000/1814692
analysisClass:Loop(): jentry = 1630000/1814692
analysisClass:Loop(): jentry = 1640000/1814692
analysisClass:Loop(): jentry = 1650000/1814692
analysisClass:Loop(): jentry = 1660000/1814692
analysisClass:Loop(): jentry = 1670000/1814692
analysisClass:Loop(): jentry = 1680000/1814692
analysisClass:Loop(): jentry = 1690000/1814692
analysisClass:Loop(): jentry = 1700000/1814692
analysisClass:Loop(): jentry = 1710000/1814692
analysisClass:Loop(): jentry = 1720000/1814692
analysisClass:Loop(): jentry = 1730000/1814692
analysisClass:Loop(): jentry = 1740000/1814692
analysisClass:Loop(): jentry = 1750000/1814692
analysisClass:Loop(): jentry = 1760000/1814692
analysisClass:Loop(): jentry = 1770000/1814692
analysisClass:Loop(): jentry = 1780000/1814692
analysisClass:Loop(): jentry = 1790000/1814692
analysisClass:Loop(): jentry = 1800000/1814692
analysisClass:Loop(): jentry = 1810000/1814692
analysisClass::Loop() ends
analysisClass_lq_eejj___EGamma_Run2018C-UL2018_MiniAODv2_NanoAODv9-v1_0.root -> /afs/cern.ch/user/r/ryi/HEM1516/Leptoquarks/analyzer/rootNtupleAnalyzerV2/HEM1516study_Jet2_EtaInPhiOutHEM1516_UL/ultralegacy/analysis/2018/HEM1516study_Jet2_EtaInPhiOutHEM1516_UL/condor_cutTable_lq_eejj_jet2_eta_in_phi_out/analysisClass_lq_eejj___EGamma_Run2018C-UL2018_MiniAODv2_NanoAODv9-v1/output/analysisClass_lq_eejj___EGamma_Run2018C-UL2018_MiniAODv2_NanoAODv9-v1_0.root
removed analysisClass_lq_eejj___EGamma_Run2018C-UL2018_MiniAODv2_NanoAODv9-v1_0.root
analysisClass_lq_eejj___EGamma_Run2018C-UL2018_MiniAODv2_NanoAODv9-v1_0.dat -> /afs/cern.ch/user/r/ryi/HEM1516/Leptoquarks/analyzer/rootNtupleAnalyzerV2/HEM1516study_Jet2_EtaInPhiOutHEM1516_UL/ultralegacy/analysis/2018/HEM1516study_Jet2_EtaInPhiOutHEM1516_UL/condor_cutTable_lq_eejj_jet2_eta_in_phi_out/analysisClass_lq_eejj___EGamma_Run2018C-UL2018_MiniAODv2_NanoAODv9-v1/output/analysisClass_lq_eejj___EGamma_Run2018C-UL2018_MiniAODv2_NanoAODv9-v1_0.dat
removed analysisClass_lq_eejj___EGamma_Run2018C-UL2018_MiniAODv2_NanoAODv9-v1_0.dat
