/afs/cern.ch/user/r/ryi/HEM1516/Leptoquarks/analyzer/rootNtupleAnalyzerV2/src/baseClass.C - Line 30 - baseClass: begins
/afs/cern.ch/user/r/ryi/HEM1516/Leptoquarks/analyzer/rootNtupleAnalyzerV2/src/baseClass.C - Line 345 - readInputList: baseClass::readinputList(): inputList_ =  input_0.list
/afs/cern.ch/user/r/ryi/HEM1516/Leptoquarks/analyzer/rootNtupleAnalyzerV2/src/baseClass.C - Line 349 - readInputList: baseClass::readInputList: Starting reading list: input_0.list
/afs/cern.ch/user/r/ryi/HEM1516/Leptoquarks/analyzer/rootNtupleAnalyzerV2/src/baseClass.C - Line 365 - readInputList: baseClass::readInputList: Finished reading list: input_0.list
/afs/cern.ch/user/r/ryi/HEM1516/Leptoquarks/analyzer/rootNtupleAnalyzerV2/src/baseClass.C - Line 2052 - getGlobalInfoNstart: root://eoscms.cern.ch//eos/cms/store/group/phys_exotica/leptonsPlusJets/LQ/scooper/ultralegacy/skims/2018/rskDoubleEle_heep_18aug23/TTToSemiLeptonic_TuneCP5_13TeV-powheg-pythia8/TTToSemiLeptonic_TuneCP5_13TeV-powheg-pythia8_0_rsk.root
/afs/cern.ch/user/r/ryi/HEM1516/Leptoquarks/analyzer/rootNtupleAnalyzerV2/src/baseClass.C - Line 372 - readInputList: Initial number of events (current file,runningTotal): NBeforeSkim, NBeforeSkim_ = 6216000, 6216000
/afs/cern.ch/user/r/ryi/HEM1516/Leptoquarks/analyzer/rootNtupleAnalyzerV2/src/baseClass.C - Line 377 - readInputList: gen weight sum (current,total): = 4.06207e+08+/-352470, 4.06207e+08+/-352470
/afs/cern.ch/user/r/ryi/HEM1516/Leptoquarks/analyzer/rootNtupleAnalyzerV2/src/baseClass.C - Line 382 - readInputList: sign only gen weight sum (current,total): = 6.16654e+06+/-2493.19, 6.16654e+06+/-2493.19
/afs/cern.ch/user/r/ryi/HEM1516/Leptoquarks/analyzer/rootNtupleAnalyzerV2/src/baseClass.C - Line 2205 - saveLHEPdfSumw: saveLHEPdfSumw
/afs/cern.ch/user/r/ryi/HEM1516/Leptoquarks/analyzer/rootNtupleAnalyzerV2/src/baseClass.C - Line 2235 - saveEventsPassingCuts: saveEventsPassingCuts
/afs/cern.ch/user/r/ryi/HEM1516/Leptoquarks/analyzer/rootNtupleAnalyzerV2/src/baseClass.C - Line 2052 - getGlobalInfoNstart: root://eoscms.cern.ch//eos/cms/store/group/phys_exotica/leptonsPlusJets/LQ/scooper/ultralegacy/skims/2018/rskDoubleEle_heep_18aug23/TTToSemiLeptonic_TuneCP5_13TeV-powheg-pythia8/TTToSemiLeptonic_TuneCP5_13TeV-powheg-pythia8_1_rsk.root
/afs/cern.ch/user/r/ryi/HEM1516/Leptoquarks/analyzer/rootNtupleAnalyzerV2/src/baseClass.C - Line 372 - readInputList: Initial number of events (current file,runningTotal): NBeforeSkim, NBeforeSkim_ = 8114000, 14330000
/afs/cern.ch/user/r/ryi/HEM1516/Leptoquarks/analyzer/rootNtupleAnalyzerV2/src/baseClass.C - Line 377 - readInputList: gen weight sum (current,total): = 4.04443e+08+/-351686, 8.1065e+08+/-497914
/afs/cern.ch/user/r/ryi/HEM1516/Leptoquarks/analyzer/rootNtupleAnalyzerV2/src/baseClass.C - Line 382 - readInputList: sign only gen weight sum (current,total): = 8.04889e+06+/-2848.51, 1.42154e+07+/-3785.5
/afs/cern.ch/user/r/ryi/HEM1516/Leptoquarks/analyzer/rootNtupleAnalyzerV2/src/baseClass.C - Line 2205 - saveLHEPdfSumw: saveLHEPdfSumw
/afs/cern.ch/user/r/ryi/HEM1516/Leptoquarks/analyzer/rootNtupleAnalyzerV2/src/baseClass.C - Line 2235 - saveEventsPassingCuts: saveEventsPassingCuts
/afs/cern.ch/user/r/ryi/HEM1516/Leptoquarks/analyzer/rootNtupleAnalyzerV2/src/baseClass.C - Line 2052 - getGlobalInfoNstart: root://eoscms.cern.ch//eos/cms/store/group/phys_exotica/leptonsPlusJets/LQ/scooper/ultralegacy/skims/2018/rskDoubleEle_heep_18aug23/TTToSemiLeptonic_TuneCP5_13TeV-powheg-pythia8/TTToSemiLeptonic_TuneCP5_13TeV-powheg-pythia8_2_rsk.root
/afs/cern.ch/user/r/ryi/HEM1516/Leptoquarks/analyzer/rootNtupleAnalyzerV2/src/baseClass.C - Line 372 - readInputList: Initial number of events (current file,runningTotal): NBeforeSkim, NBeforeSkim_ = 8190000, 22520000
/afs/cern.ch/user/r/ryi/HEM1516/Leptoquarks/analyzer/rootNtupleAnalyzerV2/src/baseClass.C - Line 377 - readInputList: gen weight sum (current,total): = 4.02545e+08+/-350900, 1.21319e+09+/-609138
/afs/cern.ch/user/r/ryi/HEM1516/Leptoquarks/analyzer/rootNtupleAnalyzerV2/src/baseClass.C - Line 382 - readInputList: sign only gen weight sum (current,total): = 8.12429e+06+/-2861.82, 2.23397e+07+/-4745.52
/afs/cern.ch/user/r/ryi/HEM1516/Leptoquarks/analyzer/rootNtupleAnalyzerV2/src/baseClass.C - Line 2205 - saveLHEPdfSumw: saveLHEPdfSumw
/afs/cern.ch/user/r/ryi/HEM1516/Leptoquarks/analyzer/rootNtupleAnalyzerV2/src/baseClass.C - Line 2235 - saveEventsPassingCuts: saveEventsPassingCuts
/afs/cern.ch/user/r/ryi/HEM1516/Leptoquarks/analyzer/rootNtupleAnalyzerV2/src/baseClass.C - Line 2052 - getGlobalInfoNstart: root://eoscms.cern.ch//eos/cms/store/group/phys_exotica/leptonsPlusJets/LQ/scooper/ultralegacy/skims/2018/rskDoubleEle_heep_18aug23/TTToSemiLeptonic_TuneCP5_13TeV-powheg-pythia8/TTToSemiLeptonic_TuneCP5_13TeV-powheg-pythia8_3_rsk.root
/afs/cern.ch/user/r/ryi/HEM1516/Leptoquarks/analyzer/rootNtupleAnalyzerV2/src/baseClass.C - Line 372 - readInputList: Initial number of events (current file,runningTotal): NBeforeSkim, NBeforeSkim_ = 8206000, 30726000
/afs/cern.ch/user/r/ryi/HEM1516/Leptoquarks/analyzer/rootNtupleAnalyzerV2/src/baseClass.C - Line 377 - readInputList: gen weight sum (current,total): = 4.00872e+08+/-350112, 1.61407e+09+/-702587
/afs/cern.ch/user/r/ryi/HEM1516/Leptoquarks/analyzer/rootNtupleAnalyzerV2/src/baseClass.C - Line 382 - readInputList: sign only gen weight sum (current,total): = 8.14039e+06+/-2864.61, 3.04801e+07+/-5543.1
/afs/cern.ch/user/r/ryi/HEM1516/Leptoquarks/analyzer/rootNtupleAnalyzerV2/src/baseClass.C - Line 2205 - saveLHEPdfSumw: saveLHEPdfSumw
/afs/cern.ch/user/r/ryi/HEM1516/Leptoquarks/analyzer/rootNtupleAnalyzerV2/src/baseClass.C - Line 2235 - saveEventsPassingCuts: saveEventsPassingCuts
/afs/cern.ch/user/r/ryi/HEM1516/Leptoquarks/analyzer/rootNtupleAnalyzerV2/src/baseClass.C - Line 2052 - getGlobalInfoNstart: root://eoscms.cern.ch//eos/cms/store/group/phys_exotica/leptonsPlusJets/LQ/scooper/ultralegacy/skims/2018/rskDoubleEle_heep_18aug23/TTToSemiLeptonic_TuneCP5_13TeV-powheg-pythia8/TTToSemiLeptonic_TuneCP5_13TeV-powheg-pythia8_4_rsk.root
/afs/cern.ch/user/r/ryi/HEM1516/Leptoquarks/analyzer/rootNtupleAnalyzerV2/src/baseClass.C - Line 372 - readInputList: Initial number of events (current file,runningTotal): NBeforeSkim, NBeforeSkim_ = 8196000, 38922000
/afs/cern.ch/user/r/ryi/HEM1516/Leptoquarks/analyzer/rootNtupleAnalyzerV2/src/baseClass.C - Line 377 - readInputList: gen weight sum (current,total): = 3.99021e+08+/-349323, 2.01309e+09+/-784637
/afs/cern.ch/user/r/ryi/HEM1516/Leptoquarks/analyzer/rootNtupleAnalyzerV2/src/baseClass.C - Line 382 - readInputList: sign only gen weight sum (current,total): = 8.12996e+06+/-2862.87, 3.86101e+07+/-6238.75
/afs/cern.ch/user/r/ryi/HEM1516/Leptoquarks/analyzer/rootNtupleAnalyzerV2/src/baseClass.C - Line 2205 - saveLHEPdfSumw: saveLHEPdfSumw
/afs/cern.ch/user/r/ryi/HEM1516/Leptoquarks/analyzer/rootNtupleAnalyzerV2/src/baseClass.C - Line 2235 - saveEventsPassingCuts: saveEventsPassingCuts
/afs/cern.ch/user/r/ryi/HEM1516/Leptoquarks/analyzer/rootNtupleAnalyzerV2/src/baseClass.C - Line 2052 - getGlobalInfoNstart: root://eoscms.cern.ch//eos/cms/store/group/phys_exotica/leptonsPlusJets/LQ/scooper/ultralegacy/skims/2018/rskDoubleEle_heep_18aug23/TTToSemiLeptonic_TuneCP5_13TeV-powheg-pythia8/TTToSemiLeptonic_TuneCP5_13TeV-powheg-pythia8_5_rsk.root
/afs/cern.ch/user/r/ryi/HEM1516/Leptoquarks/analyzer/rootNtupleAnalyzerV2/src/baseClass.C - Line 372 - readInputList: Initial number of events (current file,runningTotal): NBeforeSkim, NBeforeSkim_ = 8184000, 47106000
/afs/cern.ch/user/r/ryi/HEM1516/Leptoquarks/analyzer/rootNtupleAnalyzerV2/src/baseClass.C - Line 377 - readInputList: gen weight sum (current,total): = 3.97297e+08+/-348532, 2.41038e+09+/-858562
/afs/cern.ch/user/r/ryi/HEM1516/Leptoquarks/analyzer/rootNtupleAnalyzerV2/src/baseClass.C - Line 382 - readInputList: sign only gen weight sum (current,total): = 8.11764e+06+/-2860.77, 4.67277e+07+/-6863.38
/afs/cern.ch/user/r/ryi/HEM1516/Leptoquarks/analyzer/rootNtupleAnalyzerV2/src/baseClass.C - Line 2205 - saveLHEPdfSumw: saveLHEPdfSumw
/afs/cern.ch/user/r/ryi/HEM1516/Leptoquarks/analyzer/rootNtupleAnalyzerV2/src/baseClass.C - Line 2235 - saveEventsPassingCuts: saveEventsPassingCuts
/afs/cern.ch/user/r/ryi/HEM1516/Leptoquarks/analyzer/rootNtupleAnalyzerV2/src/baseClass.C - Line 2052 - getGlobalInfoNstart: root://eoscms.cern.ch//eos/cms/store/group/phys_exotica/leptonsPlusJets/LQ/scooper/ultralegacy/skims/2018/rskDoubleEle_heep_18aug23/TTToSemiLeptonic_TuneCP5_13TeV-powheg-pythia8/TTToSemiLeptonic_TuneCP5_13TeV-powheg-pythia8_6_rsk.root
/afs/cern.ch/user/r/ryi/HEM1516/Leptoquarks/analyzer/rootNtupleAnalyzerV2/src/baseClass.C - Line 372 - readInputList: Initial number of events (current file,runningTotal): NBeforeSkim, NBeforeSkim_ = 8266000, 55372000
/afs/cern.ch/user/r/ryi/HEM1516/Leptoquarks/analyzer/rootNtupleAnalyzerV2/src/baseClass.C - Line 377 - readInputList: gen weight sum (current,total): = 3.97224e+08+/-348532, 2.80761e+09+/-926608
/afs/cern.ch/user/r/ryi/HEM1516/Leptoquarks/analyzer/rootNtupleAnalyzerV2/src/baseClass.C - Line 382 - readInputList: sign only gen weight sum (current,total): = 8.19909e+06+/-2875.07, 5.49268e+07+/-7441.24
/afs/cern.ch/user/r/ryi/HEM1516/Leptoquarks/analyzer/rootNtupleAnalyzerV2/src/baseClass.C - Line 2205 - saveLHEPdfSumw: saveLHEPdfSumw
/afs/cern.ch/user/r/ryi/HEM1516/Leptoquarks/analyzer/rootNtupleAnalyzerV2/src/baseClass.C - Line 2235 - saveEventsPassingCuts: saveEventsPassingCuts
/afs/cern.ch/user/r/ryi/HEM1516/Leptoquarks/analyzer/rootNtupleAnalyzerV2/src/baseClass.C - Line 2052 - getGlobalInfoNstart: root://eoscms.cern.ch//eos/cms/store/group/phys_exotica/leptonsPlusJets/LQ/scooper/ultralegacy/skims/2018/rskDoubleEle_heep_18aug23/TTToSemiLeptonic_TuneCP5_13TeV-powheg-pythia8/TTToSemiLeptonic_TuneCP5_13TeV-powheg-pythia8_7_rsk.root
/afs/cern.ch/user/r/ryi/HEM1516/Leptoquarks/analyzer/rootNtupleAnalyzerV2/src/baseClass.C - Line 372 - readInputList: Initial number of events (current file,runningTotal): NBeforeSkim, NBeforeSkim_ = 8430000, 63802000
/afs/cern.ch/user/r/ryi/HEM1516/Leptoquarks/analyzer/rootNtupleAnalyzerV2/src/baseClass.C - Line 377 - readInputList: gen weight sum (current,total): = 3.97181e+08+/-348532, 3.20479e+09+/-989989
/afs/cern.ch/user/r/ryi/HEM1516/Leptoquarks/analyzer/rootNtupleAnalyzerV2/src/baseClass.C - Line 382 - readInputList: sign only gen weight sum (current,total): = 8.36183e+06+/-2903.45, 6.32886e+07+/-7987.62
/afs/cern.ch/user/r/ryi/HEM1516/Leptoquarks/analyzer/rootNtupleAnalyzerV2/src/baseClass.C - Line 2205 - saveLHEPdfSumw: saveLHEPdfSumw
/afs/cern.ch/user/r/ryi/HEM1516/Leptoquarks/analyzer/rootNtupleAnalyzerV2/src/baseClass.C - Line 2235 - saveEventsPassingCuts: saveEventsPassingCuts
/afs/cern.ch/user/r/ryi/HEM1516/Leptoquarks/analyzer/rootNtupleAnalyzerV2/src/baseClass.C - Line 2052 - getGlobalInfoNstart: root://eoscms.cern.ch//eos/cms/store/group/phys_exotica/leptonsPlusJets/LQ/scooper/ultralegacy/skims/2018/rskDoubleEle_heep_18aug23/TTToSemiLeptonic_TuneCP5_13TeV-powheg-pythia8/TTToSemiLeptonic_TuneCP5_13TeV-powheg-pythia8_8_rsk.root
/afs/cern.ch/user/r/ryi/HEM1516/Leptoquarks/analyzer/rootNtupleAnalyzerV2/src/baseClass.C - Line 372 - readInputList: Initial number of events (current file,runningTotal): NBeforeSkim, NBeforeSkim_ = 8448000, 72250000
/afs/cern.ch/user/r/ryi/HEM1516/Leptoquarks/analyzer/rootNtupleAnalyzerV2/src/baseClass.C - Line 377 - readInputList: gen weight sum (current,total): = 3.97207e+08+/-348532, 3.602e+09+/-1.04955e+06
/afs/cern.ch/user/r/ryi/HEM1516/Leptoquarks/analyzer/rootNtupleAnalyzerV2/src/baseClass.C - Line 382 - readInputList: sign only gen weight sum (current,total): = 8.37961e+06+/-2906.54, 7.16682e+07+/-8500
/afs/cern.ch/user/r/ryi/HEM1516/Leptoquarks/analyzer/rootNtupleAnalyzerV2/src/baseClass.C - Line 2205 - saveLHEPdfSumw: saveLHEPdfSumw
/afs/cern.ch/user/r/ryi/HEM1516/Leptoquarks/analyzer/rootNtupleAnalyzerV2/src/baseClass.C - Line 2235 - saveEventsPassingCuts: saveEventsPassingCuts
/afs/cern.ch/user/r/ryi/HEM1516/Leptoquarks/analyzer/rootNtupleAnalyzerV2/src/baseClass.C - Line 2052 - getGlobalInfoNstart: root://eoscms.cern.ch//eos/cms/store/group/phys_exotica/leptonsPlusJets/LQ/scooper/ultralegacy/skims/2018/rskDoubleEle_heep_18aug23/TTToSemiLeptonic_TuneCP5_13TeV-powheg-pythia8/TTToSemiLeptonic_TuneCP5_13TeV-powheg-pythia8_9_rsk.root
/afs/cern.ch/user/r/ryi/HEM1516/Leptoquarks/analyzer/rootNtupleAnalyzerV2/src/baseClass.C - Line 372 - readInputList: Initial number of events (current file,runningTotal): NBeforeSkim, NBeforeSkim_ = 8472000, 80722000
/afs/cern.ch/user/r/ryi/HEM1516/Leptoquarks/analyzer/rootNtupleAnalyzerV2/src/baseClass.C - Line 377 - readInputList: gen weight sum (current,total): = 3.97194e+08+/-348532, 3.99919e+09+/-1.10591e+06
/afs/cern.ch/user/r/ryi/HEM1516/Leptoquarks/analyzer/rootNtupleAnalyzerV2/src/baseClass.C - Line 382 - readInputList: sign only gen weight sum (current,total): = 8.40354e+06+/-2910.67, 8.00718e+07+/-8984.54
/afs/cern.ch/user/r/ryi/HEM1516/Leptoquarks/analyzer/rootNtupleAnalyzerV2/src/baseClass.C - Line 2205 - saveLHEPdfSumw: saveLHEPdfSumw
/afs/cern.ch/user/r/ryi/HEM1516/Leptoquarks/analyzer/rootNtupleAnalyzerV2/src/baseClass.C - Line 2235 - saveEventsPassingCuts: saveEventsPassingCuts
/afs/cern.ch/user/r/ryi/HEM1516/Leptoquarks/analyzer/rootNtupleAnalyzerV2/src/baseClass.C - Line 2052 - getGlobalInfoNstart: root://eoscms.cern.ch//eos/cms/store/group/phys_exotica/leptonsPlusJets/LQ/scooper/ultralegacy/skims/2018/rskDoubleEle_heep_18aug23/TTToSemiLeptonic_TuneCP5_13TeV-powheg-pythia8/TTToSemiLeptonic_TuneCP5_13TeV-powheg-pythia8_10_rsk.root
/afs/cern.ch/user/r/ryi/HEM1516/Leptoquarks/analyzer/rootNtupleAnalyzerV2/src/baseClass.C - Line 372 - readInputList: Initial number of events (current file,runningTotal): NBeforeSkim, NBeforeSkim_ = 8658000, 89380000
/afs/cern.ch/user/r/ryi/HEM1516/Leptoquarks/analyzer/rootNtupleAnalyzerV2/src/baseClass.C - Line 377 - readInputList: gen weight sum (current,total): = 3.97118e+08+/-348532, 4.39631e+09+/-1.15953e+06
/afs/cern.ch/user/r/ryi/HEM1516/Leptoquarks/analyzer/rootNtupleAnalyzerV2/src/baseClass.C - Line 382 - readInputList: sign only gen weight sum (current,total): = 8.58742e+06+/-2942.45, 8.86592e+07+/-9454.1
/afs/cern.ch/user/r/ryi/HEM1516/Leptoquarks/analyzer/rootNtupleAnalyzerV2/src/baseClass.C - Line 2205 - saveLHEPdfSumw: saveLHEPdfSumw
/afs/cern.ch/user/r/ryi/HEM1516/Leptoquarks/analyzer/rootNtupleAnalyzerV2/src/baseClass.C - Line 2235 - saveEventsPassingCuts: saveEventsPassingCuts
/afs/cern.ch/user/r/ryi/HEM1516/Leptoquarks/analyzer/rootNtupleAnalyzerV2/src/baseClass.C - Line 2052 - getGlobalInfoNstart: root://eoscms.cern.ch//eos/cms/store/group/phys_exotica/leptonsPlusJets/LQ/scooper/ultralegacy/skims/2018/rskDoubleEle_heep_18aug23/TTToSemiLeptonic_TuneCP5_13TeV-powheg-pythia8/TTToSemiLeptonic_TuneCP5_13TeV-powheg-pythia8_11_rsk.root
/afs/cern.ch/user/r/ryi/HEM1516/Leptoquarks/analyzer/rootNtupleAnalyzerV2/src/baseClass.C - Line 372 - readInputList: Initial number of events (current file,runningTotal): NBeforeSkim, NBeforeSkim_ = 8716000, 98096000
/afs/cern.ch/user/r/ryi/HEM1516/Leptoquarks/analyzer/rootNtupleAnalyzerV2/src/baseClass.C - Line 377 - readInputList: gen weight sum (current,total): = 3.97194e+08+/-348532, 4.7935e+09+/-1.21077e+06
/afs/cern.ch/user/r/ryi/HEM1516/Leptoquarks/analyzer/rootNtupleAnalyzerV2/src/baseClass.C - Line 382 - readInputList: sign only gen weight sum (current,total): = 8.64509e+06+/-2952.29, 9.73043e+07+/-9904.34
/afs/cern.ch/user/r/ryi/HEM1516/Leptoquarks/analyzer/rootNtupleAnalyzerV2/src/baseClass.C - Line 2205 - saveLHEPdfSumw: saveLHEPdfSumw
/afs/cern.ch/user/r/ryi/HEM1516/Leptoquarks/analyzer/rootNtupleAnalyzerV2/src/baseClass.C - Line 2235 - saveEventsPassingCuts: saveEventsPassingCuts
/afs/cern.ch/user/r/ryi/HEM1516/Leptoquarks/analyzer/rootNtupleAnalyzerV2/src/baseClass.C - Line 2052 - getGlobalInfoNstart: root://eoscms.cern.ch//eos/cms/store/group/phys_exotica/leptonsPlusJets/LQ/scooper/ultralegacy/skims/2018/rskDoubleEle_heep_18aug23/TTToSemiLeptonic_TuneCP5_13TeV-powheg-pythia8/TTToSemiLeptonic_TuneCP5_13TeV-powheg-pythia8_12_rsk.root
/afs/cern.ch/user/r/ryi/HEM1516/Leptoquarks/analyzer/rootNtupleAnalyzerV2/src/baseClass.C - Line 372 - readInputList: Initial number of events (current file,runningTotal): NBeforeSkim, NBeforeSkim_ = 8822000, 106918000
/afs/cern.ch/user/r/ryi/HEM1516/Leptoquarks/analyzer/rootNtupleAnalyzerV2/src/baseClass.C - Line 377 - readInputList: gen weight sum (current,total): = 3.97128e+08+/-348532, 5.19063e+09+/-1.25994e+06
/afs/cern.ch/user/r/ryi/HEM1516/Leptoquarks/analyzer/rootNtupleAnalyzerV2/src/baseClass.C - Line 382 - readInputList: sign only gen weight sum (current,total): = 8.74996e+06+/-2970.19, 1.06054e+08+/-10340.1
/afs/cern.ch/user/r/ryi/HEM1516/Leptoquarks/analyzer/rootNtupleAnalyzerV2/src/baseClass.C - Line 2205 - saveLHEPdfSumw: saveLHEPdfSumw
/afs/cern.ch/user/r/ryi/HEM1516/Leptoquarks/analyzer/rootNtupleAnalyzerV2/src/baseClass.C - Line 2235 - saveEventsPassingCuts: saveEventsPassingCuts
/afs/cern.ch/user/r/ryi/HEM1516/Leptoquarks/analyzer/rootNtupleAnalyzerV2/src/baseClass.C - Line 2052 - getGlobalInfoNstart: root://eoscms.cern.ch//eos/cms/store/group/phys_exotica/leptonsPlusJets/LQ/scooper/ultralegacy/skims/2018/rskDoubleEle_heep_18aug23/TTToSemiLeptonic_TuneCP5_13TeV-powheg-pythia8/TTToSemiLeptonic_TuneCP5_13TeV-powheg-pythia8_13_rsk.root
/afs/cern.ch/user/r/ryi/HEM1516/Leptoquarks/analyzer/rootNtupleAnalyzerV2/src/baseClass.C - Line 372 - readInputList: Initial number of events (current file,runningTotal): NBeforeSkim, NBeforeSkim_ = 8976000, 115894000
/afs/cern.ch/user/r/ryi/HEM1516/Leptoquarks/analyzer/rootNtupleAnalyzerV2/src/baseClass.C - Line 377 - readInputList: gen weight sum (current,total): = 3.97142e+08+/-348532, 5.58777e+09+/-1.30726e+06
/afs/cern.ch/user/r/ryi/HEM1516/Leptoquarks/analyzer/rootNtupleAnalyzerV2/src/baseClass.C - Line 382 - readInputList: sign only gen weight sum (current,total): = 8.90359e+06+/-2996, 1.14958e+08+/-10765.4
/afs/cern.ch/user/r/ryi/HEM1516/Leptoquarks/analyzer/rootNtupleAnalyzerV2/src/baseClass.C - Line 2205 - saveLHEPdfSumw: saveLHEPdfSumw
/afs/cern.ch/user/r/ryi/HEM1516/Leptoquarks/analyzer/rootNtupleAnalyzerV2/src/baseClass.C - Line 2235 - saveEventsPassingCuts: saveEventsPassingCuts
/afs/cern.ch/user/r/ryi/HEM1516/Leptoquarks/analyzer/rootNtupleAnalyzerV2/src/baseClass.C - Line 2052 - getGlobalInfoNstart: root://eoscms.cern.ch//eos/cms/store/group/phys_exotica/leptonsPlusJets/LQ/scooper/ultralegacy/skims/2018/rskDoubleEle_heep_18aug23/TTToSemiLeptonic_TuneCP5_13TeV-powheg-pythia8/TTToSemiLeptonic_TuneCP5_13TeV-powheg-pythia8_14_rsk.root
/afs/cern.ch/user/r/ryi/HEM1516/Leptoquarks/analyzer/rootNtupleAnalyzerV2/src/baseClass.C - Line 372 - readInputList: Initial number of events (current file,runningTotal): NBeforeSkim, NBeforeSkim_ = 9124000, 125018000
/afs/cern.ch/user/r/ryi/HEM1516/Leptoquarks/analyzer/rootNtupleAnalyzerV2/src/baseClass.C - Line 377 - readInputList: gen weight sum (current,total): = 3.97256e+08+/-348532, 5.98503e+09+/-1.35292e+06
/afs/cern.ch/user/r/ryi/HEM1516/Leptoquarks/analyzer/rootNtupleAnalyzerV2/src/baseClass.C - Line 382 - readInputList: sign only gen weight sum (current,total): = 9.04991e+06+/-3020.6, 1.24008e+08+/-11181.1
/afs/cern.ch/user/r/ryi/HEM1516/Leptoquarks/analyzer/rootNtupleAnalyzerV2/src/baseClass.C - Line 2205 - saveLHEPdfSumw: saveLHEPdfSumw
/afs/cern.ch/user/r/ryi/HEM1516/Leptoquarks/analyzer/rootNtupleAnalyzerV2/src/baseClass.C - Line 2235 - saveEventsPassingCuts: saveEventsPassingCuts
/afs/cern.ch/user/r/ryi/HEM1516/Leptoquarks/analyzer/rootNtupleAnalyzerV2/src/baseClass.C - Line 2052 - getGlobalInfoNstart: root://eoscms.cern.ch//eos/cms/store/group/phys_exotica/leptonsPlusJets/LQ/scooper/ultralegacy/skims/2018/rskDoubleEle_heep_18aug23/TTToSemiLeptonic_TuneCP5_13TeV-powheg-pythia8/TTToSemiLeptonic_TuneCP5_13TeV-powheg-pythia8_15_rsk.root
/afs/cern.ch/user/r/ryi/HEM1516/Leptoquarks/analyzer/rootNtupleAnalyzerV2/src/baseClass.C - Line 372 - readInputList: Initial number of events (current file,runningTotal): NBeforeSkim, NBeforeSkim_ = 9240000, 134258000
/afs/cern.ch/user/r/ryi/HEM1516/Leptoquarks/analyzer/rootNtupleAnalyzerV2/src/baseClass.C - Line 377 - readInputList: gen weight sum (current,total): = 3.97235e+08+/-348532, 6.38226e+09+/-1.39709e+06
/afs/cern.ch/user/r/ryi/HEM1516/Leptoquarks/analyzer/rootNtupleAnalyzerV2/src/baseClass.C - Line 382 - readInputList: sign only gen weight sum (current,total): = 9.16515e+06+/-3039.74, 1.33173e+08+/-11587
/afs/cern.ch/user/r/ryi/HEM1516/Leptoquarks/analyzer/rootNtupleAnalyzerV2/src/baseClass.C - Line 2205 - saveLHEPdfSumw: saveLHEPdfSumw
/afs/cern.ch/user/r/ryi/HEM1516/Leptoquarks/analyzer/rootNtupleAnalyzerV2/src/baseClass.C - Line 2235 - saveEventsPassingCuts: saveEventsPassingCuts
/afs/cern.ch/user/r/ryi/HEM1516/Leptoquarks/analyzer/rootNtupleAnalyzerV2/src/baseClass.C - Line 2052 - getGlobalInfoNstart: root://eoscms.cern.ch//eos/cms/store/group/phys_exotica/leptonsPlusJets/LQ/scooper/ultralegacy/skims/2018/rskDoubleEle_heep_18aug23/TTToSemiLeptonic_TuneCP5_13TeV-powheg-pythia8/TTToSemiLeptonic_TuneCP5_13TeV-powheg-pythia8_16_rsk.root
/afs/cern.ch/user/r/ryi/HEM1516/Leptoquarks/analyzer/rootNtupleAnalyzerV2/src/baseClass.C - Line 372 - readInputList: Initial number of events (current file,runningTotal): NBeforeSkim, NBeforeSkim_ = 9418000, 143676000
/afs/cern.ch/user/r/ryi/HEM1516/Leptoquarks/analyzer/rootNtupleAnalyzerV2/src/baseClass.C - Line 377 - readInputList: gen weight sum (current,total): = 3.97171e+08+/-348532, 6.77944e+09+/-1.43991e+06
/afs/cern.ch/user/r/ryi/HEM1516/Leptoquarks/analyzer/rootNtupleAnalyzerV2/src/baseClass.C - Line 382 - readInputList: sign only gen weight sum (current,total): = 9.3421e+06+/-3068.88, 1.42515e+08+/-11986.5
/afs/cern.ch/user/r/ryi/HEM1516/Leptoquarks/analyzer/rootNtupleAnalyzerV2/src/baseClass.C - Line 2205 - saveLHEPdfSumw: saveLHEPdfSumw
/afs/cern.ch/user/r/ryi/HEM1516/Leptoquarks/analyzer/rootNtupleAnalyzerV2/src/baseClass.C - Line 2235 - saveEventsPassingCuts: saveEventsPassingCuts
/afs/cern.ch/user/r/ryi/HEM1516/Leptoquarks/analyzer/rootNtupleAnalyzerV2/src/baseClass.C - Line 2052 - getGlobalInfoNstart: root://eoscms.cern.ch//eos/cms/store/group/phys_exotica/leptonsPlusJets/LQ/scooper/ultralegacy/skims/2018/rskDoubleEle_heep_18aug23/TTToSemiLeptonic_TuneCP5_13TeV-powheg-pythia8/TTToSemiLeptonic_TuneCP5_13TeV-powheg-pythia8_17_rsk.root
/afs/cern.ch/user/r/ryi/HEM1516/Leptoquarks/analyzer/rootNtupleAnalyzerV2/src/baseClass.C - Line 372 - readInputList: Initial number of events (current file,runningTotal): NBeforeSkim, NBeforeSkim_ = 9570000, 153246000
/afs/cern.ch/user/r/ryi/HEM1516/Leptoquarks/analyzer/rootNtupleAnalyzerV2/src/baseClass.C - Line 377 - readInputList: gen weight sum (current,total): = 3.9721e+08+/-348532, 7.17665e+09+/-1.48149e+06
/afs/cern.ch/user/r/ryi/HEM1516/Leptoquarks/analyzer/rootNtupleAnalyzerV2/src/baseClass.C - Line 382 - readInputList: sign only gen weight sum (current,total): = 9.4933e+06+/-3093.54, 1.52008e+08+/-12379.3
/afs/cern.ch/user/r/ryi/HEM1516/Leptoquarks/analyzer/rootNtupleAnalyzerV2/src/baseClass.C - Line 2205 - saveLHEPdfSumw: saveLHEPdfSumw
/afs/cern.ch/user/r/ryi/HEM1516/Leptoquarks/analyzer/rootNtupleAnalyzerV2/src/baseClass.C - Line 2235 - saveEventsPassingCuts: saveEventsPassingCuts
/afs/cern.ch/user/r/ryi/HEM1516/Leptoquarks/analyzer/rootNtupleAnalyzerV2/src/baseClass.C - Line 2052 - getGlobalInfoNstart: root://eoscms.cern.ch//eos/cms/store/group/phys_exotica/leptonsPlusJets/LQ/scooper/ultralegacy/skims/2018/rskDoubleEle_heep_18aug23/TTToSemiLeptonic_TuneCP5_13TeV-powheg-pythia8/TTToSemiLeptonic_TuneCP5_13TeV-powheg-pythia8_18_rsk.root
/afs/cern.ch/user/r/ryi/HEM1516/Leptoquarks/analyzer/rootNtupleAnalyzerV2/src/baseClass.C - Line 372 - readInputList: Initial number of events (current file,runningTotal): NBeforeSkim, NBeforeSkim_ = 9768000, 163014000
/afs/cern.ch/user/r/ryi/HEM1516/Leptoquarks/analyzer/rootNtupleAnalyzerV2/src/baseClass.C - Line 377 - readInputList: gen weight sum (current,total): = 3.97173e+08+/-348532, 7.57382e+09+/-1.52194e+06
/afs/cern.ch/user/r/ryi/HEM1516/Leptoquarks/analyzer/rootNtupleAnalyzerV2/src/baseClass.C - Line 382 - readInputList: sign only gen weight sum (current,total): = 9.68894e+06+/-3125.38, 1.61697e+08+/-12767.7
/afs/cern.ch/user/r/ryi/HEM1516/Leptoquarks/analyzer/rootNtupleAnalyzerV2/src/baseClass.C - Line 2205 - saveLHEPdfSumw: saveLHEPdfSumw
/afs/cern.ch/user/r/ryi/HEM1516/Leptoquarks/analyzer/rootNtupleAnalyzerV2/src/baseClass.C - Line 2235 - saveEventsPassingCuts: saveEventsPassingCuts
/afs/cern.ch/user/r/ryi/HEM1516/Leptoquarks/analyzer/rootNtupleAnalyzerV2/src/baseClass.C - Line 2052 - getGlobalInfoNstart: root://eoscms.cern.ch//eos/cms/store/group/phys_exotica/leptonsPlusJets/LQ/scooper/ultralegacy/skims/2018/rskDoubleEle_heep_18aug23/TTToSemiLeptonic_TuneCP5_13TeV-powheg-pythia8/TTToSemiLeptonic_TuneCP5_13TeV-powheg-pythia8_19_rsk.root
/afs/cern.ch/user/r/ryi/HEM1516/Leptoquarks/analyzer/rootNtupleAnalyzerV2/src/baseClass.C - Line 372 - readInputList: Initial number of events (current file,runningTotal): NBeforeSkim, NBeforeSkim_ = 9868000, 172882000
/afs/cern.ch/user/r/ryi/HEM1516/Leptoquarks/analyzer/rootNtupleAnalyzerV2/src/baseClass.C - Line 377 - readInputList: gen weight sum (current,total): = 3.97105e+08+/-348532, 7.97092e+09+/-1.56134e+06
/afs/cern.ch/user/r/ryi/HEM1516/Leptoquarks/analyzer/rootNtupleAnalyzerV2/src/baseClass.C - Line 382 - readInputList: sign only gen weight sum (current,total): = 9.78802e+06+/-3141.34, 1.71485e+08+/-13148.5
/afs/cern.ch/user/r/ryi/HEM1516/Leptoquarks/analyzer/rootNtupleAnalyzerV2/src/baseClass.C - Line 2205 - saveLHEPdfSumw: saveLHEPdfSumw
/afs/cern.ch/user/r/ryi/HEM1516/Leptoquarks/analyzer/rootNtupleAnalyzerV2/src/baseClass.C - Line 2235 - saveEventsPassingCuts: saveEventsPassingCuts
/afs/cern.ch/user/r/ryi/HEM1516/Leptoquarks/analyzer/rootNtupleAnalyzerV2/src/baseClass.C - Line 2052 - getGlobalInfoNstart: root://eoscms.cern.ch//eos/cms/store/group/phys_exotica/leptonsPlusJets/LQ/scooper/ultralegacy/skims/2018/rskDoubleEle_heep_18aug23/TTToSemiLeptonic_TuneCP5_13TeV-powheg-pythia8/TTToSemiLeptonic_TuneCP5_13TeV-powheg-pythia8_20_rsk.root
/afs/cern.ch/user/r/ryi/HEM1516/Leptoquarks/analyzer/rootNtupleAnalyzerV2/src/baseClass.C - Line 372 - readInputList: Initial number of events (current file,runningTotal): NBeforeSkim, NBeforeSkim_ = 10020000, 182902000
/afs/cern.ch/user/r/ryi/HEM1516/Leptoquarks/analyzer/rootNtupleAnalyzerV2/src/baseClass.C - Line 377 - readInputList: gen weight sum (current,total): = 3.97198e+08+/-348532, 8.36812e+09+/-1.59976e+06
/afs/cern.ch/user/r/ryi/HEM1516/Leptoquarks/analyzer/rootNtupleAnalyzerV2/src/baseClass.C - Line 382 - readInputList: sign only gen weight sum (current,total): = 9.93896e+06+/-3165.44, 1.81424e+08+/-13524.1
/afs/cern.ch/user/r/ryi/HEM1516/Leptoquarks/analyzer/rootNtupleAnalyzerV2/src/baseClass.C - Line 2205 - saveLHEPdfSumw: saveLHEPdfSumw
/afs/cern.ch/user/r/ryi/HEM1516/Leptoquarks/analyzer/rootNtupleAnalyzerV2/src/baseClass.C - Line 2235 - saveEventsPassingCuts: saveEventsPassingCuts
/afs/cern.ch/user/r/ryi/HEM1516/Leptoquarks/analyzer/rootNtupleAnalyzerV2/src/baseClass.C - Line 2052 - getGlobalInfoNstart: root://eoscms.cern.ch//eos/cms/store/group/phys_exotica/leptonsPlusJets/LQ/scooper/ultralegacy/skims/2018/rskDoubleEle_heep_18aug23/TTToSemiLeptonic_TuneCP5_13TeV-powheg-pythia8/TTToSemiLeptonic_TuneCP5_13TeV-powheg-pythia8_21_rsk.root
/afs/cern.ch/user/r/ryi/HEM1516/Leptoquarks/analyzer/rootNtupleAnalyzerV2/src/baseClass.C - Line 372 - readInputList: Initial number of events (current file,runningTotal): NBeforeSkim, NBeforeSkim_ = 10240000, 193142000
/afs/cern.ch/user/r/ryi/HEM1516/Leptoquarks/analyzer/rootNtupleAnalyzerV2/src/baseClass.C - Line 377 - readInputList: gen weight sum (current,total): = 3.97118e+08+/-348532, 8.76524e+09+/-1.63729e+06
/afs/cern.ch/user/r/ryi/HEM1516/Leptoquarks/analyzer/rootNtupleAnalyzerV2/src/baseClass.C - Line 382 - readInputList: sign only gen weight sum (current,total): = 1.0157e+07+/-3200, 1.91581e+08+/-13897.6
/afs/cern.ch/user/r/ryi/HEM1516/Leptoquarks/analyzer/rootNtupleAnalyzerV2/src/baseClass.C - Line 2205 - saveLHEPdfSumw: saveLHEPdfSumw
/afs/cern.ch/user/r/ryi/HEM1516/Leptoquarks/analyzer/rootNtupleAnalyzerV2/src/baseClass.C - Line 2235 - saveEventsPassingCuts: saveEventsPassingCuts
/afs/cern.ch/user/r/ryi/HEM1516/Leptoquarks/analyzer/rootNtupleAnalyzerV2/src/baseClass.C - Line 2052 - getGlobalInfoNstart: root://eoscms.cern.ch//eos/cms/store/group/phys_exotica/leptonsPlusJets/LQ/scooper/ultralegacy/skims/2018/rskDoubleEle_heep_18aug23/TTToSemiLeptonic_TuneCP5_13TeV-powheg-pythia8/TTToSemiLeptonic_TuneCP5_13TeV-powheg-pythia8_22_rsk.root
/afs/cern.ch/user/r/ryi/HEM1516/Leptoquarks/analyzer/rootNtupleAnalyzerV2/src/baseClass.C - Line 372 - readInputList: Initial number of events (current file,runningTotal): NBeforeSkim, NBeforeSkim_ = 10392000, 203534000
/afs/cern.ch/user/r/ryi/HEM1516/Leptoquarks/analyzer/rootNtupleAnalyzerV2/src/baseClass.C - Line 377 - readInputList: gen weight sum (current,total): = 3.97194e+08+/-348532, 9.16243e+09+/-1.67398e+06
/afs/cern.ch/user/r/ryi/HEM1516/Leptoquarks/analyzer/rootNtupleAnalyzerV2/src/baseClass.C - Line 382 - readInputList: sign only gen weight sum (current,total): = 1.03081e+07+/-3223.66, 2.01889e+08+/-14266.5
/afs/cern.ch/user/r/ryi/HEM1516/Leptoquarks/analyzer/rootNtupleAnalyzerV2/src/baseClass.C - Line 2205 - saveLHEPdfSumw: saveLHEPdfSumw
/afs/cern.ch/user/r/ryi/HEM1516/Leptoquarks/analyzer/rootNtupleAnalyzerV2/src/baseClass.C - Line 2235 - saveEventsPassingCuts: saveEventsPassingCuts
/afs/cern.ch/user/r/ryi/HEM1516/Leptoquarks/analyzer/rootNtupleAnalyzerV2/src/baseClass.C - Line 2052 - getGlobalInfoNstart: root://eoscms.cern.ch//eos/cms/store/group/phys_exotica/leptonsPlusJets/LQ/scooper/ultralegacy/skims/2018/rskDoubleEle_heep_18aug23/TTToSemiLeptonic_TuneCP5_13TeV-powheg-pythia8/TTToSemiLeptonic_TuneCP5_13TeV-powheg-pythia8_23_rsk.root
/afs/cern.ch/user/r/ryi/HEM1516/Leptoquarks/analyzer/rootNtupleAnalyzerV2/src/baseClass.C - Line 372 - readInputList: Initial number of events (current file,runningTotal): NBeforeSkim, NBeforeSkim_ = 10450000, 213984000
/afs/cern.ch/user/r/ryi/HEM1516/Leptoquarks/analyzer/rootNtupleAnalyzerV2/src/baseClass.C - Line 377 - readInputList: gen weight sum (current,total): = 3.97182e+08+/-348532, 9.55962e+09+/-1.70987e+06
/afs/cern.ch/user/r/ryi/HEM1516/Leptoquarks/analyzer/rootNtupleAnalyzerV2/src/baseClass.C - Line 382 - readInputList: sign only gen weight sum (current,total): = 1.03657e+07+/-3232.65, 2.12255e+08+/-14628.2
/afs/cern.ch/user/r/ryi/HEM1516/Leptoquarks/analyzer/rootNtupleAnalyzerV2/src/baseClass.C - Line 2205 - saveLHEPdfSumw: saveLHEPdfSumw
/afs/cern.ch/user/r/ryi/HEM1516/Leptoquarks/analyzer/rootNtupleAnalyzerV2/src/baseClass.C - Line 2235 - saveEventsPassingCuts: saveEventsPassingCuts
/afs/cern.ch/user/r/ryi/HEM1516/Leptoquarks/analyzer/rootNtupleAnalyzerV2/src/baseClass.C - Line 2052 - getGlobalInfoNstart: root://eoscms.cern.ch//eos/cms/store/group/phys_exotica/leptonsPlusJets/LQ/scooper/ultralegacy/skims/2018/rskDoubleEle_heep_18aug23/TTToSemiLeptonic_TuneCP5_13TeV-powheg-pythia8/TTToSemiLeptonic_TuneCP5_13TeV-powheg-pythia8_24_rsk.root
/afs/cern.ch/user/r/ryi/HEM1516/Leptoquarks/analyzer/rootNtupleAnalyzerV2/src/baseClass.C - Line 372 - readInputList: Initial number of events (current file,runningTotal): NBeforeSkim, NBeforeSkim_ = 10468000, 224452000
/afs/cern.ch/user/r/ryi/HEM1516/Leptoquarks/analyzer/rootNtupleAnalyzerV2/src/baseClass.C - Line 377 - readInputList: gen weight sum (current,total): = 3.97214e+08+/-348532, 9.95683e+09+/-1.74503e+06
/afs/cern.ch/user/r/ryi/HEM1516/Leptoquarks/analyzer/rootNtupleAnalyzerV2/src/baseClass.C - Line 382 - readInputList: sign only gen weight sum (current,total): = 1.03835e+07+/-3235.43, 2.22639e+08+/-14981.7
/afs/cern.ch/user/r/ryi/HEM1516/Leptoquarks/analyzer/rootNtupleAnalyzerV2/src/baseClass.C - Line 2205 - saveLHEPdfSumw: saveLHEPdfSumw
/afs/cern.ch/user/r/ryi/HEM1516/Leptoquarks/analyzer/rootNtupleAnalyzerV2/src/baseClass.C - Line 2235 - saveEventsPassingCuts: saveEventsPassingCuts
/afs/cern.ch/user/r/ryi/HEM1516/Leptoquarks/analyzer/rootNtupleAnalyzerV2/src/baseClass.C - Line 2052 - getGlobalInfoNstart: root://eoscms.cern.ch//eos/cms/store/group/phys_exotica/leptonsPlusJets/LQ/scooper/ultralegacy/skims/2018/rskDoubleEle_heep_18aug23/TTToSemiLeptonic_TuneCP5_13TeV-powheg-pythia8/TTToSemiLeptonic_TuneCP5_13TeV-powheg-pythia8_25_rsk.root
/afs/cern.ch/user/r/ryi/HEM1516/Leptoquarks/analyzer/rootNtupleAnalyzerV2/src/baseClass.C - Line 372 - readInputList: Initial number of events (current file,runningTotal): NBeforeSkim, NBeforeSkim_ = 10488000, 234940000
/afs/cern.ch/user/r/ryi/HEM1516/Leptoquarks/analyzer/rootNtupleAnalyzerV2/src/baseClass.C - Line 377 - readInputList: gen weight sum (current,total): = 3.97229e+08+/-348532, 1.03541e+10+/-1.7795e+06
/afs/cern.ch/user/r/ryi/HEM1516/Leptoquarks/analyzer/rootNtupleAnalyzerV2/src/baseClass.C - Line 382 - readInputList: sign only gen weight sum (current,total): = 1.04033e+07+/-3238.52, 2.33042e+08+/-15327.8
/afs/cern.ch/user/r/ryi/HEM1516/Leptoquarks/analyzer/rootNtupleAnalyzerV2/src/baseClass.C - Line 2205 - saveLHEPdfSumw: saveLHEPdfSumw
/afs/cern.ch/user/r/ryi/HEM1516/Leptoquarks/analyzer/rootNtupleAnalyzerV2/src/baseClass.C - Line 2235 - saveEventsPassingCuts: saveEventsPassingCuts
/afs/cern.ch/user/r/ryi/HEM1516/Leptoquarks/analyzer/rootNtupleAnalyzerV2/src/baseClass.C - Line 2052 - getGlobalInfoNstart: root://eoscms.cern.ch//eos/cms/store/group/phys_exotica/leptonsPlusJets/LQ/scooper/ultralegacy/skims/2018/rskDoubleEle_heep_18aug23/TTToSemiLeptonic_TuneCP5_13TeV-powheg-pythia8/TTToSemiLeptonic_TuneCP5_13TeV-powheg-pythia8_26_rsk.root
/afs/cern.ch/user/r/ryi/HEM1516/Leptoquarks/analyzer/rootNtupleAnalyzerV2/src/baseClass.C - Line 372 - readInputList: Initial number of events (current file,runningTotal): NBeforeSkim, NBeforeSkim_ = 10504000, 245444000
/afs/cern.ch/user/r/ryi/HEM1516/Leptoquarks/analyzer/rootNtupleAnalyzerV2/src/baseClass.C - Line 377 - readInputList: gen weight sum (current,total): = 3.97139e+08+/-348532, 1.07512e+10+/-1.81331e+06
/afs/cern.ch/user/r/ryi/HEM1516/Leptoquarks/analyzer/rootNtupleAnalyzerV2/src/baseClass.C - Line 382 - readInputList: sign only gen weight sum (current,total): = 1.0419e+07+/-3240.99, 2.43461e+08+/-15666.7
/afs/cern.ch/user/r/ryi/HEM1516/Leptoquarks/analyzer/rootNtupleAnalyzerV2/src/baseClass.C - Line 2205 - saveLHEPdfSumw: saveLHEPdfSumw
/afs/cern.ch/user/r/ryi/HEM1516/Leptoquarks/analyzer/rootNtupleAnalyzerV2/src/baseClass.C - Line 2235 - saveEventsPassingCuts: saveEventsPassingCuts
/afs/cern.ch/user/r/ryi/HEM1516/Leptoquarks/analyzer/rootNtupleAnalyzerV2/src/baseClass.C - Line 2052 - getGlobalInfoNstart: root://eoscms.cern.ch//eos/cms/store/group/phys_exotica/leptonsPlusJets/LQ/scooper/ultralegacy/skims/2018/rskDoubleEle_heep_18aug23/TTToSemiLeptonic_TuneCP5_13TeV-powheg-pythia8/TTToSemiLeptonic_TuneCP5_13TeV-powheg-pythia8_27_rsk.root
/afs/cern.ch/user/r/ryi/HEM1516/Leptoquarks/analyzer/rootNtupleAnalyzerV2/src/baseClass.C - Line 372 - readInputList: Initial number of events (current file,runningTotal): NBeforeSkim, NBeforeSkim_ = 10534000, 255978000
/afs/cern.ch/user/r/ryi/HEM1516/Leptoquarks/analyzer/rootNtupleAnalyzerV2/src/baseClass.C - Line 377 - readInputList: gen weight sum (current,total): = 3.9723e+08+/-348532, 1.11484e+10+/-1.8465e+06
/afs/cern.ch/user/r/ryi/HEM1516/Leptoquarks/analyzer/rootNtupleAnalyzerV2/src/baseClass.C - Line 382 - readInputList: sign only gen weight sum (current,total): = 1.04489e+07+/-3245.61, 2.5391e+08+/-15999.3
/afs/cern.ch/user/r/ryi/HEM1516/Leptoquarks/analyzer/rootNtupleAnalyzerV2/src/baseClass.C - Line 2205 - saveLHEPdfSumw: saveLHEPdfSumw
/afs/cern.ch/user/r/ryi/HEM1516/Leptoquarks/analyzer/rootNtupleAnalyzerV2/src/baseClass.C - Line 2235 - saveEventsPassingCuts: saveEventsPassingCuts
/afs/cern.ch/user/r/ryi/HEM1516/Leptoquarks/analyzer/rootNtupleAnalyzerV2/src/baseClass.C - Line 2052 - getGlobalInfoNstart: root://eoscms.cern.ch//eos/cms/store/group/phys_exotica/leptonsPlusJets/LQ/scooper/ultralegacy/skims/2018/rskDoubleEle_heep_18aug23/TTToSemiLeptonic_TuneCP5_13TeV-powheg-pythia8/TTToSemiLeptonic_TuneCP5_13TeV-powheg-pythia8_28_rsk.root
/afs/cern.ch/user/r/ryi/HEM1516/Leptoquarks/analyzer/rootNtupleAnalyzerV2/src/baseClass.C - Line 372 - readInputList: Initial number of events (current file,runningTotal): NBeforeSkim, NBeforeSkim_ = 10550000, 266528000
/afs/cern.ch/user/r/ryi/HEM1516/Leptoquarks/analyzer/rootNtupleAnalyzerV2/src/baseClass.C - Line 377 - readInputList: gen weight sum (current,total): = 3.97219e+08+/-348532, 1.15456e+10+/-1.87911e+06
/afs/cern.ch/user/r/ryi/HEM1516/Leptoquarks/analyzer/rootNtupleAnalyzerV2/src/baseClass.C - Line 382 - readInputList: sign only gen weight sum (current,total): = 1.04649e+07+/-3248.08, 2.64375e+08+/-16325.7
/afs/cern.ch/user/r/ryi/HEM1516/Leptoquarks/analyzer/rootNtupleAnalyzerV2/src/baseClass.C - Line 2205 - saveLHEPdfSumw: saveLHEPdfSumw
/afs/cern.ch/user/r/ryi/HEM1516/Leptoquarks/analyzer/rootNtupleAnalyzerV2/src/baseClass.C - Line 2235 - saveEventsPassingCuts: saveEventsPassingCuts
/afs/cern.ch/user/r/ryi/HEM1516/Leptoquarks/analyzer/rootNtupleAnalyzerV2/src/baseClass.C - Line 2052 - getGlobalInfoNstart: root://eoscms.cern.ch//eos/cms/store/group/phys_exotica/leptonsPlusJets/LQ/scooper/ultralegacy/skims/2018/rskDoubleEle_heep_18aug23/TTToSemiLeptonic_TuneCP5_13TeV-powheg-pythia8/TTToSemiLeptonic_TuneCP5_13TeV-powheg-pythia8_29_rsk.root
/afs/cern.ch/user/r/ryi/HEM1516/Leptoquarks/analyzer/rootNtupleAnalyzerV2/src/baseClass.C - Line 372 - readInputList: Initial number of events (current file,runningTotal): NBeforeSkim, NBeforeSkim_ = 10560000, 277088000
/afs/cern.ch/user/r/ryi/HEM1516/Leptoquarks/analyzer/rootNtupleAnalyzerV2/src/baseClass.C - Line 377 - readInputList: gen weight sum (current,total): = 3.97149e+08+/-348532, 1.19428e+10+/-1.91116e+06
/afs/cern.ch/user/r/ryi/HEM1516/Leptoquarks/analyzer/rootNtupleAnalyzerV2/src/baseClass.C - Line 382 - readInputList: sign only gen weight sum (current,total): = 1.04742e+07+/-3249.62, 2.74849e+08+/-16646
/afs/cern.ch/user/r/ryi/HEM1516/Leptoquarks/analyzer/rootNtupleAnalyzerV2/src/baseClass.C - Line 2205 - saveLHEPdfSumw: saveLHEPdfSumw
/afs/cern.ch/user/r/ryi/HEM1516/Leptoquarks/analyzer/rootNtupleAnalyzerV2/src/baseClass.C - Line 2235 - saveEventsPassingCuts: saveEventsPassingCuts
/afs/cern.ch/user/r/ryi/HEM1516/Leptoquarks/analyzer/rootNtupleAnalyzerV2/src/baseClass.C - Line 2052 - getGlobalInfoNstart: root://eoscms.cern.ch//eos/cms/store/group/phys_exotica/leptonsPlusJets/LQ/scooper/ultralegacy/skims/2018/rskDoubleEle_heep_18aug23/TTToSemiLeptonic_TuneCP5_13TeV-powheg-pythia8/TTToSemiLeptonic_TuneCP5_13TeV-powheg-pythia8_30_rsk.root
/afs/cern.ch/user/r/ryi/HEM1516/Leptoquarks/analyzer/rootNtupleAnalyzerV2/src/baseClass.C - Line 372 - readInputList: Initial number of events (current file,runningTotal): NBeforeSkim, NBeforeSkim_ = 10560000, 287648000
/afs/cern.ch/user/r/ryi/HEM1516/Leptoquarks/analyzer/rootNtupleAnalyzerV2/src/baseClass.C - Line 377 - readInputList: gen weight sum (current,total): = 3.97173e+08+/-348532, 1.234e+10+/-1.94268e+06
/afs/cern.ch/user/r/ryi/HEM1516/Leptoquarks/analyzer/rootNtupleAnalyzerV2/src/baseClass.C - Line 382 - readInputList: sign only gen weight sum (current,total): = 1.04746e+07+/-3249.62, 2.85324e+08+/-16960.2
/afs/cern.ch/user/r/ryi/HEM1516/Leptoquarks/analyzer/rootNtupleAnalyzerV2/src/baseClass.C - Line 2205 - saveLHEPdfSumw: saveLHEPdfSumw
/afs/cern.ch/user/r/ryi/HEM1516/Leptoquarks/analyzer/rootNtupleAnalyzerV2/src/baseClass.C - Line 2235 - saveEventsPassingCuts: saveEventsPassingCuts
/afs/cern.ch/user/r/ryi/HEM1516/Leptoquarks/analyzer/rootNtupleAnalyzerV2/src/baseClass.C - Line 2052 - getGlobalInfoNstart: root://eoscms.cern.ch//eos/cms/store/group/phys_exotica/leptonsPlusJets/LQ/scooper/ultralegacy/skims/2018/rskDoubleEle_heep_18aug23/TTToSemiLeptonic_TuneCP5_13TeV-powheg-pythia8/TTToSemiLeptonic_TuneCP5_13TeV-powheg-pythia8_31_rsk.root
/afs/cern.ch/user/r/ryi/HEM1516/Leptoquarks/analyzer/rootNtupleAnalyzerV2/src/baseClass.C - Line 372 - readInputList: Initial number of events (current file,runningTotal): NBeforeSkim, NBeforeSkim_ = 10560000, 298208000
/afs/cern.ch/user/r/ryi/HEM1516/Leptoquarks/analyzer/rootNtupleAnalyzerV2/src/baseClass.C - Line 377 - readInputList: gen weight sum (current,total): = 3.97178e+08+/-348532, 1.27371e+10+/-1.97369e+06
/afs/cern.ch/user/r/ryi/HEM1516/Leptoquarks/analyzer/rootNtupleAnalyzerV2/src/baseClass.C - Line 382 - readInputList: sign only gen weight sum (current,total): = 1.04752e+07+/-3249.62, 2.95799e+08+/-17268.7
/afs/cern.ch/user/r/ryi/HEM1516/Leptoquarks/analyzer/rootNtupleAnalyzerV2/src/baseClass.C - Line 2205 - saveLHEPdfSumw: saveLHEPdfSumw
/afs/cern.ch/user/r/ryi/HEM1516/Leptoquarks/analyzer/rootNtupleAnalyzerV2/src/baseClass.C - Line 2235 - saveEventsPassingCuts: saveEventsPassingCuts
/afs/cern.ch/user/r/ryi/HEM1516/Leptoquarks/analyzer/rootNtupleAnalyzerV2/src/baseClass.C - Line 2052 - getGlobalInfoNstart: root://eoscms.cern.ch//eos/cms/store/group/phys_exotica/leptonsPlusJets/LQ/scooper/ultralegacy/skims/2018/rskDoubleEle_heep_18aug23/TTToSemiLeptonic_TuneCP5_13TeV-powheg-pythia8/TTToSemiLeptonic_TuneCP5_13TeV-powheg-pythia8_32_rsk.root
/afs/cern.ch/user/r/ryi/HEM1516/Leptoquarks/analyzer/rootNtupleAnalyzerV2/src/baseClass.C - Line 372 - readInputList: Initial number of events (current file,runningTotal): NBeforeSkim, NBeforeSkim_ = 10560000, 308768000
/afs/cern.ch/user/r/ryi/HEM1516/Leptoquarks/analyzer/rootNtupleAnalyzerV2/src/baseClass.C - Line 377 - readInputList: gen weight sum (current,total): = 3.9717e+08+/-348532, 1.31343e+10+/-2.00423e+06
/afs/cern.ch/user/r/ryi/HEM1516/Leptoquarks/analyzer/rootNtupleAnalyzerV2/src/baseClass.C - Line 382 - readInputList: sign only gen weight sum (current,total): = 1.04749e+07+/-3249.62, 3.06274e+08+/-17571.8
/afs/cern.ch/user/r/ryi/HEM1516/Leptoquarks/analyzer/rootNtupleAnalyzerV2/src/baseClass.C - Line 2205 - saveLHEPdfSumw: saveLHEPdfSumw
/afs/cern.ch/user/r/ryi/HEM1516/Leptoquarks/analyzer/rootNtupleAnalyzerV2/src/baseClass.C - Line 2235 - saveEventsPassingCuts: saveEventsPassingCuts
/afs/cern.ch/user/r/ryi/HEM1516/Leptoquarks/analyzer/rootNtupleAnalyzerV2/src/baseClass.C - Line 2052 - getGlobalInfoNstart: root://eoscms.cern.ch//eos/cms/store/group/phys_exotica/leptonsPlusJets/LQ/scooper/ultralegacy/skims/2018/rskDoubleEle_heep_18aug23/TTToSemiLeptonic_TuneCP5_13TeV-powheg-pythia8/TTToSemiLeptonic_TuneCP5_13TeV-powheg-pythia8_33_rsk.root
/afs/cern.ch/user/r/ryi/HEM1516/Leptoquarks/analyzer/rootNtupleAnalyzerV2/src/baseClass.C - Line 372 - readInputList: Initial number of events (current file,runningTotal): NBeforeSkim, NBeforeSkim_ = 10560000, 319328000
/afs/cern.ch/user/r/ryi/HEM1516/Leptoquarks/analyzer/rootNtupleAnalyzerV2/src/baseClass.C - Line 377 - readInputList: gen weight sum (current,total): = 3.97217e+08+/-348532, 1.35315e+10+/-2.03431e+06
/afs/cern.ch/user/r/ryi/HEM1516/Leptoquarks/analyzer/rootNtupleAnalyzerV2/src/baseClass.C - Line 382 - readInputList: sign only gen weight sum (current,total): = 1.04751e+07+/-3249.62, 3.16749e+08+/-17869.8
/afs/cern.ch/user/r/ryi/HEM1516/Leptoquarks/analyzer/rootNtupleAnalyzerV2/src/baseClass.C - Line 2205 - saveLHEPdfSumw: saveLHEPdfSumw
/afs/cern.ch/user/r/ryi/HEM1516/Leptoquarks/analyzer/rootNtupleAnalyzerV2/src/baseClass.C - Line 2235 - saveEventsPassingCuts: saveEventsPassingCuts
/afs/cern.ch/user/r/ryi/HEM1516/Leptoquarks/analyzer/rootNtupleAnalyzerV2/src/baseClass.C - Line 2052 - getGlobalInfoNstart: root://eoscms.cern.ch//eos/cms/store/group/phys_exotica/leptonsPlusJets/LQ/scooper/ultralegacy/skims/2018/rskDoubleEle_heep_18aug23/TTToSemiLeptonic_TuneCP5_13TeV-powheg-pythia8/TTToSemiLeptonic_TuneCP5_13TeV-powheg-pythia8_34_rsk.root
/afs/cern.ch/user/r/ryi/HEM1516/Leptoquarks/analyzer/rootNtupleAnalyzerV2/src/baseClass.C - Line 372 - readInputList: Initial number of events (current file,runningTotal): NBeforeSkim, NBeforeSkim_ = 10560000, 329888000
/afs/cern.ch/user/r/ryi/HEM1516/Leptoquarks/analyzer/rootNtupleAnalyzerV2/src/baseClass.C - Line 377 - readInputList: gen weight sum (current,total): = 3.9726e+08+/-348532, 1.39288e+10+/-2.06395e+06
/afs/cern.ch/user/r/ryi/HEM1516/Leptoquarks/analyzer/rootNtupleAnalyzerV2/src/baseClass.C - Line 382 - readInputList: sign only gen weight sum (current,total): = 1.04746e+07+/-3249.62, 3.27223e+08+/-18162.8
/afs/cern.ch/user/r/ryi/HEM1516/Leptoquarks/analyzer/rootNtupleAnalyzerV2/src/baseClass.C - Line 2205 - saveLHEPdfSumw: saveLHEPdfSumw
/afs/cern.ch/user/r/ryi/HEM1516/Leptoquarks/analyzer/rootNtupleAnalyzerV2/src/baseClass.C - Line 2235 - saveEventsPassingCuts: saveEventsPassingCuts
/afs/cern.ch/user/r/ryi/HEM1516/Leptoquarks/analyzer/rootNtupleAnalyzerV2/src/baseClass.C - Line 2052 - getGlobalInfoNstart: root://eoscms.cern.ch//eos/cms/store/group/phys_exotica/leptonsPlusJets/LQ/scooper/ultralegacy/skims/2018/rskDoubleEle_heep_18aug23/TTToSemiLeptonic_TuneCP5_13TeV-powheg-pythia8/TTToSemiLeptonic_TuneCP5_13TeV-powheg-pythia8_35_rsk.root
/afs/cern.ch/user/r/ryi/HEM1516/Leptoquarks/analyzer/rootNtupleAnalyzerV2/src/baseClass.C - Line 372 - readInputList: Initial number of events (current file,runningTotal): NBeforeSkim, NBeforeSkim_ = 10560000, 340448000
/afs/cern.ch/user/r/ryi/HEM1516/Leptoquarks/analyzer/rootNtupleAnalyzerV2/src/baseClass.C - Line 377 - readInputList: gen weight sum (current,total): = 3.97159e+08+/-348532, 1.4326e+10+/-2.09317e+06
/afs/cern.ch/user/r/ryi/HEM1516/Leptoquarks/analyzer/rootNtupleAnalyzerV2/src/baseClass.C - Line 382 - readInputList: sign only gen weight sum (current,total): = 1.04746e+07+/-3249.62, 3.37698e+08+/-18451.2
/afs/cern.ch/user/r/ryi/HEM1516/Leptoquarks/analyzer/rootNtupleAnalyzerV2/src/baseClass.C - Line 2205 - saveLHEPdfSumw: saveLHEPdfSumw
/afs/cern.ch/user/r/ryi/HEM1516/Leptoquarks/analyzer/rootNtupleAnalyzerV2/src/baseClass.C - Line 2235 - saveEventsPassingCuts: saveEventsPassingCuts
/afs/cern.ch/user/r/ryi/HEM1516/Leptoquarks/analyzer/rootNtupleAnalyzerV2/src/baseClass.C - Line 2052 - getGlobalInfoNstart: root://eoscms.cern.ch//eos/cms/store/group/phys_exotica/leptonsPlusJets/LQ/scooper/ultralegacy/skims/2018/rskDoubleEle_heep_18aug23/TTToSemiLeptonic_TuneCP5_13TeV-powheg-pythia8/TTToSemiLeptonic_TuneCP5_13TeV-powheg-pythia8_36_rsk.root
/afs/cern.ch/user/r/ryi/HEM1516/Leptoquarks/analyzer/rootNtupleAnalyzerV2/src/baseClass.C - Line 372 - readInputList: Initial number of events (current file,runningTotal): NBeforeSkim, NBeforeSkim_ = 10560000, 351008000
/afs/cern.ch/user/r/ryi/HEM1516/Leptoquarks/analyzer/rootNtupleAnalyzerV2/src/baseClass.C - Line 377 - readInputList: gen weight sum (current,total): = 3.97261e+08+/-348532, 1.47232e+10+/-2.12199e+06
/afs/cern.ch/user/r/ryi/HEM1516/Leptoquarks/analyzer/rootNtupleAnalyzerV2/src/baseClass.C - Line 382 - readInputList: sign only gen weight sum (current,total): = 1.04751e+07+/-3249.62, 3.48173e+08+/-18735.2
/afs/cern.ch/user/r/ryi/HEM1516/Leptoquarks/analyzer/rootNtupleAnalyzerV2/src/baseClass.C - Line 2205 - saveLHEPdfSumw: saveLHEPdfSumw
/afs/cern.ch/user/r/ryi/HEM1516/Leptoquarks/analyzer/rootNtupleAnalyzerV2/src/baseClass.C - Line 2235 - saveEventsPassingCuts: saveEventsPassingCuts
/afs/cern.ch/user/r/ryi/HEM1516/Leptoquarks/analyzer/rootNtupleAnalyzerV2/src/baseClass.C - Line 2052 - getGlobalInfoNstart: root://eoscms.cern.ch//eos/cms/store/group/phys_exotica/leptonsPlusJets/LQ/scooper/ultralegacy/skims/2018/rskDoubleEle_heep_18aug23/TTToSemiLeptonic_TuneCP5_13TeV-powheg-pythia8/TTToSemiLeptonic_TuneCP5_13TeV-powheg-pythia8_37_rsk.root
/afs/cern.ch/user/r/ryi/HEM1516/Leptoquarks/analyzer/rootNtupleAnalyzerV2/src/baseClass.C - Line 372 - readInputList: Initial number of events (current file,runningTotal): NBeforeSkim, NBeforeSkim_ = 10560000, 361568000
/afs/cern.ch/user/r/ryi/HEM1516/Leptoquarks/analyzer/rootNtupleAnalyzerV2/src/baseClass.C - Line 377 - readInputList: gen weight sum (current,total): = 3.9719e+08+/-348532, 1.51204e+10+/-2.15042e+06
/afs/cern.ch/user/r/ryi/HEM1516/Leptoquarks/analyzer/rootNtupleAnalyzerV2/src/baseClass.C - Line 382 - readInputList: sign only gen weight sum (current,total): = 1.0475e+07+/-3249.62, 3.58648e+08+/-19014.9
/afs/cern.ch/user/r/ryi/HEM1516/Leptoquarks/analyzer/rootNtupleAnalyzerV2/src/baseClass.C - Line 2205 - saveLHEPdfSumw: saveLHEPdfSumw
/afs/cern.ch/user/r/ryi/HEM1516/Leptoquarks/analyzer/rootNtupleAnalyzerV2/src/baseClass.C - Line 2235 - saveEventsPassingCuts: saveEventsPassingCuts
/afs/cern.ch/user/r/ryi/HEM1516/Leptoquarks/analyzer/rootNtupleAnalyzerV2/src/baseClass.C - Line 2052 - getGlobalInfoNstart: root://eoscms.cern.ch//eos/cms/store/group/phys_exotica/leptonsPlusJets/LQ/scooper/ultralegacy/skims/2018/rskDoubleEle_heep_18aug23/TTToSemiLeptonic_TuneCP5_13TeV-powheg-pythia8/TTToSemiLeptonic_TuneCP5_13TeV-powheg-pythia8_38_rsk.root
/afs/cern.ch/user/r/ryi/HEM1516/Leptoquarks/analyzer/rootNtupleAnalyzerV2/src/baseClass.C - Line 372 - readInputList: Initial number of events (current file,runningTotal): NBeforeSkim, NBeforeSkim_ = 10560000, 372128000
/afs/cern.ch/user/r/ryi/HEM1516/Leptoquarks/analyzer/rootNtupleAnalyzerV2/src/baseClass.C - Line 377 - readInputList: gen weight sum (current,total): = 3.9723e+08+/-348532, 1.55176e+10+/-2.17848e+06
/afs/cern.ch/user/r/ryi/HEM1516/Leptoquarks/analyzer/rootNtupleAnalyzerV2/src/baseClass.C - Line 382 - readInputList: sign only gen weight sum (current,total): = 1.04744e+07+/-3249.62, 3.69123e+08+/-19290.6
/afs/cern.ch/user/r/ryi/HEM1516/Leptoquarks/analyzer/rootNtupleAnalyzerV2/src/baseClass.C - Line 2205 - saveLHEPdfSumw: saveLHEPdfSumw
/afs/cern.ch/user/r/ryi/HEM1516/Leptoquarks/analyzer/rootNtupleAnalyzerV2/src/baseClass.C - Line 2235 - saveEventsPassingCuts: saveEventsPassingCuts
/afs/cern.ch/user/r/ryi/HEM1516/Leptoquarks/analyzer/rootNtupleAnalyzerV2/src/baseClass.C - Line 2052 - getGlobalInfoNstart: root://eoscms.cern.ch//eos/cms/store/group/phys_exotica/leptonsPlusJets/LQ/scooper/ultralegacy/skims/2018/rskDoubleEle_heep_18aug23/TTToSemiLeptonic_TuneCP5_13TeV-powheg-pythia8/TTToSemiLeptonic_TuneCP5_13TeV-powheg-pythia8_39_rsk.root
/afs/cern.ch/user/r/ryi/HEM1516/Leptoquarks/analyzer/rootNtupleAnalyzerV2/src/baseClass.C - Line 372 - readInputList: Initial number of events (current file,runningTotal): NBeforeSkim, NBeforeSkim_ = 10560000, 382688000
/afs/cern.ch/user/r/ryi/HEM1516/Leptoquarks/analyzer/rootNtupleAnalyzerV2/src/baseClass.C - Line 377 - readInputList: gen weight sum (current,total): = 3.97193e+08+/-348532, 1.59148e+10+/-2.20619e+06
/afs/cern.ch/user/r/ryi/HEM1516/Leptoquarks/analyzer/rootNtupleAnalyzerV2/src/baseClass.C - Line 382 - readInputList: sign only gen weight sum (current,total): = 1.04745e+07+/-3249.62, 3.79597e+08+/-19562.4
/afs/cern.ch/user/r/ryi/HEM1516/Leptoquarks/analyzer/rootNtupleAnalyzerV2/src/baseClass.C - Line 2205 - saveLHEPdfSumw: saveLHEPdfSumw
/afs/cern.ch/user/r/ryi/HEM1516/Leptoquarks/analyzer/rootNtupleAnalyzerV2/src/baseClass.C - Line 2235 - saveEventsPassingCuts: saveEventsPassingCuts
/afs/cern.ch/user/r/ryi/HEM1516/Leptoquarks/analyzer/rootNtupleAnalyzerV2/src/baseClass.C - Line 2052 - getGlobalInfoNstart: root://eoscms.cern.ch//eos/cms/store/group/phys_exotica/leptonsPlusJets/LQ/scooper/ultralegacy/skims/2018/rskDoubleEle_heep_18aug23/TTToSemiLeptonic_TuneCP5_13TeV-powheg-pythia8/TTToSemiLeptonic_TuneCP5_13TeV-powheg-pythia8_40_rsk.root
/afs/cern.ch/user/r/ryi/HEM1516/Leptoquarks/analyzer/rootNtupleAnalyzerV2/src/baseClass.C - Line 372 - readInputList: Initial number of events (current file,runningTotal): NBeforeSkim, NBeforeSkim_ = 10560000, 393248000
/afs/cern.ch/user/r/ryi/HEM1516/Leptoquarks/analyzer/rootNtupleAnalyzerV2/src/baseClass.C - Line 377 - readInputList: gen weight sum (current,total): = 3.97145e+08+/-348532, 1.6312e+10+/-2.23355e+06
/afs/cern.ch/user/r/ryi/HEM1516/Leptoquarks/analyzer/rootNtupleAnalyzerV2/src/baseClass.C - Line 382 - readInputList: sign only gen weight sum (current,total): = 1.04743e+07+/-3249.62, 3.90071e+08+/-19830.5
/afs/cern.ch/user/r/ryi/HEM1516/Leptoquarks/analyzer/rootNtupleAnalyzerV2/src/baseClass.C - Line 2205 - saveLHEPdfSumw: saveLHEPdfSumw
/afs/cern.ch/user/r/ryi/HEM1516/Leptoquarks/analyzer/rootNtupleAnalyzerV2/src/baseClass.C - Line 2235 - saveEventsPassingCuts: saveEventsPassingCuts
/afs/cern.ch/user/r/ryi/HEM1516/Leptoquarks/analyzer/rootNtupleAnalyzerV2/src/baseClass.C - Line 2052 - getGlobalInfoNstart: root://eoscms.cern.ch//eos/cms/store/group/phys_exotica/leptonsPlusJets/LQ/scooper/ultralegacy/skims/2018/rskDoubleEle_heep_18aug23/TTToSemiLeptonic_TuneCP5_13TeV-powheg-pythia8/TTToSemiLeptonic_TuneCP5_13TeV-powheg-pythia8_41_rsk.root
/afs/cern.ch/user/r/ryi/HEM1516/Leptoquarks/analyzer/rootNtupleAnalyzerV2/src/baseClass.C - Line 372 - readInputList: Initial number of events (current file,runningTotal): NBeforeSkim, NBeforeSkim_ = 10560000, 403808000
/afs/cern.ch/user/r/ryi/HEM1516/Leptoquarks/analyzer/rootNtupleAnalyzerV2/src/baseClass.C - Line 377 - readInputList: gen weight sum (current,total): = 3.9713e+08+/-348532, 1.67091e+10+/-2.26058e+06
/afs/cern.ch/user/r/ryi/HEM1516/Leptoquarks/analyzer/rootNtupleAnalyzerV2/src/baseClass.C - Line 382 - readInputList: sign only gen weight sum (current,total): = 1.04736e+07+/-3249.62, 4.00545e+08+/-20095
/afs/cern.ch/user/r/ryi/HEM1516/Leptoquarks/analyzer/rootNtupleAnalyzerV2/src/baseClass.C - Line 2205 - saveLHEPdfSumw: saveLHEPdfSumw
/afs/cern.ch/user/r/ryi/HEM1516/Leptoquarks/analyzer/rootNtupleAnalyzerV2/src/baseClass.C - Line 2235 - saveEventsPassingCuts: saveEventsPassingCuts
/afs/cern.ch/user/r/ryi/HEM1516/Leptoquarks/analyzer/rootNtupleAnalyzerV2/src/baseClass.C - Line 2052 - getGlobalInfoNstart: root://eoscms.cern.ch//eos/cms/store/group/phys_exotica/leptonsPlusJets/LQ/scooper/ultralegacy/skims/2018/rskDoubleEle_heep_18aug23/TTToSemiLeptonic_TuneCP5_13TeV-powheg-pythia8/TTToSemiLeptonic_TuneCP5_13TeV-powheg-pythia8_42_rsk.root
/afs/cern.ch/user/r/ryi/HEM1516/Leptoquarks/analyzer/rootNtupleAnalyzerV2/src/baseClass.C - Line 372 - readInputList: Initial number of events (current file,runningTotal): NBeforeSkim, NBeforeSkim_ = 10560000, 414368000
/afs/cern.ch/user/r/ryi/HEM1516/Leptoquarks/analyzer/rootNtupleAnalyzerV2/src/baseClass.C - Line 377 - readInputList: gen weight sum (current,total): = 3.97239e+08+/-348532, 1.71063e+10+/-2.28729e+06
/afs/cern.ch/user/r/ryi/HEM1516/Leptoquarks/analyzer/rootNtupleAnalyzerV2/src/baseClass.C - Line 382 - readInputList: sign only gen weight sum (current,total): = 1.04739e+07+/-3249.62, 4.11019e+08+/-20356
/afs/cern.ch/user/r/ryi/HEM1516/Leptoquarks/analyzer/rootNtupleAnalyzerV2/src/baseClass.C - Line 2205 - saveLHEPdfSumw: saveLHEPdfSumw
/afs/cern.ch/user/r/ryi/HEM1516/Leptoquarks/analyzer/rootNtupleAnalyzerV2/src/baseClass.C - Line 2235 - saveEventsPassingCuts: saveEventsPassingCuts
/afs/cern.ch/user/r/ryi/HEM1516/Leptoquarks/analyzer/rootNtupleAnalyzerV2/src/baseClass.C - Line 2052 - getGlobalInfoNstart: root://eoscms.cern.ch//eos/cms/store/group/phys_exotica/leptonsPlusJets/LQ/scooper/ultralegacy/skims/2018/rskDoubleEle_heep_18aug23/TTToSemiLeptonic_TuneCP5_13TeV-powheg-pythia8/TTToSemiLeptonic_TuneCP5_13TeV-powheg-pythia8_43_rsk.root
/afs/cern.ch/user/r/ryi/HEM1516/Leptoquarks/analyzer/rootNtupleAnalyzerV2/src/baseClass.C - Line 372 - readInputList: Initial number of events (current file,runningTotal): NBeforeSkim, NBeforeSkim_ = 10560000, 424928000
/afs/cern.ch/user/r/ryi/HEM1516/Leptoquarks/analyzer/rootNtupleAnalyzerV2/src/baseClass.C - Line 377 - readInputList: gen weight sum (current,total): = 3.97255e+08+/-348532, 1.75036e+10+/-2.31369e+06
/afs/cern.ch/user/r/ryi/HEM1516/Leptoquarks/analyzer/rootNtupleAnalyzerV2/src/baseClass.C - Line 382 - readInputList: sign only gen weight sum (current,total): = 1.04748e+07+/-3249.62, 4.21494e+08+/-20613.8
/afs/cern.ch/user/r/ryi/HEM1516/Leptoquarks/analyzer/rootNtupleAnalyzerV2/src/baseClass.C - Line 2205 - saveLHEPdfSumw: saveLHEPdfSumw
/afs/cern.ch/user/r/ryi/HEM1516/Leptoquarks/analyzer/rootNtupleAnalyzerV2/src/baseClass.C - Line 2235 - saveEventsPassingCuts: saveEventsPassingCuts
/afs/cern.ch/user/r/ryi/HEM1516/Leptoquarks/analyzer/rootNtupleAnalyzerV2/src/baseClass.C - Line 2052 - getGlobalInfoNstart: root://eoscms.cern.ch//eos/cms/store/group/phys_exotica/leptonsPlusJets/LQ/scooper/ultralegacy/skims/2018/rskDoubleEle_heep_18aug23/TTToSemiLeptonic_TuneCP5_13TeV-powheg-pythia8/TTToSemiLeptonic_TuneCP5_13TeV-powheg-pythia8_44_rsk.root
/afs/cern.ch/user/r/ryi/HEM1516/Leptoquarks/analyzer/rootNtupleAnalyzerV2/src/baseClass.C - Line 372 - readInputList: Initial number of events (current file,runningTotal): NBeforeSkim, NBeforeSkim_ = 10560000, 435488000
/afs/cern.ch/user/r/ryi/HEM1516/Leptoquarks/analyzer/rootNtupleAnalyzerV2/src/baseClass.C - Line 377 - readInputList: gen weight sum (current,total): = 3.97189e+08+/-348532, 1.79008e+10+/-2.33979e+06
/afs/cern.ch/user/r/ryi/HEM1516/Leptoquarks/analyzer/rootNtupleAnalyzerV2/src/baseClass.C - Line 382 - readInputList: sign only gen weight sum (current,total): = 1.04741e+07+/-3249.62, 4.31968e+08+/-20868.3
/afs/cern.ch/user/r/ryi/HEM1516/Leptoquarks/analyzer/rootNtupleAnalyzerV2/src/baseClass.C - Line 2205 - saveLHEPdfSumw: saveLHEPdfSumw
/afs/cern.ch/user/r/ryi/HEM1516/Leptoquarks/analyzer/rootNtupleAnalyzerV2/src/baseClass.C - Line 2235 - saveEventsPassingCuts: saveEventsPassingCuts
/afs/cern.ch/user/r/ryi/HEM1516/Leptoquarks/analyzer/rootNtupleAnalyzerV2/src/baseClass.C - Line 2052 - getGlobalInfoNstart: root://eoscms.cern.ch//eos/cms/store/group/phys_exotica/leptonsPlusJets/LQ/scooper/ultralegacy/skims/2018/rskDoubleEle_heep_18aug23/TTToSemiLeptonic_TuneCP5_13TeV-powheg-pythia8/TTToSemiLeptonic_TuneCP5_13TeV-powheg-pythia8_45_rsk.root
/afs/cern.ch/user/r/ryi/HEM1516/Leptoquarks/analyzer/rootNtupleAnalyzerV2/src/baseClass.C - Line 372 - readInputList: Initial number of events (current file,runningTotal): NBeforeSkim, NBeforeSkim_ = 10560000, 446048000
/afs/cern.ch/user/r/ryi/HEM1516/Leptoquarks/analyzer/rootNtupleAnalyzerV2/src/baseClass.C - Line 377 - readInputList: gen weight sum (current,total): = 3.97136e+08+/-348532, 1.82979e+10+/-2.36561e+06
/afs/cern.ch/user/r/ryi/HEM1516/Leptoquarks/analyzer/rootNtupleAnalyzerV2/src/baseClass.C - Line 382 - readInputList: sign only gen weight sum (current,total): = 1.04747e+07+/-3249.62, 4.42443e+08+/-21119.8
/afs/cern.ch/user/r/ryi/HEM1516/Leptoquarks/analyzer/rootNtupleAnalyzerV2/src/baseClass.C - Line 2205 - saveLHEPdfSumw: saveLHEPdfSumw
/afs/cern.ch/user/r/ryi/HEM1516/Leptoquarks/analyzer/rootNtupleAnalyzerV2/src/baseClass.C - Line 2235 - saveEventsPassingCuts: saveEventsPassingCuts
/afs/cern.ch/user/r/ryi/HEM1516/Leptoquarks/analyzer/rootNtupleAnalyzerV2/src/baseClass.C - Line 2052 - getGlobalInfoNstart: root://eoscms.cern.ch//eos/cms/store/group/phys_exotica/leptonsPlusJets/LQ/scooper/ultralegacy/skims/2018/rskDoubleEle_heep_18aug23/TTToSemiLeptonic_TuneCP5_13TeV-powheg-pythia8/TTToSemiLeptonic_TuneCP5_13TeV-powheg-pythia8_46_rsk.root
/afs/cern.ch/user/r/ryi/HEM1516/Leptoquarks/analyzer/rootNtupleAnalyzerV2/src/baseClass.C - Line 372 - readInputList: Initial number of events (current file,runningTotal): NBeforeSkim, NBeforeSkim_ = 10560000, 456608000
/afs/cern.ch/user/r/ryi/HEM1516/Leptoquarks/analyzer/rootNtupleAnalyzerV2/src/baseClass.C - Line 377 - readInputList: gen weight sum (current,total): = 3.97201e+08+/-348532, 1.86951e+10+/-2.39115e+06
/afs/cern.ch/user/r/ryi/HEM1516/Leptoquarks/analyzer/rootNtupleAnalyzerV2/src/baseClass.C - Line 382 - readInputList: sign only gen weight sum (current,total): = 1.04752e+07+/-3249.62, 4.52918e+08+/-21368.4
/afs/cern.ch/user/r/ryi/HEM1516/Leptoquarks/analyzer/rootNtupleAnalyzerV2/src/baseClass.C - Line 2205 - saveLHEPdfSumw: saveLHEPdfSumw
/afs/cern.ch/user/r/ryi/HEM1516/Leptoquarks/analyzer/rootNtupleAnalyzerV2/src/baseClass.C - Line 2235 - saveEventsPassingCuts: saveEventsPassingCuts
/afs/cern.ch/user/r/ryi/HEM1516/Leptoquarks/analyzer/rootNtupleAnalyzerV2/src/baseClass.C - Line 2052 - getGlobalInfoNstart: root://eoscms.cern.ch//eos/cms/store/group/phys_exotica/leptonsPlusJets/LQ/scooper/ultralegacy/skims/2018/rskDoubleEle_heep_18aug23/TTToSemiLeptonic_TuneCP5_13TeV-powheg-pythia8/TTToSemiLeptonic_TuneCP5_13TeV-powheg-pythia8_47_rsk.root
/afs/cern.ch/user/r/ryi/HEM1516/Leptoquarks/analyzer/rootNtupleAnalyzerV2/src/baseClass.C - Line 372 - readInputList: Initial number of events (current file,runningTotal): NBeforeSkim, NBeforeSkim_ = 10560000, 467168000
/afs/cern.ch/user/r/ryi/HEM1516/Leptoquarks/analyzer/rootNtupleAnalyzerV2/src/baseClass.C - Line 377 - readInputList: gen weight sum (current,total): = 3.97208e+08+/-348532, 1.90923e+10+/-2.41641e+06
/afs/cern.ch/user/r/ryi/HEM1516/Leptoquarks/analyzer/rootNtupleAnalyzerV2/src/baseClass.C - Line 382 - readInputList: sign only gen weight sum (current,total): = 1.04751e+07+/-3249.62, 4.63393e+08+/-21614.1
/afs/cern.ch/user/r/ryi/HEM1516/Leptoquarks/analyzer/rootNtupleAnalyzerV2/src/baseClass.C - Line 2205 - saveLHEPdfSumw: saveLHEPdfSumw
/afs/cern.ch/user/r/ryi/HEM1516/Leptoquarks/analyzer/rootNtupleAnalyzerV2/src/baseClass.C - Line 2235 - saveEventsPassingCuts: saveEventsPassingCuts
/afs/cern.ch/user/r/ryi/HEM1516/Leptoquarks/analyzer/rootNtupleAnalyzerV2/src/baseClass.C - Line 2052 - getGlobalInfoNstart: root://eoscms.cern.ch//eos/cms/store/group/phys_exotica/leptonsPlusJets/LQ/scooper/ultralegacy/skims/2018/rskDoubleEle_heep_18aug23/TTToSemiLeptonic_TuneCP5_13TeV-powheg-pythia8/TTToSemiLeptonic_TuneCP5_13TeV-powheg-pythia8_48_rsk.root
/afs/cern.ch/user/r/ryi/HEM1516/Leptoquarks/analyzer/rootNtupleAnalyzerV2/src/baseClass.C - Line 372 - readInputList: Initial number of events (current file,runningTotal): NBeforeSkim, NBeforeSkim_ = 9240000, 476408000
/afs/cern.ch/user/r/ryi/HEM1516/Leptoquarks/analyzer/rootNtupleAnalyzerV2/src/baseClass.C - Line 377 - readInputList: gen weight sum (current,total): = 3.97093e+08+/-348532, 1.94894e+10+/-2.44142e+06
/afs/cern.ch/user/r/ryi/HEM1516/Leptoquarks/analyzer/rootNtupleAnalyzerV2/src/baseClass.C - Line 382 - readInputList: sign only gen weight sum (current,total): = 9.16476e+06+/-3039.74, 4.72558e+08+/-21826.8
/afs/cern.ch/user/r/ryi/HEM1516/Leptoquarks/analyzer/rootNtupleAnalyzerV2/src/baseClass.C - Line 2205 - saveLHEPdfSumw: saveLHEPdfSumw
/afs/cern.ch/user/r/ryi/HEM1516/Leptoquarks/analyzer/rootNtupleAnalyzerV2/src/baseClass.C - Line 2235 - saveEventsPassingCuts: saveEventsPassingCuts
/afs/cern.ch/user/r/ryi/HEM1516/Leptoquarks/analyzer/rootNtupleAnalyzerV2/src/baseClass.C - Line 405 - readCutFile: Reading cutFile_ = cutTable_lq_eejj_ele1_eta_in_phi_out.txt
/afs/cern.ch/user/r/ryi/HEM1516/Leptoquarks/analyzer/rootNtupleAnalyzerV2/src/baseClass.C - Line 438 - readCutFile: Getting JSON file: certifiedGolden_11mar2020_2016_2017_2018.json
/afs/cern.ch/user/r/ryi/HEM1516/Leptoquarks/analyzer/rootNtupleAnalyzerV2/src/baseClass.C - Line 688 - readCutFile: baseClass::readCutFile: Finished reading cutFile: cutTable_lq_eejj_ele1_eta_in_phi_out.txt
/afs/cern.ch/user/r/ryi/HEM1516/Leptoquarks/analyzer/rootNtupleAnalyzerV2/src/baseClass.C - Line 2562 - getSkimPreCutValue: getSkimPreCutValue: (produceSkim): INFO -- found the precut string in the map with value: 1
/afs/cern.ch/user/r/ryi/HEM1516/Leptoquarks/analyzer/rootNtupleAnalyzerV2/src/baseClass.C - Line 2557 - getSkimPreCutValue: getSkimPreCutValue: (produceReducedSkim): INFO -- did not find the precut string in the map!
/afs/cern.ch/user/r/ryi/HEM1516/Leptoquarks/analyzer/rootNtupleAnalyzerV2/src/baseClass.C - Line 749 - readCutFile: INFO: found pre-existing EventsPassingSkimCuts profile.
/afs/cern.ch/user/r/ryi/HEM1516/Leptoquarks/analyzer/rootNtupleAnalyzerV2/src/baseClass.C - Line 754 - readCutFile: INFO: doing skim -- updating pre-existing EventsPassingSkimCuts profile.
/afs/cern.ch/user/r/ryi/HEM1516/Leptoquarks/analyzer/rootNtupleAnalyzerV2/src/baseClass.C - Line 48 - baseClass: ends
analysisClass::Loop() begins
analysisClass::analysisClass(): nentries = 41445
analysisClass:Loop(): jentry = 0/41445
analysisClass:Loop(): jentry = 1/41445
analysisClass:Loop(): jentry = 2/41445
analysisClass:Loop(): jentry = 3/41445
analysisClass:Loop(): jentry = 4/41445
analysisClass:Loop(): jentry = 5/41445
analysisClass:Loop(): jentry = 6/41445
analysisClass:Loop(): jentry = 7/41445
analysisClass:Loop(): jentry = 8/41445
analysisClass:Loop(): jentry = 9/41445
analysisClass:Loop(): jentry = 10000/41445
analysisClass:Loop(): jentry = 20000/41445
analysisClass:Loop(): jentry = 30000/41445
analysisClass:Loop(): jentry = 40000/41445
analysisClass::Loop() ends
analysisClass_lq_eejj___TTToSemiLeptonic_TuneCP5_13TeV-powheg-pythia8_0.root -> /afs/cern.ch/user/r/ryi/HEM1516/Leptoquarks/analyzer/rootNtupleAnalyzerV2/HEM1516study_Ele1_EtaInPhiOutHEM1516_UL/ultralegacy/analysis/2018/HEM1516study_Ele1_EtaInPhiOutHEM1516_UL/condor_cutTable_lq_eejj_ele1_eta_in_phi_out/analysisClass_lq_eejj___TTToSemiLeptonic_TuneCP5_13TeV-powheg-pythia8/output/analysisClass_lq_eejj___TTToSemiLeptonic_TuneCP5_13TeV-powheg-pythia8_0.root
removed analysisClass_lq_eejj___TTToSemiLeptonic_TuneCP5_13TeV-powheg-pythia8_0.root
analysisClass_lq_eejj___TTToSemiLeptonic_TuneCP5_13TeV-powheg-pythia8_0.dat -> /afs/cern.ch/user/r/ryi/HEM1516/Leptoquarks/analyzer/rootNtupleAnalyzerV2/HEM1516study_Ele1_EtaInPhiOutHEM1516_UL/ultralegacy/analysis/2018/HEM1516study_Ele1_EtaInPhiOutHEM1516_UL/condor_cutTable_lq_eejj_ele1_eta_in_phi_out/analysisClass_lq_eejj___TTToSemiLeptonic_TuneCP5_13TeV-powheg-pythia8/output/analysisClass_lq_eejj___TTToSemiLeptonic_TuneCP5_13TeV-powheg-pythia8_0.dat
removed analysisClass_lq_eejj___TTToSemiLeptonic_TuneCP5_13TeV-powheg-pythia8_0.dat
