/afs/cern.ch/user/r/ryi/HEM1516/Leptoquarks/analyzer/rootNtupleAnalyzerV2/src/baseClass.C - Line 30 - baseClass: begins
/afs/cern.ch/user/r/ryi/HEM1516/Leptoquarks/analyzer/rootNtupleAnalyzerV2/src/baseClass.C - Line 345 - readInputList: baseClass::readinputList(): inputList_ =  input_0.list
/afs/cern.ch/user/r/ryi/HEM1516/Leptoquarks/analyzer/rootNtupleAnalyzerV2/src/baseClass.C - Line 349 - readInputList: baseClass::readInputList: Starting reading list: input_0.list
/afs/cern.ch/user/r/ryi/HEM1516/Leptoquarks/analyzer/rootNtupleAnalyzerV2/src/baseClass.C - Line 365 - readInputList: baseClass::readInputList: Finished reading list: input_0.list
/afs/cern.ch/user/r/ryi/HEM1516/Leptoquarks/analyzer/rootNtupleAnalyzerV2/src/baseClass.C - Line 2052 - getGlobalInfoNstart: root://eoscms.cern.ch//eos/cms/store/group/phys_exotica/leptonsPlusJets/LQ/scooper/ultralegacy/skims/2018/rskDoubleEle_heep_18aug23/DYJetsToEE_M-700to800_H2ErratumFix_TuneCP5_13TeV-powhegMiNNLO-pythia8-photos/DYJetsToEE_M-700to800_H2ErratumFix_TuneCP5_13TeV-powhegMiNNLO-pythia8-photos_0_rsk.root
/afs/cern.ch/user/r/ryi/HEM1516/Leptoquarks/analyzer/rootNtupleAnalyzerV2/src/baseClass.C - Line 372 - readInputList: Initial number of events (current file,runningTotal): NBeforeSkim, NBeforeSkim_ = 267904, 267904
/afs/cern.ch/user/r/ryi/HEM1516/Leptoquarks/analyzer/rootNtupleAnalyzerV2/src/baseClass.C - Line 377 - readInputList: gen weight sum (current,total): = 3540.55+/-7.81152, 3540.55+/-7.81152
/afs/cern.ch/user/r/ryi/HEM1516/Leptoquarks/analyzer/rootNtupleAnalyzerV2/src/baseClass.C - Line 382 - readInputList: sign only gen weight sum (current,total): = 238014+/-517.594, 238014+/-517.594
/afs/cern.ch/user/r/ryi/HEM1516/Leptoquarks/analyzer/rootNtupleAnalyzerV2/src/baseClass.C - Line 2205 - saveLHEPdfSumw: saveLHEPdfSumw
/afs/cern.ch/user/r/ryi/HEM1516/Leptoquarks/analyzer/rootNtupleAnalyzerV2/src/baseClass.C - Line 2235 - saveEventsPassingCuts: saveEventsPassingCuts
/afs/cern.ch/user/r/ryi/HEM1516/Leptoquarks/analyzer/rootNtupleAnalyzerV2/src/baseClass.C - Line 2052 - getGlobalInfoNstart: root://eoscms.cern.ch//eos/cms/store/group/phys_exotica/leptonsPlusJets/LQ/scooper/ultralegacy/skims/2018/rskDoubleEle_heep_18aug23/DYJetsToEE_M-700to800_H2ErratumFix_TuneCP5_13TeV-powhegMiNNLO-pythia8-photos/DYJetsToEE_M-700to800_H2ErratumFix_TuneCP5_13TeV-powhegMiNNLO-pythia8-photos_1_rsk.root
/afs/cern.ch/user/r/ryi/HEM1516/Leptoquarks/analyzer/rootNtupleAnalyzerV2/src/baseClass.C - Line 372 - readInputList: Initial number of events (current file,runningTotal): NBeforeSkim, NBeforeSkim_ = 29520, 297424
/afs/cern.ch/user/r/ryi/HEM1516/Leptoquarks/analyzer/rootNtupleAnalyzerV2/src/baseClass.C - Line 377 - readInputList: gen weight sum (current,total): = 390.942+/-2.56108, 3931.49+/-8.22065
/afs/cern.ch/user/r/ryi/HEM1516/Leptoquarks/analyzer/rootNtupleAnalyzerV2/src/baseClass.C - Line 382 - readInputList: sign only gen weight sum (current,total): = 26270+/-171.814, 264284+/-545.366
/afs/cern.ch/user/r/ryi/HEM1516/Leptoquarks/analyzer/rootNtupleAnalyzerV2/src/baseClass.C - Line 2205 - saveLHEPdfSumw: saveLHEPdfSumw
/afs/cern.ch/user/r/ryi/HEM1516/Leptoquarks/analyzer/rootNtupleAnalyzerV2/src/baseClass.C - Line 2235 - saveEventsPassingCuts: saveEventsPassingCuts
/afs/cern.ch/user/r/ryi/HEM1516/Leptoquarks/analyzer/rootNtupleAnalyzerV2/src/baseClass.C - Line 405 - readCutFile: Reading cutFile_ = cutTable_lq_eejj_ele1_both_in.txt
/afs/cern.ch/user/r/ryi/HEM1516/Leptoquarks/analyzer/rootNtupleAnalyzerV2/src/baseClass.C - Line 438 - readCutFile: Getting JSON file: certifiedGolden_11mar2020_2016_2017_2018.json
/afs/cern.ch/user/r/ryi/HEM1516/Leptoquarks/analyzer/rootNtupleAnalyzerV2/src/baseClass.C - Line 688 - readCutFile: baseClass::readCutFile: Finished reading cutFile: cutTable_lq_eejj_ele1_both_in.txt
/afs/cern.ch/user/r/ryi/HEM1516/Leptoquarks/analyzer/rootNtupleAnalyzerV2/src/baseClass.C - Line 2562 - getSkimPreCutValue: getSkimPreCutValue: (produceSkim): INFO -- found the precut string in the map with value: 1
/afs/cern.ch/user/r/ryi/HEM1516/Leptoquarks/analyzer/rootNtupleAnalyzerV2/src/baseClass.C - Line 2557 - getSkimPreCutValue: getSkimPreCutValue: (produceReducedSkim): INFO -- did not find the precut string in the map!
/afs/cern.ch/user/r/ryi/HEM1516/Leptoquarks/analyzer/rootNtupleAnalyzerV2/src/baseClass.C - Line 749 - readCutFile: INFO: found pre-existing EventsPassingSkimCuts profile.
/afs/cern.ch/user/r/ryi/HEM1516/Leptoquarks/analyzer/rootNtupleAnalyzerV2/src/baseClass.C - Line 754 - readCutFile: INFO: doing skim -- updating pre-existing EventsPassingSkimCuts profile.
/afs/cern.ch/user/r/ryi/HEM1516/Leptoquarks/analyzer/rootNtupleAnalyzerV2/src/baseClass.C - Line 48 - baseClass: ends
analysisClass::Loop() begins
analysisClass::analysisClass(): nentries = 164269
analysisClass:Loop(): jentry = 0/164269
analysisClass:Loop(): jentry = 1/164269
analysisClass:Loop(): jentry = 2/164269
analysisClass:Loop(): jentry = 3/164269
analysisClass:Loop(): jentry = 4/164269
analysisClass:Loop(): jentry = 5/164269
analysisClass:Loop(): jentry = 6/164269
analysisClass:Loop(): jentry = 7/164269
analysisClass:Loop(): jentry = 8/164269
analysisClass:Loop(): jentry = 9/164269
analysisClass:Loop(): jentry = 10000/164269
analysisClass:Loop(): jentry = 20000/164269
analysisClass:Loop(): jentry = 30000/164269
analysisClass:Loop(): jentry = 40000/164269
analysisClass:Loop(): jentry = 50000/164269
analysisClass:Loop(): jentry = 60000/164269
analysisClass:Loop(): jentry = 70000/164269
analysisClass:Loop(): jentry = 80000/164269
analysisClass:Loop(): jentry = 90000/164269
analysisClass:Loop(): jentry = 100000/164269
analysisClass:Loop(): jentry = 110000/164269
analysisClass:Loop(): jentry = 120000/164269
analysisClass:Loop(): jentry = 130000/164269
analysisClass:Loop(): jentry = 140000/164269
analysisClass:Loop(): jentry = 150000/164269
analysisClass:Loop(): jentry = 160000/164269
analysisClass::Loop() ends
‘analysisClass_lq_eejj___DYJetsToEE_M-700to800_H2ErratumFix_TuneCP5_13TeV-powhegMiNNLO-pythia8-photos_0.root’ -> ‘/afs/cern.ch/user/r/ryi/HEM1516/Leptoquarks/analyzer/rootNtupleAnalyzerV2/HEM1516study_Ele1_BothInHEM1516_UL/ultralegacy/analysis/2018/HEM1516study_Ele1_BothInHEM1516_UL/condor_cutTable_lq_eejj_ele1_both_in/analysisClass_lq_eejj___DYJetsToEE_M-700to800_H2ErratumFix_TuneCP5_13TeV-powhegMiNNLO-pythia8-photos/output/analysisClass_lq_eejj___DYJetsToEE_M-700to800_H2ErratumFix_TuneCP5_13TeV-powhegMiNNLO-pythia8-photos_0.root’
removed ‘analysisClass_lq_eejj___DYJetsToEE_M-700to800_H2ErratumFix_TuneCP5_13TeV-powhegMiNNLO-pythia8-photos_0.root’
‘analysisClass_lq_eejj___DYJetsToEE_M-700to800_H2ErratumFix_TuneCP5_13TeV-powhegMiNNLO-pythia8-photos_0.dat’ -> ‘/afs/cern.ch/user/r/ryi/HEM1516/Leptoquarks/analyzer/rootNtupleAnalyzerV2/HEM1516study_Ele1_BothInHEM1516_UL/ultralegacy/analysis/2018/HEM1516study_Ele1_BothInHEM1516_UL/condor_cutTable_lq_eejj_ele1_both_in/analysisClass_lq_eejj___DYJetsToEE_M-700to800_H2ErratumFix_TuneCP5_13TeV-powhegMiNNLO-pythia8-photos/output/analysisClass_lq_eejj___DYJetsToEE_M-700to800_H2ErratumFix_TuneCP5_13TeV-powhegMiNNLO-pythia8-photos_0.dat’
removed ‘analysisClass_lq_eejj___DYJetsToEE_M-700to800_H2ErratumFix_TuneCP5_13TeV-powhegMiNNLO-pythia8-photos_0.dat’
