/afs/cern.ch/user/r/ryi/HEM1516/Leptoquarks/analyzer/rootNtupleAnalyzerV2/src/baseClass.C - Line 28 - baseClass: begins
/afs/cern.ch/user/r/ryi/HEM1516/Leptoquarks/analyzer/rootNtupleAnalyzerV2/src/baseClass.C - Line 334 - readInputList: baseClass::readinputList(): inputList_ =  input_0.list
/afs/cern.ch/user/r/ryi/HEM1516/Leptoquarks/analyzer/rootNtupleAnalyzerV2/src/baseClass.C - Line 338 - readInputList: baseClass::readInputList: Starting reading list: input_0.list
/afs/cern.ch/user/r/ryi/HEM1516/Leptoquarks/analyzer/rootNtupleAnalyzerV2/src/baseClass.C - Line 354 - readInputList: baseClass::readInputList: Finished reading list: input_0.list
/afs/cern.ch/user/r/ryi/HEM1516/Leptoquarks/analyzer/rootNtupleAnalyzerV2/src/baseClass.C - Line 2034 - getGlobalInfoNstart: root://eoscms.cern.ch//eos/cms/store/group/phys_exotica/leptonsPlusJets/LQ/scooper/ultralegacy/skims/2018/rskDoubleEle_heep_20jun2023/WJetsToLNu_2J_TuneCP5_13TeV-amcatnloFXFX-pythia8/WJetsToLNu_2J_TuneCP5_13TeV-amcatnloFXFX-pythia8_0_rsk.root
/afs/cern.ch/user/r/ryi/HEM1516/Leptoquarks/analyzer/rootNtupleAnalyzerV2/src/baseClass.C - Line 361 - readInputList: Initial number of events (current file,runningTotal): NBeforeSkim, NBeforeSkim_ = 1802007, 1802007
/afs/cern.ch/user/r/ryi/HEM1516/Leptoquarks/analyzer/rootNtupleAnalyzerV2/src/baseClass.C - Line 366 - readInputList: gen weight sum (current,total): = 4.41386e+10+/-1.05239e+08, 4.41386e+10+/-1.05239e+08
/afs/cern.ch/user/r/ryi/HEM1516/Leptoquarks/analyzer/rootNtupleAnalyzerV2/src/baseClass.C - Line 2149 - saveLHEPdfSumw: saveLHEPdfSumw
/afs/cern.ch/user/r/ryi/HEM1516/Leptoquarks/analyzer/rootNtupleAnalyzerV2/src/baseClass.C - Line 2179 - saveEventsPassingCuts: saveEventsPassingCuts
/afs/cern.ch/user/r/ryi/HEM1516/Leptoquarks/analyzer/rootNtupleAnalyzerV2/src/baseClass.C - Line 2034 - getGlobalInfoNstart: root://eoscms.cern.ch//eos/cms/store/group/phys_exotica/leptonsPlusJets/LQ/scooper/ultralegacy/skims/2018/rskDoubleEle_heep_20jun2023/WJetsToLNu_2J_TuneCP5_13TeV-amcatnloFXFX-pythia8/WJetsToLNu_2J_TuneCP5_13TeV-amcatnloFXFX-pythia8_1_rsk.root
/afs/cern.ch/user/r/ryi/HEM1516/Leptoquarks/analyzer/rootNtupleAnalyzerV2/src/baseClass.C - Line 361 - readInputList: Initial number of events (current file,runningTotal): NBeforeSkim, NBeforeSkim_ = 1933955, 3735962
/afs/cern.ch/user/r/ryi/HEM1516/Leptoquarks/analyzer/rootNtupleAnalyzerV2/src/baseClass.C - Line 366 - readInputList: gen weight sum (current,total): = 4.72566e+10+/-1.09024e+08, 9.13952e+10+/-1.5153e+08
/afs/cern.ch/user/r/ryi/HEM1516/Leptoquarks/analyzer/rootNtupleAnalyzerV2/src/baseClass.C - Line 2149 - saveLHEPdfSumw: saveLHEPdfSumw
/afs/cern.ch/user/r/ryi/HEM1516/Leptoquarks/analyzer/rootNtupleAnalyzerV2/src/baseClass.C - Line 2179 - saveEventsPassingCuts: saveEventsPassingCuts
/afs/cern.ch/user/r/ryi/HEM1516/Leptoquarks/analyzer/rootNtupleAnalyzerV2/src/baseClass.C - Line 2034 - getGlobalInfoNstart: root://eoscms.cern.ch//eos/cms/store/group/phys_exotica/leptonsPlusJets/LQ/scooper/ultralegacy/skims/2018/rskDoubleEle_heep_20jun2023/WJetsToLNu_2J_TuneCP5_13TeV-amcatnloFXFX-pythia8/WJetsToLNu_2J_TuneCP5_13TeV-amcatnloFXFX-pythia8_2_rsk.root
/afs/cern.ch/user/r/ryi/HEM1516/Leptoquarks/analyzer/rootNtupleAnalyzerV2/src/baseClass.C - Line 361 - readInputList: Initial number of events (current file,runningTotal): NBeforeSkim, NBeforeSkim_ = 2533501, 6269463
/afs/cern.ch/user/r/ryi/HEM1516/Leptoquarks/analyzer/rootNtupleAnalyzerV2/src/baseClass.C - Line 366 - readInputList: gen weight sum (current,total): = 6.21364e+10+/-1.24784e+08, 1.53532e+11+/-1.96296e+08
/afs/cern.ch/user/r/ryi/HEM1516/Leptoquarks/analyzer/rootNtupleAnalyzerV2/src/baseClass.C - Line 2149 - saveLHEPdfSumw: saveLHEPdfSumw
/afs/cern.ch/user/r/ryi/HEM1516/Leptoquarks/analyzer/rootNtupleAnalyzerV2/src/baseClass.C - Line 2179 - saveEventsPassingCuts: saveEventsPassingCuts
/afs/cern.ch/user/r/ryi/HEM1516/Leptoquarks/analyzer/rootNtupleAnalyzerV2/src/baseClass.C - Line 2034 - getGlobalInfoNstart: root://eoscms.cern.ch//eos/cms/store/group/phys_exotica/leptonsPlusJets/LQ/scooper/ultralegacy/skims/2018/rskDoubleEle_heep_20jun2023/WJetsToLNu_2J_TuneCP5_13TeV-amcatnloFXFX-pythia8/WJetsToLNu_2J_TuneCP5_13TeV-amcatnloFXFX-pythia8_3_rsk.root
/afs/cern.ch/user/r/ryi/HEM1516/Leptoquarks/analyzer/rootNtupleAnalyzerV2/src/baseClass.C - Line 361 - readInputList: Initial number of events (current file,runningTotal): NBeforeSkim, NBeforeSkim_ = 2666626, 8936089
/afs/cern.ch/user/r/ryi/HEM1516/Leptoquarks/analyzer/rootNtupleAnalyzerV2/src/baseClass.C - Line 366 - readInputList: gen weight sum (current,total): = 6.52269e+10+/-1.2802e+08, 2.18759e+11+/-2.34353e+08
/afs/cern.ch/user/r/ryi/HEM1516/Leptoquarks/analyzer/rootNtupleAnalyzerV2/src/baseClass.C - Line 2149 - saveLHEPdfSumw: saveLHEPdfSumw
/afs/cern.ch/user/r/ryi/HEM1516/Leptoquarks/analyzer/rootNtupleAnalyzerV2/src/baseClass.C - Line 2179 - saveEventsPassingCuts: saveEventsPassingCuts
/afs/cern.ch/user/r/ryi/HEM1516/Leptoquarks/analyzer/rootNtupleAnalyzerV2/src/baseClass.C - Line 2034 - getGlobalInfoNstart: root://eoscms.cern.ch//eos/cms/store/group/phys_exotica/leptonsPlusJets/LQ/scooper/ultralegacy/skims/2018/rskDoubleEle_heep_20jun2023/WJetsToLNu_2J_TuneCP5_13TeV-amcatnloFXFX-pythia8/WJetsToLNu_2J_TuneCP5_13TeV-amcatnloFXFX-pythia8_4_rsk.root
/afs/cern.ch/user/r/ryi/HEM1516/Leptoquarks/analyzer/rootNtupleAnalyzerV2/src/baseClass.C - Line 361 - readInputList: Initial number of events (current file,runningTotal): NBeforeSkim, NBeforeSkim_ = 2667066, 11603155
/afs/cern.ch/user/r/ryi/HEM1516/Leptoquarks/analyzer/rootNtupleAnalyzerV2/src/baseClass.C - Line 366 - readInputList: gen weight sum (current,total): = 6.5318e+10+/-1.28031e+08, 2.84077e+11+/-2.67046e+08
/afs/cern.ch/user/r/ryi/HEM1516/Leptoquarks/analyzer/rootNtupleAnalyzerV2/src/baseClass.C - Line 2149 - saveLHEPdfSumw: saveLHEPdfSumw
/afs/cern.ch/user/r/ryi/HEM1516/Leptoquarks/analyzer/rootNtupleAnalyzerV2/src/baseClass.C - Line 2179 - saveEventsPassingCuts: saveEventsPassingCuts
/afs/cern.ch/user/r/ryi/HEM1516/Leptoquarks/analyzer/rootNtupleAnalyzerV2/src/baseClass.C - Line 2034 - getGlobalInfoNstart: root://eoscms.cern.ch//eos/cms/store/group/phys_exotica/leptonsPlusJets/LQ/scooper/ultralegacy/skims/2018/rskDoubleEle_heep_20jun2023/WJetsToLNu_2J_TuneCP5_13TeV-amcatnloFXFX-pythia8/WJetsToLNu_2J_TuneCP5_13TeV-amcatnloFXFX-pythia8_5_rsk.root
/afs/cern.ch/user/r/ryi/HEM1516/Leptoquarks/analyzer/rootNtupleAnalyzerV2/src/baseClass.C - Line 361 - readInputList: Initial number of events (current file,runningTotal): NBeforeSkim, NBeforeSkim_ = 2666054, 14269209
/afs/cern.ch/user/r/ryi/HEM1516/Leptoquarks/analyzer/rootNtupleAnalyzerV2/src/baseClass.C - Line 366 - readInputList: gen weight sum (current,total): = 6.50902e+10+/-1.28006e+08, 3.49167e+11+/-2.9614e+08
/afs/cern.ch/user/r/ryi/HEM1516/Leptoquarks/analyzer/rootNtupleAnalyzerV2/src/baseClass.C - Line 2149 - saveLHEPdfSumw: saveLHEPdfSumw
/afs/cern.ch/user/r/ryi/HEM1516/Leptoquarks/analyzer/rootNtupleAnalyzerV2/src/baseClass.C - Line 2179 - saveEventsPassingCuts: saveEventsPassingCuts
/afs/cern.ch/user/r/ryi/HEM1516/Leptoquarks/analyzer/rootNtupleAnalyzerV2/src/baseClass.C - Line 2034 - getGlobalInfoNstart: root://eoscms.cern.ch//eos/cms/store/group/phys_exotica/leptonsPlusJets/LQ/scooper/ultralegacy/skims/2018/rskDoubleEle_heep_20jun2023/WJetsToLNu_2J_TuneCP5_13TeV-amcatnloFXFX-pythia8/WJetsToLNu_2J_TuneCP5_13TeV-amcatnloFXFX-pythia8_6_rsk.root
/afs/cern.ch/user/r/ryi/HEM1516/Leptoquarks/analyzer/rootNtupleAnalyzerV2/src/baseClass.C - Line 361 - readInputList: Initial number of events (current file,runningTotal): NBeforeSkim, NBeforeSkim_ = 2733955, 17003164
/afs/cern.ch/user/r/ryi/HEM1516/Leptoquarks/analyzer/rootNtupleAnalyzerV2/src/baseClass.C - Line 366 - readInputList: gen weight sum (current,total): = 6.67857e+10+/-1.29626e+08, 4.15952e+11+/-3.23268e+08
/afs/cern.ch/user/r/ryi/HEM1516/Leptoquarks/analyzer/rootNtupleAnalyzerV2/src/baseClass.C - Line 2149 - saveLHEPdfSumw: saveLHEPdfSumw
/afs/cern.ch/user/r/ryi/HEM1516/Leptoquarks/analyzer/rootNtupleAnalyzerV2/src/baseClass.C - Line 2179 - saveEventsPassingCuts: saveEventsPassingCuts
/afs/cern.ch/user/r/ryi/HEM1516/Leptoquarks/analyzer/rootNtupleAnalyzerV2/src/baseClass.C - Line 2034 - getGlobalInfoNstart: root://eoscms.cern.ch//eos/cms/store/group/phys_exotica/leptonsPlusJets/LQ/scooper/ultralegacy/skims/2018/rskDoubleEle_heep_20jun2023/WJetsToLNu_2J_TuneCP5_13TeV-amcatnloFXFX-pythia8/WJetsToLNu_2J_TuneCP5_13TeV-amcatnloFXFX-pythia8_7_rsk.root
/afs/cern.ch/user/r/ryi/HEM1516/Leptoquarks/analyzer/rootNtupleAnalyzerV2/src/baseClass.C - Line 361 - readInputList: Initial number of events (current file,runningTotal): NBeforeSkim, NBeforeSkim_ = 2732882, 19736046
/afs/cern.ch/user/r/ryi/HEM1516/Leptoquarks/analyzer/rootNtupleAnalyzerV2/src/baseClass.C - Line 366 - readInputList: gen weight sum (current,total): = 6.70495e+10+/-1.29601e+08, 4.83002e+11+/-3.48279e+08
/afs/cern.ch/user/r/ryi/HEM1516/Leptoquarks/analyzer/rootNtupleAnalyzerV2/src/baseClass.C - Line 2149 - saveLHEPdfSumw: saveLHEPdfSumw
/afs/cern.ch/user/r/ryi/HEM1516/Leptoquarks/analyzer/rootNtupleAnalyzerV2/src/baseClass.C - Line 2179 - saveEventsPassingCuts: saveEventsPassingCuts
/afs/cern.ch/user/r/ryi/HEM1516/Leptoquarks/analyzer/rootNtupleAnalyzerV2/src/baseClass.C - Line 2034 - getGlobalInfoNstart: root://eoscms.cern.ch//eos/cms/store/group/phys_exotica/leptonsPlusJets/LQ/scooper/ultralegacy/skims/2018/rskDoubleEle_heep_20jun2023/WJetsToLNu_2J_TuneCP5_13TeV-amcatnloFXFX-pythia8/WJetsToLNu_2J_TuneCP5_13TeV-amcatnloFXFX-pythia8_8_rsk.root
/afs/cern.ch/user/r/ryi/HEM1516/Leptoquarks/analyzer/rootNtupleAnalyzerV2/src/baseClass.C - Line 361 - readInputList: Initial number of events (current file,runningTotal): NBeforeSkim, NBeforeSkim_ = 2783619, 22519665
/afs/cern.ch/user/r/ryi/HEM1516/Leptoquarks/analyzer/rootNtupleAnalyzerV2/src/baseClass.C - Line 366 - readInputList: gen weight sum (current,total): = 6.78029e+10+/-1.30798e+08, 5.50805e+11+/-3.7203e+08
/afs/cern.ch/user/r/ryi/HEM1516/Leptoquarks/analyzer/rootNtupleAnalyzerV2/src/baseClass.C - Line 2149 - saveLHEPdfSumw: saveLHEPdfSumw
/afs/cern.ch/user/r/ryi/HEM1516/Leptoquarks/analyzer/rootNtupleAnalyzerV2/src/baseClass.C - Line 2179 - saveEventsPassingCuts: saveEventsPassingCuts
/afs/cern.ch/user/r/ryi/HEM1516/Leptoquarks/analyzer/rootNtupleAnalyzerV2/src/baseClass.C - Line 2034 - getGlobalInfoNstart: root://eoscms.cern.ch//eos/cms/store/group/phys_exotica/leptonsPlusJets/LQ/scooper/ultralegacy/skims/2018/rskDoubleEle_heep_20jun2023/WJetsToLNu_2J_TuneCP5_13TeV-amcatnloFXFX-pythia8/WJetsToLNu_2J_TuneCP5_13TeV-amcatnloFXFX-pythia8_9_rsk.root
/afs/cern.ch/user/r/ryi/HEM1516/Leptoquarks/analyzer/rootNtupleAnalyzerV2/src/baseClass.C - Line 361 - readInputList: Initial number of events (current file,runningTotal): NBeforeSkim, NBeforeSkim_ = 2867266, 25386931
/afs/cern.ch/user/r/ryi/HEM1516/Leptoquarks/analyzer/rootNtupleAnalyzerV2/src/baseClass.C - Line 366 - readInputList: gen weight sum (current,total): = 7.02126e+10+/-1.32749e+08, 6.21018e+11+/-3.95005e+08
/afs/cern.ch/user/r/ryi/HEM1516/Leptoquarks/analyzer/rootNtupleAnalyzerV2/src/baseClass.C - Line 2149 - saveLHEPdfSumw: saveLHEPdfSumw
/afs/cern.ch/user/r/ryi/HEM1516/Leptoquarks/analyzer/rootNtupleAnalyzerV2/src/baseClass.C - Line 2179 - saveEventsPassingCuts: saveEventsPassingCuts
/afs/cern.ch/user/r/ryi/HEM1516/Leptoquarks/analyzer/rootNtupleAnalyzerV2/src/baseClass.C - Line 2034 - getGlobalInfoNstart: root://eoscms.cern.ch//eos/cms/store/group/phys_exotica/leptonsPlusJets/LQ/scooper/ultralegacy/skims/2018/rskDoubleEle_heep_20jun2023/WJetsToLNu_2J_TuneCP5_13TeV-amcatnloFXFX-pythia8/WJetsToLNu_2J_TuneCP5_13TeV-amcatnloFXFX-pythia8_10_rsk.root
/afs/cern.ch/user/r/ryi/HEM1516/Leptoquarks/analyzer/rootNtupleAnalyzerV2/src/baseClass.C - Line 361 - readInputList: Initial number of events (current file,runningTotal): NBeforeSkim, NBeforeSkim_ = 2934417, 28321348
/afs/cern.ch/user/r/ryi/HEM1516/Leptoquarks/analyzer/rootNtupleAnalyzerV2/src/baseClass.C - Line 366 - readInputList: gen weight sum (current,total): = 7.1729e+10+/-1.34294e+08, 6.92747e+11+/-4.1721e+08
/afs/cern.ch/user/r/ryi/HEM1516/Leptoquarks/analyzer/rootNtupleAnalyzerV2/src/baseClass.C - Line 2149 - saveLHEPdfSumw: saveLHEPdfSumw
/afs/cern.ch/user/r/ryi/HEM1516/Leptoquarks/analyzer/rootNtupleAnalyzerV2/src/baseClass.C - Line 2179 - saveEventsPassingCuts: saveEventsPassingCuts
/afs/cern.ch/user/r/ryi/HEM1516/Leptoquarks/analyzer/rootNtupleAnalyzerV2/src/baseClass.C - Line 2034 - getGlobalInfoNstart: root://eoscms.cern.ch//eos/cms/store/group/phys_exotica/leptonsPlusJets/LQ/scooper/ultralegacy/skims/2018/rskDoubleEle_heep_20jun2023/WJetsToLNu_2J_TuneCP5_13TeV-amcatnloFXFX-pythia8/WJetsToLNu_2J_TuneCP5_13TeV-amcatnloFXFX-pythia8_11_rsk.root
/afs/cern.ch/user/r/ryi/HEM1516/Leptoquarks/analyzer/rootNtupleAnalyzerV2/src/baseClass.C - Line 361 - readInputList: Initial number of events (current file,runningTotal): NBeforeSkim, NBeforeSkim_ = 2997600, 31318948
/afs/cern.ch/user/r/ryi/HEM1516/Leptoquarks/analyzer/rootNtupleAnalyzerV2/src/baseClass.C - Line 366 - readInputList: gen weight sum (current,total): = 7.3467e+10+/-1.35733e+08, 7.66214e+11+/-4.38734e+08
/afs/cern.ch/user/r/ryi/HEM1516/Leptoquarks/analyzer/rootNtupleAnalyzerV2/src/baseClass.C - Line 2149 - saveLHEPdfSumw: saveLHEPdfSumw
/afs/cern.ch/user/r/ryi/HEM1516/Leptoquarks/analyzer/rootNtupleAnalyzerV2/src/baseClass.C - Line 2179 - saveEventsPassingCuts: saveEventsPassingCuts
/afs/cern.ch/user/r/ryi/HEM1516/Leptoquarks/analyzer/rootNtupleAnalyzerV2/src/baseClass.C - Line 2034 - getGlobalInfoNstart: root://eoscms.cern.ch//eos/cms/store/group/phys_exotica/leptonsPlusJets/LQ/scooper/ultralegacy/skims/2018/rskDoubleEle_heep_20jun2023/WJetsToLNu_2J_TuneCP5_13TeV-amcatnloFXFX-pythia8/WJetsToLNu_2J_TuneCP5_13TeV-amcatnloFXFX-pythia8_12_rsk.root
/afs/cern.ch/user/r/ryi/HEM1516/Leptoquarks/analyzer/rootNtupleAnalyzerV2/src/baseClass.C - Line 361 - readInputList: Initial number of events (current file,runningTotal): NBeforeSkim, NBeforeSkim_ = 2998834, 34317782
/afs/cern.ch/user/r/ryi/HEM1516/Leptoquarks/analyzer/rootNtupleAnalyzerV2/src/baseClass.C - Line 366 - readInputList: gen weight sum (current,total): = 7.33007e+10+/-1.35761e+08, 8.39514e+11+/-4.59258e+08
/afs/cern.ch/user/r/ryi/HEM1516/Leptoquarks/analyzer/rootNtupleAnalyzerV2/src/baseClass.C - Line 2149 - saveLHEPdfSumw: saveLHEPdfSumw
/afs/cern.ch/user/r/ryi/HEM1516/Leptoquarks/analyzer/rootNtupleAnalyzerV2/src/baseClass.C - Line 2179 - saveEventsPassingCuts: saveEventsPassingCuts
/afs/cern.ch/user/r/ryi/HEM1516/Leptoquarks/analyzer/rootNtupleAnalyzerV2/src/baseClass.C - Line 2034 - getGlobalInfoNstart: root://eoscms.cern.ch//eos/cms/store/group/phys_exotica/leptonsPlusJets/LQ/scooper/ultralegacy/skims/2018/rskDoubleEle_heep_20jun2023/WJetsToLNu_2J_TuneCP5_13TeV-amcatnloFXFX-pythia8/WJetsToLNu_2J_TuneCP5_13TeV-amcatnloFXFX-pythia8_13_rsk.root
/afs/cern.ch/user/r/ryi/HEM1516/Leptoquarks/analyzer/rootNtupleAnalyzerV2/src/baseClass.C - Line 361 - readInputList: Initial number of events (current file,runningTotal): NBeforeSkim, NBeforeSkim_ = 3065584, 37383366
/afs/cern.ch/user/r/ryi/HEM1516/Leptoquarks/analyzer/rootNtupleAnalyzerV2/src/baseClass.C - Line 366 - readInputList: gen weight sum (current,total): = 7.49048e+10+/-1.37263e+08, 9.14419e+11+/-4.79332e+08
/afs/cern.ch/user/r/ryi/HEM1516/Leptoquarks/analyzer/rootNtupleAnalyzerV2/src/baseClass.C - Line 2149 - saveLHEPdfSumw: saveLHEPdfSumw
/afs/cern.ch/user/r/ryi/HEM1516/Leptoquarks/analyzer/rootNtupleAnalyzerV2/src/baseClass.C - Line 2179 - saveEventsPassingCuts: saveEventsPassingCuts
/afs/cern.ch/user/r/ryi/HEM1516/Leptoquarks/analyzer/rootNtupleAnalyzerV2/src/baseClass.C - Line 2034 - getGlobalInfoNstart: root://eoscms.cern.ch//eos/cms/store/group/phys_exotica/leptonsPlusJets/LQ/scooper/ultralegacy/skims/2018/rskDoubleEle_heep_20jun2023/WJetsToLNu_2J_TuneCP5_13TeV-amcatnloFXFX-pythia8/WJetsToLNu_2J_TuneCP5_13TeV-amcatnloFXFX-pythia8_14_rsk.root
/afs/cern.ch/user/r/ryi/HEM1516/Leptoquarks/analyzer/rootNtupleAnalyzerV2/src/baseClass.C - Line 361 - readInputList: Initial number of events (current file,runningTotal): NBeforeSkim, NBeforeSkim_ = 3131397, 40514763
/afs/cern.ch/user/r/ryi/HEM1516/Leptoquarks/analyzer/rootNtupleAnalyzerV2/src/baseClass.C - Line 366 - readInputList: gen weight sum (current,total): = 7.6616e+10+/-1.38729e+08, 9.91035e+11+/-4.99004e+08
/afs/cern.ch/user/r/ryi/HEM1516/Leptoquarks/analyzer/rootNtupleAnalyzerV2/src/baseClass.C - Line 2149 - saveLHEPdfSumw: saveLHEPdfSumw
/afs/cern.ch/user/r/ryi/HEM1516/Leptoquarks/analyzer/rootNtupleAnalyzerV2/src/baseClass.C - Line 2179 - saveEventsPassingCuts: saveEventsPassingCuts
/afs/cern.ch/user/r/ryi/HEM1516/Leptoquarks/analyzer/rootNtupleAnalyzerV2/src/baseClass.C - Line 2034 - getGlobalInfoNstart: root://eoscms.cern.ch//eos/cms/store/group/phys_exotica/leptonsPlusJets/LQ/scooper/ultralegacy/skims/2018/rskDoubleEle_heep_20jun2023/WJetsToLNu_2J_TuneCP5_13TeV-amcatnloFXFX-pythia8/WJetsToLNu_2J_TuneCP5_13TeV-amcatnloFXFX-pythia8_15_rsk.root
/afs/cern.ch/user/r/ryi/HEM1516/Leptoquarks/analyzer/rootNtupleAnalyzerV2/src/baseClass.C - Line 361 - readInputList: Initial number of events (current file,runningTotal): NBeforeSkim, NBeforeSkim_ = 3132873, 43647636
/afs/cern.ch/user/r/ryi/HEM1516/Leptoquarks/analyzer/rootNtupleAnalyzerV2/src/baseClass.C - Line 366 - readInputList: gen weight sum (current,total): = 7.68074e+10+/-1.38761e+08, 1.06784e+12+/-5.17938e+08
/afs/cern.ch/user/r/ryi/HEM1516/Leptoquarks/analyzer/rootNtupleAnalyzerV2/src/baseClass.C - Line 2149 - saveLHEPdfSumw: saveLHEPdfSumw
/afs/cern.ch/user/r/ryi/HEM1516/Leptoquarks/analyzer/rootNtupleAnalyzerV2/src/baseClass.C - Line 2179 - saveEventsPassingCuts: saveEventsPassingCuts
/afs/cern.ch/user/r/ryi/HEM1516/Leptoquarks/analyzer/rootNtupleAnalyzerV2/src/baseClass.C - Line 2034 - getGlobalInfoNstart: root://eoscms.cern.ch//eos/cms/store/group/phys_exotica/leptonsPlusJets/LQ/scooper/ultralegacy/skims/2018/rskDoubleEle_heep_20jun2023/WJetsToLNu_2J_TuneCP5_13TeV-amcatnloFXFX-pythia8/WJetsToLNu_2J_TuneCP5_13TeV-amcatnloFXFX-pythia8_16_rsk.root
/afs/cern.ch/user/r/ryi/HEM1516/Leptoquarks/analyzer/rootNtupleAnalyzerV2/src/baseClass.C - Line 361 - readInputList: Initial number of events (current file,runningTotal): NBeforeSkim, NBeforeSkim_ = 3133751, 46781387
/afs/cern.ch/user/r/ryi/HEM1516/Leptoquarks/analyzer/rootNtupleAnalyzerV2/src/baseClass.C - Line 366 - readInputList: gen weight sum (current,total): = 7.66489e+10+/-1.38781e+08, 1.14449e+12+/-5.36209e+08
/afs/cern.ch/user/r/ryi/HEM1516/Leptoquarks/analyzer/rootNtupleAnalyzerV2/src/baseClass.C - Line 2149 - saveLHEPdfSumw: saveLHEPdfSumw
/afs/cern.ch/user/r/ryi/HEM1516/Leptoquarks/analyzer/rootNtupleAnalyzerV2/src/baseClass.C - Line 2179 - saveEventsPassingCuts: saveEventsPassingCuts
/afs/cern.ch/user/r/ryi/HEM1516/Leptoquarks/analyzer/rootNtupleAnalyzerV2/src/baseClass.C - Line 2034 - getGlobalInfoNstart: root://eoscms.cern.ch//eos/cms/store/group/phys_exotica/leptonsPlusJets/LQ/scooper/ultralegacy/skims/2018/rskDoubleEle_heep_20jun2023/WJetsToLNu_2J_TuneCP5_13TeV-amcatnloFXFX-pythia8/WJetsToLNu_2J_TuneCP5_13TeV-amcatnloFXFX-pythia8_17_rsk.root
/afs/cern.ch/user/r/ryi/HEM1516/Leptoquarks/analyzer/rootNtupleAnalyzerV2/src/baseClass.C - Line 361 - readInputList: Initial number of events (current file,runningTotal): NBeforeSkim, NBeforeSkim_ = 3192190, 49973577
/afs/cern.ch/user/r/ryi/HEM1516/Leptoquarks/analyzer/rootNtupleAnalyzerV2/src/baseClass.C - Line 366 - readInputList: gen weight sum (current,total): = 7.8247e+10+/-1.40069e+08, 1.22274e+12+/-5.54201e+08
/afs/cern.ch/user/r/ryi/HEM1516/Leptoquarks/analyzer/rootNtupleAnalyzerV2/src/baseClass.C - Line 2149 - saveLHEPdfSumw: saveLHEPdfSumw
/afs/cern.ch/user/r/ryi/HEM1516/Leptoquarks/analyzer/rootNtupleAnalyzerV2/src/baseClass.C - Line 2179 - saveEventsPassingCuts: saveEventsPassingCuts
/afs/cern.ch/user/r/ryi/HEM1516/Leptoquarks/analyzer/rootNtupleAnalyzerV2/src/baseClass.C - Line 2034 - getGlobalInfoNstart: root://eoscms.cern.ch//eos/cms/store/group/phys_exotica/leptonsPlusJets/LQ/scooper/ultralegacy/skims/2018/rskDoubleEle_heep_20jun2023/WJetsToLNu_2J_TuneCP5_13TeV-amcatnloFXFX-pythia8/WJetsToLNu_2J_TuneCP5_13TeV-amcatnloFXFX-pythia8_18_rsk.root
/afs/cern.ch/user/r/ryi/HEM1516/Leptoquarks/analyzer/rootNtupleAnalyzerV2/src/baseClass.C - Line 361 - readInputList: Initial number of events (current file,runningTotal): NBeforeSkim, NBeforeSkim_ = 3195205, 53168782
/afs/cern.ch/user/r/ryi/HEM1516/Leptoquarks/analyzer/rootNtupleAnalyzerV2/src/baseClass.C - Line 366 - readInputList: gen weight sum (current,total): = 7.84309e+10+/-1.40135e+08, 1.30117e+12+/-5.71644e+08
/afs/cern.ch/user/r/ryi/HEM1516/Leptoquarks/analyzer/rootNtupleAnalyzerV2/src/baseClass.C - Line 2149 - saveLHEPdfSumw: saveLHEPdfSumw
/afs/cern.ch/user/r/ryi/HEM1516/Leptoquarks/analyzer/rootNtupleAnalyzerV2/src/baseClass.C - Line 2179 - saveEventsPassingCuts: saveEventsPassingCuts
/afs/cern.ch/user/r/ryi/HEM1516/Leptoquarks/analyzer/rootNtupleAnalyzerV2/src/baseClass.C - Line 2034 - getGlobalInfoNstart: root://eoscms.cern.ch//eos/cms/store/group/phys_exotica/leptonsPlusJets/LQ/scooper/ultralegacy/skims/2018/rskDoubleEle_heep_20jun2023/WJetsToLNu_2J_TuneCP5_13TeV-amcatnloFXFX-pythia8/WJetsToLNu_2J_TuneCP5_13TeV-amcatnloFXFX-pythia8_19_rsk.root
/afs/cern.ch/user/r/ryi/HEM1516/Leptoquarks/analyzer/rootNtupleAnalyzerV2/src/baseClass.C - Line 361 - readInputList: Initial number of events (current file,runningTotal): NBeforeSkim, NBeforeSkim_ = 3198199, 56366981
/afs/cern.ch/user/r/ryi/HEM1516/Leptoquarks/analyzer/rootNtupleAnalyzerV2/src/baseClass.C - Line 366 - readInputList: gen weight sum (current,total): = 7.85389e+10+/-1.40201e+08, 1.37971e+12+/-5.88586e+08
/afs/cern.ch/user/r/ryi/HEM1516/Leptoquarks/analyzer/rootNtupleAnalyzerV2/src/baseClass.C - Line 2149 - saveLHEPdfSumw: saveLHEPdfSumw
/afs/cern.ch/user/r/ryi/HEM1516/Leptoquarks/analyzer/rootNtupleAnalyzerV2/src/baseClass.C - Line 2179 - saveEventsPassingCuts: saveEventsPassingCuts
/afs/cern.ch/user/r/ryi/HEM1516/Leptoquarks/analyzer/rootNtupleAnalyzerV2/src/baseClass.C - Line 2034 - getGlobalInfoNstart: root://eoscms.cern.ch//eos/cms/store/group/phys_exotica/leptonsPlusJets/LQ/scooper/ultralegacy/skims/2018/rskDoubleEle_heep_20jun2023/WJetsToLNu_2J_TuneCP5_13TeV-amcatnloFXFX-pythia8/WJetsToLNu_2J_TuneCP5_13TeV-amcatnloFXFX-pythia8_20_rsk.root
/afs/cern.ch/user/r/ryi/HEM1516/Leptoquarks/analyzer/rootNtupleAnalyzerV2/src/baseClass.C - Line 361 - readInputList: Initial number of events (current file,runningTotal): NBeforeSkim, NBeforeSkim_ = 3200282, 59567263
/afs/cern.ch/user/r/ryi/HEM1516/Leptoquarks/analyzer/rootNtupleAnalyzerV2/src/baseClass.C - Line 366 - readInputList: gen weight sum (current,total): = 7.8126e+10+/-1.40246e+08, 1.45783e+12+/-6.05064e+08
/afs/cern.ch/user/r/ryi/HEM1516/Leptoquarks/analyzer/rootNtupleAnalyzerV2/src/baseClass.C - Line 2149 - saveLHEPdfSumw: saveLHEPdfSumw
/afs/cern.ch/user/r/ryi/HEM1516/Leptoquarks/analyzer/rootNtupleAnalyzerV2/src/baseClass.C - Line 2179 - saveEventsPassingCuts: saveEventsPassingCuts
/afs/cern.ch/user/r/ryi/HEM1516/Leptoquarks/analyzer/rootNtupleAnalyzerV2/src/baseClass.C - Line 2034 - getGlobalInfoNstart: root://eoscms.cern.ch//eos/cms/store/group/phys_exotica/leptonsPlusJets/LQ/scooper/ultralegacy/skims/2018/rskDoubleEle_heep_20jun2023/WJetsToLNu_2J_TuneCP5_13TeV-amcatnloFXFX-pythia8/WJetsToLNu_2J_TuneCP5_13TeV-amcatnloFXFX-pythia8_21_rsk.root
/afs/cern.ch/user/r/ryi/HEM1516/Leptoquarks/analyzer/rootNtupleAnalyzerV2/src/baseClass.C - Line 361 - readInputList: Initial number of events (current file,runningTotal): NBeforeSkim, NBeforeSkim_ = 3264423, 62831686
/afs/cern.ch/user/r/ryi/HEM1516/Leptoquarks/analyzer/rootNtupleAnalyzerV2/src/baseClass.C - Line 366 - readInputList: gen weight sum (current,total): = 7.97783e+10+/-1.41645e+08, 1.53761e+12+/-6.21422e+08
/afs/cern.ch/user/r/ryi/HEM1516/Leptoquarks/analyzer/rootNtupleAnalyzerV2/src/baseClass.C - Line 2149 - saveLHEPdfSumw: saveLHEPdfSumw
/afs/cern.ch/user/r/ryi/HEM1516/Leptoquarks/analyzer/rootNtupleAnalyzerV2/src/baseClass.C - Line 2179 - saveEventsPassingCuts: saveEventsPassingCuts
/afs/cern.ch/user/r/ryi/HEM1516/Leptoquarks/analyzer/rootNtupleAnalyzerV2/src/baseClass.C - Line 2034 - getGlobalInfoNstart: root://eoscms.cern.ch//eos/cms/store/group/phys_exotica/leptonsPlusJets/LQ/scooper/ultralegacy/skims/2018/rskDoubleEle_heep_20jun2023/WJetsToLNu_2J_TuneCP5_13TeV-amcatnloFXFX-pythia8/WJetsToLNu_2J_TuneCP5_13TeV-amcatnloFXFX-pythia8_22_rsk.root
/afs/cern.ch/user/r/ryi/HEM1516/Leptoquarks/analyzer/rootNtupleAnalyzerV2/src/baseClass.C - Line 361 - readInputList: Initial number of events (current file,runningTotal): NBeforeSkim, NBeforeSkim_ = 3266014, 66097700
/afs/cern.ch/user/r/ryi/HEM1516/Leptoquarks/analyzer/rootNtupleAnalyzerV2/src/baseClass.C - Line 366 - readInputList: gen weight sum (current,total): = 8.0174e+10+/-1.41679e+08, 1.61779e+12+/-6.37368e+08
/afs/cern.ch/user/r/ryi/HEM1516/Leptoquarks/analyzer/rootNtupleAnalyzerV2/src/baseClass.C - Line 2149 - saveLHEPdfSumw: saveLHEPdfSumw
/afs/cern.ch/user/r/ryi/HEM1516/Leptoquarks/analyzer/rootNtupleAnalyzerV2/src/baseClass.C - Line 2179 - saveEventsPassingCuts: saveEventsPassingCuts
/afs/cern.ch/user/r/ryi/HEM1516/Leptoquarks/analyzer/rootNtupleAnalyzerV2/src/baseClass.C - Line 2034 - getGlobalInfoNstart: root://eoscms.cern.ch//eos/cms/store/group/phys_exotica/leptonsPlusJets/LQ/scooper/ultralegacy/skims/2018/rskDoubleEle_heep_20jun2023/WJetsToLNu_2J_TuneCP5_13TeV-amcatnloFXFX-pythia8/WJetsToLNu_2J_TuneCP5_13TeV-amcatnloFXFX-pythia8_23_rsk.root
/afs/cern.ch/user/r/ryi/HEM1516/Leptoquarks/analyzer/rootNtupleAnalyzerV2/src/baseClass.C - Line 361 - readInputList: Initial number of events (current file,runningTotal): NBeforeSkim, NBeforeSkim_ = 3322865, 69420565
/afs/cern.ch/user/r/ryi/HEM1516/Leptoquarks/analyzer/rootNtupleAnalyzerV2/src/baseClass.C - Line 366 - readInputList: gen weight sum (current,total): = 8.12059e+10+/-1.42907e+08, 1.69899e+12+/-6.53193e+08
/afs/cern.ch/user/r/ryi/HEM1516/Leptoquarks/analyzer/rootNtupleAnalyzerV2/src/baseClass.C - Line 2149 - saveLHEPdfSumw: saveLHEPdfSumw
/afs/cern.ch/user/r/ryi/HEM1516/Leptoquarks/analyzer/rootNtupleAnalyzerV2/src/baseClass.C - Line 2179 - saveEventsPassingCuts: saveEventsPassingCuts
/afs/cern.ch/user/r/ryi/HEM1516/Leptoquarks/analyzer/rootNtupleAnalyzerV2/src/baseClass.C - Line 2034 - getGlobalInfoNstart: root://eoscms.cern.ch//eos/cms/store/group/phys_exotica/leptonsPlusJets/LQ/scooper/ultralegacy/skims/2018/rskDoubleEle_heep_20jun2023/WJetsToLNu_2J_TuneCP5_13TeV-amcatnloFXFX-pythia8/WJetsToLNu_2J_TuneCP5_13TeV-amcatnloFXFX-pythia8_24_rsk.root
/afs/cern.ch/user/r/ryi/HEM1516/Leptoquarks/analyzer/rootNtupleAnalyzerV2/src/baseClass.C - Line 361 - readInputList: Initial number of events (current file,runningTotal): NBeforeSkim, NBeforeSkim_ = 3331875, 72752440
/afs/cern.ch/user/r/ryi/HEM1516/Leptoquarks/analyzer/rootNtupleAnalyzerV2/src/baseClass.C - Line 366 - readInputList: gen weight sum (current,total): = 8.15349e+10+/-1.43101e+08, 1.78053e+12+/-6.68684e+08
/afs/cern.ch/user/r/ryi/HEM1516/Leptoquarks/analyzer/rootNtupleAnalyzerV2/src/baseClass.C - Line 2149 - saveLHEPdfSumw: saveLHEPdfSumw
/afs/cern.ch/user/r/ryi/HEM1516/Leptoquarks/analyzer/rootNtupleAnalyzerV2/src/baseClass.C - Line 2179 - saveEventsPassingCuts: saveEventsPassingCuts
/afs/cern.ch/user/r/ryi/HEM1516/Leptoquarks/analyzer/rootNtupleAnalyzerV2/src/baseClass.C - Line 2034 - getGlobalInfoNstart: root://eoscms.cern.ch//eos/cms/store/group/phys_exotica/leptonsPlusJets/LQ/scooper/ultralegacy/skims/2018/rskDoubleEle_heep_20jun2023/WJetsToLNu_2J_TuneCP5_13TeV-amcatnloFXFX-pythia8/WJetsToLNu_2J_TuneCP5_13TeV-amcatnloFXFX-pythia8_25_rsk.root
/afs/cern.ch/user/r/ryi/HEM1516/Leptoquarks/analyzer/rootNtupleAnalyzerV2/src/baseClass.C - Line 361 - readInputList: Initial number of events (current file,runningTotal): NBeforeSkim, NBeforeSkim_ = 3330272, 76082712
/afs/cern.ch/user/r/ryi/HEM1516/Leptoquarks/analyzer/rootNtupleAnalyzerV2/src/baseClass.C - Line 366 - readInputList: gen weight sum (current,total): = 8.146e+10+/-1.43066e+08, 1.86199e+12+/-6.83818e+08
/afs/cern.ch/user/r/ryi/HEM1516/Leptoquarks/analyzer/rootNtupleAnalyzerV2/src/baseClass.C - Line 2149 - saveLHEPdfSumw: saveLHEPdfSumw
/afs/cern.ch/user/r/ryi/HEM1516/Leptoquarks/analyzer/rootNtupleAnalyzerV2/src/baseClass.C - Line 2179 - saveEventsPassingCuts: saveEventsPassingCuts
/afs/cern.ch/user/r/ryi/HEM1516/Leptoquarks/analyzer/rootNtupleAnalyzerV2/src/baseClass.C - Line 2034 - getGlobalInfoNstart: root://eoscms.cern.ch//eos/cms/store/group/phys_exotica/leptonsPlusJets/LQ/scooper/ultralegacy/skims/2018/rskDoubleEle_heep_20jun2023/WJetsToLNu_2J_TuneCP5_13TeV-amcatnloFXFX-pythia8/WJetsToLNu_2J_TuneCP5_13TeV-amcatnloFXFX-pythia8_26_rsk.root
/afs/cern.ch/user/r/ryi/HEM1516/Leptoquarks/analyzer/rootNtupleAnalyzerV2/src/baseClass.C - Line 361 - readInputList: Initial number of events (current file,runningTotal): NBeforeSkim, NBeforeSkim_ = 3331015, 79413727
/afs/cern.ch/user/r/ryi/HEM1516/Leptoquarks/analyzer/rootNtupleAnalyzerV2/src/baseClass.C - Line 366 - readInputList: gen weight sum (current,total): = 8.14631e+10+/-1.43082e+08, 1.94345e+12+/-6.98626e+08
/afs/cern.ch/user/r/ryi/HEM1516/Leptoquarks/analyzer/rootNtupleAnalyzerV2/src/baseClass.C - Line 2149 - saveLHEPdfSumw: saveLHEPdfSumw
/afs/cern.ch/user/r/ryi/HEM1516/Leptoquarks/analyzer/rootNtupleAnalyzerV2/src/baseClass.C - Line 2179 - saveEventsPassingCuts: saveEventsPassingCuts
/afs/cern.ch/user/r/ryi/HEM1516/Leptoquarks/analyzer/rootNtupleAnalyzerV2/src/baseClass.C - Line 2034 - getGlobalInfoNstart: root://eoscms.cern.ch//eos/cms/store/group/phys_exotica/leptonsPlusJets/LQ/scooper/ultralegacy/skims/2018/rskDoubleEle_heep_20jun2023/WJetsToLNu_2J_TuneCP5_13TeV-amcatnloFXFX-pythia8/WJetsToLNu_2J_TuneCP5_13TeV-amcatnloFXFX-pythia8_27_rsk.root
/afs/cern.ch/user/r/ryi/HEM1516/Leptoquarks/analyzer/rootNtupleAnalyzerV2/src/baseClass.C - Line 361 - readInputList: Initial number of events (current file,runningTotal): NBeforeSkim, NBeforeSkim_ = 3395238, 82808965
/afs/cern.ch/user/r/ryi/HEM1516/Leptoquarks/analyzer/rootNtupleAnalyzerV2/src/baseClass.C - Line 366 - readInputList: gen weight sum (current,total): = 8.31387e+10+/-1.44455e+08, 2.02659e+12+/-7.13405e+08
/afs/cern.ch/user/r/ryi/HEM1516/Leptoquarks/analyzer/rootNtupleAnalyzerV2/src/baseClass.C - Line 2149 - saveLHEPdfSumw: saveLHEPdfSumw
/afs/cern.ch/user/r/ryi/HEM1516/Leptoquarks/analyzer/rootNtupleAnalyzerV2/src/baseClass.C - Line 2179 - saveEventsPassingCuts: saveEventsPassingCuts
/afs/cern.ch/user/r/ryi/HEM1516/Leptoquarks/analyzer/rootNtupleAnalyzerV2/src/baseClass.C - Line 2034 - getGlobalInfoNstart: root://eoscms.cern.ch//eos/cms/store/group/phys_exotica/leptonsPlusJets/LQ/scooper/ultralegacy/skims/2018/rskDoubleEle_heep_20jun2023/WJetsToLNu_2J_TuneCP5_13TeV-amcatnloFXFX-pythia8/WJetsToLNu_2J_TuneCP5_13TeV-amcatnloFXFX-pythia8_28_rsk.root
/afs/cern.ch/user/r/ryi/HEM1516/Leptoquarks/analyzer/rootNtupleAnalyzerV2/src/baseClass.C - Line 361 - readInputList: Initial number of events (current file,runningTotal): NBeforeSkim, NBeforeSkim_ = 3462025, 86270990
/afs/cern.ch/user/r/ryi/HEM1516/Leptoquarks/analyzer/rootNtupleAnalyzerV2/src/baseClass.C - Line 366 - readInputList: gen weight sum (current,total): = 8.4722e+10+/-1.45869e+08, 2.11131e+12+/-7.28165e+08
/afs/cern.ch/user/r/ryi/HEM1516/Leptoquarks/analyzer/rootNtupleAnalyzerV2/src/baseClass.C - Line 2149 - saveLHEPdfSumw: saveLHEPdfSumw
/afs/cern.ch/user/r/ryi/HEM1516/Leptoquarks/analyzer/rootNtupleAnalyzerV2/src/baseClass.C - Line 2179 - saveEventsPassingCuts: saveEventsPassingCuts
/afs/cern.ch/user/r/ryi/HEM1516/Leptoquarks/analyzer/rootNtupleAnalyzerV2/src/baseClass.C - Line 2034 - getGlobalInfoNstart: root://eoscms.cern.ch//eos/cms/store/group/phys_exotica/leptonsPlusJets/LQ/scooper/ultralegacy/skims/2018/rskDoubleEle_heep_20jun2023/WJetsToLNu_2J_TuneCP5_13TeV-amcatnloFXFX-pythia8/WJetsToLNu_2J_TuneCP5_13TeV-amcatnloFXFX-pythia8_29_rsk.root
/afs/cern.ch/user/r/ryi/HEM1516/Leptoquarks/analyzer/rootNtupleAnalyzerV2/src/baseClass.C - Line 361 - readInputList: Initial number of events (current file,runningTotal): NBeforeSkim, NBeforeSkim_ = 3461649, 89732639
/afs/cern.ch/user/r/ryi/HEM1516/Leptoquarks/analyzer/rootNtupleAnalyzerV2/src/baseClass.C - Line 366 - readInputList: gen weight sum (current,total): = 8.46273e+10+/-1.45861e+08, 2.19594e+12+/-7.4263e+08
/afs/cern.ch/user/r/ryi/HEM1516/Leptoquarks/analyzer/rootNtupleAnalyzerV2/src/baseClass.C - Line 2149 - saveLHEPdfSumw: saveLHEPdfSumw
/afs/cern.ch/user/r/ryi/HEM1516/Leptoquarks/analyzer/rootNtupleAnalyzerV2/src/baseClass.C - Line 2179 - saveEventsPassingCuts: saveEventsPassingCuts
/afs/cern.ch/user/r/ryi/HEM1516/Leptoquarks/analyzer/rootNtupleAnalyzerV2/src/baseClass.C - Line 2034 - getGlobalInfoNstart: root://eoscms.cern.ch//eos/cms/store/group/phys_exotica/leptonsPlusJets/LQ/scooper/ultralegacy/skims/2018/rskDoubleEle_heep_20jun2023/WJetsToLNu_2J_TuneCP5_13TeV-amcatnloFXFX-pythia8/WJetsToLNu_2J_TuneCP5_13TeV-amcatnloFXFX-pythia8_30_rsk.root
/afs/cern.ch/user/r/ryi/HEM1516/Leptoquarks/analyzer/rootNtupleAnalyzerV2/src/baseClass.C - Line 361 - readInputList: Initial number of events (current file,runningTotal): NBeforeSkim, NBeforeSkim_ = 3462343, 93194982
/afs/cern.ch/user/r/ryi/HEM1516/Leptoquarks/analyzer/rootNtupleAnalyzerV2/src/baseClass.C - Line 366 - readInputList: gen weight sum (current,total): = 8.47634e+10+/-1.45875e+08, 2.2807e+12+/-7.56822e+08
/afs/cern.ch/user/r/ryi/HEM1516/Leptoquarks/analyzer/rootNtupleAnalyzerV2/src/baseClass.C - Line 2149 - saveLHEPdfSumw: saveLHEPdfSumw
/afs/cern.ch/user/r/ryi/HEM1516/Leptoquarks/analyzer/rootNtupleAnalyzerV2/src/baseClass.C - Line 2179 - saveEventsPassingCuts: saveEventsPassingCuts
/afs/cern.ch/user/r/ryi/HEM1516/Leptoquarks/analyzer/rootNtupleAnalyzerV2/src/baseClass.C - Line 2034 - getGlobalInfoNstart: root://eoscms.cern.ch//eos/cms/store/group/phys_exotica/leptonsPlusJets/LQ/scooper/ultralegacy/skims/2018/rskDoubleEle_heep_20jun2023/WJetsToLNu_2J_TuneCP5_13TeV-amcatnloFXFX-pythia8/WJetsToLNu_2J_TuneCP5_13TeV-amcatnloFXFX-pythia8_31_rsk.root
/afs/cern.ch/user/r/ryi/HEM1516/Leptoquarks/analyzer/rootNtupleAnalyzerV2/src/baseClass.C - Line 361 - readInputList: Initial number of events (current file,runningTotal): NBeforeSkim, NBeforeSkim_ = 1730921, 94925903
/afs/cern.ch/user/r/ryi/HEM1516/Leptoquarks/analyzer/rootNtupleAnalyzerV2/src/baseClass.C - Line 366 - readInputList: gen weight sum (current,total): = 4.23402e+10+/-1.03142e+08, 2.32304e+12+/-7.63818e+08
/afs/cern.ch/user/r/ryi/HEM1516/Leptoquarks/analyzer/rootNtupleAnalyzerV2/src/baseClass.C - Line 2149 - saveLHEPdfSumw: saveLHEPdfSumw
/afs/cern.ch/user/r/ryi/HEM1516/Leptoquarks/analyzer/rootNtupleAnalyzerV2/src/baseClass.C - Line 2179 - saveEventsPassingCuts: saveEventsPassingCuts
/afs/cern.ch/user/r/ryi/HEM1516/Leptoquarks/analyzer/rootNtupleAnalyzerV2/src/baseClass.C - Line 389 - readCutFile: Reading cutFile_ = cutTable_lq_eejj_jet2_both_in.txt
/afs/cern.ch/user/r/ryi/HEM1516/Leptoquarks/analyzer/rootNtupleAnalyzerV2/src/baseClass.C - Line 422 - readCutFile: Getting JSON file: certifiedGolden_11mar2020_2016_2017_2018.json
/afs/cern.ch/user/r/ryi/HEM1516/Leptoquarks/analyzer/rootNtupleAnalyzerV2/src/baseClass.C - Line 670 - readCutFile: baseClass::readCutFile: Finished reading cutFile: cutTable_lq_eejj_jet2_both_in.txt
/afs/cern.ch/user/r/ryi/HEM1516/Leptoquarks/analyzer/rootNtupleAnalyzerV2/src/baseClass.C - Line 2506 - getSkimPreCutValue: getSkimPreCutValue: (produceSkim): INFO -- found the precut string in the map with value: 1
/afs/cern.ch/user/r/ryi/HEM1516/Leptoquarks/analyzer/rootNtupleAnalyzerV2/src/baseClass.C - Line 2501 - getSkimPreCutValue: getSkimPreCutValue: (produceReducedSkim): INFO -- did not find the precut string in the map!
/afs/cern.ch/user/r/ryi/HEM1516/Leptoquarks/analyzer/rootNtupleAnalyzerV2/src/baseClass.C - Line 731 - readCutFile: INFO: found pre-existing EventsPassingSkimCuts profile.
/afs/cern.ch/user/r/ryi/HEM1516/Leptoquarks/analyzer/rootNtupleAnalyzerV2/src/baseClass.C - Line 736 - readCutFile: INFO: doing skim -- updating pre-existing EventsPassingSkimCuts profile.
/afs/cern.ch/user/r/ryi/HEM1516/Leptoquarks/analyzer/rootNtupleAnalyzerV2/src/baseClass.C - Line 45 - baseClass: ends
analysisClass::Loop() begins
analysisClass::analysisClass(): nentries = 2228
analysisClass:Loop(): jentry = 0/2228
analysisClass:Loop(): jentry = 1/2228
analysisClass:Loop(): jentry = 2/2228
analysisClass:Loop(): jentry = 3/2228
analysisClass:Loop(): jentry = 4/2228
analysisClass:Loop(): jentry = 5/2228
analysisClass:Loop(): jentry = 6/2228
analysisClass:Loop(): jentry = 7/2228
analysisClass:Loop(): jentry = 8/2228
analysisClass:Loop(): jentry = 9/2228
analysisClass::Loop() ends
‘analysisClass_lq_eejj___WJetsToLNu_2J_TuneCP5_13TeV-amcatnloFXFX-pythia8_0.root’ -> ‘/afs/cern.ch/user/r/ryi/HEM1516/Leptoquarks/analyzer/rootNtupleAnalyzerV2/HEM1516study_Jet2_BothInHEM1516_UL/ultralegacy/analysis/2018/HEM1516study_Jet2_BothInHEM1516_UL/condor_cutTable_lq_eejj_jet2_both_in/analysisClass_lq_eejj___WJetsToLNu_2J_TuneCP5_13TeV-amcatnloFXFX-pythia8/output/analysisClass_lq_eejj___WJetsToLNu_2J_TuneCP5_13TeV-amcatnloFXFX-pythia8_0.root’
removed ‘analysisClass_lq_eejj___WJetsToLNu_2J_TuneCP5_13TeV-amcatnloFXFX-pythia8_0.root’
‘analysisClass_lq_eejj___WJetsToLNu_2J_TuneCP5_13TeV-amcatnloFXFX-pythia8_0.dat’ -> ‘/afs/cern.ch/user/r/ryi/HEM1516/Leptoquarks/analyzer/rootNtupleAnalyzerV2/HEM1516study_Jet2_BothInHEM1516_UL/ultralegacy/analysis/2018/HEM1516study_Jet2_BothInHEM1516_UL/condor_cutTable_lq_eejj_jet2_both_in/analysisClass_lq_eejj___WJetsToLNu_2J_TuneCP5_13TeV-amcatnloFXFX-pythia8/output/analysisClass_lq_eejj___WJetsToLNu_2J_TuneCP5_13TeV-amcatnloFXFX-pythia8_0.dat’
removed ‘analysisClass_lq_eejj___WJetsToLNu_2J_TuneCP5_13TeV-amcatnloFXFX-pythia8_0.dat’
