/afs/cern.ch/user/r/ryi/HEM1516/Leptoquarks/analyzer/rootNtupleAnalyzerV2/src/baseClass.C - Line 28 - baseClass: begins
/afs/cern.ch/user/r/ryi/HEM1516/Leptoquarks/analyzer/rootNtupleAnalyzerV2/src/baseClass.C - Line 334 - readInputList: baseClass::readinputList(): inputList_ =  input_0.list
/afs/cern.ch/user/r/ryi/HEM1516/Leptoquarks/analyzer/rootNtupleAnalyzerV2/src/baseClass.C - Line 338 - readInputList: baseClass::readInputList: Starting reading list: input_0.list
/afs/cern.ch/user/r/ryi/HEM1516/Leptoquarks/analyzer/rootNtupleAnalyzerV2/src/baseClass.C - Line 354 - readInputList: baseClass::readInputList: Finished reading list: input_0.list
/afs/cern.ch/user/r/ryi/HEM1516/Leptoquarks/analyzer/rootNtupleAnalyzerV2/src/baseClass.C - Line 2034 - getGlobalInfoNstart: root://eoscms.cern.ch//eos/cms/store/group/phys_exotica/leptonsPlusJets/LQ/scooper/ultralegacy/skims/2018/rskDoubleEle_heep_20jun2023/TTTo2L2Nu_TuneCP5_13TeV-powheg-pythia8/TTTo2L2Nu_TuneCP5_13TeV-powheg-pythia8_0_rsk.root
/afs/cern.ch/user/r/ryi/HEM1516/Leptoquarks/analyzer/rootNtupleAnalyzerV2/src/baseClass.C - Line 361 - readInputList: Initial number of events (current file,runningTotal): NBeforeSkim, NBeforeSkim_ = 2748000, 2748000
/afs/cern.ch/user/r/ryi/HEM1516/Leptoquarks/analyzer/rootNtupleAnalyzerV2/src/baseClass.C - Line 366 - readInputList: gen weight sum (current,total): = 1.98169e+08+/-120513, 1.98169e+08+/-120513
/afs/cern.ch/user/r/ryi/HEM1516/Leptoquarks/analyzer/rootNtupleAnalyzerV2/src/baseClass.C - Line 2149 - saveLHEPdfSumw: saveLHEPdfSumw
/afs/cern.ch/user/r/ryi/HEM1516/Leptoquarks/analyzer/rootNtupleAnalyzerV2/src/baseClass.C - Line 2179 - saveEventsPassingCuts: saveEventsPassingCuts
/afs/cern.ch/user/r/ryi/HEM1516/Leptoquarks/analyzer/rootNtupleAnalyzerV2/src/baseClass.C - Line 2034 - getGlobalInfoNstart: root://eoscms.cern.ch//eos/cms/store/group/phys_exotica/leptonsPlusJets/LQ/scooper/ultralegacy/skims/2018/rskDoubleEle_heep_20jun2023/TTTo2L2Nu_TuneCP5_13TeV-powheg-pythia8/TTTo2L2Nu_TuneCP5_13TeV-powheg-pythia8_1_rsk.root
/afs/cern.ch/user/r/ryi/HEM1516/Leptoquarks/analyzer/rootNtupleAnalyzerV2/src/baseClass.C - Line 361 - readInputList: Initial number of events (current file,runningTotal): NBeforeSkim, NBeforeSkim_ = 2769000, 5517000
/afs/cern.ch/user/r/ryi/HEM1516/Leptoquarks/analyzer/rootNtupleAnalyzerV2/src/baseClass.C - Line 366 - readInputList: gen weight sum (current,total): = 1.99668e+08+/-120972, 3.97837e+08+/-170756
/afs/cern.ch/user/r/ryi/HEM1516/Leptoquarks/analyzer/rootNtupleAnalyzerV2/src/baseClass.C - Line 2149 - saveLHEPdfSumw: saveLHEPdfSumw
/afs/cern.ch/user/r/ryi/HEM1516/Leptoquarks/analyzer/rootNtupleAnalyzerV2/src/baseClass.C - Line 2179 - saveEventsPassingCuts: saveEventsPassingCuts
/afs/cern.ch/user/r/ryi/HEM1516/Leptoquarks/analyzer/rootNtupleAnalyzerV2/src/baseClass.C - Line 2034 - getGlobalInfoNstart: root://eoscms.cern.ch//eos/cms/store/group/phys_exotica/leptonsPlusJets/LQ/scooper/ultralegacy/skims/2018/rskDoubleEle_heep_20jun2023/TTTo2L2Nu_TuneCP5_13TeV-powheg-pythia8/TTTo2L2Nu_TuneCP5_13TeV-powheg-pythia8_2_rsk.root
/afs/cern.ch/user/r/ryi/HEM1516/Leptoquarks/analyzer/rootNtupleAnalyzerV2/src/baseClass.C - Line 361 - readInputList: Initial number of events (current file,runningTotal): NBeforeSkim, NBeforeSkim_ = 2790000, 8307000
/afs/cern.ch/user/r/ryi/HEM1516/Leptoquarks/analyzer/rootNtupleAnalyzerV2/src/baseClass.C - Line 366 - readInputList: gen weight sum (current,total): = 2.01181e+08+/-121430, 5.99018e+08+/-209530
/afs/cern.ch/user/r/ryi/HEM1516/Leptoquarks/analyzer/rootNtupleAnalyzerV2/src/baseClass.C - Line 2149 - saveLHEPdfSumw: saveLHEPdfSumw
/afs/cern.ch/user/r/ryi/HEM1516/Leptoquarks/analyzer/rootNtupleAnalyzerV2/src/baseClass.C - Line 2179 - saveEventsPassingCuts: saveEventsPassingCuts
/afs/cern.ch/user/r/ryi/HEM1516/Leptoquarks/analyzer/rootNtupleAnalyzerV2/src/baseClass.C - Line 2034 - getGlobalInfoNstart: root://eoscms.cern.ch//eos/cms/store/group/phys_exotica/leptonsPlusJets/LQ/scooper/ultralegacy/skims/2018/rskDoubleEle_heep_20jun2023/TTTo2L2Nu_TuneCP5_13TeV-powheg-pythia8/TTTo2L2Nu_TuneCP5_13TeV-powheg-pythia8_3_rsk.root
/afs/cern.ch/user/r/ryi/HEM1516/Leptoquarks/analyzer/rootNtupleAnalyzerV2/src/baseClass.C - Line 361 - readInputList: Initial number of events (current file,runningTotal): NBeforeSkim, NBeforeSkim_ = 2772000, 11079000
/afs/cern.ch/user/r/ryi/HEM1516/Leptoquarks/analyzer/rootNtupleAnalyzerV2/src/baseClass.C - Line 366 - readInputList: gen weight sum (current,total): = 1.99908e+08+/-121038, 7.98926e+08+/-241977
/afs/cern.ch/user/r/ryi/HEM1516/Leptoquarks/analyzer/rootNtupleAnalyzerV2/src/baseClass.C - Line 2149 - saveLHEPdfSumw: saveLHEPdfSumw
/afs/cern.ch/user/r/ryi/HEM1516/Leptoquarks/analyzer/rootNtupleAnalyzerV2/src/baseClass.C - Line 2179 - saveEventsPassingCuts: saveEventsPassingCuts
/afs/cern.ch/user/r/ryi/HEM1516/Leptoquarks/analyzer/rootNtupleAnalyzerV2/src/baseClass.C - Line 2034 - getGlobalInfoNstart: root://eoscms.cern.ch//eos/cms/store/group/phys_exotica/leptonsPlusJets/LQ/scooper/ultralegacy/skims/2018/rskDoubleEle_heep_20jun2023/TTTo2L2Nu_TuneCP5_13TeV-powheg-pythia8/TTTo2L2Nu_TuneCP5_13TeV-powheg-pythia8_4_rsk.root
/afs/cern.ch/user/r/ryi/HEM1516/Leptoquarks/analyzer/rootNtupleAnalyzerV2/src/baseClass.C - Line 361 - readInputList: Initial number of events (current file,runningTotal): NBeforeSkim, NBeforeSkim_ = 2772000, 13851000
/afs/cern.ch/user/r/ryi/HEM1516/Leptoquarks/analyzer/rootNtupleAnalyzerV2/src/baseClass.C - Line 366 - readInputList: gen weight sum (current,total): = 1.99865e+08+/-121038, 9.9879e+08+/-270561
/afs/cern.ch/user/r/ryi/HEM1516/Leptoquarks/analyzer/rootNtupleAnalyzerV2/src/baseClass.C - Line 2149 - saveLHEPdfSumw: saveLHEPdfSumw
/afs/cern.ch/user/r/ryi/HEM1516/Leptoquarks/analyzer/rootNtupleAnalyzerV2/src/baseClass.C - Line 2179 - saveEventsPassingCuts: saveEventsPassingCuts
/afs/cern.ch/user/r/ryi/HEM1516/Leptoquarks/analyzer/rootNtupleAnalyzerV2/src/baseClass.C - Line 2034 - getGlobalInfoNstart: root://eoscms.cern.ch//eos/cms/store/group/phys_exotica/leptonsPlusJets/LQ/scooper/ultralegacy/skims/2018/rskDoubleEle_heep_20jun2023/TTTo2L2Nu_TuneCP5_13TeV-powheg-pythia8/TTTo2L2Nu_TuneCP5_13TeV-powheg-pythia8_5_rsk.root
/afs/cern.ch/user/r/ryi/HEM1516/Leptoquarks/analyzer/rootNtupleAnalyzerV2/src/baseClass.C - Line 361 - readInputList: Initial number of events (current file,runningTotal): NBeforeSkim, NBeforeSkim_ = 2805000, 16656000
/afs/cern.ch/user/r/ryi/HEM1516/Leptoquarks/analyzer/rootNtupleAnalyzerV2/src/baseClass.C - Line 366 - readInputList: gen weight sum (current,total): = 2.02254e+08+/-121756, 1.20104e+09+/-296695
/afs/cern.ch/user/r/ryi/HEM1516/Leptoquarks/analyzer/rootNtupleAnalyzerV2/src/baseClass.C - Line 2149 - saveLHEPdfSumw: saveLHEPdfSumw
/afs/cern.ch/user/r/ryi/HEM1516/Leptoquarks/analyzer/rootNtupleAnalyzerV2/src/baseClass.C - Line 2179 - saveEventsPassingCuts: saveEventsPassingCuts
/afs/cern.ch/user/r/ryi/HEM1516/Leptoquarks/analyzer/rootNtupleAnalyzerV2/src/baseClass.C - Line 2034 - getGlobalInfoNstart: root://eoscms.cern.ch//eos/cms/store/group/phys_exotica/leptonsPlusJets/LQ/scooper/ultralegacy/skims/2018/rskDoubleEle_heep_20jun2023/TTTo2L2Nu_TuneCP5_13TeV-powheg-pythia8/TTTo2L2Nu_TuneCP5_13TeV-powheg-pythia8_6_rsk.root
/afs/cern.ch/user/r/ryi/HEM1516/Leptoquarks/analyzer/rootNtupleAnalyzerV2/src/baseClass.C - Line 361 - readInputList: Initial number of events (current file,runningTotal): NBeforeSkim, NBeforeSkim_ = 2904000, 19560000
/afs/cern.ch/user/r/ryi/HEM1516/Leptoquarks/analyzer/rootNtupleAnalyzerV2/src/baseClass.C - Line 366 - readInputList: gen weight sum (current,total): = 2.094e+08+/-123886, 1.41044e+09+/-321521
/afs/cern.ch/user/r/ryi/HEM1516/Leptoquarks/analyzer/rootNtupleAnalyzerV2/src/baseClass.C - Line 2149 - saveLHEPdfSumw: saveLHEPdfSumw
/afs/cern.ch/user/r/ryi/HEM1516/Leptoquarks/analyzer/rootNtupleAnalyzerV2/src/baseClass.C - Line 2179 - saveEventsPassingCuts: saveEventsPassingCuts
/afs/cern.ch/user/r/ryi/HEM1516/Leptoquarks/analyzer/rootNtupleAnalyzerV2/src/baseClass.C - Line 2034 - getGlobalInfoNstart: root://eoscms.cern.ch//eos/cms/store/group/phys_exotica/leptonsPlusJets/LQ/scooper/ultralegacy/skims/2018/rskDoubleEle_heep_20jun2023/TTTo2L2Nu_TuneCP5_13TeV-powheg-pythia8/TTTo2L2Nu_TuneCP5_13TeV-powheg-pythia8_7_rsk.root
/afs/cern.ch/user/r/ryi/HEM1516/Leptoquarks/analyzer/rootNtupleAnalyzerV2/src/baseClass.C - Line 361 - readInputList: Initial number of events (current file,runningTotal): NBeforeSkim, NBeforeSkim_ = 2958000, 22518000
/afs/cern.ch/user/r/ryi/HEM1516/Leptoquarks/analyzer/rootNtupleAnalyzerV2/src/baseClass.C - Line 366 - readInputList: gen weight sum (current,total): = 2.133e+08+/-125033, 1.62374e+09+/-344976
/afs/cern.ch/user/r/ryi/HEM1516/Leptoquarks/analyzer/rootNtupleAnalyzerV2/src/baseClass.C - Line 2149 - saveLHEPdfSumw: saveLHEPdfSumw
/afs/cern.ch/user/r/ryi/HEM1516/Leptoquarks/analyzer/rootNtupleAnalyzerV2/src/baseClass.C - Line 2179 - saveEventsPassingCuts: saveEventsPassingCuts
/afs/cern.ch/user/r/ryi/HEM1516/Leptoquarks/analyzer/rootNtupleAnalyzerV2/src/baseClass.C - Line 2034 - getGlobalInfoNstart: root://eoscms.cern.ch//eos/cms/store/group/phys_exotica/leptonsPlusJets/LQ/scooper/ultralegacy/skims/2018/rskDoubleEle_heep_20jun2023/TTTo2L2Nu_TuneCP5_13TeV-powheg-pythia8/TTTo2L2Nu_TuneCP5_13TeV-powheg-pythia8_8_rsk.root
/afs/cern.ch/user/r/ryi/HEM1516/Leptoquarks/analyzer/rootNtupleAnalyzerV2/src/baseClass.C - Line 361 - readInputList: Initial number of events (current file,runningTotal): NBeforeSkim, NBeforeSkim_ = 3030000, 25548000
/afs/cern.ch/user/r/ryi/HEM1516/Leptoquarks/analyzer/rootNtupleAnalyzerV2/src/baseClass.C - Line 366 - readInputList: gen weight sum (current,total): = 2.18487e+08+/-126545, 1.84223e+09+/-367454
/afs/cern.ch/user/r/ryi/HEM1516/Leptoquarks/analyzer/rootNtupleAnalyzerV2/src/baseClass.C - Line 2149 - saveLHEPdfSumw: saveLHEPdfSumw
/afs/cern.ch/user/r/ryi/HEM1516/Leptoquarks/analyzer/rootNtupleAnalyzerV2/src/baseClass.C - Line 2179 - saveEventsPassingCuts: saveEventsPassingCuts
/afs/cern.ch/user/r/ryi/HEM1516/Leptoquarks/analyzer/rootNtupleAnalyzerV2/src/baseClass.C - Line 2034 - getGlobalInfoNstart: root://eoscms.cern.ch//eos/cms/store/group/phys_exotica/leptonsPlusJets/LQ/scooper/ultralegacy/skims/2018/rskDoubleEle_heep_20jun2023/TTTo2L2Nu_TuneCP5_13TeV-powheg-pythia8/TTTo2L2Nu_TuneCP5_13TeV-powheg-pythia8_9_rsk.root
/afs/cern.ch/user/r/ryi/HEM1516/Leptoquarks/analyzer/rootNtupleAnalyzerV2/src/baseClass.C - Line 361 - readInputList: Initial number of events (current file,runningTotal): NBeforeSkim, NBeforeSkim_ = 3102000, 28650000
/afs/cern.ch/user/r/ryi/HEM1516/Leptoquarks/analyzer/rootNtupleAnalyzerV2/src/baseClass.C - Line 366 - readInputList: gen weight sum (current,total): = 2.23697e+08+/-128040, 2.06593e+09+/-389123
/afs/cern.ch/user/r/ryi/HEM1516/Leptoquarks/analyzer/rootNtupleAnalyzerV2/src/baseClass.C - Line 2149 - saveLHEPdfSumw: saveLHEPdfSumw
/afs/cern.ch/user/r/ryi/HEM1516/Leptoquarks/analyzer/rootNtupleAnalyzerV2/src/baseClass.C - Line 2179 - saveEventsPassingCuts: saveEventsPassingCuts
/afs/cern.ch/user/r/ryi/HEM1516/Leptoquarks/analyzer/rootNtupleAnalyzerV2/src/baseClass.C - Line 2034 - getGlobalInfoNstart: root://eoscms.cern.ch//eos/cms/store/group/phys_exotica/leptonsPlusJets/LQ/scooper/ultralegacy/skims/2018/rskDoubleEle_heep_20jun2023/TTTo2L2Nu_TuneCP5_13TeV-powheg-pythia8/TTTo2L2Nu_TuneCP5_13TeV-powheg-pythia8_10_rsk.root
/afs/cern.ch/user/r/ryi/HEM1516/Leptoquarks/analyzer/rootNtupleAnalyzerV2/src/baseClass.C - Line 361 - readInputList: Initial number of events (current file,runningTotal): NBeforeSkim, NBeforeSkim_ = 3198000, 31848000
/afs/cern.ch/user/r/ryi/HEM1516/Leptoquarks/analyzer/rootNtupleAnalyzerV2/src/baseClass.C - Line 366 - readInputList: gen weight sum (current,total): = 2.3063e+08+/-130006, 2.29656e+09+/-410266
/afs/cern.ch/user/r/ryi/HEM1516/Leptoquarks/analyzer/rootNtupleAnalyzerV2/src/baseClass.C - Line 2149 - saveLHEPdfSumw: saveLHEPdfSumw
/afs/cern.ch/user/r/ryi/HEM1516/Leptoquarks/analyzer/rootNtupleAnalyzerV2/src/baseClass.C - Line 2179 - saveEventsPassingCuts: saveEventsPassingCuts
/afs/cern.ch/user/r/ryi/HEM1516/Leptoquarks/analyzer/rootNtupleAnalyzerV2/src/baseClass.C - Line 2034 - getGlobalInfoNstart: root://eoscms.cern.ch//eos/cms/store/group/phys_exotica/leptonsPlusJets/LQ/scooper/ultralegacy/skims/2018/rskDoubleEle_heep_20jun2023/TTTo2L2Nu_TuneCP5_13TeV-powheg-pythia8/TTTo2L2Nu_TuneCP5_13TeV-powheg-pythia8_11_rsk.root
/afs/cern.ch/user/r/ryi/HEM1516/Leptoquarks/analyzer/rootNtupleAnalyzerV2/src/baseClass.C - Line 361 - readInputList: Initial number of events (current file,runningTotal): NBeforeSkim, NBeforeSkim_ = 3366000, 35214000
/afs/cern.ch/user/r/ryi/HEM1516/Leptoquarks/analyzer/rootNtupleAnalyzerV2/src/baseClass.C - Line 366 - readInputList: gen weight sum (current,total): = 2.42733e+08+/-133377, 2.53929e+09+/-431402
/afs/cern.ch/user/r/ryi/HEM1516/Leptoquarks/analyzer/rootNtupleAnalyzerV2/src/baseClass.C - Line 2149 - saveLHEPdfSumw: saveLHEPdfSumw
/afs/cern.ch/user/r/ryi/HEM1516/Leptoquarks/analyzer/rootNtupleAnalyzerV2/src/baseClass.C - Line 2179 - saveEventsPassingCuts: saveEventsPassingCuts
/afs/cern.ch/user/r/ryi/HEM1516/Leptoquarks/analyzer/rootNtupleAnalyzerV2/src/baseClass.C - Line 2034 - getGlobalInfoNstart: root://eoscms.cern.ch//eos/cms/store/group/phys_exotica/leptonsPlusJets/LQ/scooper/ultralegacy/skims/2018/rskDoubleEle_heep_20jun2023/TTTo2L2Nu_TuneCP5_13TeV-powheg-pythia8/TTTo2L2Nu_TuneCP5_13TeV-powheg-pythia8_12_rsk.root
/afs/cern.ch/user/r/ryi/HEM1516/Leptoquarks/analyzer/rootNtupleAnalyzerV2/src/baseClass.C - Line 361 - readInputList: Initial number of events (current file,runningTotal): NBeforeSkim, NBeforeSkim_ = 3480000, 38694000
/afs/cern.ch/user/r/ryi/HEM1516/Leptoquarks/analyzer/rootNtupleAnalyzerV2/src/baseClass.C - Line 366 - readInputList: gen weight sum (current,total): = 2.50937e+08+/-135617, 2.79023e+09+/-452216
/afs/cern.ch/user/r/ryi/HEM1516/Leptoquarks/analyzer/rootNtupleAnalyzerV2/src/baseClass.C - Line 2149 - saveLHEPdfSumw: saveLHEPdfSumw
/afs/cern.ch/user/r/ryi/HEM1516/Leptoquarks/analyzer/rootNtupleAnalyzerV2/src/baseClass.C - Line 2179 - saveEventsPassingCuts: saveEventsPassingCuts
/afs/cern.ch/user/r/ryi/HEM1516/Leptoquarks/analyzer/rootNtupleAnalyzerV2/src/baseClass.C - Line 2034 - getGlobalInfoNstart: root://eoscms.cern.ch//eos/cms/store/group/phys_exotica/leptonsPlusJets/LQ/scooper/ultralegacy/skims/2018/rskDoubleEle_heep_20jun2023/TTTo2L2Nu_TuneCP5_13TeV-powheg-pythia8/TTTo2L2Nu_TuneCP5_13TeV-powheg-pythia8_13_rsk.root
/afs/cern.ch/user/r/ryi/HEM1516/Leptoquarks/analyzer/rootNtupleAnalyzerV2/src/baseClass.C - Line 361 - readInputList: Initial number of events (current file,runningTotal): NBeforeSkim, NBeforeSkim_ = 3630000, 42324000
/afs/cern.ch/user/r/ryi/HEM1516/Leptoquarks/analyzer/rootNtupleAnalyzerV2/src/baseClass.C - Line 366 - readInputList: gen weight sum (current,total): = 2.61736e+08+/-138509, 3.05196e+09+/-472953
/afs/cern.ch/user/r/ryi/HEM1516/Leptoquarks/analyzer/rootNtupleAnalyzerV2/src/baseClass.C - Line 2149 - saveLHEPdfSumw: saveLHEPdfSumw
/afs/cern.ch/user/r/ryi/HEM1516/Leptoquarks/analyzer/rootNtupleAnalyzerV2/src/baseClass.C - Line 2179 - saveEventsPassingCuts: saveEventsPassingCuts
/afs/cern.ch/user/r/ryi/HEM1516/Leptoquarks/analyzer/rootNtupleAnalyzerV2/src/baseClass.C - Line 2034 - getGlobalInfoNstart: root://eoscms.cern.ch//eos/cms/store/group/phys_exotica/leptonsPlusJets/LQ/scooper/ultralegacy/skims/2018/rskDoubleEle_heep_20jun2023/TTTo2L2Nu_TuneCP5_13TeV-powheg-pythia8/TTTo2L2Nu_TuneCP5_13TeV-powheg-pythia8_14_rsk.root
/afs/cern.ch/user/r/ryi/HEM1516/Leptoquarks/analyzer/rootNtupleAnalyzerV2/src/baseClass.C - Line 361 - readInputList: Initial number of events (current file,runningTotal): NBeforeSkim, NBeforeSkim_ = 3702000, 46026000
/afs/cern.ch/user/r/ryi/HEM1516/Leptoquarks/analyzer/rootNtupleAnalyzerV2/src/baseClass.C - Line 366 - readInputList: gen weight sum (current,total): = 2.66959e+08+/-139876, 3.31892e+09+/-493203
/afs/cern.ch/user/r/ryi/HEM1516/Leptoquarks/analyzer/rootNtupleAnalyzerV2/src/baseClass.C - Line 2149 - saveLHEPdfSumw: saveLHEPdfSumw
/afs/cern.ch/user/r/ryi/HEM1516/Leptoquarks/analyzer/rootNtupleAnalyzerV2/src/baseClass.C - Line 2179 - saveEventsPassingCuts: saveEventsPassingCuts
/afs/cern.ch/user/r/ryi/HEM1516/Leptoquarks/analyzer/rootNtupleAnalyzerV2/src/baseClass.C - Line 2034 - getGlobalInfoNstart: root://eoscms.cern.ch//eos/cms/store/group/phys_exotica/leptonsPlusJets/LQ/scooper/ultralegacy/skims/2018/rskDoubleEle_heep_20jun2023/TTTo2L2Nu_TuneCP5_13TeV-powheg-pythia8/TTTo2L2Nu_TuneCP5_13TeV-powheg-pythia8_15_rsk.root
/afs/cern.ch/user/r/ryi/HEM1516/Leptoquarks/analyzer/rootNtupleAnalyzerV2/src/baseClass.C - Line 361 - readInputList: Initial number of events (current file,runningTotal): NBeforeSkim, NBeforeSkim_ = 3828000, 49854000
/afs/cern.ch/user/r/ryi/HEM1516/Leptoquarks/analyzer/rootNtupleAnalyzerV2/src/baseClass.C - Line 366 - readInputList: gen weight sum (current,total): = 2.76038e+08+/-142236, 3.59496e+09+/-513304
/afs/cern.ch/user/r/ryi/HEM1516/Leptoquarks/analyzer/rootNtupleAnalyzerV2/src/baseClass.C - Line 2149 - saveLHEPdfSumw: saveLHEPdfSumw
/afs/cern.ch/user/r/ryi/HEM1516/Leptoquarks/analyzer/rootNtupleAnalyzerV2/src/baseClass.C - Line 2179 - saveEventsPassingCuts: saveEventsPassingCuts
/afs/cern.ch/user/r/ryi/HEM1516/Leptoquarks/analyzer/rootNtupleAnalyzerV2/src/baseClass.C - Line 2034 - getGlobalInfoNstart: root://eoscms.cern.ch//eos/cms/store/group/phys_exotica/leptonsPlusJets/LQ/scooper/ultralegacy/skims/2018/rskDoubleEle_heep_20jun2023/TTTo2L2Nu_TuneCP5_13TeV-powheg-pythia8/TTTo2L2Nu_TuneCP5_13TeV-powheg-pythia8_16_rsk.root
/afs/cern.ch/user/r/ryi/HEM1516/Leptoquarks/analyzer/rootNtupleAnalyzerV2/src/baseClass.C - Line 361 - readInputList: Initial number of events (current file,runningTotal): NBeforeSkim, NBeforeSkim_ = 3870000, 53724000
/afs/cern.ch/user/r/ryi/HEM1516/Leptoquarks/analyzer/rootNtupleAnalyzerV2/src/baseClass.C - Line 366 - readInputList: gen weight sum (current,total): = 2.79087e+08+/-143014, 3.87405e+09+/-532854
/afs/cern.ch/user/r/ryi/HEM1516/Leptoquarks/analyzer/rootNtupleAnalyzerV2/src/baseClass.C - Line 2149 - saveLHEPdfSumw: saveLHEPdfSumw
/afs/cern.ch/user/r/ryi/HEM1516/Leptoquarks/analyzer/rootNtupleAnalyzerV2/src/baseClass.C - Line 2179 - saveEventsPassingCuts: saveEventsPassingCuts
/afs/cern.ch/user/r/ryi/HEM1516/Leptoquarks/analyzer/rootNtupleAnalyzerV2/src/baseClass.C - Line 2034 - getGlobalInfoNstart: root://eoscms.cern.ch//eos/cms/store/group/phys_exotica/leptonsPlusJets/LQ/scooper/ultralegacy/skims/2018/rskDoubleEle_heep_20jun2023/TTTo2L2Nu_TuneCP5_13TeV-powheg-pythia8/TTTo2L2Nu_TuneCP5_13TeV-powheg-pythia8_17_rsk.root
/afs/cern.ch/user/r/ryi/HEM1516/Leptoquarks/analyzer/rootNtupleAnalyzerV2/src/baseClass.C - Line 361 - readInputList: Initial number of events (current file,runningTotal): NBeforeSkim, NBeforeSkim_ = 3936000, 57660000
/afs/cern.ch/user/r/ryi/HEM1516/Leptoquarks/analyzer/rootNtupleAnalyzerV2/src/baseClass.C - Line 366 - readInputList: gen weight sum (current,total): = 2.83837e+08+/-144229, 4.15789e+09+/-552029
/afs/cern.ch/user/r/ryi/HEM1516/Leptoquarks/analyzer/rootNtupleAnalyzerV2/src/baseClass.C - Line 2149 - saveLHEPdfSumw: saveLHEPdfSumw
/afs/cern.ch/user/r/ryi/HEM1516/Leptoquarks/analyzer/rootNtupleAnalyzerV2/src/baseClass.C - Line 2179 - saveEventsPassingCuts: saveEventsPassingCuts
/afs/cern.ch/user/r/ryi/HEM1516/Leptoquarks/analyzer/rootNtupleAnalyzerV2/src/baseClass.C - Line 2034 - getGlobalInfoNstart: root://eoscms.cern.ch//eos/cms/store/group/phys_exotica/leptonsPlusJets/LQ/scooper/ultralegacy/skims/2018/rskDoubleEle_heep_20jun2023/TTTo2L2Nu_TuneCP5_13TeV-powheg-pythia8/TTTo2L2Nu_TuneCP5_13TeV-powheg-pythia8_18_rsk.root
/afs/cern.ch/user/r/ryi/HEM1516/Leptoquarks/analyzer/rootNtupleAnalyzerV2/src/baseClass.C - Line 361 - readInputList: Initial number of events (current file,runningTotal): NBeforeSkim, NBeforeSkim_ = 4035000, 61695000
/afs/cern.ch/user/r/ryi/HEM1516/Leptoquarks/analyzer/rootNtupleAnalyzerV2/src/baseClass.C - Line 366 - readInputList: gen weight sum (current,total): = 2.90983e+08+/-146031, 4.44887e+09+/-571017
/afs/cern.ch/user/r/ryi/HEM1516/Leptoquarks/analyzer/rootNtupleAnalyzerV2/src/baseClass.C - Line 2149 - saveLHEPdfSumw: saveLHEPdfSumw
/afs/cern.ch/user/r/ryi/HEM1516/Leptoquarks/analyzer/rootNtupleAnalyzerV2/src/baseClass.C - Line 2179 - saveEventsPassingCuts: saveEventsPassingCuts
/afs/cern.ch/user/r/ryi/HEM1516/Leptoquarks/analyzer/rootNtupleAnalyzerV2/src/baseClass.C - Line 2034 - getGlobalInfoNstart: root://eoscms.cern.ch//eos/cms/store/group/phys_exotica/leptonsPlusJets/LQ/scooper/ultralegacy/skims/2018/rskDoubleEle_heep_20jun2023/TTTo2L2Nu_TuneCP5_13TeV-powheg-pythia8/TTTo2L2Nu_TuneCP5_13TeV-powheg-pythia8_19_rsk.root
/afs/cern.ch/user/r/ryi/HEM1516/Leptoquarks/analyzer/rootNtupleAnalyzerV2/src/baseClass.C - Line 361 - readInputList: Initial number of events (current file,runningTotal): NBeforeSkim, NBeforeSkim_ = 4104000, 65799000
/afs/cern.ch/user/r/ryi/HEM1516/Leptoquarks/analyzer/rootNtupleAnalyzerV2/src/baseClass.C - Line 366 - readInputList: gen weight sum (current,total): = 2.95959e+08+/-147275, 4.74483e+09+/-589704
/afs/cern.ch/user/r/ryi/HEM1516/Leptoquarks/analyzer/rootNtupleAnalyzerV2/src/baseClass.C - Line 2149 - saveLHEPdfSumw: saveLHEPdfSumw
/afs/cern.ch/user/r/ryi/HEM1516/Leptoquarks/analyzer/rootNtupleAnalyzerV2/src/baseClass.C - Line 2179 - saveEventsPassingCuts: saveEventsPassingCuts
/afs/cern.ch/user/r/ryi/HEM1516/Leptoquarks/analyzer/rootNtupleAnalyzerV2/src/baseClass.C - Line 2034 - getGlobalInfoNstart: root://eoscms.cern.ch//eos/cms/store/group/phys_exotica/leptonsPlusJets/LQ/scooper/ultralegacy/skims/2018/rskDoubleEle_heep_20jun2023/TTTo2L2Nu_TuneCP5_13TeV-powheg-pythia8/TTTo2L2Nu_TuneCP5_13TeV-powheg-pythia8_20_rsk.root
/afs/cern.ch/user/r/ryi/HEM1516/Leptoquarks/analyzer/rootNtupleAnalyzerV2/src/baseClass.C - Line 361 - readInputList: Initial number of events (current file,runningTotal): NBeforeSkim, NBeforeSkim_ = 4146000, 69945000
/afs/cern.ch/user/r/ryi/HEM1516/Leptoquarks/analyzer/rootNtupleAnalyzerV2/src/baseClass.C - Line 366 - readInputList: gen weight sum (current,total): = 2.98974e+08+/-148026, 5.0438e+09+/-607999
/afs/cern.ch/user/r/ryi/HEM1516/Leptoquarks/analyzer/rootNtupleAnalyzerV2/src/baseClass.C - Line 2149 - saveLHEPdfSumw: saveLHEPdfSumw
/afs/cern.ch/user/r/ryi/HEM1516/Leptoquarks/analyzer/rootNtupleAnalyzerV2/src/baseClass.C - Line 2179 - saveEventsPassingCuts: saveEventsPassingCuts
/afs/cern.ch/user/r/ryi/HEM1516/Leptoquarks/analyzer/rootNtupleAnalyzerV2/src/baseClass.C - Line 2034 - getGlobalInfoNstart: root://eoscms.cern.ch//eos/cms/store/group/phys_exotica/leptonsPlusJets/LQ/scooper/ultralegacy/skims/2018/rskDoubleEle_heep_20jun2023/TTTo2L2Nu_TuneCP5_13TeV-powheg-pythia8/TTTo2L2Nu_TuneCP5_13TeV-powheg-pythia8_21_rsk.root
/afs/cern.ch/user/r/ryi/HEM1516/Leptoquarks/analyzer/rootNtupleAnalyzerV2/src/baseClass.C - Line 361 - readInputList: Initial number of events (current file,runningTotal): NBeforeSkim, NBeforeSkim_ = 4194000, 74139000
/afs/cern.ch/user/r/ryi/HEM1516/Leptoquarks/analyzer/rootNtupleAnalyzerV2/src/baseClass.C - Line 366 - readInputList: gen weight sum (current,total): = 3.02418e+08+/-148881, 5.34622e+09+/-625961
/afs/cern.ch/user/r/ryi/HEM1516/Leptoquarks/analyzer/rootNtupleAnalyzerV2/src/baseClass.C - Line 2149 - saveLHEPdfSumw: saveLHEPdfSumw
/afs/cern.ch/user/r/ryi/HEM1516/Leptoquarks/analyzer/rootNtupleAnalyzerV2/src/baseClass.C - Line 2179 - saveEventsPassingCuts: saveEventsPassingCuts
/afs/cern.ch/user/r/ryi/HEM1516/Leptoquarks/analyzer/rootNtupleAnalyzerV2/src/baseClass.C - Line 2034 - getGlobalInfoNstart: root://eoscms.cern.ch//eos/cms/store/group/phys_exotica/leptonsPlusJets/LQ/scooper/ultralegacy/skims/2018/rskDoubleEle_heep_20jun2023/TTTo2L2Nu_TuneCP5_13TeV-powheg-pythia8/TTTo2L2Nu_TuneCP5_13TeV-powheg-pythia8_22_rsk.root
/afs/cern.ch/user/r/ryi/HEM1516/Leptoquarks/analyzer/rootNtupleAnalyzerV2/src/baseClass.C - Line 361 - readInputList: Initial number of events (current file,runningTotal): NBeforeSkim, NBeforeSkim_ = 4218000, 78357000
/afs/cern.ch/user/r/ryi/HEM1516/Leptoquarks/analyzer/rootNtupleAnalyzerV2/src/baseClass.C - Line 366 - readInputList: gen weight sum (current,total): = 3.04166e+08+/-149306, 5.65039e+09+/-643522
/afs/cern.ch/user/r/ryi/HEM1516/Leptoquarks/analyzer/rootNtupleAnalyzerV2/src/baseClass.C - Line 2149 - saveLHEPdfSumw: saveLHEPdfSumw
/afs/cern.ch/user/r/ryi/HEM1516/Leptoquarks/analyzer/rootNtupleAnalyzerV2/src/baseClass.C - Line 2179 - saveEventsPassingCuts: saveEventsPassingCuts
/afs/cern.ch/user/r/ryi/HEM1516/Leptoquarks/analyzer/rootNtupleAnalyzerV2/src/baseClass.C - Line 2034 - getGlobalInfoNstart: root://eoscms.cern.ch//eos/cms/store/group/phys_exotica/leptonsPlusJets/LQ/scooper/ultralegacy/skims/2018/rskDoubleEle_heep_20jun2023/TTTo2L2Nu_TuneCP5_13TeV-powheg-pythia8/TTTo2L2Nu_TuneCP5_13TeV-powheg-pythia8_23_rsk.root
/afs/cern.ch/user/r/ryi/HEM1516/Leptoquarks/analyzer/rootNtupleAnalyzerV2/src/baseClass.C - Line 361 - readInputList: Initial number of events (current file,runningTotal): NBeforeSkim, NBeforeSkim_ = 4224000, 82581000
/afs/cern.ch/user/r/ryi/HEM1516/Leptoquarks/analyzer/rootNtupleAnalyzerV2/src/baseClass.C - Line 366 - readInputList: gen weight sum (current,total): = 3.046e+08+/-149412, 5.95498e+09+/-660639
/afs/cern.ch/user/r/ryi/HEM1516/Leptoquarks/analyzer/rootNtupleAnalyzerV2/src/baseClass.C - Line 2149 - saveLHEPdfSumw: saveLHEPdfSumw
/afs/cern.ch/user/r/ryi/HEM1516/Leptoquarks/analyzer/rootNtupleAnalyzerV2/src/baseClass.C - Line 2179 - saveEventsPassingCuts: saveEventsPassingCuts
/afs/cern.ch/user/r/ryi/HEM1516/Leptoquarks/analyzer/rootNtupleAnalyzerV2/src/baseClass.C - Line 2034 - getGlobalInfoNstart: root://eoscms.cern.ch//eos/cms/store/group/phys_exotica/leptonsPlusJets/LQ/scooper/ultralegacy/skims/2018/rskDoubleEle_heep_20jun2023/TTTo2L2Nu_TuneCP5_13TeV-powheg-pythia8/TTTo2L2Nu_TuneCP5_13TeV-powheg-pythia8_24_rsk.root
/afs/cern.ch/user/r/ryi/HEM1516/Leptoquarks/analyzer/rootNtupleAnalyzerV2/src/baseClass.C - Line 361 - readInputList: Initial number of events (current file,runningTotal): NBeforeSkim, NBeforeSkim_ = 4251000, 86832000
/afs/cern.ch/user/r/ryi/HEM1516/Leptoquarks/analyzer/rootNtupleAnalyzerV2/src/baseClass.C - Line 366 - readInputList: gen weight sum (current,total): = 3.0652e+08+/-149889, 6.26151e+09+/-677430
/afs/cern.ch/user/r/ryi/HEM1516/Leptoquarks/analyzer/rootNtupleAnalyzerV2/src/baseClass.C - Line 2149 - saveLHEPdfSumw: saveLHEPdfSumw
/afs/cern.ch/user/r/ryi/HEM1516/Leptoquarks/analyzer/rootNtupleAnalyzerV2/src/baseClass.C - Line 2179 - saveEventsPassingCuts: saveEventsPassingCuts
/afs/cern.ch/user/r/ryi/HEM1516/Leptoquarks/analyzer/rootNtupleAnalyzerV2/src/baseClass.C - Line 2034 - getGlobalInfoNstart: root://eoscms.cern.ch//eos/cms/store/group/phys_exotica/leptonsPlusJets/LQ/scooper/ultralegacy/skims/2018/rskDoubleEle_heep_20jun2023/TTTo2L2Nu_TuneCP5_13TeV-powheg-pythia8/TTTo2L2Nu_TuneCP5_13TeV-powheg-pythia8_25_rsk.root
/afs/cern.ch/user/r/ryi/HEM1516/Leptoquarks/analyzer/rootNtupleAnalyzerV2/src/baseClass.C - Line 361 - readInputList: Initial number of events (current file,runningTotal): NBeforeSkim, NBeforeSkim_ = 4278000, 91110000
/afs/cern.ch/user/r/ryi/HEM1516/Leptoquarks/analyzer/rootNtupleAnalyzerV2/src/baseClass.C - Line 366 - readInputList: gen weight sum (current,total): = 3.08487e+08+/-150364, 6.56999e+09+/-693917
/afs/cern.ch/user/r/ryi/HEM1516/Leptoquarks/analyzer/rootNtupleAnalyzerV2/src/baseClass.C - Line 2149 - saveLHEPdfSumw: saveLHEPdfSumw
/afs/cern.ch/user/r/ryi/HEM1516/Leptoquarks/analyzer/rootNtupleAnalyzerV2/src/baseClass.C - Line 2179 - saveEventsPassingCuts: saveEventsPassingCuts
/afs/cern.ch/user/r/ryi/HEM1516/Leptoquarks/analyzer/rootNtupleAnalyzerV2/src/baseClass.C - Line 2034 - getGlobalInfoNstart: root://eoscms.cern.ch//eos/cms/store/group/phys_exotica/leptonsPlusJets/LQ/scooper/ultralegacy/skims/2018/rskDoubleEle_heep_20jun2023/TTTo2L2Nu_TuneCP5_13TeV-powheg-pythia8/TTTo2L2Nu_TuneCP5_13TeV-powheg-pythia8_26_rsk.root
/afs/cern.ch/user/r/ryi/HEM1516/Leptoquarks/analyzer/rootNtupleAnalyzerV2/src/baseClass.C - Line 361 - readInputList: Initial number of events (current file,runningTotal): NBeforeSkim, NBeforeSkim_ = 4308000, 95418000
/afs/cern.ch/user/r/ryi/HEM1516/Leptoquarks/analyzer/rootNtupleAnalyzerV2/src/baseClass.C - Line 366 - readInputList: gen weight sum (current,total): = 3.10647e+08+/-150891, 6.88064e+09+/-710133
/afs/cern.ch/user/r/ryi/HEM1516/Leptoquarks/analyzer/rootNtupleAnalyzerV2/src/baseClass.C - Line 2149 - saveLHEPdfSumw: saveLHEPdfSumw
/afs/cern.ch/user/r/ryi/HEM1516/Leptoquarks/analyzer/rootNtupleAnalyzerV2/src/baseClass.C - Line 2179 - saveEventsPassingCuts: saveEventsPassingCuts
/afs/cern.ch/user/r/ryi/HEM1516/Leptoquarks/analyzer/rootNtupleAnalyzerV2/src/baseClass.C - Line 2034 - getGlobalInfoNstart: root://eoscms.cern.ch//eos/cms/store/group/phys_exotica/leptonsPlusJets/LQ/scooper/ultralegacy/skims/2018/rskDoubleEle_heep_20jun2023/TTTo2L2Nu_TuneCP5_13TeV-powheg-pythia8/TTTo2L2Nu_TuneCP5_13TeV-powheg-pythia8_27_rsk.root
/afs/cern.ch/user/r/ryi/HEM1516/Leptoquarks/analyzer/rootNtupleAnalyzerV2/src/baseClass.C - Line 361 - readInputList: Initial number of events (current file,runningTotal): NBeforeSkim, NBeforeSkim_ = 4356000, 99774000
/afs/cern.ch/user/r/ryi/HEM1516/Leptoquarks/analyzer/rootNtupleAnalyzerV2/src/baseClass.C - Line 366 - readInputList: gen weight sum (current,total): = 3.14097e+08+/-151729, 7.19474e+09+/-726161
/afs/cern.ch/user/r/ryi/HEM1516/Leptoquarks/analyzer/rootNtupleAnalyzerV2/src/baseClass.C - Line 2149 - saveLHEPdfSumw: saveLHEPdfSumw
/afs/cern.ch/user/r/ryi/HEM1516/Leptoquarks/analyzer/rootNtupleAnalyzerV2/src/baseClass.C - Line 2179 - saveEventsPassingCuts: saveEventsPassingCuts
/afs/cern.ch/user/r/ryi/HEM1516/Leptoquarks/analyzer/rootNtupleAnalyzerV2/src/baseClass.C - Line 2034 - getGlobalInfoNstart: root://eoscms.cern.ch//eos/cms/store/group/phys_exotica/leptonsPlusJets/LQ/scooper/ultralegacy/skims/2018/rskDoubleEle_heep_20jun2023/TTTo2L2Nu_TuneCP5_13TeV-powheg-pythia8/TTTo2L2Nu_TuneCP5_13TeV-powheg-pythia8_28_rsk.root
/afs/cern.ch/user/r/ryi/HEM1516/Leptoquarks/analyzer/rootNtupleAnalyzerV2/src/baseClass.C - Line 361 - readInputList: Initial number of events (current file,runningTotal): NBeforeSkim, NBeforeSkim_ = 4293000, 104067000
/afs/cern.ch/user/r/ryi/HEM1516/Leptoquarks/analyzer/rootNtupleAnalyzerV2/src/baseClass.C - Line 366 - readInputList: gen weight sum (current,total): = 3.09578e+08+/-150628, 7.50431e+09+/-741619
/afs/cern.ch/user/r/ryi/HEM1516/Leptoquarks/analyzer/rootNtupleAnalyzerV2/src/baseClass.C - Line 2149 - saveLHEPdfSumw: saveLHEPdfSumw
/afs/cern.ch/user/r/ryi/HEM1516/Leptoquarks/analyzer/rootNtupleAnalyzerV2/src/baseClass.C - Line 2179 - saveEventsPassingCuts: saveEventsPassingCuts
/afs/cern.ch/user/r/ryi/HEM1516/Leptoquarks/analyzer/rootNtupleAnalyzerV2/src/baseClass.C - Line 2034 - getGlobalInfoNstart: root://eoscms.cern.ch//eos/cms/store/group/phys_exotica/leptonsPlusJets/LQ/scooper/ultralegacy/skims/2018/rskDoubleEle_heep_20jun2023/TTTo2L2Nu_TuneCP5_13TeV-powheg-pythia8/TTTo2L2Nu_TuneCP5_13TeV-powheg-pythia8_29_rsk.root
/afs/cern.ch/user/r/ryi/HEM1516/Leptoquarks/analyzer/rootNtupleAnalyzerV2/src/baseClass.C - Line 361 - readInputList: Initial number of events (current file,runningTotal): NBeforeSkim, NBeforeSkim_ = 4254000, 108321000
/afs/cern.ch/user/r/ryi/HEM1516/Leptoquarks/analyzer/rootNtupleAnalyzerV2/src/baseClass.C - Line 366 - readInputList: gen weight sum (current,total): = 3.06754e+08+/-149942, 7.81107e+09+/-756625
/afs/cern.ch/user/r/ryi/HEM1516/Leptoquarks/analyzer/rootNtupleAnalyzerV2/src/baseClass.C - Line 2149 - saveLHEPdfSumw: saveLHEPdfSumw
/afs/cern.ch/user/r/ryi/HEM1516/Leptoquarks/analyzer/rootNtupleAnalyzerV2/src/baseClass.C - Line 2179 - saveEventsPassingCuts: saveEventsPassingCuts
/afs/cern.ch/user/r/ryi/HEM1516/Leptoquarks/analyzer/rootNtupleAnalyzerV2/src/baseClass.C - Line 2034 - getGlobalInfoNstart: root://eoscms.cern.ch//eos/cms/store/group/phys_exotica/leptonsPlusJets/LQ/scooper/ultralegacy/skims/2018/rskDoubleEle_heep_20jun2023/TTTo2L2Nu_TuneCP5_13TeV-powheg-pythia8/TTTo2L2Nu_TuneCP5_13TeV-powheg-pythia8_30_rsk.root
/afs/cern.ch/user/r/ryi/HEM1516/Leptoquarks/analyzer/rootNtupleAnalyzerV2/src/baseClass.C - Line 361 - readInputList: Initial number of events (current file,runningTotal): NBeforeSkim, NBeforeSkim_ = 4224000, 112545000
/afs/cern.ch/user/r/ryi/HEM1516/Leptoquarks/analyzer/rootNtupleAnalyzerV2/src/baseClass.C - Line 366 - readInputList: gen weight sum (current,total): = 3.0459e+08+/-149412, 8.11566e+09+/-771236
/afs/cern.ch/user/r/ryi/HEM1516/Leptoquarks/analyzer/rootNtupleAnalyzerV2/src/baseClass.C - Line 2149 - saveLHEPdfSumw: saveLHEPdfSumw
/afs/cern.ch/user/r/ryi/HEM1516/Leptoquarks/analyzer/rootNtupleAnalyzerV2/src/baseClass.C - Line 2179 - saveEventsPassingCuts: saveEventsPassingCuts
/afs/cern.ch/user/r/ryi/HEM1516/Leptoquarks/analyzer/rootNtupleAnalyzerV2/src/baseClass.C - Line 2034 - getGlobalInfoNstart: root://eoscms.cern.ch//eos/cms/store/group/phys_exotica/leptonsPlusJets/LQ/scooper/ultralegacy/skims/2018/rskDoubleEle_heep_20jun2023/TTTo2L2Nu_TuneCP5_13TeV-powheg-pythia8/TTTo2L2Nu_TuneCP5_13TeV-powheg-pythia8_31_rsk.root
/afs/cern.ch/user/r/ryi/HEM1516/Leptoquarks/analyzer/rootNtupleAnalyzerV2/src/baseClass.C - Line 361 - readInputList: Initial number of events (current file,runningTotal): NBeforeSkim, NBeforeSkim_ = 4230000, 116775000
/afs/cern.ch/user/r/ryi/HEM1516/Leptoquarks/analyzer/rootNtupleAnalyzerV2/src/baseClass.C - Line 366 - readInputList: gen weight sum (current,total): = 3.05026e+08+/-149518, 8.42068e+09+/-785596
/afs/cern.ch/user/r/ryi/HEM1516/Leptoquarks/analyzer/rootNtupleAnalyzerV2/src/baseClass.C - Line 2149 - saveLHEPdfSumw: saveLHEPdfSumw
/afs/cern.ch/user/r/ryi/HEM1516/Leptoquarks/analyzer/rootNtupleAnalyzerV2/src/baseClass.C - Line 2179 - saveEventsPassingCuts: saveEventsPassingCuts
/afs/cern.ch/user/r/ryi/HEM1516/Leptoquarks/analyzer/rootNtupleAnalyzerV2/src/baseClass.C - Line 2034 - getGlobalInfoNstart: root://eoscms.cern.ch//eos/cms/store/group/phys_exotica/leptonsPlusJets/LQ/scooper/ultralegacy/skims/2018/rskDoubleEle_heep_20jun2023/TTTo2L2Nu_TuneCP5_13TeV-powheg-pythia8/TTTo2L2Nu_TuneCP5_13TeV-powheg-pythia8_32_rsk.root
/afs/cern.ch/user/r/ryi/HEM1516/Leptoquarks/analyzer/rootNtupleAnalyzerV2/src/baseClass.C - Line 361 - readInputList: Initial number of events (current file,runningTotal): NBeforeSkim, NBeforeSkim_ = 4278000, 121053000
/afs/cern.ch/user/r/ryi/HEM1516/Leptoquarks/analyzer/rootNtupleAnalyzerV2/src/baseClass.C - Line 366 - readInputList: gen weight sum (current,total): = 3.08512e+08+/-150364, 8.7292e+09+/-799856
/afs/cern.ch/user/r/ryi/HEM1516/Leptoquarks/analyzer/rootNtupleAnalyzerV2/src/baseClass.C - Line 2149 - saveLHEPdfSumw: saveLHEPdfSumw
/afs/cern.ch/user/r/ryi/HEM1516/Leptoquarks/analyzer/rootNtupleAnalyzerV2/src/baseClass.C - Line 2179 - saveEventsPassingCuts: saveEventsPassingCuts
/afs/cern.ch/user/r/ryi/HEM1516/Leptoquarks/analyzer/rootNtupleAnalyzerV2/src/baseClass.C - Line 2034 - getGlobalInfoNstart: root://eoscms.cern.ch//eos/cms/store/group/phys_exotica/leptonsPlusJets/LQ/scooper/ultralegacy/skims/2018/rskDoubleEle_heep_20jun2023/TTTo2L2Nu_TuneCP5_13TeV-powheg-pythia8/TTTo2L2Nu_TuneCP5_13TeV-powheg-pythia8_33_rsk.root
/afs/cern.ch/user/r/ryi/HEM1516/Leptoquarks/analyzer/rootNtupleAnalyzerV2/src/baseClass.C - Line 361 - readInputList: Initial number of events (current file,runningTotal): NBeforeSkim, NBeforeSkim_ = 4224000, 125277000
/afs/cern.ch/user/r/ryi/HEM1516/Leptoquarks/analyzer/rootNtupleAnalyzerV2/src/baseClass.C - Line 366 - readInputList: gen weight sum (current,total): = 3.04616e+08+/-149412, 9.03381e+09+/-813692
/afs/cern.ch/user/r/ryi/HEM1516/Leptoquarks/analyzer/rootNtupleAnalyzerV2/src/baseClass.C - Line 2149 - saveLHEPdfSumw: saveLHEPdfSumw
/afs/cern.ch/user/r/ryi/HEM1516/Leptoquarks/analyzer/rootNtupleAnalyzerV2/src/baseClass.C - Line 2179 - saveEventsPassingCuts: saveEventsPassingCuts
/afs/cern.ch/user/r/ryi/HEM1516/Leptoquarks/analyzer/rootNtupleAnalyzerV2/src/baseClass.C - Line 2034 - getGlobalInfoNstart: root://eoscms.cern.ch//eos/cms/store/group/phys_exotica/leptonsPlusJets/LQ/scooper/ultralegacy/skims/2018/rskDoubleEle_heep_20jun2023/TTTo2L2Nu_TuneCP5_13TeV-powheg-pythia8/TTTo2L2Nu_TuneCP5_13TeV-powheg-pythia8_34_rsk.root
/afs/cern.ch/user/r/ryi/HEM1516/Leptoquarks/analyzer/rootNtupleAnalyzerV2/src/baseClass.C - Line 361 - readInputList: Initial number of events (current file,runningTotal): NBeforeSkim, NBeforeSkim_ = 4263000, 129540000
/afs/cern.ch/user/r/ryi/HEM1516/Leptoquarks/analyzer/rootNtupleAnalyzerV2/src/baseClass.C - Line 366 - readInputList: gen weight sum (current,total): = 3.07438e+08+/-150100, 9.34125e+09+/-827420
/afs/cern.ch/user/r/ryi/HEM1516/Leptoquarks/analyzer/rootNtupleAnalyzerV2/src/baseClass.C - Line 2149 - saveLHEPdfSumw: saveLHEPdfSumw
/afs/cern.ch/user/r/ryi/HEM1516/Leptoquarks/analyzer/rootNtupleAnalyzerV2/src/baseClass.C - Line 2179 - saveEventsPassingCuts: saveEventsPassingCuts
/afs/cern.ch/user/r/ryi/HEM1516/Leptoquarks/analyzer/rootNtupleAnalyzerV2/src/baseClass.C - Line 2034 - getGlobalInfoNstart: root://eoscms.cern.ch//eos/cms/store/group/phys_exotica/leptonsPlusJets/LQ/scooper/ultralegacy/skims/2018/rskDoubleEle_heep_20jun2023/TTTo2L2Nu_TuneCP5_13TeV-powheg-pythia8/TTTo2L2Nu_TuneCP5_13TeV-powheg-pythia8_35_rsk.root
/afs/cern.ch/user/r/ryi/HEM1516/Leptoquarks/analyzer/rootNtupleAnalyzerV2/src/baseClass.C - Line 361 - readInputList: Initial number of events (current file,runningTotal): NBeforeSkim, NBeforeSkim_ = 4215000, 133755000
/afs/cern.ch/user/r/ryi/HEM1516/Leptoquarks/analyzer/rootNtupleAnalyzerV2/src/baseClass.C - Line 366 - readInputList: gen weight sum (current,total): = 3.03976e+08+/-149253, 9.64523e+09+/-840774
/afs/cern.ch/user/r/ryi/HEM1516/Leptoquarks/analyzer/rootNtupleAnalyzerV2/src/baseClass.C - Line 2149 - saveLHEPdfSumw: saveLHEPdfSumw
/afs/cern.ch/user/r/ryi/HEM1516/Leptoquarks/analyzer/rootNtupleAnalyzerV2/src/baseClass.C - Line 2179 - saveEventsPassingCuts: saveEventsPassingCuts
/afs/cern.ch/user/r/ryi/HEM1516/Leptoquarks/analyzer/rootNtupleAnalyzerV2/src/baseClass.C - Line 2034 - getGlobalInfoNstart: root://eoscms.cern.ch//eos/cms/store/group/phys_exotica/leptonsPlusJets/LQ/scooper/ultralegacy/skims/2018/rskDoubleEle_heep_20jun2023/TTTo2L2Nu_TuneCP5_13TeV-powheg-pythia8/TTTo2L2Nu_TuneCP5_13TeV-powheg-pythia8_36_rsk.root
/afs/cern.ch/user/r/ryi/HEM1516/Leptoquarks/analyzer/rootNtupleAnalyzerV2/src/baseClass.C - Line 361 - readInputList: Initial number of events (current file,runningTotal): NBeforeSkim, NBeforeSkim_ = 4152000, 137907000
/afs/cern.ch/user/r/ryi/HEM1516/Leptoquarks/analyzer/rootNtupleAnalyzerV2/src/baseClass.C - Line 366 - readInputList: gen weight sum (current,total): = 2.99429e+08+/-148133, 9.94466e+09+/-853724
/afs/cern.ch/user/r/ryi/HEM1516/Leptoquarks/analyzer/rootNtupleAnalyzerV2/src/baseClass.C - Line 2149 - saveLHEPdfSumw: saveLHEPdfSumw
/afs/cern.ch/user/r/ryi/HEM1516/Leptoquarks/analyzer/rootNtupleAnalyzerV2/src/baseClass.C - Line 2179 - saveEventsPassingCuts: saveEventsPassingCuts
/afs/cern.ch/user/r/ryi/HEM1516/Leptoquarks/analyzer/rootNtupleAnalyzerV2/src/baseClass.C - Line 2034 - getGlobalInfoNstart: root://eoscms.cern.ch//eos/cms/store/group/phys_exotica/leptonsPlusJets/LQ/scooper/ultralegacy/skims/2018/rskDoubleEle_heep_20jun2023/TTTo2L2Nu_TuneCP5_13TeV-powheg-pythia8/TTTo2L2Nu_TuneCP5_13TeV-powheg-pythia8_37_rsk.root
/afs/cern.ch/user/r/ryi/HEM1516/Leptoquarks/analyzer/rootNtupleAnalyzerV2/src/baseClass.C - Line 361 - readInputList: Initial number of events (current file,runningTotal): NBeforeSkim, NBeforeSkim_ = 4092000, 141999000
/afs/cern.ch/user/r/ryi/HEM1516/Leptoquarks/analyzer/rootNtupleAnalyzerV2/src/baseClass.C - Line 366 - readInputList: gen weight sum (current,total): = 2.95067e+08+/-147059, 1.02397e+10+/-866297
/afs/cern.ch/user/r/ryi/HEM1516/Leptoquarks/analyzer/rootNtupleAnalyzerV2/src/baseClass.C - Line 2149 - saveLHEPdfSumw: saveLHEPdfSumw
/afs/cern.ch/user/r/ryi/HEM1516/Leptoquarks/analyzer/rootNtupleAnalyzerV2/src/baseClass.C - Line 2179 - saveEventsPassingCuts: saveEventsPassingCuts
/afs/cern.ch/user/r/ryi/HEM1516/Leptoquarks/analyzer/rootNtupleAnalyzerV2/src/baseClass.C - Line 2034 - getGlobalInfoNstart: root://eoscms.cern.ch//eos/cms/store/group/phys_exotica/leptonsPlusJets/LQ/scooper/ultralegacy/skims/2018/rskDoubleEle_heep_20jun2023/TTTo2L2Nu_TuneCP5_13TeV-powheg-pythia8/TTTo2L2Nu_TuneCP5_13TeV-powheg-pythia8_38_rsk.root
/afs/cern.ch/user/r/ryi/HEM1516/Leptoquarks/analyzer/rootNtupleAnalyzerV2/src/baseClass.C - Line 361 - readInputList: Initial number of events (current file,runningTotal): NBeforeSkim, NBeforeSkim_ = 3021000, 145020000
/afs/cern.ch/user/r/ryi/HEM1516/Leptoquarks/analyzer/rootNtupleAnalyzerV2/src/baseClass.C - Line 366 - readInputList: gen weight sum (current,total): = 2.17844e+08+/-126357, 1.04576e+10+/-875464
/afs/cern.ch/user/r/ryi/HEM1516/Leptoquarks/analyzer/rootNtupleAnalyzerV2/src/baseClass.C - Line 2149 - saveLHEPdfSumw: saveLHEPdfSumw
/afs/cern.ch/user/r/ryi/HEM1516/Leptoquarks/analyzer/rootNtupleAnalyzerV2/src/baseClass.C - Line 2179 - saveEventsPassingCuts: saveEventsPassingCuts
/afs/cern.ch/user/r/ryi/HEM1516/Leptoquarks/analyzer/rootNtupleAnalyzerV2/src/baseClass.C - Line 389 - readCutFile: Reading cutFile_ = cutTable_lq_eejj_jet2_both_in.txt
/afs/cern.ch/user/r/ryi/HEM1516/Leptoquarks/analyzer/rootNtupleAnalyzerV2/src/baseClass.C - Line 422 - readCutFile: Getting JSON file: certifiedGolden_11mar2020_2016_2017_2018.json
/afs/cern.ch/user/r/ryi/HEM1516/Leptoquarks/analyzer/rootNtupleAnalyzerV2/src/baseClass.C - Line 670 - readCutFile: baseClass::readCutFile: Finished reading cutFile: cutTable_lq_eejj_jet2_both_in.txt
/afs/cern.ch/user/r/ryi/HEM1516/Leptoquarks/analyzer/rootNtupleAnalyzerV2/src/baseClass.C - Line 2506 - getSkimPreCutValue: getSkimPreCutValue: (produceSkim): INFO -- found the precut string in the map with value: 1
/afs/cern.ch/user/r/ryi/HEM1516/Leptoquarks/analyzer/rootNtupleAnalyzerV2/src/baseClass.C - Line 2501 - getSkimPreCutValue: getSkimPreCutValue: (produceReducedSkim): INFO -- did not find the precut string in the map!
/afs/cern.ch/user/r/ryi/HEM1516/Leptoquarks/analyzer/rootNtupleAnalyzerV2/src/baseClass.C - Line 731 - readCutFile: INFO: found pre-existing EventsPassingSkimCuts profile.
/afs/cern.ch/user/r/ryi/HEM1516/Leptoquarks/analyzer/rootNtupleAnalyzerV2/src/baseClass.C - Line 736 - readCutFile: INFO: doing skim -- updating pre-existing EventsPassingSkimCuts profile.
/afs/cern.ch/user/r/ryi/HEM1516/Leptoquarks/analyzer/rootNtupleAnalyzerV2/src/baseClass.C - Line 45 - baseClass: ends
analysisClass::Loop() begins
analysisClass::analysisClass(): nentries = 3540420
analysisClass:Loop(): jentry = 0/3540420
analysisClass:Loop(): jentry = 1/3540420
analysisClass:Loop(): jentry = 2/3540420
analysisClass:Loop(): jentry = 3/3540420
analysisClass:Loop(): jentry = 4/3540420
analysisClass:Loop(): jentry = 5/3540420
analysisClass:Loop(): jentry = 6/3540420
analysisClass:Loop(): jentry = 7/3540420
analysisClass:Loop(): jentry = 8/3540420
analysisClass:Loop(): jentry = 9/3540420
analysisClass:Loop(): jentry = 10000/3540420
analysisClass:Loop(): jentry = 20000/3540420
analysisClass:Loop(): jentry = 30000/3540420
analysisClass:Loop(): jentry = 40000/3540420
analysisClass:Loop(): jentry = 50000/3540420
analysisClass:Loop(): jentry = 60000/3540420
analysisClass:Loop(): jentry = 70000/3540420
analysisClass:Loop(): jentry = 80000/3540420
analysisClass:Loop(): jentry = 90000/3540420
analysisClass:Loop(): jentry = 100000/3540420
analysisClass:Loop(): jentry = 110000/3540420
analysisClass:Loop(): jentry = 120000/3540420
analysisClass:Loop(): jentry = 130000/3540420
analysisClass:Loop(): jentry = 140000/3540420
analysisClass:Loop(): jentry = 150000/3540420
analysisClass:Loop(): jentry = 160000/3540420
analysisClass:Loop(): jentry = 170000/3540420
analysisClass:Loop(): jentry = 180000/3540420
analysisClass:Loop(): jentry = 190000/3540420
analysisClass:Loop(): jentry = 200000/3540420
analysisClass:Loop(): jentry = 210000/3540420
analysisClass:Loop(): jentry = 220000/3540420
analysisClass:Loop(): jentry = 230000/3540420
analysisClass:Loop(): jentry = 240000/3540420
analysisClass:Loop(): jentry = 250000/3540420
analysisClass:Loop(): jentry = 260000/3540420
analysisClass:Loop(): jentry = 270000/3540420
analysisClass:Loop(): jentry = 280000/3540420
analysisClass:Loop(): jentry = 290000/3540420
analysisClass:Loop(): jentry = 300000/3540420
analysisClass:Loop(): jentry = 310000/3540420
analysisClass:Loop(): jentry = 320000/3540420
analysisClass:Loop(): jentry = 330000/3540420
analysisClass:Loop(): jentry = 340000/3540420
analysisClass:Loop(): jentry = 350000/3540420
analysisClass:Loop(): jentry = 360000/3540420
analysisClass:Loop(): jentry = 370000/3540420
analysisClass:Loop(): jentry = 380000/3540420
analysisClass:Loop(): jentry = 390000/3540420
analysisClass:Loop(): jentry = 400000/3540420
analysisClass:Loop(): jentry = 410000/3540420
analysisClass:Loop(): jentry = 420000/3540420
analysisClass:Loop(): jentry = 430000/3540420
analysisClass:Loop(): jentry = 440000/3540420
analysisClass:Loop(): jentry = 450000/3540420
analysisClass:Loop(): jentry = 460000/3540420
analysisClass:Loop(): jentry = 470000/3540420
analysisClass:Loop(): jentry = 480000/3540420
analysisClass:Loop(): jentry = 490000/3540420
analysisClass:Loop(): jentry = 500000/3540420
analysisClass:Loop(): jentry = 510000/3540420
analysisClass:Loop(): jentry = 520000/3540420
analysisClass:Loop(): jentry = 530000/3540420
analysisClass:Loop(): jentry = 540000/3540420
analysisClass:Loop(): jentry = 550000/3540420
analysisClass:Loop(): jentry = 560000/3540420
analysisClass:Loop(): jentry = 570000/3540420
analysisClass:Loop(): jentry = 580000/3540420
analysisClass:Loop(): jentry = 590000/3540420
analysisClass:Loop(): jentry = 600000/3540420
analysisClass:Loop(): jentry = 610000/3540420
analysisClass:Loop(): jentry = 620000/3540420
analysisClass:Loop(): jentry = 630000/3540420
analysisClass:Loop(): jentry = 640000/3540420
analysisClass:Loop(): jentry = 650000/3540420
analysisClass:Loop(): jentry = 660000/3540420
analysisClass:Loop(): jentry = 670000/3540420
analysisClass:Loop(): jentry = 680000/3540420
analysisClass:Loop(): jentry = 690000/3540420
analysisClass:Loop(): jentry = 700000/3540420
analysisClass:Loop(): jentry = 710000/3540420
analysisClass:Loop(): jentry = 720000/3540420
analysisClass:Loop(): jentry = 730000/3540420
analysisClass:Loop(): jentry = 740000/3540420
analysisClass:Loop(): jentry = 750000/3540420
analysisClass:Loop(): jentry = 760000/3540420
analysisClass:Loop(): jentry = 770000/3540420
analysisClass:Loop(): jentry = 780000/3540420
analysisClass:Loop(): jentry = 790000/3540420
analysisClass:Loop(): jentry = 800000/3540420
analysisClass:Loop(): jentry = 810000/3540420
analysisClass:Loop(): jentry = 820000/3540420
analysisClass:Loop(): jentry = 830000/3540420
analysisClass:Loop(): jentry = 840000/3540420
analysisClass:Loop(): jentry = 850000/3540420
analysisClass:Loop(): jentry = 860000/3540420
analysisClass:Loop(): jentry = 870000/3540420
analysisClass:Loop(): jentry = 880000/3540420
analysisClass:Loop(): jentry = 890000/3540420
analysisClass:Loop(): jentry = 900000/3540420
analysisClass:Loop(): jentry = 910000/3540420
analysisClass:Loop(): jentry = 920000/3540420
analysisClass:Loop(): jentry = 930000/3540420
analysisClass:Loop(): jentry = 940000/3540420
analysisClass:Loop(): jentry = 950000/3540420
analysisClass:Loop(): jentry = 960000/3540420
analysisClass:Loop(): jentry = 970000/3540420
analysisClass:Loop(): jentry = 980000/3540420
analysisClass:Loop(): jentry = 990000/3540420
analysisClass:Loop(): jentry = 1000000/3540420
analysisClass:Loop(): jentry = 1010000/3540420
analysisClass:Loop(): jentry = 1020000/3540420
analysisClass:Loop(): jentry = 1030000/3540420
analysisClass:Loop(): jentry = 1040000/3540420
analysisClass:Loop(): jentry = 1050000/3540420
analysisClass:Loop(): jentry = 1060000/3540420
analysisClass:Loop(): jentry = 1070000/3540420
analysisClass:Loop(): jentry = 1080000/3540420
analysisClass:Loop(): jentry = 1090000/3540420
analysisClass:Loop(): jentry = 1100000/3540420
analysisClass:Loop(): jentry = 1110000/3540420
analysisClass:Loop(): jentry = 1120000/3540420
analysisClass:Loop(): jentry = 1130000/3540420
analysisClass:Loop(): jentry = 1140000/3540420
analysisClass:Loop(): jentry = 1150000/3540420
analysisClass:Loop(): jentry = 1160000/3540420
analysisClass:Loop(): jentry = 1170000/3540420
analysisClass:Loop(): jentry = 1180000/3540420
analysisClass:Loop(): jentry = 1190000/3540420
analysisClass:Loop(): jentry = 1200000/3540420
analysisClass:Loop(): jentry = 1210000/3540420
analysisClass:Loop(): jentry = 1220000/3540420
analysisClass:Loop(): jentry = 1230000/3540420
analysisClass:Loop(): jentry = 1240000/3540420
analysisClass:Loop(): jentry = 1250000/3540420
analysisClass:Loop(): jentry = 1260000/3540420
analysisClass:Loop(): jentry = 1270000/3540420
analysisClass:Loop(): jentry = 1280000/3540420
analysisClass:Loop(): jentry = 1290000/3540420
analysisClass:Loop(): jentry = 1300000/3540420
analysisClass:Loop(): jentry = 1310000/3540420
analysisClass:Loop(): jentry = 1320000/3540420
analysisClass:Loop(): jentry = 1330000/3540420
analysisClass:Loop(): jentry = 1340000/3540420
analysisClass:Loop(): jentry = 1350000/3540420
analysisClass:Loop(): jentry = 1360000/3540420
analysisClass:Loop(): jentry = 1370000/3540420
analysisClass:Loop(): jentry = 1380000/3540420
analysisClass:Loop(): jentry = 1390000/3540420
analysisClass:Loop(): jentry = 1400000/3540420
analysisClass:Loop(): jentry = 1410000/3540420
analysisClass:Loop(): jentry = 1420000/3540420
analysisClass:Loop(): jentry = 1430000/3540420
analysisClass:Loop(): jentry = 1440000/3540420
analysisClass:Loop(): jentry = 1450000/3540420
analysisClass:Loop(): jentry = 1460000/3540420
analysisClass:Loop(): jentry = 1470000/3540420
analysisClass:Loop(): jentry = 1480000/3540420
analysisClass:Loop(): jentry = 1490000/3540420
analysisClass:Loop(): jentry = 1500000/3540420
analysisClass:Loop(): jentry = 1510000/3540420
analysisClass:Loop(): jentry = 1520000/3540420
analysisClass:Loop(): jentry = 1530000/3540420
analysisClass:Loop(): jentry = 1540000/3540420
analysisClass:Loop(): jentry = 1550000/3540420
analysisClass:Loop(): jentry = 1560000/3540420
analysisClass:Loop(): jentry = 1570000/3540420
analysisClass:Loop(): jentry = 1580000/3540420
analysisClass:Loop(): jentry = 1590000/3540420
analysisClass:Loop(): jentry = 1600000/3540420
analysisClass:Loop(): jentry = 1610000/3540420
analysisClass:Loop(): jentry = 1620000/3540420
analysisClass:Loop(): jentry = 1630000/3540420
analysisClass:Loop(): jentry = 1640000/3540420
analysisClass:Loop(): jentry = 1650000/3540420
analysisClass:Loop(): jentry = 1660000/3540420
analysisClass:Loop(): jentry = 1670000/3540420
analysisClass:Loop(): jentry = 1680000/3540420
analysisClass:Loop(): jentry = 1690000/3540420
analysisClass:Loop(): jentry = 1700000/3540420
analysisClass:Loop(): jentry = 1710000/3540420
analysisClass:Loop(): jentry = 1720000/3540420
analysisClass:Loop(): jentry = 1730000/3540420
analysisClass:Loop(): jentry = 1740000/3540420
analysisClass:Loop(): jentry = 1750000/3540420
analysisClass:Loop(): jentry = 1760000/3540420
analysisClass:Loop(): jentry = 1770000/3540420
analysisClass:Loop(): jentry = 1780000/3540420
analysisClass:Loop(): jentry = 1790000/3540420
analysisClass:Loop(): jentry = 1800000/3540420
analysisClass:Loop(): jentry = 1810000/3540420
analysisClass:Loop(): jentry = 1820000/3540420
analysisClass:Loop(): jentry = 1830000/3540420
analysisClass:Loop(): jentry = 1840000/3540420
analysisClass:Loop(): jentry = 1850000/3540420
analysisClass:Loop(): jentry = 1860000/3540420
analysisClass:Loop(): jentry = 1870000/3540420
analysisClass:Loop(): jentry = 1880000/3540420
analysisClass:Loop(): jentry = 1890000/3540420
analysisClass:Loop(): jentry = 1900000/3540420
analysisClass:Loop(): jentry = 1910000/3540420
analysisClass:Loop(): jentry = 1920000/3540420
analysisClass:Loop(): jentry = 1930000/3540420
analysisClass:Loop(): jentry = 1940000/3540420
analysisClass:Loop(): jentry = 1950000/3540420
analysisClass:Loop(): jentry = 1960000/3540420
analysisClass:Loop(): jentry = 1970000/3540420
analysisClass:Loop(): jentry = 1980000/3540420
analysisClass:Loop(): jentry = 1990000/3540420
analysisClass:Loop(): jentry = 2000000/3540420
analysisClass:Loop(): jentry = 2010000/3540420
analysisClass:Loop(): jentry = 2020000/3540420
analysisClass:Loop(): jentry = 2030000/3540420
analysisClass:Loop(): jentry = 2040000/3540420
analysisClass:Loop(): jentry = 2050000/3540420
analysisClass:Loop(): jentry = 2060000/3540420
analysisClass:Loop(): jentry = 2070000/3540420
analysisClass:Loop(): jentry = 2080000/3540420
analysisClass:Loop(): jentry = 2090000/3540420
analysisClass:Loop(): jentry = 2100000/3540420
analysisClass:Loop(): jentry = 2110000/3540420
analysisClass:Loop(): jentry = 2120000/3540420
analysisClass:Loop(): jentry = 2130000/3540420
analysisClass:Loop(): jentry = 2140000/3540420
analysisClass:Loop(): jentry = 2150000/3540420
analysisClass:Loop(): jentry = 2160000/3540420
analysisClass:Loop(): jentry = 2170000/3540420
analysisClass:Loop(): jentry = 2180000/3540420
analysisClass:Loop(): jentry = 2190000/3540420
analysisClass:Loop(): jentry = 2200000/3540420
analysisClass:Loop(): jentry = 2210000/3540420
analysisClass:Loop(): jentry = 2220000/3540420
analysisClass:Loop(): jentry = 2230000/3540420
analysisClass:Loop(): jentry = 2240000/3540420
analysisClass:Loop(): jentry = 2250000/3540420
analysisClass:Loop(): jentry = 2260000/3540420
analysisClass:Loop(): jentry = 2270000/3540420
analysisClass:Loop(): jentry = 2280000/3540420
analysisClass:Loop(): jentry = 2290000/3540420
analysisClass:Loop(): jentry = 2300000/3540420
analysisClass:Loop(): jentry = 2310000/3540420
analysisClass:Loop(): jentry = 2320000/3540420
analysisClass:Loop(): jentry = 2330000/3540420
analysisClass:Loop(): jentry = 2340000/3540420
analysisClass:Loop(): jentry = 2350000/3540420
analysisClass:Loop(): jentry = 2360000/3540420
analysisClass:Loop(): jentry = 2370000/3540420
analysisClass:Loop(): jentry = 2380000/3540420
analysisClass:Loop(): jentry = 2390000/3540420
analysisClass:Loop(): jentry = 2400000/3540420
analysisClass:Loop(): jentry = 2410000/3540420
analysisClass:Loop(): jentry = 2420000/3540420
analysisClass:Loop(): jentry = 2430000/3540420
analysisClass:Loop(): jentry = 2440000/3540420
analysisClass:Loop(): jentry = 2450000/3540420
analysisClass:Loop(): jentry = 2460000/3540420
analysisClass:Loop(): jentry = 2470000/3540420
analysisClass:Loop(): jentry = 2480000/3540420
analysisClass:Loop(): jentry = 2490000/3540420
analysisClass:Loop(): jentry = 2500000/3540420
analysisClass:Loop(): jentry = 2510000/3540420
analysisClass:Loop(): jentry = 2520000/3540420
analysisClass:Loop(): jentry = 2530000/3540420
analysisClass:Loop(): jentry = 2540000/3540420
analysisClass:Loop(): jentry = 2550000/3540420
analysisClass:Loop(): jentry = 2560000/3540420
analysisClass:Loop(): jentry = 2570000/3540420
analysisClass:Loop(): jentry = 2580000/3540420
analysisClass:Loop(): jentry = 2590000/3540420
analysisClass:Loop(): jentry = 2600000/3540420
analysisClass:Loop(): jentry = 2610000/3540420
analysisClass:Loop(): jentry = 2620000/3540420
analysisClass:Loop(): jentry = 2630000/3540420
analysisClass:Loop(): jentry = 2640000/3540420
analysisClass:Loop(): jentry = 2650000/3540420
analysisClass:Loop(): jentry = 2660000/3540420
analysisClass:Loop(): jentry = 2670000/3540420
analysisClass:Loop(): jentry = 2680000/3540420
analysisClass:Loop(): jentry = 2690000/3540420
analysisClass:Loop(): jentry = 2700000/3540420
analysisClass:Loop(): jentry = 2710000/3540420
analysisClass:Loop(): jentry = 2720000/3540420
analysisClass:Loop(): jentry = 2730000/3540420
analysisClass:Loop(): jentry = 2740000/3540420
analysisClass:Loop(): jentry = 2750000/3540420
analysisClass:Loop(): jentry = 2760000/3540420
analysisClass:Loop(): jentry = 2770000/3540420
analysisClass:Loop(): jentry = 2780000/3540420
analysisClass:Loop(): jentry = 2790000/3540420
analysisClass:Loop(): jentry = 2800000/3540420
analysisClass:Loop(): jentry = 2810000/3540420
analysisClass:Loop(): jentry = 2820000/3540420
analysisClass:Loop(): jentry = 2830000/3540420
analysisClass:Loop(): jentry = 2840000/3540420
analysisClass:Loop(): jentry = 2850000/3540420
analysisClass:Loop(): jentry = 2860000/3540420
analysisClass:Loop(): jentry = 2870000/3540420
analysisClass:Loop(): jentry = 2880000/3540420
analysisClass:Loop(): jentry = 2890000/3540420
analysisClass:Loop(): jentry = 2900000/3540420
analysisClass:Loop(): jentry = 2910000/3540420
analysisClass:Loop(): jentry = 2920000/3540420
analysisClass:Loop(): jentry = 2930000/3540420
analysisClass:Loop(): jentry = 2940000/3540420
analysisClass:Loop(): jentry = 2950000/3540420
analysisClass:Loop(): jentry = 2960000/3540420
analysisClass:Loop(): jentry = 2970000/3540420
analysisClass:Loop(): jentry = 2980000/3540420
analysisClass:Loop(): jentry = 2990000/3540420
analysisClass:Loop(): jentry = 3000000/3540420
analysisClass:Loop(): jentry = 3010000/3540420
analysisClass:Loop(): jentry = 3020000/3540420
analysisClass:Loop(): jentry = 3030000/3540420
analysisClass:Loop(): jentry = 3040000/3540420
analysisClass:Loop(): jentry = 3050000/3540420
analysisClass:Loop(): jentry = 3060000/3540420
analysisClass:Loop(): jentry = 3070000/3540420
analysisClass:Loop(): jentry = 3080000/3540420
analysisClass:Loop(): jentry = 3090000/3540420
analysisClass:Loop(): jentry = 3100000/3540420
analysisClass:Loop(): jentry = 3110000/3540420
analysisClass:Loop(): jentry = 3120000/3540420
analysisClass:Loop(): jentry = 3130000/3540420
analysisClass:Loop(): jentry = 3140000/3540420
analysisClass:Loop(): jentry = 3150000/3540420
analysisClass:Loop(): jentry = 3160000/3540420
analysisClass:Loop(): jentry = 3170000/3540420
analysisClass:Loop(): jentry = 3180000/3540420
analysisClass:Loop(): jentry = 3190000/3540420
analysisClass:Loop(): jentry = 3200000/3540420
analysisClass:Loop(): jentry = 3210000/3540420
analysisClass:Loop(): jentry = 3220000/3540420
analysisClass:Loop(): jentry = 3230000/3540420
analysisClass:Loop(): jentry = 3240000/3540420
analysisClass:Loop(): jentry = 3250000/3540420
analysisClass:Loop(): jentry = 3260000/3540420
analysisClass:Loop(): jentry = 3270000/3540420
analysisClass:Loop(): jentry = 3280000/3540420
analysisClass:Loop(): jentry = 3290000/3540420
analysisClass:Loop(): jentry = 3300000/3540420
analysisClass:Loop(): jentry = 3310000/3540420
analysisClass:Loop(): jentry = 3320000/3540420
analysisClass:Loop(): jentry = 3330000/3540420
analysisClass:Loop(): jentry = 3340000/3540420
analysisClass:Loop(): jentry = 3350000/3540420
analysisClass:Loop(): jentry = 3360000/3540420
analysisClass:Loop(): jentry = 3370000/3540420
analysisClass:Loop(): jentry = 3380000/3540420
analysisClass:Loop(): jentry = 3390000/3540420
analysisClass:Loop(): jentry = 3400000/3540420
analysisClass:Loop(): jentry = 3410000/3540420
analysisClass:Loop(): jentry = 3420000/3540420
analysisClass:Loop(): jentry = 3430000/3540420
analysisClass:Loop(): jentry = 3440000/3540420
analysisClass:Loop(): jentry = 3450000/3540420
analysisClass:Loop(): jentry = 3460000/3540420
analysisClass:Loop(): jentry = 3470000/3540420
analysisClass:Loop(): jentry = 3480000/3540420
analysisClass:Loop(): jentry = 3490000/3540420
analysisClass:Loop(): jentry = 3500000/3540420
analysisClass:Loop(): jentry = 3510000/3540420
analysisClass:Loop(): jentry = 3520000/3540420
analysisClass:Loop(): jentry = 3530000/3540420
analysisClass:Loop(): jentry = 3540000/3540420
analysisClass::Loop() ends
analysisClass_lq_eejj___TTTo2L2Nu_TuneCP5_13TeV-powheg-pythia8_0.root -> /afs/cern.ch/user/r/ryi/HEM1516/Leptoquarks/analyzer/rootNtupleAnalyzerV2/HEM1516study_Jet2_BothInHEM1516_UL/ultralegacy/analysis/2018/HEM1516study_Jet2_BothInHEM1516_UL/condor_cutTable_lq_eejj_jet2_both_in/analysisClass_lq_eejj___TTTo2L2Nu_TuneCP5_13TeV-powheg-pythia8/output/analysisClass_lq_eejj___TTTo2L2Nu_TuneCP5_13TeV-powheg-pythia8_0.root
removed analysisClass_lq_eejj___TTTo2L2Nu_TuneCP5_13TeV-powheg-pythia8_0.root
analysisClass_lq_eejj___TTTo2L2Nu_TuneCP5_13TeV-powheg-pythia8_0.dat -> /afs/cern.ch/user/r/ryi/HEM1516/Leptoquarks/analyzer/rootNtupleAnalyzerV2/HEM1516study_Jet2_BothInHEM1516_UL/ultralegacy/analysis/2018/HEM1516study_Jet2_BothInHEM1516_UL/condor_cutTable_lq_eejj_jet2_both_in/analysisClass_lq_eejj___TTTo2L2Nu_TuneCP5_13TeV-powheg-pythia8/output/analysisClass_lq_eejj___TTTo2L2Nu_TuneCP5_13TeV-powheg-pythia8_0.dat
removed analysisClass_lq_eejj___TTTo2L2Nu_TuneCP5_13TeV-powheg-pythia8_0.dat
